<?xml version="1.0" encoding="UTF-8"?>
<!-- Generated by org.testng.reporters.JUnitXMLReporter -->
<testsuite ignored="6" hostname="rajiths-mbp" failures="0" tests="1" name="Plant Search API Test Cases" time="0.284" errors="0" timestamp="2026-02-07T14:20:56 IST">
  <testcase classname="com.example.api.tests.PlantApiTest" name="testTC_API_PLANTS_USER_11" time="0.283"/>
  <testcase classname="com.example.api.tests.PlantApiTest" name="testTC_API_PLANTS_USER_12" time="0.0">
    <ignored/>
  </testcase> <!-- testTC_API_PLANTS_USER_12 -->
  <testcase classname="com.example.api.tests.PlantApiTest" name="testTC_API_PLANTS_USER_06" time="0.0">
    <ignored/>
  </testcase> <!-- testTC_API_PLANTS_USER_06 -->
  <testcase classname="com.example.api.tests.PlantApiTest" name="testTC_API_PLANTS_USER_07" time="0.0">
    <ignored/>
  </testcase> <!-- testTC_API_PLANTS_USER_07 -->
  <testcase classname="com.example.api.tests.PlantApiTest" name="testTC_API_PLANTS_USER_08" time="0.0">
    <ignored/>
  </testcase> <!-- testTC_API_PLANTS_USER_08 -->
  <testcase classname="com.example.api.tests.PlantApiTest" name="testTC_API_PLANTS_USER_09" time="0.0">
    <ignored/>
  </testcase> <!-- testTC_API_PLANTS_USER_09 -->
  <testcase classname="com.example.api.tests.PlantApiTest" name="testTC_API_PLANTS_USER_10" time="0.0">
    <ignored/>
  </testcase> <!-- testTC_API_PLANTS_USER_10 -->
</testsuite> <!-- Plant Search API Test Cases -->
