<?xml version="1.0" encoding="UTF-8"?>
<!-- Generated by org.testng.reporters.JUnitXMLReporter -->
<testsuite ignored="5" hostname="rajiths-mbp" failures="0" tests="2" name="Plant Pagination API Test Cases" time="1.721" errors="0" timestamp="2026-02-07T14:20:55 IST">
  <testcase classname="com.example.api.tests.PlantApiTest" name="testTC_API_PLANTS_USER_06" time="1.584"/>
  <testcase classname="com.example.api.tests.PlantApiTest" name="testTC_API_PLANTS_USER_07" time="1.703"/>
  <testcase classname="com.example.api.tests.PlantApiTest" name="testTC_API_PLANTS_USER_08" time="0.0">
    <ignored/>
  </testcase> <!-- testTC_API_PLANTS_USER_08 -->
  <testcase classname="com.example.api.tests.PlantApiTest" name="testTC_API_PLANTS_USER_09" time="0.0">
    <ignored/>
  </testcase> <!-- testTC_API_PLANTS_USER_09 -->
  <testcase classname="com.example.api.tests.PlantApiTest" name="testTC_API_PLANTS_USER_10" time="0.0">
    <ignored/>
  </testcase> <!-- testTC_API_PLANTS_USER_10 -->
  <testcase classname="com.example.api.tests.PlantApiTest" name="testTC_API_PLANTS_USER_11" time="0.0">
    <ignored/>
  </testcase> <!-- testTC_API_PLANTS_USER_11 -->
  <testcase classname="com.example.api.tests.PlantApiTest" name="testTC_API_PLANTS_USER_12" time="0.0">
    <ignored/>
  </testcase> <!-- testTC_API_PLANTS_USER_12 -->
</testsuite> <!-- Plant Pagination API Test Cases -->
