<?xml version="1.0" encoding="UTF-8"?>
<!-- Generated by org.testng.reporters.JUnitXMLReporter -->
<testsuite ignored="0" hostname="rajiths-mbp" failures="1" tests="1" name="Surefire test" time="1.878" errors="0" timestamp="2026-02-07T21:12:03 IST">
  <testcase classname="io.cucumber.testng.AbstractTestNGCucumberTests" name="runScenario" time="1.483">
    <failure type="java.lang.AssertionError" message="Response status. When expected 201 but got 400, response body: {&amp;quot;status&amp;quot;:400,&amp;quot;error&amp;quot;:&amp;quot;DUPLICATE_RESOURCE&amp;quot;,&amp;quot;message&amp;quot;:&amp;quot;Plant &amp;apos;Price Test Min&amp;apos; already exists in this category&amp;quot;,&amp;quot;timestamp&amp;quot;:&amp;quot;2026-02-07T21:12:03.174417&amp;quot;} expected [201] but found [400]">
      <![CDATA[java.lang.AssertionError: Response status. When expected 201 but got 400, response body: {"status":400,"error":"DUPLICATE_RESOURCE","message":"Plant 'Price Test Min' already exists in this category","timestamp":"2026-02-07T21:12:03.174417"} expected [201] but found [400]
at com.example.api.stepDefinitions.PlantApiSteps.response_status_should_be(PlantApiSteps.java:130)
at ✽.response status should be 201(file:///Users/rajithsingh/Desktop/ITQA/ITFac_Batch21_Group53/src/test/resources/features/api/plants.feature:116)
... Removed 6 stack frames]]>
    </failure>
  </testcase> <!-- runScenario -->
</testsuite> <!-- Surefire test -->
