<?xml version="1.0" encoding="UTF-8"?>
<!-- Generated by org.testng.reporters.JUnitXMLReporter -->
<testsuite ignored="6" hostname="rajiths-mbp" failures="1" tests="1" name="Surefire test" time="1.534" errors="0" timestamp="2026-02-07T14:27:50 IST">
  <testcase classname="com.example.api.tests.PlantApiTest" name="testTC_API_PLANTS_USER_12" time="1.514">
    <failure type="java.lang.AssertionError" message="Indoor filter should only return Indoor plants expected [true] but found [false]">
      <![CDATA[java.lang.AssertionError: Indoor filter should only return Indoor plants expected [true] but found [false]
at com.example.api.tests.PlantApiTest.testTC_API_PLANTS_USER_12(PlantApiTest.java:387)
at java.base/java.util.concurrent.ThreadPoolExecutor.runWorker(ThreadPoolExecutor.java:1144)
at java.base/java.util.concurrent.ThreadPoolExecutor$Worker.run(ThreadPoolExecutor.java:642)
at java.base/java.lang.Thread.run(Thread.java:1583)
... Removed 13 stack frames]]>
    </failure>
  </testcase> <!-- testTC_API_PLANTS_USER_12 -->
  <testcase classname="com.example.api.tests.PlantApiTest" name="testTC_API_PLANTS_USER_10" time="0.0">
    <ignored/>
  </testcase> <!-- testTC_API_PLANTS_USER_10 -->
  <testcase classname="com.example.api.tests.PlantApiTest" name="testTC_API_PLANTS_USER_09" time="0.0">
    <ignored/>
  </testcase> <!-- testTC_API_PLANTS_USER_09 -->
  <testcase classname="com.example.api.tests.PlantApiTest" name="testTC_API_PLANTS_USER_08" time="0.0">
    <ignored/>
  </testcase> <!-- testTC_API_PLANTS_USER_08 -->
  <testcase classname="com.example.api.tests.PlantApiTest" name="testTC_API_PLANTS_USER_07" time="0.0">
    <ignored/>
  </testcase> <!-- testTC_API_PLANTS_USER_07 -->
  <testcase classname="com.example.api.tests.PlantApiTest" name="testTC_API_PLANTS_USER_06" time="0.0">
    <ignored/>
  </testcase> <!-- testTC_API_PLANTS_USER_06 -->
  <testcase classname="com.example.api.tests.PlantApiTest" name="testTC_API_PLANTS_USER_11" time="0.0">
    <ignored/>
  </testcase> <!-- testTC_API_PLANTS_USER_11 -->
</testsuite> <!-- Surefire test -->
