<?xml version="1.0" encoding="UTF-8"?>
<!-- Generated by org.testng.reporters.JUnitXMLReporter -->
<testsuite ignored="8" hostname="rajiths-mbp" failures="0" tests="1" name="Surefire test" time="1.749" errors="0" timestamp="2026-02-07T16:33:50 IST">
  <testcase classname="com.example.api.tests.PlantApiTest" name="testTC_API_PLANTS_ADM_02" time="1.732"/>
  <testcase classname="com.example.api.tests.PlantApiTest" name="testTC_API_PLANTS_USER_09" time="0.0">
    <ignored/>
  </testcase> <!-- testTC_API_PLANTS_USER_09 -->
  <testcase classname="com.example.api.tests.PlantApiTest" name="testTC_API_PLANTS_USER_08" time="0.0">
    <ignored/>
  </testcase> <!-- testTC_API_PLANTS_USER_08 -->
  <testcase classname="com.example.api.tests.PlantApiTest" name="testTC_API_PLANTS_USER_10" time="0.0">
    <ignored/>
  </testcase> <!-- testTC_API_PLANTS_USER_10 -->
  <testcase classname="com.example.api.tests.PlantApiTest" name="testTC_API_PLANTS_ADM_01" time="0.0">
    <ignored/>
  </testcase> <!-- testTC_API_PLANTS_ADM_01 -->
  <testcase classname="com.example.api.tests.PlantApiTest" name="testTC_API_PLANTS_USER_12" time="0.0">
    <ignored/>
  </testcase> <!-- testTC_API_PLANTS_USER_12 -->
  <testcase classname="com.example.api.tests.PlantApiTest" name="testTC_API_PLANTS_USER_11" time="0.0">
    <ignored/>
  </testcase> <!-- testTC_API_PLANTS_USER_11 -->
  <testcase classname="com.example.api.tests.PlantApiTest" name="testTC_API_PLANTS_USER_07" time="0.0">
    <ignored/>
  </testcase> <!-- testTC_API_PLANTS_USER_07 -->
  <testcase classname="com.example.api.tests.PlantApiTest" name="testTC_API_PLANTS_USER_06" time="0.0">
    <ignored/>
  </testcase> <!-- testTC_API_PLANTS_USER_06 -->
</testsuite> <!-- Surefire test -->
