<?xml version="1.0" encoding="UTF-8"?>
<testng-results ignored="0" total="1" passed="1" failed="0" skipped="0">
  <reporter-output>
  </reporter-output>
  <suite started-at="2026-02-04T21:09:00 IST" name="Plant Sales UI Automation Suite" finished-at="2026-02-04T21:09:13 IST" duration-ms="12955">
    <groups>
      <group name="cucumber">
        <method signature="AbstractTestNGCucumberTests.runScenario(io.cucumber.testng.PickleWrapper,io.cucumber.testng.FeatureWrapper)[pri:0, instance:com.example.runners.CucumberRunner@1aa7ecca]" name="runScenario" class="io.cucumber.testng.AbstractTestNGCucumberTests"/>
      </group> <!-- cucumber -->
    </groups>
    <test started-at="2026-02-04T21:09:00 IST" name="Cucumber Tests" finished-at="2026-02-04T21:09:13 IST" duration-ms="12955">
      <class name="com.example.runners.CucumberRunner">
        <test-method is-config="true" signature="setUpClass(org.testng.ITestContext)[pri:0, instance:com.example.runners.CucumberRunner@1aa7ecca]" started-at="2026-02-04T21:09:00 IST" name="setUpClass" finished-at="2026-02-04T21:09:02 IST" duration-ms="1100" status="PASS">
          <params>
            <param index="0">
              <value>
                <![CDATA[org.testng.TestRunner@53830483]]>
              </value>
            </param>
          </params>
          <reporter-output>
          </reporter-output>
        </test-method> <!-- setUpClass -->
        <test-method signature="runScenario(io.cucumber.testng.PickleWrapper,io.cucumber.testng.FeatureWrapper)[pri:0, instance:com.example.runners.CucumberRunner@1aa7ecca]" started-at="2026-02-04T21:09:02 IST" name="runScenario" description="Runs Cucumber Scenarios" data-provider="scenarios" finished-at="2026-02-04T21:09:13 IST" duration-ms="11726" status="PASS">
          <params>
            <param index="0">
              <value>
                <![CDATA["Verify Admin can successfully add a new Main Category"]]>
              </value>
            </param>
            <param index="1">
              <value>
                <![CDATA["Category Management"]]>
              </value>
            </param>
          </params>
          <reporter-output>
          </reporter-output>
        </test-method> <!-- runScenario -->
        <test-method is-config="true" signature="tearDownClass()[pri:0, instance:com.example.runners.CucumberRunner@1aa7ecca]" started-at="2026-02-04T21:09:13 IST" name="tearDownClass" finished-at="2026-02-04T21:09:13 IST" duration-ms="54" status="PASS">
          <reporter-output>
          </reporter-output>
        </test-method> <!-- tearDownClass -->
      </class> <!-- com.example.runners.CucumberRunner -->
    </test> <!-- Cucumber Tests -->
  </suite> <!-- Plant Sales UI Automation Suite -->
</testng-results>
