<?xml version="1.0" encoding="UTF-8"?>
<testsuite xmlns:xsi="http://www.w3.org/2001/XMLSchema-instance" xsi:noNamespaceSchemaLocation="https://maven.apache.org/surefire/maven-surefire-plugin/xsd/surefire-test-report-3.0.xsd" version="3.0" name="TestSuite" time="148.212" tests="20" errors="0" skipped="0" failures="8">
  <properties>
    <property name="java.specification.version" value="17"/>
    <property name="webdriver.chrome.driver" value="C:\Users\USER\.cache\selenium\chromedriver\win64\144.0.7559.133\chromedriver.exe"/>
    <property name="sun.cpu.isalist" value="amd64"/>
    <property name="sun.jnu.encoding" value="Cp1252"/>
    <property name="java.class.path" value="C:\Users\USER\OneDrive\Pictures\Desktop\IrushI_QA_Automation_Plant\ITFac_Batch21_Group53\target\test-classes;C:\Users\USER\OneDrive\Pictures\Desktop\IrushI_QA_Automation_Plant\ITFac_Batch21_Group53\target\classes;C:\Users\USER\.m2\repository\org\seleniumhq\selenium\selenium-java\4.15.0\selenium-java-4.15.0.jar;C:\Users\USER\.m2\repository\org\seleniumhq\selenium\selenium-api\4.15.0\selenium-api-4.15.0.jar;C:\Users\USER\.m2\repository\org\seleniumhq\selenium\selenium-chrome-driver\4.15.0\selenium-chrome-driver-4.15.0.jar;C:\Users\USER\.m2\repository\com\google\auto\service\auto-service-annotations\1.1.1\auto-service-annotations-1.1.1.jar;C:\Users\USER\.m2\repository\org\seleniumhq\selenium\selenium-chromium-driver\4.15.0\selenium-chromium-driver-4.15.0.jar;C:\Users\USER\.m2\repository\org\seleniumhq\selenium\selenium-json\4.15.0\selenium-json-4.15.0.jar;C:\Users\USER\.m2\repository\org\seleniumhq\selenium\selenium-manager\4.15.0\selenium-manager-4.15.0.jar;C:\Users\USER\.m2\repository\org\seleniumhq\selenium\selenium-devtools-v117\4.15.0\selenium-devtools-v117-4.15.0.jar;C:\Users\USER\.m2\repository\org\seleniumhq\selenium\selenium-devtools-v118\4.15.0\selenium-devtools-v118-4.15.0.jar;C:\Users\USER\.m2\repository\org\seleniumhq\selenium\selenium-devtools-v119\4.15.0\selenium-devtools-v119-4.15.0.jar;C:\Users\USER\.m2\repository\org\seleniumhq\selenium\selenium-devtools-v85\4.15.0\selenium-devtools-v85-4.15.0.jar;C:\Users\USER\.m2\repository\org\seleniumhq\selenium\selenium-edge-driver\4.15.0\selenium-edge-driver-4.15.0.jar;C:\Users\USER\.m2\repository\org\seleniumhq\selenium\selenium-firefox-driver\4.15.0\selenium-firefox-driver-4.15.0.jar;C:\Users\USER\.m2\repository\org\seleniumhq\selenium\selenium-http\4.15.0\selenium-http-4.15.0.jar;C:\Users\USER\.m2\repository\dev\failsafe\failsafe\3.3.2\failsafe-3.3.2.jar;C:\Users\USER\.m2\repository\org\seleniumhq\selenium\selenium-ie-driver\4.15.0\selenium-ie-driver-4.15.0.jar;C:\Users\USER\.m2\repository\org\seleniumhq\selenium\selenium-remote-driver\4.15.0\selenium-remote-driver-4.15.0.jar;C:\Users\USER\.m2\repository\com\google\guava\guava\32.1.2-jre\guava-32.1.2-jre.jar;C:\Users\USER\.m2\repository\com\google\guava\failureaccess\1.0.1\failureaccess-1.0.1.jar;C:\Users\USER\.m2\repository\com\google\guava\listenablefuture\9999.0-empty-to-avoid-conflict-with-guava\listenablefuture-9999.0-empty-to-avoid-conflict-with-guava.jar;C:\Users\USER\.m2\repository\com\google\code\findbugs\jsr305\3.0.2\jsr305-3.0.2.jar;C:\Users\USER\.m2\repository\org\checkerframework\checker-qual\3.33.0\checker-qual-3.33.0.jar;C:\Users\USER\.m2\repository\com\google\errorprone\error_prone_annotations\2.18.0\error_prone_annotations-2.18.0.jar;C:\Users\USER\.m2\repository\com\google\j2objc\j2objc-annotations\2.8\j2objc-annotations-2.8.jar;C:\Users\USER\.m2\repository\io\opentelemetry\opentelemetry-api\1.28.0\opentelemetry-api-1.28.0.jar;C:\Users\USER\.m2\repository\io\opentelemetry\opentelemetry-context\1.28.0\opentelemetry-context-1.28.0.jar;C:\Users\USER\.m2\repository\io\opentelemetry\opentelemetry-exporter-logging\1.28.0\opentelemetry-exporter-logging-1.28.0.jar;C:\Users\USER\.m2\repository\io\opentelemetry\opentelemetry-sdk-metrics\1.28.0\opentelemetry-sdk-metrics-1.28.0.jar;C:\Users\USER\.m2\repository\io\opentelemetry\opentelemetry-extension-incubator\1.28.0-alpha\opentelemetry-extension-incubator-1.28.0-alpha.jar;C:\Users\USER\.m2\repository\io\opentelemetry\opentelemetry-sdk-logs\1.28.0\opentelemetry-sdk-logs-1.28.0.jar;C:\Users\USER\.m2\repository\io\opentelemetry\opentelemetry-sdk-common\1.28.0\opentelemetry-sdk-common-1.28.0.jar;C:\Users\USER\.m2\repository\io\opentelemetry\opentelemetry-sdk-extension-autoconfigure-spi\1.28.0\opentelemetry-sdk-extension-autoconfigure-spi-1.28.0.jar;C:\Users\USER\.m2\repository\io\opentelemetry\opentelemetry-sdk-extension-autoconfigure\1.28.0\opentelemetry-sdk-extension-autoconfigure-1.28.0.jar;C:\Users\USER\.m2\repository\io\opentelemetry\opentelemetry-api-events\1.28.0-alpha\opentelemetry-api-events-1.28.0-alpha.jar;C:\Users\USER\.m2\repository\io\opentelemetry\opentelemetry-sdk-trace\1.28.0\opentelemetry-sdk-trace-1.28.0.jar;C:\Users\USER\.m2\repository\io\opentelemetry\opentelemetry-sdk\1.28.0\opentelemetry-sdk-1.28.0.jar;C:\Users\USER\.m2\repository\io\opentelemetry\opentelemetry-semconv\1.28.0-alpha\opentelemetry-semconv-1.28.0-alpha.jar;C:\Users\USER\.m2\repository\net\bytebuddy\byte-buddy\1.14.5\byte-buddy-1.14.5.jar;C:\Users\USER\.m2\repository\org\seleniumhq\selenium\selenium-os\4.15.0\selenium-os-4.15.0.jar;C:\Users\USER\.m2\repository\org\apache\commons\commons-exec\1.3\commons-exec-1.3.jar;C:\Users\USER\.m2\repository\org\seleniumhq\selenium\selenium-safari-driver\4.15.0\selenium-safari-driver-4.15.0.jar;C:\Users\USER\.m2\repository\org\seleniumhq\selenium\selenium-support\4.15.0\selenium-support-4.15.0.jar;C:\Users\USER\.m2\repository\org\testng\testng\7.8.0\testng-7.8.0.jar;C:\Users\USER\.m2\repository\org\slf4j\slf4j-api\1.7.36\slf4j-api-1.7.36.jar;C:\Users\USER\.m2\repository\com\beust\jcommander\1.82\jcommander-1.82.jar;C:\Users\USER\.m2\repository\org\webjars\jquery\3.6.1\jquery-3.6.1.jar;C:\Users\USER\.m2\repository\io\github\bonigarcia\webdrivermanager\5.6.2\webdrivermanager-5.6.2.jar;C:\Users\USER\.m2\repository\com\google\code\gson\gson\2.10.1\gson-2.10.1.jar;C:\Users\USER\.m2\repository\com\github\docker-java\docker-java\3.3.4\docker-java-3.3.4.jar;C:\Users\USER\.m2\repository\com\github\docker-java\docker-java-core\3.3.4\docker-java-core-3.3.4.jar;C:\Users\USER\.m2\repository\com\github\docker-java\docker-java-api\3.3.4\docker-java-api-3.3.4.jar;C:\Users\USER\.m2\repository\commons-io\commons-io\2.13.0\commons-io-2.13.0.jar;C:\Users\USER\.m2\repository\org\bouncycastle\bcpkix-jdk18on\1.76\bcpkix-jdk18on-1.76.jar;C:\Users\USER\.m2\repository\org\bouncycastle\bcprov-jdk18on\1.76\bcprov-jdk18on-1.76.jar;C:\Users\USER\.m2\repository\org\bouncycastle\bcutil-jdk18on\1.76\bcutil-jdk18on-1.76.jar;C:\Users\USER\.m2\repository\org\slf4j\jcl-over-slf4j\1.7.30\jcl-over-slf4j-1.7.30.jar;C:\Users\USER\.m2\repository\com\github\docker-java\docker-java-transport-httpclient5\3.3.4\docker-java-transport-httpclient5-3.3.4.jar;C:\Users\USER\.m2\repository\com\github\docker-java\docker-java-transport\3.3.4\docker-java-transport-3.3.4.jar;C:\Users\USER\.m2\repository\net\java\dev\jna\jna\5.13.0\jna-5.13.0.jar;C:\Users\USER\.m2\repository\org\brotli\dec\0.1.2\dec-0.1.2.jar;C:\Users\USER\.m2\repository\org\apache\commons\commons-compress\1.24.0\commons-compress-1.24.0.jar;C:\Users\USER\.m2\repository\org\apache\httpcomponents\client5\httpclient5\5.2.1\httpclient5-5.2.1.jar;C:\Users\USER\.m2\repository\org\apache\httpcomponents\core5\httpcore5\5.2\httpcore5-5.2.jar;C:\Users\USER\.m2\repository\org\apache\httpcomponents\core5\httpcore5-h2\5.2\httpcore5-h2-5.2.jar;C:\Users\USER\.m2\repository\com\aventstack\extentreports\5.1.1\extentreports-5.1.1.jar;C:\Users\USER\.m2\repository\io\reactivex\rxjava3\rxjava\3.1.6\rxjava-3.1.6.jar;C:\Users\USER\.m2\repository\org\reactivestreams\reactive-streams\1.0.4\reactive-streams-1.0.4.jar;C:\Users\USER\.m2\repository\org\freemarker\freemarker\2.3.32\freemarker-2.3.32.jar;C:\Users\USER\.m2\repository\org\projectlombok\lombok\1.18.26\lombok-1.18.26.jar;C:\Users\USER\.m2\repository\org\apache\logging\log4j\log4j-core\2.20.0\log4j-core-2.20.0.jar;C:\Users\USER\.m2\repository\org\apache\logging\log4j\log4j-api\2.20.0\log4j-api-2.20.0.jar;C:\Users\USER\.m2\repository\org\apache\commons\commons-lang3\3.12.0\commons-lang3-3.12.0.jar;C:\Users\USER\.m2\repository\com\fasterxml\jackson\core\jackson-databind\2.15.2\jackson-databind-2.15.2.jar;C:\Users\USER\.m2\repository\com\fasterxml\jackson\core\jackson-annotations\2.15.2\jackson-annotations-2.15.2.jar;C:\Users\USER\.m2\repository\com\fasterxml\jackson\core\jackson-core\2.15.2\jackson-core-2.15.2.jar;C:\Users\USER\.m2\repository\io\cucumber\cucumber-java\7.14.0\cucumber-java-7.14.0.jar;C:\Users\USER\.m2\repository\io\cucumber\cucumber-core\7.14.0\cucumber-core-7.14.0.jar;C:\Users\USER\.m2\repository\io\cucumber\cucumber-gherkin\7.14.0\cucumber-gherkin-7.14.0.jar;C:\Users\USER\.m2\repository\io\cucumber\cucumber-gherkin-messages\7.14.0\cucumber-gherkin-messages-7.14.0.jar;C:\Users\USER\.m2\repository\io\cucumber\gherkin\26.2.0\gherkin-26.2.0.jar;C:\Users\USER\.m2\repository\io\cucumber\messages\22.0.0\messages-22.0.0.jar;C:\Users\USER\.m2\repository\io\cucumber\tag-expressions\5.0.6\tag-expressions-5.0.6.jar;C:\Users\USER\.m2\repository\io\cucumber\cucumber-expressions\16.1.2\cucumber-expressions-16.1.2.jar;C:\Users\USER\.m2\repository\io\cucumber\datatable\7.14.0\datatable-7.14.0.jar;C:\Users\USER\.m2\repository\io\cucumber\cucumber-plugin\7.14.0\cucumber-plugin-7.14.0.jar;C:\Users\USER\.m2\repository\io\cucumber\docstring\7.14.0\docstring-7.14.0.jar;C:\Users\USER\.m2\repository\io\cucumber\html-formatter\20.4.0\html-formatter-20.4.0.jar;C:\Users\USER\.m2\repository\io\cucumber\junit-xml-formatter\0.2.0\junit-xml-formatter-0.2.0.jar;C:\Users\USER\.m2\repository\io\cucumber\ci-environment\9.2.0\ci-environment-9.2.0.jar;C:\Users\USER\.m2\repository\org\apiguardian\apiguardian-api\1.1.2\apiguardian-api-1.1.2.jar;C:\Users\USER\.m2\repository\io\cucumber\cucumber-testng\7.14.0\cucumber-testng-7.14.0.jar;C:\Users\USER\.m2\repository\junit\junit\4.13.2\junit-4.13.2.jar;C:\Users\USER\.m2\repository\org\hamcrest\hamcrest-core\1.3\hamcrest-core-1.3.jar;C:\Users\USER\.m2\repository\io\rest-assured\rest-assured\5.3.0\rest-assured-5.3.0.jar;C:\Users\USER\.m2\repository\org\apache\groovy\groovy\4.0.6\groovy-4.0.6.jar;C:\Users\USER\.m2\repository\org\apache\groovy\groovy-xml\4.0.6\groovy-xml-4.0.6.jar;C:\Users\USER\.m2\repository\org\apache\httpcomponents\httpclient\4.5.13\httpclient-4.5.13.jar;C:\Users\USER\.m2\repository\org\apache\httpcomponents\httpcore\4.4.13\httpcore-4.4.13.jar;C:\Users\USER\.m2\repository\commons-logging\commons-logging\1.2\commons-logging-1.2.jar;C:\Users\USER\.m2\repository\commons-codec\commons-codec\1.11\commons-codec-1.11.jar;C:\Users\USER\.m2\repository\org\apache\httpcomponents\httpmime\4.5.13\httpmime-4.5.13.jar;C:\Users\USER\.m2\repository\org\hamcrest\hamcrest\2.1\hamcrest-2.1.jar;C:\Users\USER\.m2\repository\org\ccil\cowan\tagsoup\tagsoup\1.2.1\tagsoup-1.2.1.jar;C:\Users\USER\.m2\repository\io\rest-assured\xml-path\5.3.0\xml-path-5.3.0.jar;C:\Users\USER\.m2\repository\io\rest-assured\json-path\5.3.0\json-path-5.3.0.jar;C:\Users\USER\.m2\repository\org\apache\groovy\groovy-json\4.0.6\groovy-json-4.0.6.jar;C:\Users\USER\.m2\repository\io\rest-assured\rest-assured-common\5.3.0\rest-assured-common-5.3.0.jar;C:\Users\USER\.m2\repository\io\qameta\allure\allure-testng\2.24.0\allure-testng-2.24.0.jar;C:\Users\USER\.m2\repository\io\qameta\allure\allure-java-commons\2.24.0\allure-java-commons-2.24.0.jar;C:\Users\USER\.m2\repository\io\qameta\allure\allure-model\2.24.0\allure-model-2.24.0.jar;C:\Users\USER\.m2\repository\io\qameta\allure\allure-test-filter\2.24.0\allure-test-filter-2.24.0.jar;C:\Users\USER\.m2\repository\org\aspectj\aspectjweaver\1.9.20\aspectjweaver-1.9.20.jar;"/>
    <property name="java.vm.vendor" value="Eclipse Adoptium"/>
    <property name="sun.arch.data.model" value="64"/>
    <property name="user.variant" value=""/>
    <property name="java.vendor.url" value="https://adoptium.net/"/>
    <property name="user.timezone" value="Asia/Colombo"/>
    <property name="os.name" value="Windows 11"/>
    <property name="java.vm.specification.version" value="17"/>
    <property name="sun.java.launcher" value="SUN_STANDARD"/>
    <property name="user.country" value="US"/>
    <property name="sun.boot.library.path" value="C:\Program Files\Eclipse Adoptium\jdk-17.0.17.10-hotspot\bin"/>
    <property name="sun.java.command" value="C:\Users\USER\AppData\Local\Temp\surefire13780480448386426116\surefirebooter-20260207222041374_3.jar C:\Users\USER\AppData\Local\Temp\surefire13780480448386426116 2026-02-07T22-20-40_939-jvmRun1 surefire-20260207222041374_1tmp surefire_0-20260207222041374_2tmp"/>
    <property name="jdk.debug" value="release"/>
    <property name="surefire.test.class.path" value="C:\Users\USER\OneDrive\Pictures\Desktop\IrushI_QA_Automation_Plant\ITFac_Batch21_Group53\target\test-classes;C:\Users\USER\OneDrive\Pictures\Desktop\IrushI_QA_Automation_Plant\ITFac_Batch21_Group53\target\classes;C:\Users\USER\.m2\repository\org\seleniumhq\selenium\selenium-java\4.15.0\selenium-java-4.15.0.jar;C:\Users\USER\.m2\repository\org\seleniumhq\selenium\selenium-api\4.15.0\selenium-api-4.15.0.jar;C:\Users\USER\.m2\repository\org\seleniumhq\selenium\selenium-chrome-driver\4.15.0\selenium-chrome-driver-4.15.0.jar;C:\Users\USER\.m2\repository\com\google\auto\service\auto-service-annotations\1.1.1\auto-service-annotations-1.1.1.jar;C:\Users\USER\.m2\repository\org\seleniumhq\selenium\selenium-chromium-driver\4.15.0\selenium-chromium-driver-4.15.0.jar;C:\Users\USER\.m2\repository\org\seleniumhq\selenium\selenium-json\4.15.0\selenium-json-4.15.0.jar;C:\Users\USER\.m2\repository\org\seleniumhq\selenium\selenium-manager\4.15.0\selenium-manager-4.15.0.jar;C:\Users\USER\.m2\repository\org\seleniumhq\selenium\selenium-devtools-v117\4.15.0\selenium-devtools-v117-4.15.0.jar;C:\Users\USER\.m2\repository\org\seleniumhq\selenium\selenium-devtools-v118\4.15.0\selenium-devtools-v118-4.15.0.jar;C:\Users\USER\.m2\repository\org\seleniumhq\selenium\selenium-devtools-v119\4.15.0\selenium-devtools-v119-4.15.0.jar;C:\Users\USER\.m2\repository\org\seleniumhq\selenium\selenium-devtools-v85\4.15.0\selenium-devtools-v85-4.15.0.jar;C:\Users\USER\.m2\repository\org\seleniumhq\selenium\selenium-edge-driver\4.15.0\selenium-edge-driver-4.15.0.jar;C:\Users\USER\.m2\repository\org\seleniumhq\selenium\selenium-firefox-driver\4.15.0\selenium-firefox-driver-4.15.0.jar;C:\Users\USER\.m2\repository\org\seleniumhq\selenium\selenium-http\4.15.0\selenium-http-4.15.0.jar;C:\Users\USER\.m2\repository\dev\failsafe\failsafe\3.3.2\failsafe-3.3.2.jar;C:\Users\USER\.m2\repository\org\seleniumhq\selenium\selenium-ie-driver\4.15.0\selenium-ie-driver-4.15.0.jar;C:\Users\USER\.m2\repository\org\seleniumhq\selenium\selenium-remote-driver\4.15.0\selenium-remote-driver-4.15.0.jar;C:\Users\USER\.m2\repository\com\google\guava\guava\32.1.2-jre\guava-32.1.2-jre.jar;C:\Users\USER\.m2\repository\com\google\guava\failureaccess\1.0.1\failureaccess-1.0.1.jar;C:\Users\USER\.m2\repository\com\google\guava\listenablefuture\9999.0-empty-to-avoid-conflict-with-guava\listenablefuture-9999.0-empty-to-avoid-conflict-with-guava.jar;C:\Users\USER\.m2\repository\com\google\code\findbugs\jsr305\3.0.2\jsr305-3.0.2.jar;C:\Users\USER\.m2\repository\org\checkerframework\checker-qual\3.33.0\checker-qual-3.33.0.jar;C:\Users\USER\.m2\repository\com\google\errorprone\error_prone_annotations\2.18.0\error_prone_annotations-2.18.0.jar;C:\Users\USER\.m2\repository\com\google\j2objc\j2objc-annotations\2.8\j2objc-annotations-2.8.jar;C:\Users\USER\.m2\repository\io\opentelemetry\opentelemetry-api\1.28.0\opentelemetry-api-1.28.0.jar;C:\Users\USER\.m2\repository\io\opentelemetry\opentelemetry-context\1.28.0\opentelemetry-context-1.28.0.jar;C:\Users\USER\.m2\repository\io\opentelemetry\opentelemetry-exporter-logging\1.28.0\opentelemetry-exporter-logging-1.28.0.jar;C:\Users\USER\.m2\repository\io\opentelemetry\opentelemetry-sdk-metrics\1.28.0\opentelemetry-sdk-metrics-1.28.0.jar;C:\Users\USER\.m2\repository\io\opentelemetry\opentelemetry-extension-incubator\1.28.0-alpha\opentelemetry-extension-incubator-1.28.0-alpha.jar;C:\Users\USER\.m2\repository\io\opentelemetry\opentelemetry-sdk-logs\1.28.0\opentelemetry-sdk-logs-1.28.0.jar;C:\Users\USER\.m2\repository\io\opentelemetry\opentelemetry-sdk-common\1.28.0\opentelemetry-sdk-common-1.28.0.jar;C:\Users\USER\.m2\repository\io\opentelemetry\opentelemetry-sdk-extension-autoconfigure-spi\1.28.0\opentelemetry-sdk-extension-autoconfigure-spi-1.28.0.jar;C:\Users\USER\.m2\repository\io\opentelemetry\opentelemetry-sdk-extension-autoconfigure\1.28.0\opentelemetry-sdk-extension-autoconfigure-1.28.0.jar;C:\Users\USER\.m2\repository\io\opentelemetry\opentelemetry-api-events\1.28.0-alpha\opentelemetry-api-events-1.28.0-alpha.jar;C:\Users\USER\.m2\repository\io\opentelemetry\opentelemetry-sdk-trace\1.28.0\opentelemetry-sdk-trace-1.28.0.jar;C:\Users\USER\.m2\repository\io\opentelemetry\opentelemetry-sdk\1.28.0\opentelemetry-sdk-1.28.0.jar;C:\Users\USER\.m2\repository\io\opentelemetry\opentelemetry-semconv\1.28.0-alpha\opentelemetry-semconv-1.28.0-alpha.jar;C:\Users\USER\.m2\repository\net\bytebuddy\byte-buddy\1.14.5\byte-buddy-1.14.5.jar;C:\Users\USER\.m2\repository\org\seleniumhq\selenium\selenium-os\4.15.0\selenium-os-4.15.0.jar;C:\Users\USER\.m2\repository\org\apache\commons\commons-exec\1.3\commons-exec-1.3.jar;C:\Users\USER\.m2\repository\org\seleniumhq\selenium\selenium-safari-driver\4.15.0\selenium-safari-driver-4.15.0.jar;C:\Users\USER\.m2\repository\org\seleniumhq\selenium\selenium-support\4.15.0\selenium-support-4.15.0.jar;C:\Users\USER\.m2\repository\org\testng\testng\7.8.0\testng-7.8.0.jar;C:\Users\USER\.m2\repository\org\slf4j\slf4j-api\1.7.36\slf4j-api-1.7.36.jar;C:\Users\USER\.m2\repository\com\beust\jcommander\1.82\jcommander-1.82.jar;C:\Users\USER\.m2\repository\org\webjars\jquery\3.6.1\jquery-3.6.1.jar;C:\Users\USER\.m2\repository\io\github\bonigarcia\webdrivermanager\5.6.2\webdrivermanager-5.6.2.jar;C:\Users\USER\.m2\repository\com\google\code\gson\gson\2.10.1\gson-2.10.1.jar;C:\Users\USER\.m2\repository\com\github\docker-java\docker-java\3.3.4\docker-java-3.3.4.jar;C:\Users\USER\.m2\repository\com\github\docker-java\docker-java-core\3.3.4\docker-java-core-3.3.4.jar;C:\Users\USER\.m2\repository\com\github\docker-java\docker-java-api\3.3.4\docker-java-api-3.3.4.jar;C:\Users\USER\.m2\repository\commons-io\commons-io\2.13.0\commons-io-2.13.0.jar;C:\Users\USER\.m2\repository\org\bouncycastle\bcpkix-jdk18on\1.76\bcpkix-jdk18on-1.76.jar;C:\Users\USER\.m2\repository\org\bouncycastle\bcprov-jdk18on\1.76\bcprov-jdk18on-1.76.jar;C:\Users\USER\.m2\repository\org\bouncycastle\bcutil-jdk18on\1.76\bcutil-jdk18on-1.76.jar;C:\Users\USER\.m2\repository\org\slf4j\jcl-over-slf4j\1.7.30\jcl-over-slf4j-1.7.30.jar;C:\Users\USER\.m2\repository\com\github\docker-java\docker-java-transport-httpclient5\3.3.4\docker-java-transport-httpclient5-3.3.4.jar;C:\Users\USER\.m2\repository\com\github\docker-java\docker-java-transport\3.3.4\docker-java-transport-3.3.4.jar;C:\Users\USER\.m2\repository\net\java\dev\jna\jna\5.13.0\jna-5.13.0.jar;C:\Users\USER\.m2\repository\org\brotli\dec\0.1.2\dec-0.1.2.jar;C:\Users\USER\.m2\repository\org\apache\commons\commons-compress\1.24.0\commons-compress-1.24.0.jar;C:\Users\USER\.m2\repository\org\apache\httpcomponents\client5\httpclient5\5.2.1\httpclient5-5.2.1.jar;C:\Users\USER\.m2\repository\org\apache\httpcomponents\core5\httpcore5\5.2\httpcore5-5.2.jar;C:\Users\USER\.m2\repository\org\apache\httpcomponents\core5\httpcore5-h2\5.2\httpcore5-h2-5.2.jar;C:\Users\USER\.m2\repository\com\aventstack\extentreports\5.1.1\extentreports-5.1.1.jar;C:\Users\USER\.m2\repository\io\reactivex\rxjava3\rxjava\3.1.6\rxjava-3.1.6.jar;C:\Users\USER\.m2\repository\org\reactivestreams\reactive-streams\1.0.4\reactive-streams-1.0.4.jar;C:\Users\USER\.m2\repository\org\freemarker\freemarker\2.3.32\freemarker-2.3.32.jar;C:\Users\USER\.m2\repository\org\projectlombok\lombok\1.18.26\lombok-1.18.26.jar;C:\Users\USER\.m2\repository\org\apache\logging\log4j\log4j-core\2.20.0\log4j-core-2.20.0.jar;C:\Users\USER\.m2\repository\org\apache\logging\log4j\log4j-api\2.20.0\log4j-api-2.20.0.jar;C:\Users\USER\.m2\repository\org\apache\commons\commons-lang3\3.12.0\commons-lang3-3.12.0.jar;C:\Users\USER\.m2\repository\com\fasterxml\jackson\core\jackson-databind\2.15.2\jackson-databind-2.15.2.jar;C:\Users\USER\.m2\repository\com\fasterxml\jackson\core\jackson-annotations\2.15.2\jackson-annotations-2.15.2.jar;C:\Users\USER\.m2\repository\com\fasterxml\jackson\core\jackson-core\2.15.2\jackson-core-2.15.2.jar;C:\Users\USER\.m2\repository\io\cucumber\cucumber-java\7.14.0\cucumber-java-7.14.0.jar;C:\Users\USER\.m2\repository\io\cucumber\cucumber-core\7.14.0\cucumber-core-7.14.0.jar;C:\Users\USER\.m2\repository\io\cucumber\cucumber-gherkin\7.14.0\cucumber-gherkin-7.14.0.jar;C:\Users\USER\.m2\repository\io\cucumber\cucumber-gherkin-messages\7.14.0\cucumber-gherkin-messages-7.14.0.jar;C:\Users\USER\.m2\repository\io\cucumber\gherkin\26.2.0\gherkin-26.2.0.jar;C:\Users\USER\.m2\repository\io\cucumber\messages\22.0.0\messages-22.0.0.jar;C:\Users\USER\.m2\repository\io\cucumber\tag-expressions\5.0.6\tag-expressions-5.0.6.jar;C:\Users\USER\.m2\repository\io\cucumber\cucumber-expressions\16.1.2\cucumber-expressions-16.1.2.jar;C:\Users\USER\.m2\repository\io\cucumber\datatable\7.14.0\datatable-7.14.0.jar;C:\Users\USER\.m2\repository\io\cucumber\cucumber-plugin\7.14.0\cucumber-plugin-7.14.0.jar;C:\Users\USER\.m2\repository\io\cucumber\docstring\7.14.0\docstring-7.14.0.jar;C:\Users\USER\.m2\repository\io\cucumber\html-formatter\20.4.0\html-formatter-20.4.0.jar;C:\Users\USER\.m2\repository\io\cucumber\junit-xml-formatter\0.2.0\junit-xml-formatter-0.2.0.jar;C:\Users\USER\.m2\repository\io\cucumber\ci-environment\9.2.0\ci-environment-9.2.0.jar;C:\Users\USER\.m2\repository\org\apiguardian\apiguardian-api\1.1.2\apiguardian-api-1.1.2.jar;C:\Users\USER\.m2\repository\io\cucumber\cucumber-testng\7.14.0\cucumber-testng-7.14.0.jar;C:\Users\USER\.m2\repository\junit\junit\4.13.2\junit-4.13.2.jar;C:\Users\USER\.m2\repository\org\hamcrest\hamcrest-core\1.3\hamcrest-core-1.3.jar;C:\Users\USER\.m2\repository\io\rest-assured\rest-assured\5.3.0\rest-assured-5.3.0.jar;C:\Users\USER\.m2\repository\org\apache\groovy\groovy\4.0.6\groovy-4.0.6.jar;C:\Users\USER\.m2\repository\org\apache\groovy\groovy-xml\4.0.6\groovy-xml-4.0.6.jar;C:\Users\USER\.m2\repository\org\apache\httpcomponents\httpclient\4.5.13\httpclient-4.5.13.jar;C:\Users\USER\.m2\repository\org\apache\httpcomponents\httpcore\4.4.13\httpcore-4.4.13.jar;C:\Users\USER\.m2\repository\commons-logging\commons-logging\1.2\commons-logging-1.2.jar;C:\Users\USER\.m2\repository\commons-codec\commons-codec\1.11\commons-codec-1.11.jar;C:\Users\USER\.m2\repository\org\apache\httpcomponents\httpmime\4.5.13\httpmime-4.5.13.jar;C:\Users\USER\.m2\repository\org\hamcrest\hamcrest\2.1\hamcrest-2.1.jar;C:\Users\USER\.m2\repository\org\ccil\cowan\tagsoup\tagsoup\1.2.1\tagsoup-1.2.1.jar;C:\Users\USER\.m2\repository\io\rest-assured\xml-path\5.3.0\xml-path-5.3.0.jar;C:\Users\USER\.m2\repository\io\rest-assured\json-path\5.3.0\json-path-5.3.0.jar;C:\Users\USER\.m2\repository\org\apache\groovy\groovy-json\4.0.6\groovy-json-4.0.6.jar;C:\Users\USER\.m2\repository\io\rest-assured\rest-assured-common\5.3.0\rest-assured-common-5.3.0.jar;C:\Users\USER\.m2\repository\io\qameta\allure\allure-testng\2.24.0\allure-testng-2.24.0.jar;C:\Users\USER\.m2\repository\io\qameta\allure\allure-java-commons\2.24.0\allure-java-commons-2.24.0.jar;C:\Users\USER\.m2\repository\io\qameta\allure\allure-model\2.24.0\allure-model-2.24.0.jar;C:\Users\USER\.m2\repository\io\qameta\allure\allure-test-filter\2.24.0\allure-test-filter-2.24.0.jar;C:\Users\USER\.m2\repository\org\aspectj\aspectjweaver\1.9.20\aspectjweaver-1.9.20.jar;"/>
    <property name="sun.cpu.endian" value="little"/>
    <property name="user.home" value="C:\Users\USER"/>
    <property name="user.language" value="en"/>
    <property name="java.specification.vendor" value="Oracle Corporation"/>
    <property name="java.version.date" value="2025-10-21"/>
    <property name="java.home" value="C:\Program Files\Eclipse Adoptium\jdk-17.0.17.10-hotspot"/>
    <property name="file.separator" value="\"/>
    <property name="basedir" value="C:\Users\USER\OneDrive\Pictures\Desktop\IrushI_QA_Automation_Plant\ITFac_Batch21_Group53"/>
    <property name="java.vm.compressedOopsMode" value="Zero based"/>
    <property name="line.separator" value="&#10;"/>
    <property name="java.vm.specification.vendor" value="Oracle Corporation"/>
    <property name="java.specification.name" value="Java Platform API Specification"/>
    <property name="surefire.real.class.path" value="C:\Users\USER\AppData\Local\Temp\surefire13780480448386426116\surefirebooter-20260207222041374_3.jar"/>
    <property name="user.script" value=""/>
    <property name="sun.management.compiler" value="HotSpot 64-Bit Tiered Compilers"/>
    <property name="java.runtime.version" value="17.0.17+10"/>
    <property name="user.name" value="USER"/>
    <property name="path.separator" value=";"/>
    <property name="os.version" value="10.0"/>
    <property name="java.runtime.name" value="OpenJDK Runtime Environment"/>
    <property name="file.encoding" value="Cp1252"/>
    <property name="java.vm.name" value="OpenJDK 64-Bit Server VM"/>
    <property name="java.vendor.version" value="Temurin-17.0.17+10"/>
    <property name="localRepository" value="C:\Users\USER\.m2\repository"/>
    <property name="java.vendor.url.bug" value="https://github.com/adoptium/adoptium-support/issues"/>
    <property name="java.io.tmpdir" value="C:\Users\USER\AppData\Local\Temp\"/>
    <property name="java.version" value="17.0.17"/>
    <property name="user.dir" value="C:\Users\USER\OneDrive\Pictures\Desktop\IrushI_QA_Automation_Plant\ITFac_Batch21_Group53"/>
    <property name="os.arch" value="amd64"/>
    <property name="java.vm.specification.name" value="Java Virtual Machine Specification"/>
    <property name="sun.os.patch.level" value=""/>
    <property name="native.encoding" value="Cp1252"/>
    <property name="java.library.path" value="C:\Program Files\Eclipse Adoptium\jdk-17.0.17.10-hotspot\bin;C:\WINDOWS\Sun\Java\bin;C:\WINDOWS\system32;C:\WINDOWS;c:\Users\USER\AppData\Roaming\Code\User\globalStorage\github.copilot-chat\debugCommand;c:\Users\USER\AppData\Roaming\Code\User\globalStorage\github.copilot-chat\copilotCli;C:\Program Files\Eclipse Adoptium\jdk-17.0.17.10-hotspot\bin;C:\Program Files\Common Files\Oracle\Java\javapath;C:\WINDOWS\system32;C:\WINDOWS;C:\WINDOWS\System32\Wbem;C:\WINDOWS\System32\WindowsPowerShell\v1.0\;C:\WINDOWS\System32\OpenSSH\;C:\Program Files\JetBrains\CLion 2022.1.3\bin\mingw\bin;C:\Program Files (x86)\Windows Live\Shared;C:\Program Files\Git\cmd;C:\Program Files\Eclipse Adoptium\jdk-17.0.17.10-hotspot\;C:\Program Files (x86)\apache-maven-3.9.5\bin;C:\Program Files (x86)\Microsoft SQL Server\160\Tools\Binn\;C:\Program Files\Microsoft SQL Server\160\Tools\Binn\;C:\Program Files\Microsoft SQL Server\Client SDK\ODBC\170\Tools\Binn\;C:\Program Files\Microsoft SQL Server\160\DTS\Binn\;C:\Program Files (x86)\Microsoft SQL Server\160\DTS\Binn\;C:\Program Files\Azure Data Studio\bin;C:\Program Files (x86)\Microsoft SQL Server\150\Tools\Binn\;C:\Program Files\Microsoft SQL Server\150\Tools\Binn\;C:\Program Files\Microsoft SQL Server\150\DTS\Binn\;C:\Program Files (x86)\Microsoft SQL Server\150\DTS\Binn\;C:\Program Files\Java\jdk-23\bin;C:\Program Files\Eclipse Adoptium\jdk-17.0.17.10-hotspot\\bin;C:\ProgramData\chocolatey\bin;C:\Program Files\nodejs\;C:\Program Files\swipl\bin;C:\Users\USER\AppData\Local\Programs\Python\Launcher\;C:\Users\USER\AppData\Local\Microsoft\WindowsApps;C:\Users\USER\Irushi;C:\Windows\System32;C:\Users\USER\AppData\Local\Programs\Microsoft VS Code\bin;C:\Program Files\Azure Data Studio\bin;C:\Users\USER\AppData\Roaming\npm;C:\Users\USER\Downloads\flutter\bin;C:\Users\USER\Downloads\flutter\bin\cache\dart-sdk\bin;;."/>
    <property name="java.vm.info" value="mixed mode, sharing"/>
    <property name="java.vendor" value="Eclipse Adoptium"/>
    <property name="java.vm.version" value="17.0.17+10"/>
    <property name="java.specification.maintenance.version" value="1"/>
    <property name="sun.io.unicode.encoding" value="UnicodeLittle"/>
    <property name="java.class.version" value="61.0"/>
  </properties>
  <testcase name="runScenario[&quot;Verify Admin can successfully create a new Main Category&quot;, &quot;Admin Category Management API&quot;](1)" classname="com.example.runners.CucumberRunner" time="8.236">
    <system-out><![CDATA[
@api @admin @tc_admin_create_01
Scenario: Verify Admin can successfully create a new Main Category                         # src/test/resources/features/api/AdminCategoryApi.feature:4
  Given the API server is up and running                                                   # com.example.api.stepDefinitions.CategoryApiStepDefinitions.api_server_is_up()
  And the user is authenticated as "admin"                                                 # com.example.api.stepDefinitions.CategoryApiStepDefinitions.user_is_authenticated(java.lang.String)
  When the user sends a POST request to "/api/categories" with name "Catcus" and no parent # com.example.api.stepDefinitions.CategoryApiStepDefinitions.user_sends_post_category_main(java.lang.String,java.lang.String)
Response Body: {"id":211,"name":"Catcus","subCategories":[]}
  Then the API response status code should be 201                                          # com.example.api.stepDefinitions.CategoryApiStepDefinitions.verify_status_code(int)
  And the response body should contain the field "name" with string value "Catcus"         # com.example.api.stepDefinitions.CategoryApiStepDefinitions.verify_body_field_string_value(java.lang.String,java.lang.String)
  And the response body should contain the field "id"                                      # com.example.api.stepDefinitions.CategoryApiStepDefinitions.verify_body_has_field(java.lang.String)
  And the response body should contain the field "subCategories"                           # com.example.api.stepDefinitions.CategoryApiStepDefinitions.verify_body_has_field(java.lang.String)
]]></system-out>
    <system-err><![CDATA[SLF4J: Failed to load class "org.slf4j.impl.StaticLoggerBinder".
SLF4J: Defaulting to no-operation (NOP) logger implementation
SLF4J: See http://www.slf4j.org/codes.html#StaticLoggerBinder for further details.
]]></system-err>
  </testcase>
  <testcase name="runScenario[&quot;Verify successful creation of a Sub-Category&quot;, &quot;Admin Category Management API&quot;](2)" classname="com.example.runners.CucumberRunner" time="0.398">
    <failure message="1 expectation failed.&#10;JSON path $ doesn&apos;t match.&#10;Expected: map containing [&quot;parent&quot;-&gt;ANYTHING]&#10;  Actual: &lt;{id=212, name=Flower_99, subCategories=[]}&gt;&#10;" type="java.lang.AssertionError"><![CDATA[java.lang.AssertionError: 
1 expectation failed.
JSON path $ doesn't match.
Expected: map containing ["parent"->ANYTHING]
  Actual: <{id=212, name=Flower_99, subCategories=[]}>

	at java.base/jdk.internal.reflect.NativeConstructorAccessorImpl.newInstance0(Native Method)
	at java.base/jdk.internal.reflect.NativeConstructorAccessorImpl.newInstance(NativeConstructorAccessorImpl.java:77)
	at java.base/jdk.internal.reflect.DelegatingConstructorAccessorImpl.newInstance(DelegatingConstructorAccessorImpl.java:45)
	at java.base/java.lang.reflect.Constructor.newInstanceWithCaller(Constructor.java:500)
	at java.base/java.lang.reflect.Constructor.newInstance(Constructor.java:481)
	at org.codehaus.groovy.reflection.CachedConstructor.invoke(CachedConstructor.java:73)
	at org.codehaus.groovy.runtime.callsite.ConstructorSite$ConstructorSiteNoUnwrapNoCoerce.callConstructor(ConstructorSite.java:108)
	at org.codehaus.groovy.runtime.callsite.CallSiteArray.defaultCallConstructor(CallSiteArray.java:57)
	at org.codehaus.groovy.runtime.callsite.AbstractCallSite.callConstructor(AbstractCallSite.java:263)
	at org.codehaus.groovy.runtime.callsite.AbstractCallSite.callConstructor(AbstractCallSite.java:277)
	at io.restassured.internal.ResponseSpecificationImpl$HamcrestAssertionClosure.validate(ResponseSpecificationImpl.groovy:512)
	at io.restassured.internal.ResponseSpecificationImpl$HamcrestAssertionClosure$validate$1.call(Unknown Source)
	at io.restassured.internal.ResponseSpecificationImpl.validateResponseIfRequired(ResponseSpecificationImpl.groovy:696)
	at io.restassured.internal.ResponseSpecificationImpl.this$2$validateResponseIfRequired(ResponseSpecificationImpl.groovy)
	at java.base/jdk.internal.reflect.NativeMethodAccessorImpl.invoke0(Native Method)
	at java.base/jdk.internal.reflect.NativeMethodAccessorImpl.invoke(NativeMethodAccessorImpl.java:77)
	at java.base/jdk.internal.reflect.DelegatingMethodAccessorImpl.invoke(DelegatingMethodAccessorImpl.java:43)
	at java.base/java.lang.reflect.Method.invoke(Method.java:569)
	at org.codehaus.groovy.runtime.callsite.PlainObjectMetaMethodSite.doInvoke(PlainObjectMetaMethodSite.java:43)
	at org.codehaus.groovy.runtime.callsite.PogoMetaMethodSite$PogoCachedMethodSiteNoUnwrapNoCoerce.invoke(PogoMetaMethodSite.java:198)
	at org.codehaus.groovy.runtime.callsite.PogoMetaMethodSite.callCurrent(PogoMetaMethodSite.java:62)
	at org.codehaus.groovy.runtime.callsite.AbstractCallSite.callCurrent(AbstractCallSite.java:185)
	at io.restassured.internal.ResponseSpecificationImpl.body(ResponseSpecificationImpl.groovy:270)
	at io.restassured.specification.ResponseSpecification$body$1.callCurrent(Unknown Source)
	at io.restassured.internal.ResponseSpecificationImpl.body(ResponseSpecificationImpl.groovy:117)
	at io.restassured.internal.ValidatableResponseOptionsImpl.body(ValidatableResponseOptionsImpl.java:244)
	at com.example.api.stepDefinitions.CategoryApiStepDefinitions.verify_body_has_field(CategoryApiStepDefinitions.java:76)
	at ✽.the response body should contain the field "parent"(file:///C:/Users/USER/OneDrive/Pictures/Desktop/IrushI_QA_Automation_Plant/ITFac_Batch21_Group53/src/test/resources/features/api/AdminCategoryApi.feature:24)
]]></failure>
    <system-out><![CDATA[
@api @admin @tc_admin_create_02
Scenario: Verify successful creation of a Sub-Category                                          # src/test/resources/features/api/AdminCategoryApi.feature:16
  Given the API server is up and running                                                        # com.example.api.stepDefinitions.CategoryApiStepDefinitions.api_server_is_up()
  And the user is authenticated as "admin"                                                      # com.example.api.stepDefinitions.CategoryApiStepDefinitions.user_is_authenticated(java.lang.String)
  When the user sends a POST request to "/api/categories" with name "Flower_99" and parent ID 1 # com.example.api.stepDefinitions.CategoryApiStepDefinitions.user_sends_post_category_sub(java.lang.String,java.lang.String,int)
Response Body: {"id":212,"name":"Flower_99","subCategories":[]}
  Then the API response status code should be 201                                               # com.example.api.stepDefinitions.CategoryApiStepDefinitions.verify_status_code(int)
  And the response body should contain the field "name" with string value "Flower_99"           # com.example.api.stepDefinitions.CategoryApiStepDefinitions.verify_body_field_string_value(java.lang.String,java.lang.String)
  And the response body should contain the field "id"                                           # com.example.api.stepDefinitions.CategoryApiStepDefinitions.verify_body_has_field(java.lang.String)
  And the response body should contain the field "parent"                                       # com.example.api.stepDefinitions.CategoryApiStepDefinitions.verify_body_has_field(java.lang.String)
      java.lang.AssertionError: 1 expectation failed.
JSON path $ doesn't match.
Expected: map containing ["parent"->ANYTHING]
  Actual: <{id=212, name=Flower_99, subCategories=[]}>

	at java.base/jdk.internal.reflect.NativeConstructorAccessorImpl.newInstance0(Native Method)
	at java.base/jdk.internal.reflect.NativeConstructorAccessorImpl.newInstance(NativeConstructorAccessorImpl.java:77)
	at java.base/jdk.internal.reflect.DelegatingConstructorAccessorImpl.newInstance(DelegatingConstructorAccessorImpl.java:45)
	at java.base/java.lang.reflect.Constructor.newInstanceWithCaller(Constructor.java:500)
	at java.base/java.lang.reflect.Constructor.newInstance(Constructor.java:481)
	at org.codehaus.groovy.reflection.CachedConstructor.invoke(CachedConstructor.java:73)
	at org.codehaus.groovy.runtime.callsite.ConstructorSite$ConstructorSiteNoUnwrapNoCoerce.callConstructor(ConstructorSite.java:108)
	at org.codehaus.groovy.runtime.callsite.CallSiteArray.defaultCallConstructor(CallSiteArray.java:57)
	at org.codehaus.groovy.runtime.callsite.AbstractCallSite.callConstructor(AbstractCallSite.java:263)
	at org.codehaus.groovy.runtime.callsite.AbstractCallSite.callConstructor(AbstractCallSite.java:277)
	at io.restassured.internal.ResponseSpecificationImpl$HamcrestAssertionClosure.validate(ResponseSpecificationImpl.groovy:512)
	at io.restassured.internal.ResponseSpecificationImpl$HamcrestAssertionClosure$validate$1.call(Unknown Source)
	at io.restassured.internal.ResponseSpecificationImpl.validateResponseIfRequired(ResponseSpecificationImpl.groovy:696)
	at io.restassured.internal.ResponseSpecificationImpl.this$2$validateResponseIfRequired(ResponseSpecificationImpl.groovy)
	at java.base/jdk.internal.reflect.NativeMethodAccessorImpl.invoke0(Native Method)
	at java.base/jdk.internal.reflect.NativeMethodAccessorImpl.invoke(NativeMethodAccessorImpl.java:77)
	at java.base/jdk.internal.reflect.DelegatingMethodAccessorImpl.invoke(DelegatingMethodAccessorImpl.java:43)
	at java.base/java.lang.reflect.Method.invoke(Method.java:569)
	at org.codehaus.groovy.runtime.callsite.PlainObjectMetaMethodSite.doInvoke(PlainObjectMetaMethodSite.java:43)
	at org.codehaus.groovy.runtime.callsite.PogoMetaMethodSite$PogoCachedMethodSiteNoUnwrapNoCoerce.invoke(PogoMetaMethodSite.java:198)
	at org.codehaus.groovy.runtime.callsite.PogoMetaMethodSite.callCurrent(PogoMetaMethodSite.java:62)
	at org.codehaus.groovy.runtime.callsite.AbstractCallSite.callCurrent(AbstractCallSite.java:185)
	at io.restassured.internal.ResponseSpecificationImpl.body(ResponseSpecificationImpl.groovy:270)
	at io.restassured.specification.ResponseSpecification$body$1.callCurrent(Unknown Source)
	at io.restassured.internal.ResponseSpecificationImpl.body(ResponseSpecificationImpl.groovy:117)
	at io.restassured.internal.ValidatableResponseOptionsImpl.body(ValidatableResponseOptionsImpl.java:244)
	at com.example.api.stepDefinitions.CategoryApiStepDefinitions.verify_body_has_field(CategoryApiStepDefinitions.java:76)
	at âœ½.the response body should contain the field "parent"(file:///C:/Users/USER/OneDrive/Pictures/Desktop/IrushI_QA_Automation_Plant/ITFac_Batch21_Group53/src/test/resources/features/api/AdminCategoryApi.feature:24)

]]></system-out>
  </testcase>
  <testcase name="runScenario[&quot;Verify validation for Category Name Length (Min 3 chars)&quot;, &quot;Admin Category Management API&quot;](3)" classname="com.example.runners.CucumberRunner" time="0.369">
    <system-out><![CDATA[
@api @admin @tc_admin_create_03
Scenario: Verify validation for Category Name Length (Min 3 chars)                               # src/test/resources/features/api/AdminCategoryApi.feature:28
  Given the API server is up and running                                                         # com.example.api.stepDefinitions.CategoryApiStepDefinitions.api_server_is_up()
  And the user is authenticated as "admin"                                                       # com.example.api.stepDefinitions.CategoryApiStepDefinitions.user_is_authenticated(java.lang.String)
  When the user sends a POST request to "/api/categories" with name "AB" and no parent           # com.example.api.stepDefinitions.CategoryApiStepDefinitions.user_sends_post_category_main(java.lang.String,java.lang.String)
Response Body: {"details":{"name":"Category name must be between 3 and 10 characters"},"error":"BAD_REQUEST","message":"Validation failed","status":400,"timestamp":"2026-02-07T22:20:59.1043071"}
  Then the API response status code should be 400                                                # com.example.api.stepDefinitions.CategoryApiStepDefinitions.verify_status_code(int)
  And the response body should contain the field "error" with string value "BAD_REQUEST"         # com.example.api.stepDefinitions.CategoryApiStepDefinitions.verify_body_field_string_value(java.lang.String,java.lang.String)
  And the response body should contain the field "message" with string value "Validation failed" # com.example.api.stepDefinitions.CategoryApiStepDefinitions.verify_body_field_string_value(java.lang.String,java.lang.String)
]]></system-out>
  </testcase>
  <testcase name="runScenario[&quot;Verify Unique Name Constraint (Prevent Duplicate Categories)&quot;, &quot;Admin Category Management API&quot;](4)" classname="com.example.runners.CucumberRunner" time="0.355">
    <system-out><![CDATA[
@api @admin @tc_admin_create_04
Scenario: Verify Unique Name Constraint (Prevent Duplicate Categories)                                               # src/test/resources/features/api/AdminCategoryApi.feature:40
  Given the API server is up and running                                                                             # com.example.api.stepDefinitions.CategoryApiStepDefinitions.api_server_is_up()
  And the user is authenticated as "admin"                                                                           # com.example.api.stepDefinitions.CategoryApiStepDefinitions.user_is_authenticated(java.lang.String)
  When the user sends a POST request to "/api/categories" with name "Catcus" and no parent                           # com.example.api.stepDefinitions.CategoryApiStepDefinitions.user_sends_post_category_main(java.lang.String,java.lang.String)
Response Body: {"status":400,"error":"DUPLICATE_RESOURCE","message":"Main category 'Catcus' already exists","timestamp":"2026-02-07T22:20:59.4478772"}
  Then the API response status code should be 400                                                                    # com.example.api.stepDefinitions.CategoryApiStepDefinitions.verify_status_code(int)
  And the response body should contain the field "error" with string value "DUPLICATE_RESOURCE"                      # com.example.api.stepDefinitions.CategoryApiStepDefinitions.verify_body_field_string_value(java.lang.String,java.lang.String)
  And the response body should contain the field "message" with string value "Main category 'Catcus' already exists" # com.example.api.stepDefinitions.CategoryApiStepDefinitions.verify_body_field_string_value(java.lang.String,java.lang.String)
]]></system-out>
  </testcase>
  <testcase name="runScenario[&quot;Verify Role-Based Access Control (User Restriction)&quot;, &quot;Admin Category Management API&quot;](5)" classname="com.example.runners.CucumberRunner" time="0.368">
    <system-out><![CDATA[
@api @admin @tc_admin_create_05
Scenario: Verify Role-Based Access Control (User Restriction)                              # src/test/resources/features/api/AdminCategoryApi.feature:54
  Given the API server is up and running                                                   # com.example.api.stepDefinitions.CategoryApiStepDefinitions.api_server_is_up()
  And the user is authenticated as "user"                                                  # com.example.api.stepDefinitions.CategoryApiStepDefinitions.user_is_authenticated(java.lang.String)
  When the user sends a POST request to "/api/categories" with name "NewCat" and no parent # com.example.api.stepDefinitions.CategoryApiStepDefinitions.user_sends_post_category_main(java.lang.String,java.lang.String)
Response Body: {"timestamp":"2026-02-07T16:50:59.837+00:00","status":403,"error":"Forbidden","path":"/api/categories"}
  Then the API response status code should be 403                                          # com.example.api.stepDefinitions.CategoryApiStepDefinitions.verify_status_code(int)
  And the response body should contain the field "error" with string value "Forbidden"     # com.example.api.stepDefinitions.CategoryApiStepDefinitions.verify_body_field_string_value(java.lang.String,java.lang.String)
]]></system-out>
  </testcase>
  <testcase name="runScenario[&quot;Verify successful retrieval of a specific category with a valid ID&quot;, &quot;Category API Management&quot;](6)" classname="com.example.runners.CucumberRunner" time="0.321">
    <failure message="1 expectation failed.&#10;JSON path $ doesn&apos;t match.&#10;Expected: map containing [&quot;subCategories&quot;-&gt;ANYTHING]&#10;  Actual: &lt;{id=10, name=Flower_Ind, parentId=1}&gt;&#10;" type="java.lang.AssertionError"><![CDATA[java.lang.AssertionError: 
1 expectation failed.
JSON path $ doesn't match.
Expected: map containing ["subCategories"->ANYTHING]
  Actual: <{id=10, name=Flower_Ind, parentId=1}>

	at java.base/jdk.internal.reflect.NativeConstructorAccessorImpl.newInstance0(Native Method)
	at java.base/jdk.internal.reflect.NativeConstructorAccessorImpl.newInstance(NativeConstructorAccessorImpl.java:77)
	at java.base/jdk.internal.reflect.DelegatingConstructorAccessorImpl.newInstance(DelegatingConstructorAccessorImpl.java:45)
	at java.base/java.lang.reflect.Constructor.newInstanceWithCaller(Constructor.java:500)
	at java.base/java.lang.reflect.Constructor.newInstance(Constructor.java:481)
	at org.codehaus.groovy.reflection.CachedConstructor.invoke(CachedConstructor.java:73)
	at org.codehaus.groovy.runtime.callsite.ConstructorSite$ConstructorSiteNoUnwrapNoCoerce.callConstructor(ConstructorSite.java:108)
	at org.codehaus.groovy.runtime.callsite.AbstractCallSite.callConstructor(AbstractCallSite.java:277)
	at io.restassured.internal.ResponseSpecificationImpl$HamcrestAssertionClosure.validate(ResponseSpecificationImpl.groovy:512)
	at io.restassured.internal.ResponseSpecificationImpl$HamcrestAssertionClosure$validate$1.call(Unknown Source)
	at io.restassured.internal.ResponseSpecificationImpl.validateResponseIfRequired(ResponseSpecificationImpl.groovy:696)
	at io.restassured.internal.ResponseSpecificationImpl.this$2$validateResponseIfRequired(ResponseSpecificationImpl.groovy)
	at jdk.internal.reflect.GeneratedMethodAccessor152.invoke(Unknown Source)
	at java.base/jdk.internal.reflect.DelegatingMethodAccessorImpl.invoke(DelegatingMethodAccessorImpl.java:43)
	at java.base/java.lang.reflect.Method.invoke(Method.java:569)
	at org.codehaus.groovy.runtime.callsite.PlainObjectMetaMethodSite.doInvoke(PlainObjectMetaMethodSite.java:43)
	at org.codehaus.groovy.runtime.callsite.PogoMetaMethodSite$PogoCachedMethodSiteNoUnwrapNoCoerce.invoke(PogoMetaMethodSite.java:198)
	at org.codehaus.groovy.runtime.callsite.PogoMetaMethodSite.callCurrent(PogoMetaMethodSite.java:62)
	at org.codehaus.groovy.runtime.callsite.AbstractCallSite.callCurrent(AbstractCallSite.java:185)
	at io.restassured.internal.ResponseSpecificationImpl.body(ResponseSpecificationImpl.groovy:270)
	at io.restassured.specification.ResponseSpecification$body$1.callCurrent(Unknown Source)
	at io.restassured.internal.ResponseSpecificationImpl.body(ResponseSpecificationImpl.groovy:117)
	at io.restassured.internal.ValidatableResponseOptionsImpl.body(ValidatableResponseOptionsImpl.java:244)
	at com.example.api.stepDefinitions.CategoryApiStepDefinitions.verify_body_has_field(CategoryApiStepDefinitions.java:76)
	at ✽.the response body should contain the field "subCategories"(file:///C:/Users/USER/OneDrive/Pictures/Desktop/IrushI_QA_Automation_Plant/ITFac_Batch21_Group53/src/test/resources/features/api/CategoryApi.feature:11)
]]></failure>
    <system-out><![CDATA[
@api @tc_api_01
Scenario: Verify successful retrieval of a specific category with a valid ID # src/test/resources/features/api/CategoryApi.feature:4
  Given the API server is up and running                                     # com.example.api.stepDefinitions.CategoryApiStepDefinitions.api_server_is_up()
  And the user is authenticated as "user"                                    # com.example.api.stepDefinitions.CategoryApiStepDefinitions.user_is_authenticated(java.lang.String)
  When the user sends a GET request to "/api/categories/10"                  # com.example.api.stepDefinitions.CategoryApiStepDefinitions.user_sends_get_request(java.lang.String)
Response Body: {"id":10,"name":"Flower_Ind","parentId":1}
  Then the API response status code should be 200                            # com.example.api.stepDefinitions.CategoryApiStepDefinitions.verify_status_code(int)
  And the response body should contain the field "id" with value 10          # com.example.api.stepDefinitions.CategoryApiStepDefinitions.verify_body_field_int_value(java.lang.String,int)
  And the response body should contain the field "name"                      # com.example.api.stepDefinitions.CategoryApiStepDefinitions.verify_body_has_field(java.lang.String)
  And the response body should contain the field "subCategories"             # com.example.api.stepDefinitions.CategoryApiStepDefinitions.verify_body_has_field(java.lang.String)
      java.lang.AssertionError: 1 expectation failed.
JSON path $ doesn't match.
Expected: map containing ["subCategories"->ANYTHING]
  Actual: <{id=10, name=Flower_Ind, parentId=1}>

	at java.base/jdk.internal.reflect.NativeConstructorAccessorImpl.newInstance0(Native Method)
	at java.base/jdk.internal.reflect.NativeConstructorAccessorImpl.newInstance(NativeConstructorAccessorImpl.java:77)
	at java.base/jdk.internal.reflect.DelegatingConstructorAccessorImpl.newInstance(DelegatingConstructorAccessorImpl.java:45)
	at java.base/java.lang.reflect.Constructor.newInstanceWithCaller(Constructor.java:500)
	at java.base/java.lang.reflect.Constructor.newInstance(Constructor.java:481)
	at org.codehaus.groovy.reflection.CachedConstructor.invoke(CachedConstructor.java:73)
	at org.codehaus.groovy.runtime.callsite.ConstructorSite$ConstructorSiteNoUnwrapNoCoerce.callConstructor(ConstructorSite.java:108)
	at org.codehaus.groovy.runtime.callsite.AbstractCallSite.callConstructor(AbstractCallSite.java:277)
	at io.restassured.internal.ResponseSpecificationImpl$HamcrestAssertionClosure.validate(ResponseSpecificationImpl.groovy:512)
	at io.restassured.internal.ResponseSpecificationImpl$HamcrestAssertionClosure$validate$1.call(Unknown Source)
	at io.restassured.internal.ResponseSpecificationImpl.validateResponseIfRequired(ResponseSpecificationImpl.groovy:696)
	at io.restassured.internal.ResponseSpecificationImpl.this$2$validateResponseIfRequired(ResponseSpecificationImpl.groovy)
	at jdk.internal.reflect.GeneratedMethodAccessor152.invoke(Unknown Source)
	at java.base/jdk.internal.reflect.DelegatingMethodAccessorImpl.invoke(DelegatingMethodAccessorImpl.java:43)
	at java.base/java.lang.reflect.Method.invoke(Method.java:569)
	at org.codehaus.groovy.runtime.callsite.PlainObjectMetaMethodSite.doInvoke(PlainObjectMetaMethodSite.java:43)
	at org.codehaus.groovy.runtime.callsite.PogoMetaMethodSite$PogoCachedMethodSiteNoUnwrapNoCoerce.invoke(PogoMetaMethodSite.java:198)
	at org.codehaus.groovy.runtime.callsite.PogoMetaMethodSite.callCurrent(PogoMetaMethodSite.java:62)
	at org.codehaus.groovy.runtime.callsite.AbstractCallSite.callCurrent(AbstractCallSite.java:185)
	at io.restassured.internal.ResponseSpecificationImpl.body(ResponseSpecificationImpl.groovy:270)
	at io.restassured.specification.ResponseSpecification$body$1.callCurrent(Unknown Source)
	at io.restassured.internal.ResponseSpecificationImpl.body(ResponseSpecificationImpl.groovy:117)
	at io.restassured.internal.ValidatableResponseOptionsImpl.body(ValidatableResponseOptionsImpl.java:244)
	at com.example.api.stepDefinitions.CategoryApiStepDefinitions.verify_body_has_field(CategoryApiStepDefinitions.java:76)
	at âœ½.the response body should contain the field "subCategories"(file:///C:/Users/USER/OneDrive/Pictures/Desktop/IrushI_QA_Automation_Plant/ITFac_Batch21_Group53/src/test/resources/features/api/CategoryApi.feature:11)

]]></system-out>
  </testcase>
  <testcase name="runScenario[&quot;Verify system behavior when searching for a Non-Existent Category ID&quot;, &quot;Category API Management&quot;](7)" classname="com.example.runners.CucumberRunner" time="0.369">
    <system-out><![CDATA[
@api @tc_api_02
Scenario: Verify system behavior when searching for a Non-Existent Category ID                           # src/test/resources/features/api/CategoryApi.feature:15
  Given the API server is up and running                                                                 # com.example.api.stepDefinitions.CategoryApiStepDefinitions.api_server_is_up()
  And the user is authenticated as "user"                                                                # com.example.api.stepDefinitions.CategoryApiStepDefinitions.user_is_authenticated(java.lang.String)
  When the user sends a GET request to "/api/categories/99999"                                           # com.example.api.stepDefinitions.CategoryApiStepDefinitions.user_sends_get_request(java.lang.String)
Response Body: {"status":404,"error":"NOT_FOUND","message":"Category not found: 99999","timestamp":"2026-02-07T22:21:00.4995238"}
  Then the API response status code should be 404                                                        # com.example.api.stepDefinitions.CategoryApiStepDefinitions.verify_status_code(int)
  And the response body should contain the field "error" with string value "NOT_FOUND"                   # com.example.api.stepDefinitions.CategoryApiStepDefinitions.verify_body_field_string_value(java.lang.String,java.lang.String)
  And the response body should contain the field "message" with string value "Category not found: 99999" # com.example.api.stepDefinitions.CategoryApiStepDefinitions.verify_body_field_string_value(java.lang.String,java.lang.String)
]]></system-out>
  </testcase>
  <testcase name="runScenario[&quot;Verify validation for Invalid Data Type in ID parameter&quot;, &quot;Category API Management&quot;](8)" classname="com.example.runners.CucumberRunner" time="0.356">
    <failure message="1 expectation failed.&#10;Expected status code &lt;400&gt; but was &lt;500&gt;.&#10;" type="java.lang.AssertionError"><![CDATA[java.lang.AssertionError: 
1 expectation failed.
Expected status code <400> but was <500>.

	at java.base/jdk.internal.reflect.NativeConstructorAccessorImpl.newInstance0(Native Method)
	at java.base/jdk.internal.reflect.NativeConstructorAccessorImpl.newInstance(NativeConstructorAccessorImpl.java:77)
	at java.base/jdk.internal.reflect.DelegatingConstructorAccessorImpl.newInstance(DelegatingConstructorAccessorImpl.java:45)
	at java.base/java.lang.reflect.Constructor.newInstanceWithCaller(Constructor.java:500)
	at java.base/java.lang.reflect.Constructor.newInstance(Constructor.java:481)
	at org.codehaus.groovy.reflection.CachedConstructor.invoke(CachedConstructor.java:73)
	at org.codehaus.groovy.runtime.callsite.ConstructorSite$ConstructorSiteNoUnwrapNoCoerce.callConstructor(ConstructorSite.java:108)
	at org.codehaus.groovy.runtime.callsite.AbstractCallSite.callConstructor(AbstractCallSite.java:277)
	at io.restassured.internal.ResponseSpecificationImpl$HamcrestAssertionClosure.validate(ResponseSpecificationImpl.groovy:512)
	at io.restassured.internal.ResponseSpecificationImpl$HamcrestAssertionClosure$validate$1.call(Unknown Source)
	at io.restassured.internal.ResponseSpecificationImpl.validateResponseIfRequired(ResponseSpecificationImpl.groovy:696)
	at io.restassured.internal.ResponseSpecificationImpl.this$2$validateResponseIfRequired(ResponseSpecificationImpl.groovy)
	at jdk.internal.reflect.GeneratedMethodAccessor152.invoke(Unknown Source)
	at java.base/jdk.internal.reflect.DelegatingMethodAccessorImpl.invoke(DelegatingMethodAccessorImpl.java:43)
	at java.base/java.lang.reflect.Method.invoke(Method.java:569)
	at org.codehaus.groovy.runtime.callsite.PlainObjectMetaMethodSite.doInvoke(PlainObjectMetaMethodSite.java:43)
	at org.codehaus.groovy.runtime.callsite.PogoMetaMethodSite$PogoCachedMethodSiteNoUnwrapNoCoerce.invoke(PogoMetaMethodSite.java:198)
	at org.codehaus.groovy.runtime.callsite.PogoMetaMethodSite.callCurrent(PogoMetaMethodSite.java:62)
	at org.codehaus.groovy.runtime.callsite.AbstractCallSite.callCurrent(AbstractCallSite.java:185)
	at io.restassured.internal.ResponseSpecificationImpl.statusCode(ResponseSpecificationImpl.groovy:135)
	at io.restassured.specification.ResponseSpecification$statusCode$0.callCurrent(Unknown Source)
	at io.restassured.internal.ResponseSpecificationImpl.statusCode(ResponseSpecificationImpl.groovy:143)
	at io.restassured.internal.ValidatableResponseOptionsImpl.statusCode(ValidatableResponseOptionsImpl.java:89)
	at com.example.api.stepDefinitions.CategoryApiStepDefinitions.verify_status_code(CategoryApiStepDefinitions.java:65)
	at ✽.the API response status code should be 400(file:///C:/Users/USER/OneDrive/Pictures/Desktop/IrushI_QA_Automation_Plant/ITFac_Batch21_Group53/src/test/resources/features/api/CategoryApi.feature:31)
]]></failure>
    <system-out><![CDATA[
@api @tc_api_03
Scenario: Verify validation for Invalid Data Type in ID parameter                        # src/test/resources/features/api/CategoryApi.feature:26
  Given the API server is up and running                                                 # com.example.api.stepDefinitions.CategoryApiStepDefinitions.api_server_is_up()
  And the user is authenticated as "user"                                                # com.example.api.stepDefinitions.CategoryApiStepDefinitions.user_is_authenticated(java.lang.String)
  When the user sends a GET request to "/api/categories/invalid_text"                    # com.example.api.stepDefinitions.CategoryApiStepDefinitions.user_sends_get_request(java.lang.String)
Response Body: {"status":500,"error":"INTERNAL_SERVER_ERROR","message":"Failed to convert value of type 'java.lang.String' to required type 'java.lang.Long'; For input string: \"invalid_text\"","timestamp":"2026-02-07T22:21:00.9103981"}
  Then the API response status code should be 400                                        # com.example.api.stepDefinitions.CategoryApiStepDefinitions.verify_status_code(int)
      java.lang.AssertionError: 1 expectation failed.
Expected status code <400> but was <500>.

	at java.base/jdk.internal.reflect.NativeConstructorAccessorImpl.newInstance0(Native Method)
	at java.base/jdk.internal.reflect.NativeConstructorAccessorImpl.newInstance(NativeConstructorAccessorImpl.java:77)
	at java.base/jdk.internal.reflect.DelegatingConstructorAccessorImpl.newInstance(DelegatingConstructorAccessorImpl.java:45)
	at java.base/java.lang.reflect.Constructor.newInstanceWithCaller(Constructor.java:500)
	at java.base/java.lang.reflect.Constructor.newInstance(Constructor.java:481)
	at org.codehaus.groovy.reflection.CachedConstructor.invoke(CachedConstructor.java:73)
	at org.codehaus.groovy.runtime.callsite.ConstructorSite$ConstructorSiteNoUnwrapNoCoerce.callConstructor(ConstructorSite.java:108)
	at org.codehaus.groovy.runtime.callsite.AbstractCallSite.callConstructor(AbstractCallSite.java:277)
	at io.restassured.internal.ResponseSpecificationImpl$HamcrestAssertionClosure.validate(ResponseSpecificationImpl.groovy:512)
	at io.restassured.internal.ResponseSpecificationImpl$HamcrestAssertionClosure$validate$1.call(Unknown Source)
	at io.restassured.internal.ResponseSpecificationImpl.validateResponseIfRequired(ResponseSpecificationImpl.groovy:696)
	at io.restassured.internal.ResponseSpecificationImpl.this$2$validateResponseIfRequired(ResponseSpecificationImpl.groovy)
	at jdk.internal.reflect.GeneratedMethodAccessor152.invoke(Unknown Source)
	at java.base/jdk.internal.reflect.DelegatingMethodAccessorImpl.invoke(DelegatingMethodAccessorImpl.java:43)
	at java.base/java.lang.reflect.Method.invoke(Method.java:569)
	at org.codehaus.groovy.runtime.callsite.PlainObjectMetaMethodSite.doInvoke(PlainObjectMetaMethodSite.java:43)
	at org.codehaus.groovy.runtime.callsite.PogoMetaMethodSite$PogoCachedMethodSiteNoUnwrapNoCoerce.invoke(PogoMetaMethodSite.java:198)
	at org.codehaus.groovy.runtime.callsite.PogoMetaMethodSite.callCurrent(PogoMetaMethodSite.java:62)
	at org.codehaus.groovy.runtime.callsite.AbstractCallSite.callCurrent(AbstractCallSite.java:185)
	at io.restassured.internal.ResponseSpecificationImpl.statusCode(ResponseSpecificationImpl.groovy:135)
	at io.restassured.specification.ResponseSpecification$statusCode$0.callCurrent(Unknown Source)
	at io.restassured.internal.ResponseSpecificationImpl.statusCode(ResponseSpecificationImpl.groovy:143)
	at io.restassured.internal.ValidatableResponseOptionsImpl.statusCode(ValidatableResponseOptionsImpl.java:89)
	at com.example.api.stepDefinitions.CategoryApiStepDefinitions.verify_status_code(CategoryApiStepDefinitions.java:65)
	at âœ½.the API response status code should be 400(file:///C:/Users/USER/OneDrive/Pictures/Desktop/IrushI_QA_Automation_Plant/ITFac_Batch21_Group53/src/test/resources/features/api/CategoryApi.feature:31)

  And the response body should contain the field "error" with string value "Bad Request" # com.example.api.stepDefinitions.CategoryApiStepDefinitions.verify_body_field_string_value(java.lang.String,java.lang.String)
  And the response body should contain the field "status" with value 400                 # com.example.api.stepDefinitions.CategoryApiStepDefinitions.verify_body_field_int_value(java.lang.String,int)
]]></system-out>
  </testcase>
  <testcase name="runScenario[&quot;Verify Unauthorized Access protection for the endpoint&quot;, &quot;Category API Management&quot;](9)" classname="com.example.runners.CucumberRunner" time="0.166">
    <system-out><![CDATA[
@api @tc_api_04
Scenario: Verify Unauthorized Access protection for the endpoint                                                    # src/test/resources/features/api/CategoryApi.feature:38
  Given the API server is up and running                                                                            # com.example.api.stepDefinitions.CategoryApiStepDefinitions.api_server_is_up()
  And the user provides an invalid authentication token                                                             # com.example.api.stepDefinitions.CategoryApiStepDefinitions.user_provides_invalid_token()
  When the user sends a GET request to "/api/categories/1"                                                          # com.example.api.stepDefinitions.CategoryApiStepDefinitions.user_sends_get_request(java.lang.String)
Response Body: {
  "status": 401,
  "error": "UNAUTHORIZED",
  "message": "Unauthorized - Use Basic Auth or JWT"
}

  Then the API response status code should be 401                                                                   # com.example.api.stepDefinitions.CategoryApiStepDefinitions.verify_status_code(int)
  And the response body should contain the field "error" with string value "UNAUTHORIZED"                           # com.example.api.stepDefinitions.CategoryApiStepDefinitions.verify_body_field_string_value(java.lang.String,java.lang.String)
  And the response body should contain the field "message" with string value "Unauthorized - Use Basic Auth or JWT" # com.example.api.stepDefinitions.CategoryApiStepDefinitions.verify_body_field_string_value(java.lang.String,java.lang.String)
]]></system-out>
  </testcase>
  <testcase name="runScenario[&quot;Verify successful retrieval of a Sub-category and its Parent linkage&quot;, &quot;Category API Management&quot;](10)" classname="com.example.runners.CucumberRunner" time="0.358">
    <failure message="1 expectation failed.&#10;JSON path parent doesn&apos;t match.&#10;Expected: Flowers&#10;  Actual: null&#10;" type="java.lang.AssertionError"><![CDATA[java.lang.AssertionError: 
1 expectation failed.
JSON path parent doesn't match.
Expected: Flowers
  Actual: null

	at java.base/jdk.internal.reflect.NativeConstructorAccessorImpl.newInstance0(Native Method)
	at java.base/jdk.internal.reflect.NativeConstructorAccessorImpl.newInstance(NativeConstructorAccessorImpl.java:77)
	at java.base/jdk.internal.reflect.DelegatingConstructorAccessorImpl.newInstance(DelegatingConstructorAccessorImpl.java:45)
	at java.base/java.lang.reflect.Constructor.newInstanceWithCaller(Constructor.java:500)
	at java.base/java.lang.reflect.Constructor.newInstance(Constructor.java:481)
	at org.codehaus.groovy.reflection.CachedConstructor.invoke(CachedConstructor.java:73)
	at org.codehaus.groovy.runtime.callsite.ConstructorSite$ConstructorSiteNoUnwrapNoCoerce.callConstructor(ConstructorSite.java:108)
	at org.codehaus.groovy.runtime.callsite.AbstractCallSite.callConstructor(AbstractCallSite.java:277)
	at io.restassured.internal.ResponseSpecificationImpl$HamcrestAssertionClosure.validate(ResponseSpecificationImpl.groovy:512)
	at io.restassured.internal.ResponseSpecificationImpl$HamcrestAssertionClosure$validate$1.call(Unknown Source)
	at io.restassured.internal.ResponseSpecificationImpl.validateResponseIfRequired(ResponseSpecificationImpl.groovy:696)
	at io.restassured.internal.ResponseSpecificationImpl.this$2$validateResponseIfRequired(ResponseSpecificationImpl.groovy)
	at jdk.internal.reflect.GeneratedMethodAccessor152.invoke(Unknown Source)
	at java.base/jdk.internal.reflect.DelegatingMethodAccessorImpl.invoke(DelegatingMethodAccessorImpl.java:43)
	at java.base/java.lang.reflect.Method.invoke(Method.java:569)
	at org.codehaus.groovy.runtime.callsite.PlainObjectMetaMethodSite.doInvoke(PlainObjectMetaMethodSite.java:43)
	at org.codehaus.groovy.runtime.callsite.PogoMetaMethodSite$PogoCachedMethodSiteNoUnwrapNoCoerce.invoke(PogoMetaMethodSite.java:198)
	at org.codehaus.groovy.runtime.callsite.PogoMetaMethodSite.callCurrent(PogoMetaMethodSite.java:62)
	at org.codehaus.groovy.runtime.callsite.AbstractCallSite.callCurrent(AbstractCallSite.java:185)
	at io.restassured.internal.ResponseSpecificationImpl.body(ResponseSpecificationImpl.groovy:270)
	at io.restassured.specification.ResponseSpecification$body$1.callCurrent(Unknown Source)
	at io.restassured.internal.ResponseSpecificationImpl.body(ResponseSpecificationImpl.groovy:117)
	at io.restassured.internal.ValidatableResponseOptionsImpl.body(ValidatableResponseOptionsImpl.java:244)
	at com.example.api.stepDefinitions.CategoryApiStepDefinitions.verify_body_field_string_value(CategoryApiStepDefinitions.java:81)
	at ✽.the response body should contain the field "parent" with string value "Flowers"(file:///C:/Users/USER/OneDrive/Pictures/Desktop/IrushI_QA_Automation_Plant/ITFac_Batch21_Group53/src/test/resources/features/api/CategoryApi.feature:59)
]]></failure>
    <system-out><![CDATA[
@api @tc_api_05
Scenario: Verify successful retrieval of a Sub-category and its Parent linkage         # src/test/resources/features/api/CategoryApi.feature:49
  Given the API server is up and running                                               # com.example.api.stepDefinitions.CategoryApiStepDefinitions.api_server_is_up()
  And the user is authenticated as "user"                                              # com.example.api.stepDefinitions.CategoryApiStepDefinitions.user_is_authenticated(java.lang.String)
  When the user sends a GET request to "/api/categories/10"                            # com.example.api.stepDefinitions.CategoryApiStepDefinitions.user_sends_get_request(java.lang.String)
Response Body: {"id":10,"name":"Flower_Ind","parentId":1}
  Then the API response status code should be 200                                      # com.example.api.stepDefinitions.CategoryApiStepDefinitions.verify_status_code(int)
  And the response body should contain the field "id" with value 10                    # com.example.api.stepDefinitions.CategoryApiStepDefinitions.verify_body_field_int_value(java.lang.String,int)
  And the response body should contain the field "name" with string value "Flower_Ind" # com.example.api.stepDefinitions.CategoryApiStepDefinitions.verify_body_field_string_value(java.lang.String,java.lang.String)
  And the response body should contain the field "parent" with string value "Flowers"  # com.example.api.stepDefinitions.CategoryApiStepDefinitions.verify_body_field_string_value(java.lang.String,java.lang.String)
      java.lang.AssertionError: 1 expectation failed.
JSON path parent doesn't match.
Expected: Flowers
  Actual: null

	at java.base/jdk.internal.reflect.NativeConstructorAccessorImpl.newInstance0(Native Method)
	at java.base/jdk.internal.reflect.NativeConstructorAccessorImpl.newInstance(NativeConstructorAccessorImpl.java:77)
	at java.base/jdk.internal.reflect.DelegatingConstructorAccessorImpl.newInstance(DelegatingConstructorAccessorImpl.java:45)
	at java.base/java.lang.reflect.Constructor.newInstanceWithCaller(Constructor.java:500)
	at java.base/java.lang.reflect.Constructor.newInstance(Constructor.java:481)
	at org.codehaus.groovy.reflection.CachedConstructor.invoke(CachedConstructor.java:73)
	at org.codehaus.groovy.runtime.callsite.ConstructorSite$ConstructorSiteNoUnwrapNoCoerce.callConstructor(ConstructorSite.java:108)
	at org.codehaus.groovy.runtime.callsite.AbstractCallSite.callConstructor(AbstractCallSite.java:277)
	at io.restassured.internal.ResponseSpecificationImpl$HamcrestAssertionClosure.validate(ResponseSpecificationImpl.groovy:512)
	at io.restassured.internal.ResponseSpecificationImpl$HamcrestAssertionClosure$validate$1.call(Unknown Source)
	at io.restassured.internal.ResponseSpecificationImpl.validateResponseIfRequired(ResponseSpecificationImpl.groovy:696)
	at io.restassured.internal.ResponseSpecificationImpl.this$2$validateResponseIfRequired(ResponseSpecificationImpl.groovy)
	at jdk.internal.reflect.GeneratedMethodAccessor152.invoke(Unknown Source)
	at java.base/jdk.internal.reflect.DelegatingMethodAccessorImpl.invoke(DelegatingMethodAccessorImpl.java:43)
	at java.base/java.lang.reflect.Method.invoke(Method.java:569)
	at org.codehaus.groovy.runtime.callsite.PlainObjectMetaMethodSite.doInvoke(PlainObjectMetaMethodSite.java:43)
	at org.codehaus.groovy.runtime.callsite.PogoMetaMethodSite$PogoCachedMethodSiteNoUnwrapNoCoerce.invoke(PogoMetaMethodSite.java:198)
	at org.codehaus.groovy.runtime.callsite.PogoMetaMethodSite.callCurrent(PogoMetaMethodSite.java:62)
	at org.codehaus.groovy.runtime.callsite.AbstractCallSite.callCurrent(AbstractCallSite.java:185)
	at io.restassured.internal.ResponseSpecificationImpl.body(ResponseSpecificationImpl.groovy:270)
	at io.restassured.specification.ResponseSpecification$body$1.callCurrent(Unknown Source)
	at io.restassured.internal.ResponseSpecificationImpl.body(ResponseSpecificationImpl.groovy:117)
	at io.restassured.internal.ValidatableResponseOptionsImpl.body(ValidatableResponseOptionsImpl.java:244)
	at com.example.api.stepDefinitions.CategoryApiStepDefinitions.verify_body_field_string_value(CategoryApiStepDefinitions.java:81)
	at âœ½.the response body should contain the field "parent" with string value "Flowers"(file:///C:/Users/USER/OneDrive/Pictures/Desktop/IrushI_QA_Automation_Plant/ITFac_Batch21_Group53/src/test/resources/features/api/CategoryApi.feature:59)

  And the response body should contain the field "subCategories"                       # com.example.api.stepDefinitions.CategoryApiStepDefinitions.verify_body_has_field(java.lang.String)
]]></system-out>
  </testcase>
  <testcase name="runScenario[&quot;Verify Admin can successfully add a new Main Category&quot;, &quot;Category Management&quot;](11)" classname="com.example.runners.CucumberRunner" time="14.074">
    <system-out><![CDATA[
@tc01 @smoke
Scenario: Verify Admin can successfully add a new Main Category # src/test/resources/features/ui/categories/CategoryAdd.feature:13
  Given the user is on the login page                           # com.example.ui.stepDefinitions.categories.CategoryStepDefinitions.user_is_on_login_page()
  When the user logs in with valid credentials                  # com.example.ui.stepDefinitions.categories.CategoryStepDefinitions.user_logs_in()
  Then the user is on the Category Management page              # com.example.ui.stepDefinitions.categories.CategoryStepDefinitions.user_navigates_to_category_page()
  When the user clicks the "Add A Category" button              # com.example.ui.stepDefinitions.categories.CategoryStepDefinitions.user_clicks_add_category(java.lang.String)
  And the user enters "Lotus" in the Category Name field        # com.example.ui.stepDefinitions.categories.CategoryStepDefinitions.user_enters_category_name(java.lang.String)
  And the user leaves the Parent Category empty                 # com.example.ui.stepDefinitions.categories.CategoryStepDefinitions.user_leaves_parent_empty()
  And the user clicks the Save button                           # com.example.ui.stepDefinitions.categories.CategoryStepDefinitions.user_clicks_save()
  Then a success message should be displayed                    # com.example.ui.stepDefinitions.categories.CategoryStepDefinitions.verify_success_message()
  And the user should be redirected to the Category List        # com.example.ui.stepDefinitions.categories.CategoryStepDefinitions.verify_redirected_to_category_list()
  And the new category "Lotus" should appear in the list        # com.example.ui.stepDefinitions.categories.CategoryStepDefinitions.verify_category_in_list(java.lang.String)
]]></system-out>
    <system-err><![CDATA[Feb 07, 2026 10:21:06 PM org.openqa.selenium.devtools.CdpVersionFinder findNearestMatch
WARNING: Unable to find CDP implementation matching 144
Feb 07, 2026 10:21:06 PM org.openqa.selenium.chromium.ChromiumDriver lambda$new$5
WARNING: Unable to find version of CDP to use for 144.0.7559.111. You may need to include a dependency on a specific version of the CDP using something similar to `org.seleniumhq.selenium:selenium-devtools-v86:4.15.0` where the version ("v86") matches the version of the chromium-based browser you're using and the version number of the artifact is the same as Selenium's.
]]></system-err>
  </testcase>
  <testcase name="runScenario[&quot;Verify Admin is prevented from creating a category with an empty Name&quot;, &quot;Category Management&quot;](12)" classname="com.example.runners.CucumberRunner" time="9.993">
    <system-out><![CDATA[
@tc02 @regression
Scenario: Verify Admin is prevented from creating a category with an empty Name # src/test/resources/features/ui/categories/CategoryAdd.feature:26
  Given the user is on the login page                                           # com.example.ui.stepDefinitions.categories.CategoryStepDefinitions.user_is_on_login_page()
  When the user logs in with valid credentials                                  # com.example.ui.stepDefinitions.categories.CategoryStepDefinitions.user_logs_in()
  Given the user opens the Category Management page                             # com.example.ui.stepDefinitions.categories.CategoryStepDefinitions.user_opens_category_management_page()
  When the user clicks the "Add A Category" button                              # com.example.ui.stepDefinitions.categories.CategoryStepDefinitions.user_clicks_add_category(java.lang.String)
  And the user leaves the Category Name field empty                             # com.example.ui.stepDefinitions.categories.CategoryStepDefinitions.user_leaves_category_name_blank()
  And the user leaves the Parent Category empty                                 # com.example.ui.stepDefinitions.categories.CategoryStepDefinitions.user_leaves_parent_empty()
  And the user clicks the Save button                                           # com.example.ui.stepDefinitions.categories.CategoryStepDefinitions.user_clicks_save()
  Then an error message should be displayed indicating the name is required     # com.example.ui.stepDefinitions.categories.CategoryStepDefinitions.verify_error_message_for_empty_category_name()
  And the user should remain on the Add Category page                           # com.example.ui.stepDefinitions.categories.CategoryStepDefinitions.verify_user_remains_on_add_page()
]]></system-out>
    <system-err><![CDATA[Feb 07, 2026 10:21:17 PM org.openqa.selenium.devtools.CdpVersionFinder findNearestMatch
WARNING: Unable to find CDP implementation matching 144
Feb 07, 2026 10:21:17 PM org.openqa.selenium.chromium.ChromiumDriver lambda$new$5
WARNING: Unable to find version of CDP to use for 144.0.7559.111. You may need to include a dependency on a specific version of the CDP using something similar to `org.seleniumhq.selenium:selenium-devtools-v86:4.15.0` where the version ("v86") matches the version of the chromium-based browser you're using and the version number of the artifact is the same as Selenium's.
]]></system-err>
  </testcase>
  <testcase name="runScenario[&quot;Verify Admin can successfully create a new Sub-Category&quot;, &quot;Category Management&quot;](13)" classname="com.example.runners.CucumberRunner" time="15.238">
    <system-out><![CDATA[
@tc03 @regression
Scenario: Verify Admin can successfully create a new Sub-Category # src/test/resources/features/ui/categories/CategoryAdd.feature:38
  Given the user is on the login page                             # com.example.ui.stepDefinitions.categories.CategoryStepDefinitions.user_is_on_login_page()
  When the user logs in with valid credentials                    # com.example.ui.stepDefinitions.categories.CategoryStepDefinitions.user_logs_in()
  Given the user opens the Category Management page               # com.example.ui.stepDefinitions.categories.CategoryStepDefinitions.user_opens_category_management_page()
  When the user clicks the "Add A Category" button                # com.example.ui.stepDefinitions.categories.CategoryStepDefinitions.user_clicks_add_category(java.lang.String)
  And the user enters "Lotus 001" in the Category Name field      # com.example.ui.stepDefinitions.categories.CategoryStepDefinitions.user_enters_category_name(java.lang.String)
  And the user selects "Lotus" from the Parent Category dropdown  # com.example.ui.stepDefinitions.categories.CategoryStepDefinitions.user_selects_parent_category(java.lang.String)
  And the user clicks the Save button                             # com.example.ui.stepDefinitions.categories.CategoryStepDefinitions.user_clicks_save()
  Then a success message should be displayed                      # com.example.ui.stepDefinitions.categories.CategoryStepDefinitions.verify_success_message()
  And the user should be redirected to the Category List          # com.example.ui.stepDefinitions.categories.CategoryStepDefinitions.verify_redirected_to_category_list()
  And the new category "Lotus 001" should appear in the list      # com.example.ui.stepDefinitions.categories.CategoryStepDefinitions.verify_category_in_list(java.lang.String)
  And the category "Lotus 001" should show "Lotus" as its parent  # com.example.ui.stepDefinitions.categories.CategoryStepDefinitions.verify_category_parent_relationship(java.lang.String,java.lang.String)
]]></system-out>
    <system-err><![CDATA[Feb 07, 2026 10:21:26 PM org.openqa.selenium.devtools.CdpVersionFinder findNearestMatch
WARNING: Unable to find CDP implementation matching 144
Feb 07, 2026 10:21:26 PM org.openqa.selenium.chromium.ChromiumDriver lambda$new$5
WARNING: Unable to find version of CDP to use for 144.0.7559.111. You may need to include a dependency on a specific version of the CDP using something similar to `org.seleniumhq.selenium:selenium-devtools-v86:4.15.0` where the version ("v86") matches the version of the chromium-based browser you're using and the version number of the artifact is the same as Selenium's.
]]></system-err>
  </testcase>
  <testcase name="runScenario[&quot;Verify System filters category list for multi-word names&quot;, &quot;Category Management&quot;](14)" classname="com.example.runners.CucumberRunner" time="23.461">
    <failure message="Bug Found: Search failed to display the category &apos;Rose SL&apos; in the table." type="java.lang.AssertionError"><![CDATA[java.lang.AssertionError: Bug Found: Search failed to display the category 'Rose SL' in the table.
	at org.junit.Assert.fail(Assert.java:89)
	at org.junit.Assert.assertTrue(Assert.java:42)
	at com.example.ui.stepDefinitions.categories.CategoryStepDefinitions.verify_search_results(CategoryStepDefinitions.java:142)
	at ✽.the category list should only display the "Rose SL" record(file:///C:/Users/USER/OneDrive/Pictures/Desktop/IrushI_QA_Automation_Plant/ITFac_Batch21_Group53/src/test/resources/features/ui/categories/CategoryAdd.feature:70)
]]></failure>
    <system-out><![CDATA[
@tc04 @regression
Scenario: Verify System filters category list for multi-word names # src/test/resources/features/ui/categories/CategoryAdd.feature:54
  Given the user is on the login page                              # com.example.ui.stepDefinitions.categories.CategoryStepDefinitions.user_is_on_login_page()
  When the user logs in with valid credentials                     # com.example.ui.stepDefinitions.categories.CategoryStepDefinitions.user_logs_in()
  Given the user opens the Category Management page                # com.example.ui.stepDefinitions.categories.CategoryStepDefinitions.user_opens_category_management_page()
  When the user clicks the "Add A Category" button                 # com.example.ui.stepDefinitions.categories.CategoryStepDefinitions.user_clicks_add_category(java.lang.String)
  And the user enters "Rose SL" in the Category Name field         # com.example.ui.stepDefinitions.categories.CategoryStepDefinitions.user_enters_category_name(java.lang.String)
  And the user clicks the Save button                              # com.example.ui.stepDefinitions.categories.CategoryStepDefinitions.user_clicks_save()
  Then a success message should be displayed                       # com.example.ui.stepDefinitions.categories.CategoryStepDefinitions.verify_success_message()
  And the new category "Rose SL" should appear in the list         # com.example.ui.stepDefinitions.categories.CategoryStepDefinitions.verify_category_in_list(java.lang.String)
  When the user enters "Rose SL" in the search box                 # com.example.ui.stepDefinitions.categories.CategoryStepDefinitions.user_enters_search_term(java.lang.String)
  And the user clicks the Search button                            # com.example.ui.stepDefinitions.categories.CategoryStepDefinitions.user_clicks_search_button()
  Then the category list should only display the "Rose SL" record  # com.example.ui.stepDefinitions.categories.CategoryStepDefinitions.verify_search_results(java.lang.String)
      java.lang.AssertionError: Bug Found: Search failed to display the category 'Rose SL' in the table.
	at org.junit.Assert.fail(Assert.java:89)
	at org.junit.Assert.assertTrue(Assert.java:42)
	at com.example.ui.stepDefinitions.categories.CategoryStepDefinitions.verify_search_results(CategoryStepDefinitions.java:142)
	at âœ½.the category list should only display the "Rose SL" record(file:///C:/Users/USER/OneDrive/Pictures/Desktop/IrushI_QA_Automation_Plant/ITFac_Batch21_Group53/src/test/resources/features/ui/categories/CategoryAdd.feature:70)

]]></system-out>
    <system-err><![CDATA[Feb 07, 2026 10:21:42 PM org.openqa.selenium.devtools.CdpVersionFinder findNearestMatch
WARNING: Unable to find CDP implementation matching 144
Feb 07, 2026 10:21:42 PM org.openqa.selenium.chromium.ChromiumDriver lambda$new$5
WARNING: Unable to find version of CDP to use for 144.0.7559.111. You may need to include a dependency on a specific version of the CDP using something similar to `org.seleniumhq.selenium:selenium-devtools-v86:4.15.0` where the version ("v86") matches the version of the chromium-based browser you're using and the version number of the artifact is the same as Selenium's.
]]></system-err>
  </testcase>
  <testcase name="runScenario[&quot;Verify system prevents renaming a Sub-category to an existing name&quot;, &quot;Category Management&quot;](15)" classname="com.example.runners.CucumberRunner" time="19.619">
    <failure message="Bug Found: Expected friendly error &apos;Category name already exists&apos; but got backend error: 500 : &quot;{&quot;status&quot;:500,&quot;error&quot;:&quot;INTERNAL_SERVER_ERROR&quot;,&quot;message&quot;:&quot;could not execute statement [Duplicate entry &apos;Coconut_B-216&apos; for key &apos;categories.UKbh9wbkic0w5mhjpaqi6mkt4ie&apos;] [update categories set name=?,parent_id=? where id=?]; SQL [update categories set name=?,parent_id=? where id=?]; constraint [categories.UKbh9wbkic0w5mhjpaqi6mkt4ie]&quot;,&quot;timestamp&quot;:&quot;2026-02-07T22:22:22.2411413&quot;}&quot;" type="java.lang.AssertionError"><![CDATA[java.lang.AssertionError: Bug Found: Expected friendly error 'Category name already exists' but got backend error: 500 : "{"status":500,"error":"INTERNAL_SERVER_ERROR","message":"could not execute statement [Duplicate entry 'Coconut_B-216' for key 'categories.UKbh9wbkic0w5mhjpaqi6mkt4ie'] [update categories set name=?,parent_id=? where id=?]; SQL [update categories set name=?,parent_id=? where id=?]; constraint [categories.UKbh9wbkic0w5mhjpaqi6mkt4ie]","timestamp":"2026-02-07T22:22:22.2411413"}"
	at org.junit.Assert.fail(Assert.java:89)
	at org.junit.Assert.assertTrue(Assert.java:42)
	at com.example.ui.stepDefinitions.categories.CategoryStepDefinitions.verify_user_friendly_error(CategoryStepDefinitions.java:162)
	at ✽.a user-friendly error message "Category name already exists" should be displayed(file:///C:/Users/USER/OneDrive/Pictures/Desktop/IrushI_QA_Automation_Plant/ITFac_Batch21_Group53/src/test/resources/features/ui/categories/CategoryAdd.feature:105)
]]></failure>
    <system-out><![CDATA[
@tc05 @regression
Scenario: Verify system prevents renaming a Sub-category to an existing name            # src/test/resources/features/ui/categories/CategoryAdd.feature:74
  Given the user is on the login page                                                   # com.example.ui.stepDefinitions.categories.CategoryStepDefinitions.user_is_on_login_page()
  When the user logs in with valid credentials                                          # com.example.ui.stepDefinitions.categories.CategoryStepDefinitions.user_logs_in()
  Given the user opens the Category Management page                                     # com.example.ui.stepDefinitions.categories.CategoryStepDefinitions.user_opens_category_management_page()
  When the user clicks the "Add A Category" button                                      # com.example.ui.stepDefinitions.categories.CategoryStepDefinitions.user_clicks_add_category(java.lang.String)
  And the user enters "Coconut" in the Category Name field                              # com.example.ui.stepDefinitions.categories.CategoryStepDefinitions.user_enters_category_name(java.lang.String)
  And the user clicks the Save button                                                   # com.example.ui.stepDefinitions.categories.CategoryStepDefinitions.user_clicks_save()
  When the user clicks the "Add A Category" button                                      # com.example.ui.stepDefinitions.categories.CategoryStepDefinitions.user_clicks_add_category(java.lang.String)
  And the user enters "Coconut_A" in the Category Name field                            # com.example.ui.stepDefinitions.categories.CategoryStepDefinitions.user_enters_category_name(java.lang.String)
  And the user selects "Coconut" from the Parent Category dropdown                      # com.example.ui.stepDefinitions.categories.CategoryStepDefinitions.user_selects_parent_category(java.lang.String)
  And the user clicks the Save button                                                   # com.example.ui.stepDefinitions.categories.CategoryStepDefinitions.user_clicks_save()
  When the user clicks the "Add A Category" button                                      # com.example.ui.stepDefinitions.categories.CategoryStepDefinitions.user_clicks_add_category(java.lang.String)
  And the user enters "Coconut_B" in the Category Name field                            # com.example.ui.stepDefinitions.categories.CategoryStepDefinitions.user_enters_category_name(java.lang.String)
  And the user selects "Coconut" from the Parent Category dropdown                      # com.example.ui.stepDefinitions.categories.CategoryStepDefinitions.user_selects_parent_category(java.lang.String)
  And the user clicks the Save button                                                   # com.example.ui.stepDefinitions.categories.CategoryStepDefinitions.user_clicks_save()
  When the user enters "Coconut_A" in the search box                                    # com.example.ui.stepDefinitions.categories.CategoryStepDefinitions.user_enters_search_term(java.lang.String)
  And the user clicks the Search button                                                 # com.example.ui.stepDefinitions.categories.CategoryStepDefinitions.user_clicks_search_button()
  And the user clicks the Edit button for the searched category                         # com.example.ui.stepDefinitions.categories.CategoryStepDefinitions.user_clicks_edit_button()
  And the user enters "Coconut_B" in the Category Name field                            # com.example.ui.stepDefinitions.categories.CategoryStepDefinitions.user_enters_category_name(java.lang.String)
  And the user clicks the Save button                                                   # com.example.ui.stepDefinitions.categories.CategoryStepDefinitions.user_clicks_save()
ACTUAL ERROR RECEIVED: 500 : "{"status":500,"error":"INTERNAL_SERVER_ERROR","message":"could not execute statement [Duplicate entry 'Coconut_B-216' for key 'categories.UKbh9wbkic0w5mhjpaqi6mkt4ie'] [update categories set name=?,parent_id=? where id=?]; SQL [update categories set name=?,parent_id=? where id=?]; constraint [categories.UKbh9wbkic0w5mhjpaqi6mkt4ie]","timestamp":"2026-02-07T22:22:22.2411413"}"
  Then a user-friendly error message "Category name already exists" should be displayed # com.example.ui.stepDefinitions.categories.CategoryStepDefinitions.verify_user_friendly_error(java.lang.String)
      java.lang.AssertionError: Bug Found: Expected friendly error 'Category name already exists' but got backend error: 500 : "{"status":500,"error":"INTERNAL_SERVER_ERROR","message":"could not execute statement [Duplicate entry 'Coconut_B-216' for key 'categories.UKbh9wbkic0w5mhjpaqi6mkt4ie'] [update categories set name=?,parent_id=? where id=?]; SQL [update categories set name=?,parent_id=? where id=?]; constraint [categories.UKbh9wbkic0w5mhjpaqi6mkt4ie]","timestamp":"2026-02-07T22:22:22.2411413"}"
	at org.junit.Assert.fail(Assert.java:89)
	at org.junit.Assert.assertTrue(Assert.java:42)
	at com.example.ui.stepDefinitions.categories.CategoryStepDefinitions.verify_user_friendly_error(CategoryStepDefinitions.java:162)
	at âœ½.a user-friendly error message "Category name already exists" should be displayed(file:///C:/Users/USER/OneDrive/Pictures/Desktop/IrushI_QA_Automation_Plant/ITFac_Batch21_Group53/src/test/resources/features/ui/categories/CategoryAdd.feature:105)

]]></system-out>
    <system-err><![CDATA[Feb 07, 2026 10:22:05 PM org.openqa.selenium.devtools.CdpVersionFinder findNearestMatch
WARNING: Unable to find CDP implementation matching 144
Feb 07, 2026 10:22:05 PM org.openqa.selenium.chromium.ChromiumDriver lambda$new$5
WARNING: Unable to find version of CDP to use for 144.0.7559.111. You may need to include a dependency on a specific version of the CDP using something similar to `org.seleniumhq.selenium:selenium-devtools-v86:4.15.0` where the version ("v86") matches the version of the chromium-based browser you're using and the version number of the artifact is the same as Selenium's.
]]></system-err>
  </testcase>
  <testcase name="runScenario[&quot;Verify Edit Category functionality is restricted for non-admin users&quot;, &quot;Category Management (Standard User)&quot;](16)" classname="com.example.runners.CucumberRunner" time="6.94">
    <failure message="Security Bug Found: Standard User successfully accessed the Edit Page! URL: http://localhost:8080/ui/categories/edit/218" type="java.lang.AssertionError"><![CDATA[java.lang.AssertionError: Security Bug Found: Standard User successfully accessed the Edit Page! URL: http://localhost:8080/ui/categories/edit/218
	at org.junit.Assert.fail(Assert.java:89)
	at org.junit.Assert.assertTrue(Assert.java:42)
	at org.junit.Assert.assertFalse(Assert.java:65)
	at com.example.ui.stepDefinitions.categories.CategoryStepDefinitions.verify_no_navigation_to_edit_page(CategoryStepDefinitions.java:201)
	at ✽.the user should not be navigated to the Edit Category page(file:///C:/Users/USER/OneDrive/Pictures/Desktop/IrushI_QA_Automation_Plant/ITFac_Batch21_Group53/src/test/resources/features/ui/categories/UserCategoryAdd.feature:26)
]]></failure>
    <system-out><![CDATA[
@tc_user_01 @regression
Scenario: Verify Edit Category functionality is restricted for non-admin users # src/test/resources/features/ui/categories/UserCategoryAdd.feature:15
  Given the user is on the login page                                          # com.example.ui.stepDefinitions.categories.CategoryStepDefinitions.user_is_on_login_page()
  When the standard user logs in                                               # com.example.ui.stepDefinitions.categories.CategoryStepDefinitions.standard_user_logs_in()
  Given the user opens the Category Management page                            # com.example.ui.stepDefinitions.categories.CategoryStepDefinitions.user_opens_category_management_page()
  Then the "Actions" column should be displayed                                # com.example.ui.stepDefinitions.categories.CategoryStepDefinitions.verify_column_is_displayed(java.lang.String)
  When the user clicks the Edit button for any category                        # com.example.ui.stepDefinitions.categories.CategoryStepDefinitions.user_clicks_edit_for_any_category()
  Then the user should not be navigated to the Edit Category page              # com.example.ui.stepDefinitions.categories.CategoryStepDefinitions.verify_no_navigation_to_edit_page()
      java.lang.AssertionError: Security Bug Found: Standard User successfully accessed the Edit Page! URL: http://localhost:8080/ui/categories/edit/218
	at org.junit.Assert.fail(Assert.java:89)
	at org.junit.Assert.assertTrue(Assert.java:42)
	at org.junit.Assert.assertFalse(Assert.java:65)
	at com.example.ui.stepDefinitions.categories.CategoryStepDefinitions.verify_no_navigation_to_edit_page(CategoryStepDefinitions.java:201)
	at âœ½.the user should not be navigated to the Edit Category page(file:///C:/Users/USER/OneDrive/Pictures/Desktop/IrushI_QA_Automation_Plant/ITFac_Batch21_Group53/src/test/resources/features/ui/categories/UserCategoryAdd.feature:26)

]]></system-out>
    <system-err><![CDATA[Feb 07, 2026 10:22:25 PM org.openqa.selenium.devtools.CdpVersionFinder findNearestMatch
WARNING: Unable to find CDP implementation matching 144
Feb 07, 2026 10:22:25 PM org.openqa.selenium.chromium.ChromiumDriver lambda$new$5
WARNING: Unable to find version of CDP to use for 144.0.7559.111. You may need to include a dependency on a specific version of the CDP using something similar to `org.seleniumhq.selenium:selenium-devtools-v86:4.15.0` where the version ("v86") matches the version of the chromium-based browser you're using and the version number of the artifact is the same as Selenium's.
]]></system-err>
  </testcase>
  <testcase name="runScenario[&quot;Verify non-admin User can successfully search for an existing category&quot;, &quot;Category Management (Standard User)&quot;](17)" classname="com.example.runners.CucumberRunner" time="8.683">
    <system-out><![CDATA[
@tc_user_02 @regression
Scenario: Verify non-admin User can successfully search for an existing category # src/test/resources/features/ui/categories/UserCategoryAdd.feature:30
  Given the user is on the login page                                            # com.example.ui.stepDefinitions.categories.CategoryStepDefinitions.user_is_on_login_page()
  When the standard user logs in                                                 # com.example.ui.stepDefinitions.categories.CategoryStepDefinitions.standard_user_logs_in()
  Given the user opens the Category Management page                              # com.example.ui.stepDefinitions.categories.CategoryStepDefinitions.user_opens_category_management_page()
  Then the Search input field should be enabled                                  # com.example.ui.stepDefinitions.categories.CategoryStepDefinitions.verify_search_input_enabled()
  When the user enters "Lotus" in the search box                                 # com.example.ui.stepDefinitions.categories.CategoryStepDefinitions.user_enters_search_term(java.lang.String)
  And the user clicks the Search button                                          # com.example.ui.stepDefinitions.categories.CategoryStepDefinitions.user_clicks_search_button()
  Then the category list should only display the "Lotus" record                  # com.example.ui.stepDefinitions.categories.CategoryStepDefinitions.verify_search_results(java.lang.String)
]]></system-out>
    <system-err><![CDATA[Feb 07, 2026 10:22:32 PM org.openqa.selenium.devtools.CdpVersionFinder findNearestMatch
WARNING: Unable to find CDP implementation matching 144
Feb 07, 2026 10:22:32 PM org.openqa.selenium.chromium.ChromiumDriver lambda$new$5
WARNING: Unable to find version of CDP to use for 144.0.7559.111. You may need to include a dependency on a specific version of the CDP using something similar to `org.seleniumhq.selenium:selenium-devtools-v86:4.15.0` where the version ("v86") matches the version of the chromium-based browser you're using and the version number of the artifact is the same as Selenium's.
]]></system-err>
  </testcase>
  <testcase name="runScenario[&quot;Verify non-admin User can filter the category list by selecting a Parent Category&quot;, &quot;Category Management (Standard User)&quot;](18)" classname="com.example.runners.CucumberRunner" time="8.556">
    <system-out><![CDATA[
@tc_user_03 @regression
Scenario: Verify non-admin User can filter the category list by selecting a Parent Category # src/test/resources/features/ui/categories/UserCategoryAdd.feature:46
  Given the user is on the login page                                                       # com.example.ui.stepDefinitions.categories.CategoryStepDefinitions.user_is_on_login_page()
  When the standard user logs in                                                            # com.example.ui.stepDefinitions.categories.CategoryStepDefinitions.standard_user_logs_in()
  Given the user opens the Category Management page                                         # com.example.ui.stepDefinitions.categories.CategoryStepDefinitions.user_opens_category_management_page()
  Then the Parent Category search dropdown should be enabled                                # com.example.ui.stepDefinitions.categories.CategoryStepDefinitions.verify_search_parent_dropdown_enabled()
  When the user selects "Coconut" from the search parent dropdown                           # com.example.ui.stepDefinitions.categories.CategoryStepDefinitions.user_selects_from_search_parent_dropdown(java.lang.String)
  And the user clicks the Search button                                                     # com.example.ui.stepDefinitions.categories.CategoryStepDefinitions.user_clicks_search_button()
  Then the category list should display the "Coconut" record                                # com.example.ui.stepDefinitions.categories.CategoryStepDefinitions.verify_filtered_list_contains_record(java.lang.String)
]]></system-out>
    <system-err><![CDATA[Feb 07, 2026 10:22:40 PM org.openqa.selenium.devtools.CdpVersionFinder findNearestMatch
WARNING: Unable to find CDP implementation matching 144
Feb 07, 2026 10:22:40 PM org.openqa.selenium.chromium.ChromiumDriver lambda$new$5
WARNING: Unable to find version of CDP to use for 144.0.7559.111. You may need to include a dependency on a specific version of the CDP using something similar to `org.seleniumhq.selenium:selenium-devtools-v86:4.15.0` where the version ("v86") matches the version of the chromium-based browser you're using and the version number of the artifact is the same as Selenium's.
]]></system-err>
  </testcase>
  <testcase name="runScenario[&quot;Verify correct feedback when User searches for a non-existent category&quot;, &quot;Category Management (Standard User)&quot;](19)" classname="com.example.runners.CucumberRunner" time="9.827">
    <system-out><![CDATA[
@tc_user_04 @regression
Scenario: Verify correct feedback when User searches for a non-existent category # src/test/resources/features/ui/categories/UserCategoryAdd.feature:63
  Given the user is on the login page                                            # com.example.ui.stepDefinitions.categories.CategoryStepDefinitions.user_is_on_login_page()
  When the standard user logs in                                                 # com.example.ui.stepDefinitions.categories.CategoryStepDefinitions.standard_user_logs_in()
  Given the user opens the Category Management page                              # com.example.ui.stepDefinitions.categories.CategoryStepDefinitions.user_opens_category_management_page()
  When the user enters "XYZ_Invalid" in the search box                           # com.example.ui.stepDefinitions.categories.CategoryStepDefinitions.user_enters_search_term(java.lang.String)
  And the user clicks the Search button                                          # com.example.ui.stepDefinitions.categories.CategoryStepDefinitions.user_clicks_search_button()
  Then the message "No category found" is displayed clearly in the table area    # com.example.ui.stepDefinitions.categories.CategoryStepDefinitions.verify_no_records_message(java.lang.String)
]]></system-out>
    <system-err><![CDATA[Feb 07, 2026 10:22:49 PM org.openqa.selenium.devtools.CdpVersionFinder findNearestMatch
WARNING: Unable to find CDP implementation matching 144
Feb 07, 2026 10:22:49 PM org.openqa.selenium.chromium.ChromiumDriver lambda$new$5
WARNING: Unable to find version of CDP to use for 144.0.7559.111. You may need to include a dependency on a specific version of the CDP using something similar to `org.seleniumhq.selenium:selenium-devtools-v86:4.15.0` where the version ("v86") matches the version of the chromium-based browser you're using and the version number of the artifact is the same as Selenium's.
]]></system-err>
  </testcase>
  <testcase name="runScenario[&quot;Verify non-admin User can sort by ID, Name, and Parent sequentially&quot;, &quot;Category Management (Standard User)&quot;](20)" classname="com.example.runners.CucumberRunner" time="13.186">
    <failure message="Column &apos;Parent Category&apos; is not sorted (neither Ascending nor Descending)." type="java.lang.AssertionError"><![CDATA[java.lang.AssertionError: Column 'Parent Category' is not sorted (neither Ascending nor Descending).
	at org.junit.Assert.fail(Assert.java:89)
	at com.example.ui.stepDefinitions.categories.CategoryStepDefinitions.verify_list_is_sorted(CategoryStepDefinitions.java:306)
	at ✽.the category list should be sorted by "Parent Category" in ascending order(file:///C:/Users/USER/OneDrive/Pictures/Desktop/IrushI_QA_Automation_Plant/ITFac_Batch21_Group53/src/test/resources/features/ui/categories/UserCategoryAdd.feature:88)
]]></failure>
    <system-out><![CDATA[
@tc_user_05 @regression
Scenario: Verify non-admin User can sort by ID, Name, and Parent sequentially     # src/test/resources/features/ui/categories/UserCategoryAdd.feature:75
  Given the user is on the login page                                             # com.example.ui.stepDefinitions.categories.CategoryStepDefinitions.user_is_on_login_page()
  When the standard user logs in                                                  # com.example.ui.stepDefinitions.categories.CategoryStepDefinitions.standard_user_logs_in()
  Given the user opens the Category Management page                               # com.example.ui.stepDefinitions.categories.CategoryStepDefinitions.user_opens_category_management_page()
  When the user clicks the "ID" column header                                     # com.example.ui.stepDefinitions.categories.CategoryStepDefinitions.user_clicks_column_header(java.lang.String)
  Then the category list should be sorted by "ID" in ascending order              # com.example.ui.stepDefinitions.categories.CategoryStepDefinitions.verify_list_is_sorted(java.lang.String)
  When the user clicks the "Category Name" column header                          # com.example.ui.stepDefinitions.categories.CategoryStepDefinitions.user_clicks_column_header(java.lang.String)
WARN: Column 'Category Name' sorted Descending. Clicking again to toggle...
  Then the category list should be sorted by "Category Name" in ascending order   # com.example.ui.stepDefinitions.categories.CategoryStepDefinitions.verify_list_is_sorted(java.lang.String)
  When the user clicks the "Parent Category" column header                        # com.example.ui.stepDefinitions.categories.CategoryStepDefinitions.user_clicks_column_header(java.lang.String)
ACTUAL: [Coconut, Coconut, -, -, Lotus, -, Flowers, -, Flowers, -]
EXPECTED: [-, -, -, -, -, Coconut, Coconut, Flowers, Flowers, Lotus]
  Then the category list should be sorted by "Parent Category" in ascending order # com.example.ui.stepDefinitions.categories.CategoryStepDefinitions.verify_list_is_sorted(java.lang.String)
      java.lang.AssertionError: Column 'Parent Category' is not sorted (neither Ascending nor Descending).
	at org.junit.Assert.fail(Assert.java:89)
	at com.example.ui.stepDefinitions.categories.CategoryStepDefinitions.verify_list_is_sorted(CategoryStepDefinitions.java:306)
	at âœ½.the category list should be sorted by "Parent Category" in ascending order(file:///C:/Users/USER/OneDrive/Pictures/Desktop/IrushI_QA_Automation_Plant/ITFac_Batch21_Group53/src/test/resources/features/ui/categories/UserCategoryAdd.feature:88)

]]></system-out>
    <system-err><![CDATA[Feb 07, 2026 10:22:59 PM org.openqa.selenium.devtools.CdpVersionFinder findNearestMatch
WARNING: Unable to find CDP implementation matching 144
Feb 07, 2026 10:22:59 PM org.openqa.selenium.chromium.ChromiumDriver lambda$new$5
WARNING: Unable to find version of CDP to use for 144.0.7559.111. You may need to include a dependency on a specific version of the CDP using something similar to `org.seleniumhq.selenium:selenium-devtools-v86:4.15.0` where the version ("v86") matches the version of the chromium-based browser you're using and the version number of the artifact is the same as Selenium's.
]]></system-err>
  </testcase>
</testsuite>