<?xml version="1.0" encoding="UTF-8"?>
<testng-results ignored="0" total="0" passed="0" failed="0" skipped="0">
  <reporter-output>
  </reporter-output>
  <suite started-at="2026-02-03T14:39:57 IST" name="Plant Sales Automation Suite" finished-at="2026-02-03T14:40:00 IST" duration-ms="2818">
    <groups>
      <group name="cucumber">
        <method signature="AbstractTestNGCucumberTests.runScenario(io.cucumber.testng.PickleWrapper,io.cucumber.testng.FeatureWrapper)[pri:0, instance:com.example.runners.TestRunner@23348b5d]" name="runScenario" class="io.cucumber.testng.AbstractTestNGCucumberTests"/>
        <method signature="AbstractTestNGCucumberTests.runScenario(io.cucumber.testng.PickleWrapper,io.cucumber.testng.FeatureWrapper)[pri:0, instance:com.example.runners.UiTestRunner@6f45df59]" name="runScenario" class="io.cucumber.testng.AbstractTestNGCucumberTests"/>
        <method signature="AbstractTestNGCucumberTests.runScenario(io.cucumber.testng.PickleWrapper,io.cucumber.testng.FeatureWrapper)[pri:0, instance:com.example.runners.ApiTestRunner@68e5eea7]" name="runScenario" class="io.cucumber.testng.AbstractTestNGCucumberTests"/>
      </group> <!-- cucumber -->
    </groups>
    <test started-at="2026-02-03T14:39:57 IST" name="All Tests" finished-at="2026-02-03T14:39:59 IST" duration-ms="2357">
      <class name="com.example.runners.TestRunner">
        <test-method is-config="true" signature="setUpClass(org.testng.ITestContext)[pri:0, instance:com.example.runners.TestRunner@23348b5d]" started-at="2026-02-03T14:39:57 IST" name="setUpClass" finished-at="2026-02-03T14:39:59 IST" duration-ms="2037" status="PASS">
          <params>
            <param index="0">
              <value>
                <![CDATA[org.testng.TestRunner@6f46426d]]>
              </value>
            </param>
          </params>
          <reporter-output>
          </reporter-output>
        </test-method> <!-- setUpClass -->
        <test-method is-config="true" signature="tearDownClass()[pri:0, instance:com.example.runners.TestRunner@23348b5d]" started-at="2026-02-03T14:39:59 IST" name="tearDownClass" finished-at="2026-02-03T14:39:59 IST" duration-ms="191" status="PASS">
          <reporter-output>
          </reporter-output>
        </test-method> <!-- tearDownClass -->
      </class> <!-- com.example.runners.TestRunner -->
    </test> <!-- All Tests -->
    <test started-at="2026-02-03T14:40:00 IST" name="UI Tests" finished-at="2026-02-03T14:40:00 IST" duration-ms="170">
      <class name="com.example.runners.UiTestRunner">
        <test-method is-config="true" signature="setUpClass(org.testng.ITestContext)[pri:0, instance:com.example.runners.UiTestRunner@6f45df59]" started-at="2026-02-03T14:40:00 IST" name="setUpClass" finished-at="2026-02-03T14:40:00 IST" duration-ms="73" status="PASS">
          <params>
            <param index="0">
              <value>
                <![CDATA[org.testng.TestRunner@73700b80]]>
              </value>
            </param>
          </params>
          <reporter-output>
          </reporter-output>
        </test-method> <!-- setUpClass -->
        <test-method is-config="true" signature="tearDownClass()[pri:0, instance:com.example.runners.UiTestRunner@6f45df59]" started-at="2026-02-03T14:40:00 IST" name="tearDownClass" finished-at="2026-02-03T14:40:00 IST" duration-ms="91" status="PASS">
          <reporter-output>
          </reporter-output>
        </test-method> <!-- tearDownClass -->
      </class> <!-- com.example.runners.UiTestRunner -->
    </test> <!-- UI Tests -->
    <test started-at="2026-02-03T14:40:00 IST" name="API Tests" finished-at="2026-02-03T14:40:00 IST" duration-ms="165">
      <class name="com.example.runners.ApiTestRunner">
        <test-method is-config="true" signature="setUpClass(org.testng.ITestContext)[pri:0, instance:com.example.runners.ApiTestRunner@68e5eea7]" started-at="2026-02-03T14:40:00 IST" name="setUpClass" finished-at="2026-02-03T14:40:00 IST" duration-ms="66" status="PASS">
          <params>
            <param index="0">
              <value>
                <![CDATA[org.testng.TestRunner@49c7b90e]]>
              </value>
            </param>
          </params>
          <reporter-output>
          </reporter-output>
        </test-method> <!-- setUpClass -->
        <test-method is-config="true" signature="tearDownClass()[pri:0, instance:com.example.runners.ApiTestRunner@68e5eea7]" started-at="2026-02-03T14:40:00 IST" name="tearDownClass" finished-at="2026-02-03T14:40:00 IST" duration-ms="87" status="PASS">
          <reporter-output>
          </reporter-output>
        </test-method> <!-- tearDownClass -->
      </class> <!-- com.example.runners.ApiTestRunner -->
    </test> <!-- API Tests -->
  </suite> <!-- Plant Sales Automation Suite -->
</testng-results>
