<?xml version="1.0" encoding="UTF-8"?>
<testsuite xmlns:xsi="http://www.w3.org/2001/XMLSchema-instance" xsi:noNamespaceSchemaLocation="https://maven.apache.org/surefire/maven-surefire-plugin/xsd/surefire-test-report-3.0.xsd" version="3.0" name="TestSuite" time="2.764" tests="1" errors="0" skipped="0" failures="1">
  <properties>
[...]
</properties>
  <testcase name="runScenario[&quot;Verify API handles non-existent category IDs&quot;, &quot;User Plants API&quot;](1)" classname="com.example.runners.ApiTestRunner" time="1.654">
    <failure message="Plants response status code should be 404 expected:&lt;404&gt; but was:&lt;200&gt;" type="java.lang.AssertionError"><![CDATA[java.lang.AssertionError: Plants response status code should be 404 expected:<404> but was:<200>
	at org.junit.Assert.fail(Assert.java:89)
	at org.junit.Assert.failNotEquals(Assert.java:835)
	at org.junit.Assert.assertEquals(Assert.java:647)
	at com.example.api.stepDefinitions.PlantsUserApiStepDefinitions.the_plants_response_status_code_should_be(PlantsUserApiStepDefinitions.java:309)
	at ✽.the plants response status code should be 404(file:///D:/L4/QA/QA_Automation/ITFac_Batch21_Group53/src/test/resources/features/api/plants/PlantsUser.feature:54)
]]></failure>
    <system-out><![CDATA[
@API @Plants @User @TC_API_PLANTS_USER_01 @TC_API_PLANTS_USER_05
Scenario: Verify API handles non-existent category IDs                           # src/test/resources/features/api/plants/PlantsUser.feature:50

=== API Test Setup ===
Base URL: http://localhost:8081
========================


=== Getting user authentication token ===
Username: testuser
Login Request Body: {"password":"test123","username":"testuser"}
Making POST request to: null/api/auth/login
Request method:	POST
Request URI:	http://localhost:8081/api/auth/login
Proxy:			<none>
Request params:	<none>
Query params:	<none>
Form params:	<none>
Path params:	<none>
Headers:		Accept=*/*
				Content-Type=application/json
Cookies:		<none>
Multiparts:		<none>
Body:
{
    "password": "test123",
    "username": "testuser"
}
HTTP/1.1 200 
Set-Cookie: JSESSIONID=E456907D456966B59E192C6FDF12B7C0; Path=/; HttpOnly
X-Content-Type-Options: nosniff
X-XSS-Protection: 0
Cache-Control: no-cache, no-store, max-age=0, must-revalidate
Pragma: no-cache
Expires: 0
X-Frame-Options: DENY
Content-Type: application/json
Content-Length: 197
Date: Sat, 07 Feb 2026 08:54:19 GMT
Keep-Alive: timeout=60
Connection: keep-alive

{
    "token": "eyJhbGciOiJIUzI1NiJ9.eyJzdWIiOiJ0ZXN0dXNlciIsInJvbGVzIjpbIlJPTEVfVVNFUiJdLCJpYXQiOjE3NzA0NTQ0NTksImV4cCI6MTc3MDQ1ODA1OX0.ys_Foe3UqC8WPq2gILQZT5TY4hQV94DKlOv_vxtVytU",
    "tokenType": "Bearer"
}
Login Response Status: 200
Login Response Body: {"token":"eyJhbGciOiJIUzI1NiJ9.eyJzdWIiOiJ0ZXN0dXNlciIsInJvbGVzIjpbIlJPTEVfVVNFUiJdLCJpYXQiOjE3NzA0NTQ0NTksImV4cCI6MTc3MDQ1ODA1OX0.ys_Foe3UqC8WPq2gILQZT5TY4hQV94DKlOv_vxtVytU","tokenType":"Bearer"}
✓ User token obtained successfully
Token type: Bearer
Token (first 30 chars): eyJhbGciOiJIUzI1NiJ9.eyJzdWIiO...
Token validation status: 500
⚠️ Token validation returned status: 500
=== User token setup complete ===

  Given user authentication token is available                                   # com.example.api.stepDefinitions.PlantsUserApiStepDefinitions.user_authentication_token_is_available()

=== Getting user authentication token ===
Username: testuser
Login Request Body: {"password":"test123","username":"testuser"}
Making POST request to: null/api/auth/login
Request method:	POST
Request URI:	http://localhost:8081/api/auth/login
Proxy:			<none>
Request params:	<none>
Query params:	<none>
Form params:	<none>
Path params:	<none>
Headers:		Accept=*/*
				Content-Type=application/json
Cookies:		<none>
Multiparts:		<none>
Body:
{
    "password": "test123",
    "username": "testuser"
}
HTTP/1.1 200 
Set-Cookie: JSESSIONID=B8FCF2D148BA21177DF60E2489AEBAD6; Path=/; HttpOnly
X-Content-Type-Options: nosniff
X-XSS-Protection: 0
Cache-Control: no-cache, no-store, max-age=0, must-revalidate
Pragma: no-cache
Expires: 0
X-Frame-Options: DENY
Content-Type: application/json
Content-Length: 197
Date: Sat, 07 Feb 2026 08:54:19 GMT
Keep-Alive: timeout=60
Connection: keep-alive

{
    "token": "eyJhbGciOiJIUzI1NiJ9.eyJzdWIiOiJ0ZXN0dXNlciIsInJvbGVzIjpbIlJPTEVfVVNFUiJdLCJpYXQiOjE3NzA0NTQ0NTksImV4cCI6MTc3MDQ1ODA1OX0.ys_Foe3UqC8WPq2gILQZT5TY4hQV94DKlOv_vxtVytU",
    "tokenType": "Bearer"
}
Login Response Status: 200
Login Response Body: {"token":"eyJhbGciOiJIUzI1NiJ9.eyJzdWIiOiJ0ZXN0dXNlciIsInJvbGVzIjpbIlJPTEVfVVNFUiJdLCJpYXQiOjE3NzA0NTQ0NTksImV4cCI6MTc3MDQ1ODA1OX0.ys_Foe3UqC8WPq2gILQZT5TY4hQV94DKlOv_vxtVytU","tokenType":"Bearer"}
✓ User token obtained successfully
Token type: Bearer
Token (first 30 chars): eyJhbGciOiJIUzI1NiJ9.eyJzdWIiO...
Token validation status: 500
⚠️ Token validation returned status: 500
=== User token setup complete ===

  Given user authentication token is available                                   # com.example.api.stepDefinitions.PlantsUserApiStepDefinitions.user_authentication_token_is_available()

=== Verifying category ID 999 does not exist ===
Assuming category ID 999 does not exist in the system
This will be verified when the GET request returns 404 or empty array
  Given category ID 999 does not exist                                           # com.example.api.stepDefinitions.PlantsUserApiStepDefinitions.category_id_does_not_exist(java.lang.Integer)

=== Sending GET request to plants endpoint ===
Endpoint: /api/plants/category/999
Full URL: null/api/plants/category/999
Request method:	GET
Request URI:	http://localhost:8081/api/plants/category/999
Proxy:			<none>
Request params:	<none>
Query params:	<none>
Form params:	<none>
Path params:	<none>
Headers:		Authorization=Bearer eyJhbGciOiJIUzI1NiJ9.eyJzdWIiOiJ0ZXN0dXNlciIsInJvbGVzIjpbIlJPTEVfVVNFUiJdLCJpYXQiOjE3NzA0NTQ0NTksImV4cCI6MTc3MDQ1ODA1OX0.ys_Foe3UqC8WPq2gILQZT5TY4hQV94DKlOv_vxtVytU
				Accept=application/json
Cookies:		<none>
Multiparts:		<none>
Body:			<none>
HTTP/1.1 200 
Set-Cookie: JSESSIONID=2EB79345A0F7D6B0E2F80627E8A421C9; Path=/; HttpOnly
X-Content-Type-Options: nosniff
X-XSS-Protection: 0
Cache-Control: no-cache, no-store, max-age=0, must-revalidate
Pragma: no-cache
Expires: 0
X-Frame-Options: DENY
Content-Type: application/json
Content-Length: 2
Date: Sat, 07 Feb 2026 08:54:19 GMT
Keep-Alive: timeout=60
Connection: keep-alive

[
    
]
Response Status: 200
  When user sends a GET request to "/api/plants/category/999"                    # com.example.api.stepDefinitions.PlantsUserApiStepDefinitions.user_sends_a_get_request_to(java.lang.String)

=== Verifying plants response status code ===
Expected: 404
Actual: 200
Response Body: []
  Then the plants response status code should be 404                             # com.example.api.stepDefinitions.PlantsUserApiStepDefinitions.the_plants_response_status_code_should_be(java.lang.Integer)
      java.lang.AssertionError: Plants response status code should be 404 expected:<404> but was:<200>
	at org.junit.Assert.fail(Assert.java:89)
	at org.junit.Assert.failNotEquals(Assert.java:835)
	at org.junit.Assert.assertEquals(Assert.java:647)
	at com.example.api.stepDefinitions.PlantsUserApiStepDefinitions.the_plants_response_status_code_should_be(PlantsUserApiStepDefinitions.java:309)
	at ✽.the plants response status code should be 404(file:///D:/L4/QA/QA_Automation/ITFac_Batch21_Group53/src/test/resources/features/api/plants/PlantsUser.feature:54)

  And the error message should indicate category not found or return empty array # com.example.api.stepDefinitions.PlantsUserApiStepDefinitions.the_error_message_should_indicate_category_not_found_or_return_empty_array()

=== API Test Cleanup ===
=== Cleanup Complete ===
]]></system-out>
    <system-err><![CDATA[Feb 07, 2026 2:24:17 PM io.cucumber.core.options.CucumberPropertiesParser lambda$warnWhenCucumberOptionsIsUsed$2
WARNING: Passing commandline options via the property 'cucumber.options' is no longer supported. Please use individual properties instead. See the java doc on io.cucumber.core.options.Constants for details.
[TestNG-test=Admin Tests-1] WARN org.testng.internal.Utils - The test method 'io.cucumber.testng.AbstractTestNGCucumberTests.runScenario' will be skipped since its data provider 'scenarios' returned an empty array or iterator. 
Feb 07, 2026 2:24:17 PM io.cucumber.core.options.CucumberPropertiesParser lambda$warnWhenCucumberOptionsIsUsed$2
WARNING: Passing commandline options via the property 'cucumber.options' is no longer supported. Please use individual properties instead. See the java doc on io.cucumber.core.options.Constants for details.
]]></system-err>
  </testcase>
</testsuite>