<?xml version="1.0" encoding="UTF-8"?>
<testng-results ignored="0" total="8" passed="8" failed="0" skipped="0">
  <reporter-output>
  </reporter-output>
  <suite started-at="2026-02-07T11:41:22 IST" name="Surefire suite" finished-at="2026-02-07T11:41:23 IST" duration-ms="1321">
    <groups>
      <group name="cucumber">
        <method signature="AbstractTestNGCucumberTests.runScenario(io.cucumber.testng.PickleWrapper,io.cucumber.testng.FeatureWrapper)[pri:0, instance:com.example.runners.ApiTestRunner@3c407114]" name="runScenario" class="io.cucumber.testng.AbstractTestNGCucumberTests"/>
      </group> <!-- cucumber -->
    </groups>
    <test started-at="2026-02-07T11:41:22 IST" name="Surefire test" finished-at="2026-02-07T11:41:23 IST" duration-ms="1321">
      <class name="com.example.runners.ApiTestRunner">
        <test-method is-config="true" signature="setUpClass(org.testng.ITestContext)[pri:0, instance:com.example.runners.ApiTestRunner@3c407114]" started-at="2026-02-07T11:41:22 IST" name="setUpClass" finished-at="2026-02-07T11:41:22 IST" duration-ms="159" status="PASS">
          <params>
            <param index="0">
              <value>
                <![CDATA[org.testng.TestRunner@7c6908d7]]>
              </value>
            </param>
          </params>
          <reporter-output>
          </reporter-output>
        </test-method> <!-- setUpClass -->
        <test-method signature="runScenario(io.cucumber.testng.PickleWrapper,io.cucumber.testng.FeatureWrapper)[pri:0, instance:com.example.runners.ApiTestRunner@3c407114]" started-at="2026-02-07T11:41:22 IST" name="runScenario" description="Runs Cucumber Scenarios" data-provider="scenarios" finished-at="2026-02-07T11:41:23 IST" duration-ms="625" status="PASS">
          <params>
            <param index="0">
              <value>
                <![CDATA["TC_API_CAT_USER_01 - Verify User can retrieve all categories via API"]]>
              </value>
            </param>
            <param index="1">
              <value>
                <![CDATA["Category API Testing"]]>
              </value>
            </param>
          </params>
          <reporter-output>
          </reporter-output>
        </test-method> <!-- runScenario -->
        <test-method signature="runScenario(io.cucumber.testng.PickleWrapper,io.cucumber.testng.FeatureWrapper)[pri:0, instance:com.example.runners.ApiTestRunner@3c407114]" started-at="2026-02-07T11:41:23 IST" name="runScenario" description="Runs Cucumber Scenarios" data-provider="scenarios" finished-at="2026-02-07T11:41:23 IST" duration-ms="87" status="PASS">
          <params>
            <param index="0">
              <value>
                <![CDATA["Verify Admin can retrieve all categories via API"]]>
              </value>
            </param>
            <param index="1">
              <value>
                <![CDATA["Category API Testing"]]>
              </value>
            </param>
          </params>
          <reporter-output>
          </reporter-output>
        </test-method> <!-- runScenario -->
        <test-method signature="runScenario(io.cucumber.testng.PickleWrapper,io.cucumber.testng.FeatureWrapper)[pri:0, instance:com.example.runners.ApiTestRunner@3c407114]" started-at="2026-02-07T11:41:23 IST" name="runScenario" description="Runs Cucumber Scenarios" data-provider="scenarios" finished-at="2026-02-07T11:41:23 IST" duration-ms="9" status="PASS">
          <params>
            <param index="0">
              <value>
                <![CDATA["Verify retrieving categories without authentication fails"]]>
              </value>
            </param>
            <param index="1">
              <value>
                <![CDATA["Category API Testing"]]>
              </value>
            </param>
          </params>
          <reporter-output>
          </reporter-output>
        </test-method> <!-- runScenario -->
        <test-method signature="runScenario(io.cucumber.testng.PickleWrapper,io.cucumber.testng.FeatureWrapper)[pri:0, instance:com.example.runners.ApiTestRunner@3c407114]" started-at="2026-02-07T11:41:23 IST" name="runScenario" description="Runs Cucumber Scenarios" data-provider="scenarios" finished-at="2026-02-07T11:41:23 IST" duration-ms="79" status="PASS">
          <params>
            <param index="0">
              <value>
                <![CDATA["TC_API_CAT_USER_03 - Verify API handles non-existent category IDs for User"]]>
              </value>
            </param>
            <param index="1">
              <value>
                <![CDATA["Category API Testing"]]>
              </value>
            </param>
          </params>
          <reporter-output>
          </reporter-output>
        </test-method> <!-- runScenario -->
        <test-method signature="runScenario(io.cucumber.testng.PickleWrapper,io.cucumber.testng.FeatureWrapper)[pri:0, instance:com.example.runners.ApiTestRunner@3c407114]" started-at="2026-02-07T11:41:23 IST" name="runScenario" description="Runs Cucumber Scenarios" data-provider="scenarios" finished-at="2026-02-07T11:41:23 IST" duration-ms="77" status="PASS">
          <params>
            <param index="0">
              <value>
                <![CDATA["TC_API_CAT_USER_04 - Verify User can retrieve only main categories"]]>
              </value>
            </param>
            <param index="1">
              <value>
                <![CDATA["Category API Testing"]]>
              </value>
            </param>
          </params>
          <reporter-output>
          </reporter-output>
        </test-method> <!-- runScenario -->
        <test-method signature="runScenario(io.cucumber.testng.PickleWrapper,io.cucumber.testng.FeatureWrapper)[pri:0, instance:com.example.runners.ApiTestRunner@3c407114]" started-at="2026-02-07T11:41:23 IST" name="runScenario" description="Runs Cucumber Scenarios" data-provider="scenarios" finished-at="2026-02-07T11:41:23 IST" duration-ms="75" status="PASS">
          <params>
            <param index="0">
              <value>
                <![CDATA["TC_API_CAT_USER_05 - Verify User can retrieve only sub-categories"]]>
              </value>
            </param>
            <param index="1">
              <value>
                <![CDATA["Category API Testing"]]>
              </value>
            </param>
          </params>
          <reporter-output>
          </reporter-output>
        </test-method> <!-- runScenario -->
        <test-method signature="runScenario(io.cucumber.testng.PickleWrapper,io.cucumber.testng.FeatureWrapper)[pri:0, instance:com.example.runners.ApiTestRunner@3c407114]" started-at="2026-02-07T11:41:23 IST" name="runScenario" description="Runs Cucumber Scenarios" data-provider="scenarios" finished-at="2026-02-07T11:41:23 IST" duration-ms="97" status="PASS">
          <params>
            <param index="0">
              <value>
                <![CDATA["TC_API_CAT_USER_06 - Verify User can access paginated categories with default parameters"]]>
              </value>
            </param>
            <param index="1">
              <value>
                <![CDATA["Category API Testing"]]>
              </value>
            </param>
          </params>
          <reporter-output>
          </reporter-output>
        </test-method> <!-- runScenario -->
        <test-method signature="runScenario(io.cucumber.testng.PickleWrapper,io.cucumber.testng.FeatureWrapper)[pri:0, instance:com.example.runners.ApiTestRunner@3c407114]" started-at="2026-02-07T11:41:23 IST" name="runScenario" description="Runs Cucumber Scenarios" data-provider="scenarios" finished-at="2026-02-07T11:41:23 IST" duration-ms="76" status="PASS">
          <params>
            <param index="0">
              <value>
                <![CDATA["TC_API_CAT_USER_07 - Search Categories by Name"]]>
              </value>
            </param>
            <param index="1">
              <value>
                <![CDATA["Category API Testing"]]>
              </value>
            </param>
          </params>
          <reporter-output>
          </reporter-output>
        </test-method> <!-- runScenario -->
        <test-method is-config="true" signature="tearDownClass()[pri:0, instance:com.example.runners.ApiTestRunner@3c407114]" started-at="2026-02-07T11:41:23 IST" name="tearDownClass" finished-at="2026-02-07T11:41:23 IST" duration-ms="22" status="PASS">
          <reporter-output>
          </reporter-output>
        </test-method> <!-- tearDownClass -->
      </class> <!-- com.example.runners.ApiTestRunner -->
    </test> <!-- Surefire test -->
  </suite> <!-- Surefire suite -->
</testng-results>
