<?xml version="1.0" encoding="UTF-8"?>
<testng-results ignored="0" total="5" passed="0" failed="5" skipped="0">
  <reporter-output>
  </reporter-output>
  <suite started-at="2026-02-07T00:48:41 IST" name="Sales Sorting Test Suite" finished-at="2026-02-07T00:51:17 IST" duration-ms="155812">
    <groups>
      <group name="cucumber">
        <method signature="AbstractTestNGCucumberTests.runScenario(io.cucumber.testng.PickleWrapper,io.cucumber.testng.FeatureWrapper)[pri:0, instance:com.example.runners.UiTestRunner@689604d9]" name="runScenario" class="io.cucumber.testng.AbstractTestNGCucumberTests"/>
        <method signature="AbstractTestNGCucumberTests.runScenario(io.cucumber.testng.PickleWrapper,io.cucumber.testng.FeatureWrapper)[pri:0, instance:com.example.runners.UiTestRunner@6c6cb480]" name="runScenario" class="io.cucumber.testng.AbstractTestNGCucumberTests"/>
        <method signature="AbstractTestNGCucumberTests.runScenario(io.cucumber.testng.PickleWrapper,io.cucumber.testng.FeatureWrapper)[pri:0, instance:com.example.runners.UiTestRunner@c730b35]" name="runScenario" class="io.cucumber.testng.AbstractTestNGCucumberTests"/>
        <method signature="AbstractTestNGCucumberTests.runScenario(io.cucumber.testng.PickleWrapper,io.cucumber.testng.FeatureWrapper)[pri:0, instance:com.example.runners.UiTestRunner@22555ebf]" name="runScenario" class="io.cucumber.testng.AbstractTestNGCucumberTests"/>
        <method signature="AbstractTestNGCucumberTests.runScenario(io.cucumber.testng.PickleWrapper,io.cucumber.testng.FeatureWrapper)[pri:0, instance:com.example.runners.UiTestRunner@34e9fd99]" name="runScenario" class="io.cucumber.testng.AbstractTestNGCucumberTests"/>
        <method signature="AbstractTestNGCucumberTests.runScenario(io.cucumber.testng.PickleWrapper,io.cucumber.testng.FeatureWrapper)[pri:0, instance:com.example.runners.SalesListDateSortingTestRunner@43bc63a3]" name="runScenario" class="io.cucumber.testng.AbstractTestNGCucumberTests"/>
      </group> <!-- cucumber -->
    </groups>
    <test started-at="2026-02-07T00:48:41 IST" name="Sales Sorting Tests" finished-at="2026-02-07T00:49:15 IST" duration-ms="33853">
      <class name="com.example.runners.UiTestRunner">
        <test-method is-config="true" signature="setUpClass(org.testng.ITestContext)[pri:0, instance:com.example.runners.UiTestRunner@689604d9]" started-at="2026-02-07T00:48:41 IST" name="setUpClass" finished-at="2026-02-07T00:48:41 IST" duration-ms="441" status="PASS">
          <params>
            <param index="0">
              <value>
                <![CDATA[org.testng.TestRunner@1018bde2]]>
              </value>
            </param>
          </params>
          <reporter-output>
          </reporter-output>
        </test-method> <!-- setUpClass -->
        <test-method signature="runScenario(io.cucumber.testng.PickleWrapper,io.cucumber.testng.FeatureWrapper)[pri:0, instance:com.example.runners.UiTestRunner@689604d9]" started-at="2026-02-07T00:48:41 IST" name="runScenario" description="Runs Cucumber Scenarios" data-provider="scenarios" finished-at="2026-02-07T00:49:14 IST" duration-ms="33229" status="FAIL">
          <params>
            <param index="0">
              <value>
                <![CDATA["TC_UI_SALES_USER_07 - Verify Sold Date column shows descending sort indicator"]]>
              </value>
            </param>
            <param index="1">
              <value>
                <![CDATA["Sales List Sold Date Sort Indicator"]]>
              </value>
            </param>
          </params>
          <exception class="java.lang.AssertionError">
            <message>
              <![CDATA[Sold Date column header should display a sort indicator expected [true] but found [false]]]>
            </message>
            <full-stacktrace>
              <![CDATA[java.lang.AssertionError: Sold Date column header should display a sort indicator expected [true] but found [false]
at org.testng.Assert.fail(Assert.java:111)
at org.testng.Assert.failNotEquals(Assert.java:1578)
at org.testng.Assert.assertTrue(Assert.java:57)
at com.example.ui.stepDefinitions.sales.SalesListSteps.theColumnHeaderShouldDisplayAVisualSortIndicator(SalesListSteps.java:666)
at ✽.the "Sold Date" column header should display a visual sort indicator(file:///Users/rajithsingh/Desktop/ITQA/ITFac_Batch21_Group53/src/test/resources/features/ui/sales/sales_list_sold_date_sort_indicator.feature:21)
]]>
            </full-stacktrace>
          </exception> <!-- java.lang.AssertionError -->
          <reporter-output>
          </reporter-output>
        </test-method> <!-- runScenario -->
        <test-method is-config="true" signature="tearDownClass()[pri:0, instance:com.example.runners.UiTestRunner@689604d9]" started-at="2026-02-07T00:49:14 IST" name="tearDownClass" finished-at="2026-02-07T00:49:15 IST" duration-ms="159" status="PASS">
          <reporter-output>
          </reporter-output>
        </test-method> <!-- tearDownClass -->
      </class> <!-- com.example.runners.UiTestRunner -->
    </test> <!-- Sales Sorting Tests -->
    <test started-at="2026-02-07T00:49:15 IST" name="Sell Plant Navigation Test" finished-at="2026-02-07T00:49:46 IST" duration-ms="30951">
      <class name="com.example.runners.UiTestRunner">
        <test-method is-config="true" signature="setUpClass(org.testng.ITestContext)[pri:0, instance:com.example.runners.UiTestRunner@6c6cb480]" started-at="2026-02-07T00:49:15 IST" name="setUpClass" finished-at="2026-02-07T00:49:15 IST" duration-ms="127" status="PASS">
          <params>
            <param index="0">
              <value>
                <![CDATA[org.testng.TestRunner@65b3f4a4]]>
              </value>
            </param>
          </params>
          <reporter-output>
          </reporter-output>
        </test-method> <!-- setUpClass -->
        <test-method signature="runScenario(io.cucumber.testng.PickleWrapper,io.cucumber.testng.FeatureWrapper)[pri:0, instance:com.example.runners.UiTestRunner@6c6cb480]" started-at="2026-02-07T00:49:15 IST" name="runScenario" description="Runs Cucumber Scenarios" data-provider="scenarios" finished-at="2026-02-07T00:49:46 IST" duration-ms="30778" status="FAIL">
          <params>
            <param index="0">
              <value>
                <![CDATA["TC_UI_SALES_USER_07 - Verify Sold Date column shows descending sort indicator"]]>
              </value>
            </param>
            <param index="1">
              <value>
                <![CDATA["Sales List Sold Date Sort Indicator"]]>
              </value>
            </param>
          </params>
          <exception class="java.lang.AssertionError">
            <message>
              <![CDATA[Sold Date column header should display a sort indicator expected [true] but found [false]]]>
            </message>
            <full-stacktrace>
              <![CDATA[java.lang.AssertionError: Sold Date column header should display a sort indicator expected [true] but found [false]
at org.testng.Assert.fail(Assert.java:111)
at org.testng.Assert.failNotEquals(Assert.java:1578)
at org.testng.Assert.assertTrue(Assert.java:57)
at com.example.ui.stepDefinitions.sales.SalesListSteps.theColumnHeaderShouldDisplayAVisualSortIndicator(SalesListSteps.java:666)
at ✽.the "Sold Date" column header should display a visual sort indicator(file:///Users/rajithsingh/Desktop/ITQA/ITFac_Batch21_Group53/src/test/resources/features/ui/sales/sales_list_sold_date_sort_indicator.feature:21)
]]>
            </full-stacktrace>
          </exception> <!-- java.lang.AssertionError -->
          <reporter-output>
          </reporter-output>
        </test-method> <!-- runScenario -->
        <test-method is-config="true" signature="tearDownClass()[pri:0, instance:com.example.runners.UiTestRunner@6c6cb480]" started-at="2026-02-07T00:49:46 IST" name="tearDownClass" finished-at="2026-02-07T00:49:46 IST" duration-ms="41" status="PASS">
          <reporter-output>
          </reporter-output>
        </test-method> <!-- tearDownClass -->
      </class> <!-- com.example.runners.UiTestRunner -->
    </test> <!-- Sell Plant Navigation Test -->
    <test started-at="2026-02-07T00:49:46 IST" name="Sell Plant Validation Test" finished-at="2026-02-07T00:50:16 IST" duration-ms="30107">
      <class name="com.example.runners.UiTestRunner">
        <test-method is-config="true" signature="setUpClass(org.testng.ITestContext)[pri:0, instance:com.example.runners.UiTestRunner@c730b35]" started-at="2026-02-07T00:49:46 IST" name="setUpClass" finished-at="2026-02-07T00:49:46 IST" duration-ms="37" status="PASS">
          <params>
            <param index="0">
              <value>
                <![CDATA[org.testng.TestRunner@f2ff811]]>
              </value>
            </param>
          </params>
          <reporter-output>
          </reporter-output>
        </test-method> <!-- setUpClass -->
        <test-method signature="runScenario(io.cucumber.testng.PickleWrapper,io.cucumber.testng.FeatureWrapper)[pri:0, instance:com.example.runners.UiTestRunner@c730b35]" started-at="2026-02-07T00:49:46 IST" name="runScenario" description="Runs Cucumber Scenarios" data-provider="scenarios" finished-at="2026-02-07T00:50:16 IST" duration-ms="30042" status="FAIL">
          <params>
            <param index="0">
              <value>
                <![CDATA["TC_UI_SALES_USER_07 - Verify Sold Date column shows descending sort indicator"]]>
              </value>
            </param>
            <param index="1">
              <value>
                <![CDATA["Sales List Sold Date Sort Indicator"]]>
              </value>
            </param>
          </params>
          <exception class="java.lang.AssertionError">
            <message>
              <![CDATA[Sold Date column header should display a sort indicator expected [true] but found [false]]]>
            </message>
            <full-stacktrace>
              <![CDATA[java.lang.AssertionError: Sold Date column header should display a sort indicator expected [true] but found [false]
at org.testng.Assert.fail(Assert.java:111)
at org.testng.Assert.failNotEquals(Assert.java:1578)
at org.testng.Assert.assertTrue(Assert.java:57)
at com.example.ui.stepDefinitions.sales.SalesListSteps.theColumnHeaderShouldDisplayAVisualSortIndicator(SalesListSteps.java:666)
at ✽.the "Sold Date" column header should display a visual sort indicator(file:///Users/rajithsingh/Desktop/ITQA/ITFac_Batch21_Group53/src/test/resources/features/ui/sales/sales_list_sold_date_sort_indicator.feature:21)
]]>
            </full-stacktrace>
          </exception> <!-- java.lang.AssertionError -->
          <reporter-output>
          </reporter-output>
        </test-method> <!-- runScenario -->
        <test-method is-config="true" signature="tearDownClass()[pri:0, instance:com.example.runners.UiTestRunner@c730b35]" started-at="2026-02-07T00:50:16 IST" name="tearDownClass" finished-at="2026-02-07T00:50:16 IST" duration-ms="25" status="PASS">
          <reporter-output>
          </reporter-output>
        </test-method> <!-- tearDownClass -->
      </class> <!-- com.example.runners.UiTestRunner -->
    </test> <!-- Sell Plant Validation Test -->
    <test started-at="2026-02-07T00:50:16 IST" name="Multi-tab Stock Update Test" finished-at="2026-02-07T00:50:46 IST" duration-ms="29959">
      <class name="com.example.runners.UiTestRunner">
        <test-method is-config="true" signature="setUpClass(org.testng.ITestContext)[pri:0, instance:com.example.runners.UiTestRunner@22555ebf]" started-at="2026-02-07T00:50:16 IST" name="setUpClass" finished-at="2026-02-07T00:50:16 IST" duration-ms="29" status="PASS">
          <params>
            <param index="0">
              <value>
                <![CDATA[org.testng.TestRunner@568ff82]]>
              </value>
            </param>
          </params>
          <reporter-output>
          </reporter-output>
        </test-method> <!-- setUpClass -->
        <test-method signature="runScenario(io.cucumber.testng.PickleWrapper,io.cucumber.testng.FeatureWrapper)[pri:0, instance:com.example.runners.UiTestRunner@22555ebf]" started-at="2026-02-07T00:50:16 IST" name="runScenario" description="Runs Cucumber Scenarios" data-provider="scenarios" finished-at="2026-02-07T00:50:46 IST" duration-ms="29881" status="FAIL">
          <params>
            <param index="0">
              <value>
                <![CDATA["TC_UI_SALES_USER_07 - Verify Sold Date column shows descending sort indicator"]]>
              </value>
            </param>
            <param index="1">
              <value>
                <![CDATA["Sales List Sold Date Sort Indicator"]]>
              </value>
            </param>
          </params>
          <exception class="java.lang.AssertionError">
            <message>
              <![CDATA[Sold Date column header should display a sort indicator expected [true] but found [false]]]>
            </message>
            <full-stacktrace>
              <![CDATA[java.lang.AssertionError: Sold Date column header should display a sort indicator expected [true] but found [false]
at org.testng.Assert.fail(Assert.java:111)
at org.testng.Assert.failNotEquals(Assert.java:1578)
at org.testng.Assert.assertTrue(Assert.java:57)
at com.example.ui.stepDefinitions.sales.SalesListSteps.theColumnHeaderShouldDisplayAVisualSortIndicator(SalesListSteps.java:666)
at ✽.the "Sold Date" column header should display a visual sort indicator(file:///Users/rajithsingh/Desktop/ITQA/ITFac_Batch21_Group53/src/test/resources/features/ui/sales/sales_list_sold_date_sort_indicator.feature:21)
]]>
            </full-stacktrace>
          </exception> <!-- java.lang.AssertionError -->
          <reporter-output>
          </reporter-output>
        </test-method> <!-- runScenario -->
        <test-method is-config="true" signature="tearDownClass()[pri:0, instance:com.example.runners.UiTestRunner@22555ebf]" started-at="2026-02-07T00:50:46 IST" name="tearDownClass" finished-at="2026-02-07T00:50:46 IST" duration-ms="46" status="PASS">
          <reporter-output>
          </reporter-output>
        </test-method> <!-- tearDownClass -->
      </class> <!-- com.example.runners.UiTestRunner -->
    </test> <!-- Multi-tab Stock Update Test -->
    <test started-at="2026-02-07T00:50:46 IST" name="Form Retention Test" finished-at="2026-02-07T00:51:16 IST" duration-ms="30331">
      <class name="com.example.runners.UiTestRunner">
        <test-method is-config="true" signature="setUpClass(org.testng.ITestContext)[pri:0, instance:com.example.runners.UiTestRunner@34e9fd99]" started-at="2026-02-07T00:50:46 IST" name="setUpClass" finished-at="2026-02-07T00:50:46 IST" duration-ms="44" status="PASS">
          <params>
            <param index="0">
              <value>
                <![CDATA[org.testng.TestRunner@50caa560]]>
              </value>
            </param>
          </params>
          <reporter-output>
          </reporter-output>
        </test-method> <!-- setUpClass -->
        <test-method signature="runScenario(io.cucumber.testng.PickleWrapper,io.cucumber.testng.FeatureWrapper)[pri:0, instance:com.example.runners.UiTestRunner@34e9fd99]" started-at="2026-02-07T00:50:46 IST" name="runScenario" description="Runs Cucumber Scenarios" data-provider="scenarios" finished-at="2026-02-07T00:51:16 IST" duration-ms="30233" status="FAIL">
          <params>
            <param index="0">
              <value>
                <![CDATA["TC_UI_SALES_USER_07 - Verify Sold Date column shows descending sort indicator"]]>
              </value>
            </param>
            <param index="1">
              <value>
                <![CDATA["Sales List Sold Date Sort Indicator"]]>
              </value>
            </param>
          </params>
          <exception class="java.lang.AssertionError">
            <message>
              <![CDATA[Sold Date column header should display a sort indicator expected [true] but found [false]]]>
            </message>
            <full-stacktrace>
              <![CDATA[java.lang.AssertionError: Sold Date column header should display a sort indicator expected [true] but found [false]
at org.testng.Assert.fail(Assert.java:111)
at org.testng.Assert.failNotEquals(Assert.java:1578)
at org.testng.Assert.assertTrue(Assert.java:57)
at com.example.ui.stepDefinitions.sales.SalesListSteps.theColumnHeaderShouldDisplayAVisualSortIndicator(SalesListSteps.java:666)
at ✽.the "Sold Date" column header should display a visual sort indicator(file:///Users/rajithsingh/Desktop/ITQA/ITFac_Batch21_Group53/src/test/resources/features/ui/sales/sales_list_sold_date_sort_indicator.feature:21)
]]>
            </full-stacktrace>
          </exception> <!-- java.lang.AssertionError -->
          <reporter-output>
          </reporter-output>
        </test-method> <!-- runScenario -->
        <test-method is-config="true" signature="tearDownClass()[pri:0, instance:com.example.runners.UiTestRunner@34e9fd99]" started-at="2026-02-07T00:51:16 IST" name="tearDownClass" finished-at="2026-02-07T00:51:16 IST" duration-ms="51" status="PASS">
          <reporter-output>
          </reporter-output>
        </test-method> <!-- tearDownClass -->
      </class> <!-- com.example.runners.UiTestRunner -->
    </test> <!-- Form Retention Test -->
    <test started-at="2026-02-07T00:51:16 IST" name="Sales List Date Sorting Test" finished-at="2026-02-07T00:51:17 IST" duration-ms="67">
      <class name="com.example.runners.SalesListDateSortingTestRunner">
        <test-method is-config="true" signature="setUpClass(org.testng.ITestContext)[pri:0, instance:com.example.runners.SalesListDateSortingTestRunner@43bc63a3]" started-at="2026-02-07T00:51:16 IST" name="setUpClass" finished-at="2026-02-07T00:51:16 IST" duration-ms="39" status="PASS">
          <params>
            <param index="0">
              <value>
                <![CDATA[org.testng.TestRunner@2a266d09]]>
              </value>
            </param>
          </params>
          <reporter-output>
          </reporter-output>
        </test-method> <!-- setUpClass -->
        <test-method is-config="true" signature="tearDownClass()[pri:0, instance:com.example.runners.SalesListDateSortingTestRunner@43bc63a3]" started-at="2026-02-07T00:51:16 IST" name="tearDownClass" finished-at="2026-02-07T00:51:17 IST" duration-ms="25" status="PASS">
          <reporter-output>
          </reporter-output>
        </test-method> <!-- tearDownClass -->
      </class> <!-- com.example.runners.SalesListDateSortingTestRunner -->
    </test> <!-- Sales List Date Sorting Test -->
  </suite> <!-- Sales Sorting Test Suite -->
</testng-results>
