<?xml version="1.0" encoding="UTF-8"?>
<testng-results ignored="0" total="3" passed="3" failed="0" skipped="0">
  <reporter-output>
  </reporter-output>
  <suite started-at="2026-02-05T17:51:32 IST" name="Plant Sales Automation Suite" finished-at="2026-02-05T17:54:06 IST" duration-ms="154156">
    <groups>
      <group name="cucumber">
        <method signature="AbstractTestNGCucumberTests.runScenario(io.cucumber.testng.PickleWrapper,io.cucumber.testng.FeatureWrapper)[pri:0, instance:com.example.runners.UiTestRunner@3b69e7d1]" name="runScenario" class="io.cucumber.testng.AbstractTestNGCucumberTests"/>
        <method signature="AbstractTestNGCucumberTests.runScenario(io.cucumber.testng.PickleWrapper,io.cucumber.testng.FeatureWrapper)[pri:0, instance:com.example.runners.ApiTestRunner@65e98b1c]" name="runScenario" class="io.cucumber.testng.AbstractTestNGCucumberTests"/>
      </group> <!-- cucumber -->
    </groups>
    <test started-at="2026-02-05T17:51:32 IST" name="UI Tests" finished-at="2026-02-05T17:54:06 IST" duration-ms="154025">
      <class name="com.example.runners.UiTestRunner">
        <test-method is-config="true" signature="setUpClass(org.testng.ITestContext)[pri:0, instance:com.example.runners.UiTestRunner@3b69e7d1]" started-at="2026-02-05T17:51:32 IST" name="setUpClass" finished-at="2026-02-05T17:51:33 IST" duration-ms="940" status="PASS">
          <params>
            <param index="0">
              <value>
                <![CDATA[org.testng.TestRunner@26275bef]]>
              </value>
            </param>
          </params>
          <reporter-output>
          </reporter-output>
        </test-method> <!-- setUpClass -->
        <test-method signature="runScenario(io.cucumber.testng.PickleWrapper,io.cucumber.testng.FeatureWrapper)[pri:0, instance:com.example.runners.UiTestRunner@3b69e7d1]" started-at="2026-02-05T17:51:33 IST" name="runScenario" description="Runs Cucumber Scenarios" data-provider="scenarios" finished-at="2026-02-05T17:51:53 IST" duration-ms="20329" status="PASS">
          <params>
            <param index="0">
              <value>
                <![CDATA["Verify Admin can successfully add a new plant with valid data"]]>
              </value>
            </param>
            <param index="1">
              <value>
                <![CDATA["Plant CRUD Operations"]]>
              </value>
            </param>
          </params>
          <reporter-output>
          </reporter-output>
        </test-method> <!-- runScenario -->
        <test-method signature="runScenario(io.cucumber.testng.PickleWrapper,io.cucumber.testng.FeatureWrapper)[pri:0, instance:com.example.runners.UiTestRunner@3b69e7d1]" started-at="2026-02-05T17:51:53 IST" name="runScenario" description="Runs Cucumber Scenarios" data-provider="scenarios" finished-at="2026-02-05T17:52:20 IST" duration-ms="27026" status="PASS">
          <params>
            <param index="0">
              <value>
                <![CDATA["Verify Admin can successfully delete a plant record from plant list"]]>
              </value>
            </param>
            <param index="1">
              <value>
                <![CDATA["Plant Deletion"]]>
              </value>
            </param>
          </params>
          <reporter-output>
          </reporter-output>
        </test-method> <!-- runScenario -->
        <test-method signature="runScenario(io.cucumber.testng.PickleWrapper,io.cucumber.testng.FeatureWrapper)[pri:0, instance:com.example.runners.UiTestRunner@3b69e7d1]" started-at="2026-02-05T17:52:20 IST" name="runScenario" description="Runs Cucumber Scenarios" data-provider="scenarios" finished-at="2026-02-05T17:54:06 IST" duration-ms="105542" status="PASS">
          <params>
            <param index="0">
              <value>
                <![CDATA["Verify that Plant Name, Sub category, Price, Quantity are mandatory"]]>
              </value>
            </param>
            <param index="1">
              <value>
                <![CDATA["Plant form validation"]]>
              </value>
            </param>
          </params>
          <reporter-output>
          </reporter-output>
        </test-method> <!-- runScenario -->
        <test-method is-config="true" signature="tearDownClass()[pri:0, instance:com.example.runners.UiTestRunner@3b69e7d1]" started-at="2026-02-05T17:54:06 IST" name="tearDownClass" finished-at="2026-02-05T17:54:06 IST" duration-ms="130" status="PASS">
          <reporter-output>
          </reporter-output>
        </test-method> <!-- tearDownClass -->
      </class> <!-- com.example.runners.UiTestRunner -->
    </test> <!-- UI Tests -->
    <test started-at="2026-02-05T17:54:06 IST" name="API Tests" finished-at="2026-02-05T17:54:06 IST" duration-ms="65">
      <class name="com.example.runners.ApiTestRunner">
        <test-method is-config="true" signature="setUpClass(org.testng.ITestContext)[pri:0, instance:com.example.runners.ApiTestRunner@65e98b1c]" started-at="2026-02-05T17:54:06 IST" name="setUpClass" finished-at="2026-02-05T17:54:06 IST" duration-ms="20" status="PASS">
          <params>
            <param index="0">
              <value>
                <![CDATA[org.testng.TestRunner@7690781]]>
              </value>
            </param>
          </params>
          <reporter-output>
          </reporter-output>
        </test-method> <!-- setUpClass -->
        <test-method is-config="true" signature="tearDownClass()[pri:0, instance:com.example.runners.ApiTestRunner@65e98b1c]" started-at="2026-02-05T17:54:06 IST" name="tearDownClass" finished-at="2026-02-05T17:54:06 IST" duration-ms="33" status="PASS">
          <reporter-output>
          </reporter-output>
        </test-method> <!-- tearDownClass -->
      </class> <!-- com.example.runners.ApiTestRunner -->
    </test> <!-- API Tests -->
  </suite> <!-- Plant Sales Automation Suite -->
</testng-results>
