<?xml version="1.0" encoding="UTF-8"?>
<testsuite xmlns:xsi="http://www.w3.org/2001/XMLSchema-instance" xsi:noNamespaceSchemaLocation="https://maven.apache.org/surefire/maven-surefire-plugin/xsd/surefire-test-report-3.0.xsd" version="3.0" name="TestSuite" time="261.589" tests="16" errors="0" skipped="0" failures="7">
  <properties>
[...]
</properties>
  <testcase name="runScenario[&quot;Verify Category selection is a sub-category&quot;, &quot;Plant Category Selection&quot;](1)" classname="com.example.runners.UiTestRunner" time="18.448">
    <system-out><![CDATA[
@ui @plants @TC_UI_PLANT_ADM_004
Scenario: Verify Category selection is a sub-category                                            # src/test/resources/features/ui/plants/plant_category.feature:8
=== Starting UI Test: Verify Category selection is a sub-category ===
  Given user is logged in as admin                                                               # com.example.ui.stepDefinitions.login.LoginSteps.userIsLoggedInAsAdmin()
  And user is on the Plants List page                                                            # com.example.ui.stepDefinitions.login.LoginSteps.userIsOnThePlantsListPage()
  When user clicks on "Add a Plant" button                                                       # com.example.ui.stepDefinitions.plants.PlantListSteps.userClicksOnButton(java.lang.String)
  Then user should be navigated to "Add Plants" page                                             # com.example.ui.stepDefinitions.plants.PlantListSteps.userShouldBeNavigatedToPage(java.lang.String)
Expected Sub-Categories: [Rose, Lotus, Banana, Mango, Rose UK]
Actual Options in Dropdown: [Banana, Lotus, Mango, Rose, Rose UK]
  And the category dropdown should contains sub-categories "Rose, Lotus, Banana, Mango, Rose UK" # com.example.ui.stepDefinitions.plants.PlantCategorySteps.categoryDropdownShouldContainSubCategories(java.lang.String)
  And the category dropdown should not contain main categories "Flower, Fruits, Herbs"           # com.example.ui.stepDefinitions.plants.PlantCategorySteps.categoryDropdownShouldNotContainMainCategories(java.lang.String)
=== Finished UI Test: Verify Category selection is a sub-category ===

]]></system-out>
    <system-err><![CDATA[Feb 06, 2026 5:47:28 PM io.cucumber.core.options.CucumberPropertiesParser lambda$warnWhenCucumberOptionsIsUsed$2
WARNING: Passing commandline options via the property 'cucumber.options' is no longer supported. Please use individual properties instead. See the java doc on io.cucumber.core.options.Constants for details.
Feb 06, 2026 5:47:32 PM org.openqa.selenium.devtools.CdpVersionFinder findNearestMatch
WARNING: Unable to find CDP implementation matching 144
Feb 06, 2026 5:47:32 PM org.openqa.selenium.chromium.ChromiumDriver lambda$new$5
WARNING: Unable to find version of CDP to use for 144.0.7559.133. You may need to include a dependency on a specific version of the CDP using something similar to `org.seleniumhq.selenium:selenium-devtools-v86:4.15.0` where the version ("v86") matches the version of the chromium-based browser you're using and the version number of the artifact is the same as Selenium's.
]]></system-err>
  </testcase>
  <testcase name="runScenario[&quot;Verify Admin can successfully add a new plant with valid data&quot;, &quot;Plant CRUD Operations&quot;](2)" classname="com.example.runners.UiTestRunner" time="10.078">
    <failure message="The step &apos;newly added plant &quot;Red Rose&quot; should be displayed in the plants list&apos; is undefined.&#10;You can implement this step using the snippet(s) below:&#10;&#10;@Then(&quot;newly added plant {string} should be displayed in the plants list&quot;)&#10;public void newly_added_plant_should_be_displayed_in_the_plants_list(String string) {&#10;    // Write code here that turns the phrase above into concrete actions&#10;    throw new io.cucumber.java.PendingException();&#10;}&#10;" type="io.cucumber.testng.UndefinedStepException"><![CDATA[io.cucumber.testng.UndefinedStepException: 
The step 'newly added plant "Red Rose" should be displayed in the plants list' is undefined.
You can implement this step using the snippet(s) below:

@Then("newly added plant {string} should be displayed in the plants list")
public void newly_added_plant_should_be_displayed_in_the_plants_list(String string) {
    // Write code here that turns the phrase above into concrete actions
    throw new io.cucumber.java.PendingException();
}

	at io.cucumber.core.runtime.TestCaseResultObserver.assertTestCasePassed(TestCaseResultObserver.java:69)
	at io.cucumber.testng.TestCaseResultObserver.assertTestCasePassed(TestCaseResultObserver.java:23)
	at io.cucumber.testng.TestNGCucumberRunner.lambda$runScenario$1(TestNGCucumberRunner.java:133)
	at io.cucumber.core.runtime.CucumberExecutionContext.lambda$runTestCase$5(CucumberExecutionContext.java:137)
	at io.cucumber.core.runtime.RethrowingThrowableCollector.executeAndThrow(RethrowingThrowableCollector.java:23)
	at io.cucumber.core.runtime.CucumberExecutionContext.runTestCase(CucumberExecutionContext.java:137)
	at io.cucumber.testng.TestNGCucumberRunner.runScenario(TestNGCucumberRunner.java:129)
	at io.cucumber.testng.AbstractTestNGCucumberTests.runScenario(AbstractTestNGCucumberTests.java:35)
	at java.base/jdk.internal.reflect.DirectMethodHandleAccessor.invoke(DirectMethodHandleAccessor.java:103)
	at java.base/java.lang.reflect.Method.invoke(Method.java:580)
	at org.testng.internal.invokers.MethodInvocationHelper.invokeMethod(MethodInvocationHelper.java:139)
	at org.testng.internal.invokers.TestInvoker.invokeMethod(TestInvoker.java:664)
	at org.testng.internal.invokers.TestInvoker.invokeTestMethod(TestInvoker.java:227)
	at org.testng.internal.invokers.MethodRunner.runInSequence(MethodRunner.java:50)
	at org.testng.internal.invokers.TestInvoker$MethodInvocationAgent.invoke(TestInvoker.java:957)
	at org.testng.internal.invokers.TestInvoker.invokeTestMethods(TestInvoker.java:200)
	at org.testng.internal.invokers.TestMethodWorker.invokeTestMethods(TestMethodWorker.java:148)
	at org.testng.internal.invokers.TestMethodWorker.run(TestMethodWorker.java:128)
	at java.base/java.util.concurrent.ThreadPoolExecutor.runWorker(ThreadPoolExecutor.java:1144)
	at java.base/java.util.concurrent.ThreadPoolExecutor$Worker.run(ThreadPoolExecutor.java:642)
	at java.base/java.lang.Thread.run(Thread.java:1583)
]]></failure>
    <system-out><![CDATA[
@ui @plants @TC_UI_PLANT_ADM_001
Scenario: Verify Admin can successfully add a new plant with valid data   # src/test/resources/features/ui/plants/plant_crud.feature:12
=== Starting UI Test: Verify Admin can successfully add a new plant with valid data ===
  Given user is logged in as admin                                        # com.example.ui.stepDefinitions.login.LoginSteps.userIsLoggedInAsAdmin()
  And user is on the Plants List page                                     # com.example.ui.stepDefinitions.login.LoginSteps.userIsOnThePlantsListPage()
  When user clicks on "Add a Plant" button                                # com.example.ui.stepDefinitions.plants.PlantListSteps.userClicksOnButton(java.lang.String)
  Then user should be navigated to "Add Plants" page                      # com.example.ui.stepDefinitions.plants.PlantListSteps.userShouldBeNavigatedToPage(java.lang.String)
  When user enters plant name as "Red Rose"                               # com.example.ui.stepDefinitions.plants.PlantCRUDSteps.userEntersPlantNameAs(java.lang.String)
  And user selects sub category as "Rose UK"                              # com.example.ui.stepDefinitions.plants.PlantCRUDSteps.userSelectsSubCategoryAs(java.lang.String)
  And user enters price as "2000"                                         # com.example.ui.stepDefinitions.plants.PlantCRUDSteps.userEntersPriceAs(java.lang.String)
  And user enters quantity as "12"                                        # com.example.ui.stepDefinitions.plants.PlantCRUDSteps.userEntersQuantityAs(java.lang.String)
  And user clicks on "save" button                                        # com.example.ui.stepDefinitions.plants.PlantListSteps.userClicksOnButton(java.lang.String)

===== DEBUG: Success Message Check =====
Expected Message: Plant added successfully
Actual Message: Plant added successfully
Page URL: http://localhost:8080/ui/plants
========================================

  Then a success message "Plant added successfully" should be displayed   # com.example.ui.stepDefinitions.plants.PlantCRUDSteps.aSuccessMessageShouldBeDisplayed(java.lang.String)
  And user should be redirected to "/ui/plants" page                      # com.example.ui.stepDefinitions.plants.PlantListSteps.userShouldBeRedirectedToPage(java.lang.String)
  And newly added plant "Red Rose" should be displayed in the plants list
✔ Cleaned up plant: Red Rose
=== Finished UI Test: Verify Admin can successfully add a new plant with valid data ===

]]></system-out>
    <system-err><![CDATA[Feb 06, 2026 5:47:49 PM org.openqa.selenium.devtools.CdpVersionFinder findNearestMatch
WARNING: Unable to find CDP implementation matching 144
Feb 06, 2026 5:47:49 PM org.openqa.selenium.chromium.ChromiumDriver lambda$new$5
WARNING: Unable to find version of CDP to use for 144.0.7559.133. You may need to include a dependency on a specific version of the CDP using something similar to `org.seleniumhq.selenium:selenium-devtools-v86:4.15.0` where the version ("v86") matches the version of the chromium-based browser you're using and the version number of the artifact is the same as Selenium's.
]]></system-err>
  </testcase>
  <testcase name="runScenario[&quot;Verify Admin can successfully delete a plant record from plant list&quot;, &quot;Plant Deletion&quot;](3)" classname="com.example.runners.UiTestRunner" time="8.67">
    <system-out><![CDATA[
@ui @plants @TC_UI_PLANT_ADM_003
Scenario: Verify Admin can successfully delete a plant record from plant list              # src/test/resources/features/ui/plants/plant_delete.feature:5
=== Starting UI Test: Verify Admin can successfully delete a plant record from plant list ===
  Given user is logged in as admin                                                         # com.example.ui.stepDefinitions.login.LoginSteps.userIsLoggedInAsAdmin()
  And user is on the Plants List page                                                      # com.example.ui.stepDefinitions.login.LoginSteps.userIsOnThePlantsListPage()
  And a plant "Test Delete Plant" exists in the list                                       # com.example.ui.stepDefinitions.plants.PlantDeleteSteps.aPlantExistsInTheList(java.lang.String)
=== Deleting Plant: Test Delete Plant ===
  When user clicks delete button for plant "Test Delete Plant"                             # com.example.ui.stepDefinitions.plants.PlantDeleteSteps.userClicksDeleteButtonForPlant(java.lang.String)
=== Confirming Delete Action ===
  And user confirms the delete action                                                      # com.example.ui.stepDefinitions.plants.PlantDeleteSteps.userConfirmsTheDeleteAction()

===== DEBUG: Success Message Check =====
Expected Message: Plant deleted successfully
Actual Message: Plant deleted successfully
Page URL: http://localhost:8080/ui/plants
========================================

  Then a success message "Plant deleted successfully" should be displayed                  # com.example.ui.stepDefinitions.plants.PlantCRUDSteps.aSuccessMessageShouldBeDisplayed(java.lang.String)
=== Verifying Plant Deletion: Test Delete Plant ===
  And the deleted plant "Test Delete Plant" should no longer be visible in the plants list # com.example.ui.stepDefinitions.plants.PlantDeleteSteps.deletedPlantShouldNotBeVisibleInList(java.lang.String)
=== Finished UI Test: Verify Admin can successfully delete a plant record from plant list ===

]]></system-out>
    <system-err><![CDATA[Feb 06, 2026 5:47:59 PM org.openqa.selenium.devtools.CdpVersionFinder findNearestMatch
WARNING: Unable to find CDP implementation matching 144
Feb 06, 2026 5:47:59 PM org.openqa.selenium.chromium.ChromiumDriver lambda$new$5
WARNING: Unable to find version of CDP to use for 144.0.7559.133. You may need to include a dependency on a specific version of the CDP using something similar to `org.seleniumhq.selenium:selenium-devtools-v86:4.15.0` where the version ("v86") matches the version of the chromium-based browser you're using and the version number of the artifact is the same as Selenium's.
]]></system-err>
  </testcase>
  <testcase name="runScenario[&quot;Verify plant search by name&quot;, &quot;Plant List Management&quot;](4)" classname="com.example.runners.UiTestRunner" time="9.947">
    <system-out><![CDATA[
@TC_UI_PLANT_USER_007 @ui
Scenario Outline: Verify plant search by name               # src/test/resources/features/ui/plants/plant_list.feature:13
=== Starting UI Test: Verify plant search by name ===
  Given I am logged in as "user"                            # com.example.ui.stepDefinitions.login.LoginSteps.iAmLoggedInAs(java.lang.String)
  And user clicks on "Plants" button                        # com.example.ui.stepDefinitions.plants.PlantListSteps.userClicksOnButton(java.lang.String)
  When user enters "Rose" in the search field               # com.example.ui.stepDefinitions.plants.PlantListSteps.userEntersInTheSearchField(java.lang.String)
  And user clicks on "Search" button                        # com.example.ui.stepDefinitions.plants.PlantListSteps.userClicksOnButton(java.lang.String)
  Then the plant list should display plants matching "Rose" # com.example.ui.stepDefinitions.plants.PlantListSteps.thePlantListShouldDisplayPlantsMatching(java.lang.String)
=== Finished UI Test: Verify plant search by name ===

]]></system-out>
    <system-err><![CDATA[Feb 06, 2026 5:48:08 PM org.openqa.selenium.devtools.CdpVersionFinder findNearestMatch
WARNING: Unable to find CDP implementation matching 144
Feb 06, 2026 5:48:08 PM org.openqa.selenium.chromium.ChromiumDriver lambda$new$5
WARNING: Unable to find version of CDP to use for 144.0.7559.133. You may need to include a dependency on a specific version of the CDP using something similar to `org.seleniumhq.selenium:selenium-devtools-v86:4.15.0` where the version ("v86") matches the version of the chromium-based browser you're using and the version number of the artifact is the same as Selenium's.
]]></system-err>
  </testcase>
  <testcase name="runScenario[&quot;Verify plant search by name&quot;, &quot;Plant List Management&quot;](5)" classname="com.example.runners.UiTestRunner" time="10.067">
    <failure message="No plants displayed after searching for: Yellow Rose" type="java.lang.AssertionError"><![CDATA[java.lang.AssertionError: No plants displayed after searching for: Yellow Rose
	at com.example.ui.stepDefinitions.plants.PlantListSteps.thePlantListShouldDisplayPlantsMatching(PlantListSteps.java:218)
	at ✽.the plant list should display plants matching "Yellow Rose"(file:///E:/ITFac_Batch21_Group53/src/test/resources/features/ui/plants/plant_list.feature:9)
]]></failure>
    <system-out><![CDATA[
@TC_UI_PLANT_USER_007 @ui
Scenario Outline: Verify plant search by name                      # src/test/resources/features/ui/plants/plant_list.feature:14
=== Starting UI Test: Verify plant search by name ===
  Given I am logged in as "user"                                   # com.example.ui.stepDefinitions.login.LoginSteps.iAmLoggedInAs(java.lang.String)
  And user clicks on "Plants" button                               # com.example.ui.stepDefinitions.plants.PlantListSteps.userClicksOnButton(java.lang.String)
  When user enters "Yellow Rose" in the search field               # com.example.ui.stepDefinitions.plants.PlantListSteps.userEntersInTheSearchField(java.lang.String)
  And user clicks on "Search" button                               # com.example.ui.stepDefinitions.plants.PlantListSteps.userClicksOnButton(java.lang.String)
  Then the plant list should display plants matching "Yellow Rose" # com.example.ui.stepDefinitions.plants.PlantListSteps.thePlantListShouldDisplayPlantsMatching(java.lang.String)
      java.lang.AssertionError: No plants displayed after searching for: Yellow Rose
	at com.example.ui.stepDefinitions.plants.PlantListSteps.thePlantListShouldDisplayPlantsMatching(PlantListSteps.java:218)
	at ✽.the plant list should display plants matching "Yellow Rose"(file:///E:/ITFac_Batch21_Group53/src/test/resources/features/ui/plants/plant_list.feature:9)

Test FAILED: Verify plant search by name

    Embedding Verify plant search by name [image/png 51877 bytes]

=== Finished UI Test: Verify plant search by name ===

]]></system-out>
    <system-err><![CDATA[Feb 06, 2026 5:48:18 PM org.openqa.selenium.devtools.CdpVersionFinder findNearestMatch
WARNING: Unable to find CDP implementation matching 144
Feb 06, 2026 5:48:18 PM org.openqa.selenium.chromium.ChromiumDriver lambda$new$5
WARNING: Unable to find version of CDP to use for 144.0.7559.133. You may need to include a dependency on a specific version of the CDP using something similar to `org.seleniumhq.selenium:selenium-devtools-v86:4.15.0` where the version ("v86") matches the version of the chromium-based browser you're using and the version number of the artifact is the same as Selenium's.
]]></system-err>
  </testcase>
  <testcase name="runScenario[&quot;Verify &quot;Low&quot; badge for plants with low stock&quot;, &quot;Plant List Management&quot;](6)" classname="com.example.runners.UiTestRunner" time="8.341">
    <system-out><![CDATA[
@TC_UI_PLANT_USER_008 @ui
Scenario: Verify "Low" badge for plants with low stock                          # src/test/resources/features/ui/plants/plant_list.feature:17
=== Starting UI Test: Verify "Low" badge for plants with low stock ===
  Given user is logged in as admin                                              # com.example.ui.stepDefinitions.login.LoginSteps.userIsLoggedInAsAdmin()
  When user clicks on "Plants" button                                           # com.example.ui.stepDefinitions.plants.PlantListSteps.userClicksOnButton(java.lang.String)
  Then user should be redirected to "/ui/plants" page                           # com.example.ui.stepDefinitions.plants.PlantListSteps.userShouldBeRedirectedToPage(java.lang.String)
  And I should see a plant with quantity less than 5 displaying a "Low" badge   # com.example.ui.stepDefinitions.plants.PlantListSteps.verifyLowStockBadge(int,java.lang.String)
  And I should see a plant with quantity 5 or more not displaying a "Low" badge # com.example.ui.stepDefinitions.plants.PlantListSteps.verifyNoLowStockBadge(int,java.lang.String)
=== Finished UI Test: Verify "Low" badge for plants with low stock ===

]]></system-out>
    <system-err><![CDATA[Feb 06, 2026 5:48:28 PM org.openqa.selenium.devtools.CdpVersionFinder findNearestMatch
WARNING: Unable to find CDP implementation matching 144
Feb 06, 2026 5:48:28 PM org.openqa.selenium.chromium.ChromiumDriver lambda$new$5
WARNING: Unable to find version of CDP to use for 144.0.7559.133. You may need to include a dependency on a specific version of the CDP using something similar to `org.seleniumhq.selenium:selenium-devtools-v86:4.15.0` where the version ("v86") matches the version of the chromium-based browser you're using and the version number of the artifact is the same as Selenium's.
]]></system-err>
  </testcase>
  <testcase name="runScenario[&quot;Verify &quot;Low&quot; badge for plants with low stock (User)&quot;, &quot;Plant List Management&quot;](7)" classname="com.example.runners.UiTestRunner" time="7.475">
    <system-out><![CDATA[
@TC_UI_PLANT_USER_008_USER @ui
Scenario: Verify "Low" badge for plants with low stock (User)                   # src/test/resources/features/ui/plants/plant_list.feature:25
=== Starting UI Test: Verify "Low" badge for plants with low stock (User) ===
  Given I am logged in as "user"                                                # com.example.ui.stepDefinitions.login.LoginSteps.iAmLoggedInAs(java.lang.String)
  When user clicks on "Plants" button                                           # com.example.ui.stepDefinitions.plants.PlantListSteps.userClicksOnButton(java.lang.String)
  Then user should be redirected to "/ui/plants" page                           # com.example.ui.stepDefinitions.plants.PlantListSteps.userShouldBeRedirectedToPage(java.lang.String)
  And I should see a plant with quantity less than 5 displaying a "Low" badge   # com.example.ui.stepDefinitions.plants.PlantListSteps.verifyLowStockBadge(int,java.lang.String)
  And I should see a plant with quantity 5 or more not displaying a "Low" badge # com.example.ui.stepDefinitions.plants.PlantListSteps.verifyNoLowStockBadge(int,java.lang.String)
=== Finished UI Test: Verify "Low" badge for plants with low stock (User) ===

]]></system-out>
    <system-err><![CDATA[Feb 06, 2026 5:48:36 PM org.openqa.selenium.devtools.CdpVersionFinder findNearestMatch
WARNING: Unable to find CDP implementation matching 144
Feb 06, 2026 5:48:36 PM org.openqa.selenium.chromium.ChromiumDriver lambda$new$5
WARNING: Unable to find version of CDP to use for 144.0.7559.133. You may need to include a dependency on a specific version of the CDP using something similar to `org.seleniumhq.selenium:selenium-devtools-v86:4.15.0` where the version ("v86") matches the version of the chromium-based browser you're using and the version number of the artifact is the same as Selenium's.
]]></system-err>
  </testcase>
  <testcase name="runScenario[&quot;Verify plant list sorting properties&quot;, &quot;Plant List Management&quot;](8)" classname="com.example.runners.UiTestRunner" time="8.448">
    <failure message="List is NOT sorted by Name in Ascending order." type="java.lang.AssertionError"><![CDATA[java.lang.AssertionError: List is NOT sorted by Name in Ascending order.
	at com.example.ui.stepDefinitions.plants.PlantListSteps.theListShouldBeSortedByInOrder(PlantListSteps.java:142)
	at ✽.the list should be sorted by "Name" in "Ascending" order(file:///E:/ITFac_Batch21_Group53/src/test/resources/features/ui/plants/plant_list.feature:37)
]]></failure>
    <system-out><![CDATA[
@TC_UI_PLANT_USER_009 @ui
Scenario Outline: Verify plant list sorting properties          # src/test/resources/features/ui/plants/plant_list.feature:41
=== Starting UI Test: Verify plant list sorting properties ===
  Given I am logged in as "user"                                # com.example.ui.stepDefinitions.login.LoginSteps.iAmLoggedInAs(java.lang.String)
  And user clicks on "Plants" button                            # com.example.ui.stepDefinitions.plants.PlantListSteps.userClicksOnButton(java.lang.String)
  When user sorts the list by "Name"                            # com.example.ui.stepDefinitions.plants.PlantListSteps.userSortsTheListBy(java.lang.String)
  Then the list should be sorted by "Name" in "Ascending" order # com.example.ui.stepDefinitions.plants.PlantListSteps.theListShouldBeSortedByInOrder(java.lang.String,java.lang.String)
      java.lang.AssertionError: List is NOT sorted by Name in Ascending order.
	at com.example.ui.stepDefinitions.plants.PlantListSteps.theListShouldBeSortedByInOrder(PlantListSteps.java:142)
	at ✽.the list should be sorted by "Name" in "Ascending" order(file:///E:/ITFac_Batch21_Group53/src/test/resources/features/ui/plants/plant_list.feature:37)

Test FAILED: Verify plant list sorting properties

    Embedding Verify plant list sorting properties [image/png 51877 bytes]

=== Finished UI Test: Verify plant list sorting properties ===

]]></system-out>
    <system-err><![CDATA[Feb 06, 2026 5:48:44 PM org.openqa.selenium.devtools.CdpVersionFinder findNearestMatch
WARNING: Unable to find CDP implementation matching 144
Feb 06, 2026 5:48:44 PM org.openqa.selenium.chromium.ChromiumDriver lambda$new$5
WARNING: Unable to find version of CDP to use for 144.0.7559.133. You may need to include a dependency on a specific version of the CDP using something similar to `org.seleniumhq.selenium:selenium-devtools-v86:4.15.0` where the version ("v86") matches the version of the chromium-based browser you're using and the version number of the artifact is the same as Selenium's.
]]></system-err>
  </testcase>
  <testcase name="runScenario[&quot;Verify plant list sorting properties&quot;, &quot;Plant List Management&quot;](9)" classname="com.example.runners.UiTestRunner" time="8.483">
    <system-out><![CDATA[
@TC_UI_PLANT_USER_009 @ui
Scenario Outline: Verify plant list sorting properties           # src/test/resources/features/ui/plants/plant_list.feature:42
=== Starting UI Test: Verify plant list sorting properties ===
  Given I am logged in as "user"                                 # com.example.ui.stepDefinitions.login.LoginSteps.iAmLoggedInAs(java.lang.String)
  And user clicks on "Plants" button                             # com.example.ui.stepDefinitions.plants.PlantListSteps.userClicksOnButton(java.lang.String)
  When user sorts the list by "Price"                            # com.example.ui.stepDefinitions.plants.PlantListSteps.userSortsTheListBy(java.lang.String)
  Then the list should be sorted by "Price" in "Ascending" order # com.example.ui.stepDefinitions.plants.PlantListSteps.theListShouldBeSortedByInOrder(java.lang.String,java.lang.String)
=== Finished UI Test: Verify plant list sorting properties ===

]]></system-out>
    <system-err><![CDATA[Feb 06, 2026 5:48:52 PM org.openqa.selenium.devtools.CdpVersionFinder findNearestMatch
WARNING: Unable to find CDP implementation matching 144
Feb 06, 2026 5:48:52 PM org.openqa.selenium.chromium.ChromiumDriver lambda$new$5
WARNING: Unable to find version of CDP to use for 144.0.7559.133. You may need to include a dependency on a specific version of the CDP using something similar to `org.seleniumhq.selenium:selenium-devtools-v86:4.15.0` where the version ("v86") matches the version of the chromium-based browser you're using and the version number of the artifact is the same as Selenium's.
]]></system-err>
  </testcase>
  <testcase name="runScenario[&quot;Verify plant list sorting properties&quot;, &quot;Plant List Management&quot;](10)" classname="com.example.runners.UiTestRunner" time="17.477">
    <failure message="Could not find sort link for column: Quantity" type="java.lang.RuntimeException"><![CDATA[java.lang.RuntimeException: Could not find sort link for column: Quantity
	at com.example.ui.pages.plants.PlantListPage.clickSortByColumn(PlantListPage.java:218)
	at com.example.ui.stepDefinitions.plants.PlantListSteps.userSortsTheListBy(PlantListSteps.java:108)
	at ✽.user sorts the list by "Quantity"(file:///E:/ITFac_Batch21_Group53/src/test/resources/features/ui/plants/plant_list.feature:36)
]]></failure>
    <system-out><![CDATA[
@TC_UI_PLANT_USER_009 @ui
Scenario Outline: Verify plant list sorting properties              # src/test/resources/features/ui/plants/plant_list.feature:43
=== Starting UI Test: Verify plant list sorting properties ===
  Given I am logged in as "user"                                    # com.example.ui.stepDefinitions.login.LoginSteps.iAmLoggedInAs(java.lang.String)
  And user clicks on "Plants" button                                # com.example.ui.stepDefinitions.plants.PlantListSteps.userClicksOnButton(java.lang.String)
Could not find sort link for column: Quantity - Expected condition failed: waiting for element to be clickable: By.xpath: //th[contains(., 'Quantity')]//a (tried for 10 second(s) with 500 milliseconds interval)
Build info: version: '4.15.0', revision: '1d14b5521b'
System info: os.name: 'Windows 10', os.arch: 'amd64', os.version: '10.0', java.version: '21.0.9'
Driver info: org.openqa.selenium.chrome.ChromeDriver
Capabilities {acceptInsecureCerts: false, browserName: chrome, browserVersion: 144.0.7559.133, chrome: {chromedriverVersion: 144.0.7559.133 (7da823b1d59..., userDataDir: C:\Users\user\AppData\Local...}, fedcm:accounts: true, goog:chromeOptions: {debuggerAddress: localhost:56629}, goog:processID: 12864, networkConnectionEnabled: false, pageLoadStrategy: normal, platformName: windows, proxy: Proxy(), se:cdp: ws://localhost:56629/devtoo..., se:cdpVersion: 144.0.7559.133, setWindowRect: true, strictFileInteractability: false, timeouts: {implicit: 0, pageLoad: 300000, script: 30000}, unhandledPromptBehavior: dismiss and notify, webauthn:extension:credBlob: true, webauthn:extension:largeBlob: true, webauthn:extension:minPinLength: true, webauthn:extension:prf: true, webauthn:virtualAuthenticators: true}
Session ID: 73d4ccbcd7b2d8c73089f8798a891195
  When user sorts the list by "Quantity"                            # com.example.ui.stepDefinitions.plants.PlantListSteps.userSortsTheListBy(java.lang.String)
      java.lang.RuntimeException: Could not find sort link for column: Quantity
	at com.example.ui.pages.plants.PlantListPage.clickSortByColumn(PlantListPage.java:218)
	at com.example.ui.stepDefinitions.plants.PlantListSteps.userSortsTheListBy(PlantListSteps.java:108)
	at ✽.user sorts the list by "Quantity"(file:///E:/ITFac_Batch21_Group53/src/test/resources/features/ui/plants/plant_list.feature:36)

  Then the list should be sorted by "Quantity" in "Ascending" order # com.example.ui.stepDefinitions.plants.PlantListSteps.theListShouldBeSortedByInOrder(java.lang.String,java.lang.String)
Test FAILED: Verify plant list sorting properties

    Embedding Verify plant list sorting properties [image/png 51877 bytes]

=== Finished UI Test: Verify plant list sorting properties ===

]]></system-out>
    <system-err><![CDATA[Feb 06, 2026 5:49:01 PM org.openqa.selenium.devtools.CdpVersionFinder findNearestMatch
WARNING: Unable to find CDP implementation matching 144
Feb 06, 2026 5:49:01 PM org.openqa.selenium.chromium.ChromiumDriver lambda$new$5
WARNING: Unable to find version of CDP to use for 144.0.7559.133. You may need to include a dependency on a specific version of the CDP using something similar to `org.seleniumhq.selenium:selenium-devtools-v86:4.15.0` where the version ("v86") matches the version of the chromium-based browser you're using and the version number of the artifact is the same as Selenium's.
]]></system-err>
  </testcase>
  <testcase name="runScenario[&quot;Verify plant list sorting properties&quot;, &quot;Plant List Management&quot;](11)" classname="com.example.runners.UiTestRunner" time="8.473">
    <system-out><![CDATA[
@TC_UI_PLANT_USER_009 @ui
Scenario Outline: Verify plant list sorting properties           # src/test/resources/features/ui/plants/plant_list.feature:44
=== Starting UI Test: Verify plant list sorting properties ===
  Given I am logged in as "user"                                 # com.example.ui.stepDefinitions.login.LoginSteps.iAmLoggedInAs(java.lang.String)
  And user clicks on "Plants" button                             # com.example.ui.stepDefinitions.plants.PlantListSteps.userClicksOnButton(java.lang.String)
  When user sorts the list by "Name"                             # com.example.ui.stepDefinitions.plants.PlantListSteps.userSortsTheListBy(java.lang.String)
  Then the list should be sorted by "Name" in "Descending" order # com.example.ui.stepDefinitions.plants.PlantListSteps.theListShouldBeSortedByInOrder(java.lang.String,java.lang.String)
=== Finished UI Test: Verify plant list sorting properties ===

]]></system-out>
    <system-err><![CDATA[Feb 06, 2026 5:49:18 PM org.openqa.selenium.devtools.CdpVersionFinder findNearestMatch
WARNING: Unable to find CDP implementation matching 144
Feb 06, 2026 5:49:18 PM org.openqa.selenium.chromium.ChromiumDriver lambda$new$5
WARNING: Unable to find version of CDP to use for 144.0.7559.133. You may need to include a dependency on a specific version of the CDP using something similar to `org.seleniumhq.selenium:selenium-devtools-v86:4.15.0` where the version ("v86") matches the version of the chromium-based browser you're using and the version number of the artifact is the same as Selenium's.
]]></system-err>
  </testcase>
  <testcase name="runScenario[&quot;Verify plant list sorting properties&quot;, &quot;Plant List Management&quot;](12)" classname="com.example.runners.UiTestRunner" time="8.617">
    <failure message="List is NOT sorted by Price in Descending order." type="java.lang.AssertionError"><![CDATA[java.lang.AssertionError: List is NOT sorted by Price in Descending order.
	at com.example.ui.stepDefinitions.plants.PlantListSteps.theListShouldBeSortedByInOrder(PlantListSteps.java:142)
	at ✽.the list should be sorted by "Price" in "Descending" order(file:///E:/ITFac_Batch21_Group53/src/test/resources/features/ui/plants/plant_list.feature:37)
]]></failure>
    <system-out><![CDATA[
@TC_UI_PLANT_USER_009 @ui
Scenario Outline: Verify plant list sorting properties            # src/test/resources/features/ui/plants/plant_list.feature:45
=== Starting UI Test: Verify plant list sorting properties ===
  Given I am logged in as "user"                                  # com.example.ui.stepDefinitions.login.LoginSteps.iAmLoggedInAs(java.lang.String)
  And user clicks on "Plants" button                              # com.example.ui.stepDefinitions.plants.PlantListSteps.userClicksOnButton(java.lang.String)
  When user sorts the list by "Price"                             # com.example.ui.stepDefinitions.plants.PlantListSteps.userSortsTheListBy(java.lang.String)
  Then the list should be sorted by "Price" in "Descending" order # com.example.ui.stepDefinitions.plants.PlantListSteps.theListShouldBeSortedByInOrder(java.lang.String,java.lang.String)
      java.lang.AssertionError: List is NOT sorted by Price in Descending order.
	at com.example.ui.stepDefinitions.plants.PlantListSteps.theListShouldBeSortedByInOrder(PlantListSteps.java:142)
	at ✽.the list should be sorted by "Price" in "Descending" order(file:///E:/ITFac_Batch21_Group53/src/test/resources/features/ui/plants/plant_list.feature:37)

Test FAILED: Verify plant list sorting properties

    Embedding Verify plant list sorting properties [image/png 51877 bytes]

=== Finished UI Test: Verify plant list sorting properties ===

]]></system-out>
    <system-err><![CDATA[Feb 06, 2026 5:49:26 PM org.openqa.selenium.devtools.CdpVersionFinder findNearestMatch
WARNING: Unable to find CDP implementation matching 144
Feb 06, 2026 5:49:26 PM org.openqa.selenium.chromium.ChromiumDriver lambda$new$5
WARNING: Unable to find version of CDP to use for 144.0.7559.133. You may need to include a dependency on a specific version of the CDP using something similar to `org.seleniumhq.selenium:selenium-devtools-v86:4.15.0` where the version ("v86") matches the version of the chromium-based browser you're using and the version number of the artifact is the same as Selenium's.
]]></system-err>
  </testcase>
  <testcase name="runScenario[&quot;Verify plant list sorting properties&quot;, &quot;Plant List Management&quot;](13)" classname="com.example.runners.UiTestRunner" time="16.945">
    <failure message="Could not find sort link for column: Quantity" type="java.lang.RuntimeException"><![CDATA[java.lang.RuntimeException: Could not find sort link for column: Quantity
	at com.example.ui.pages.plants.PlantListPage.clickSortByColumn(PlantListPage.java:218)
	at com.example.ui.stepDefinitions.plants.PlantListSteps.userSortsTheListBy(PlantListSteps.java:108)
	at ✽.user sorts the list by "Quantity"(file:///E:/ITFac_Batch21_Group53/src/test/resources/features/ui/plants/plant_list.feature:36)
]]></failure>
    <system-out><![CDATA[
@TC_UI_PLANT_USER_009 @ui
Scenario Outline: Verify plant list sorting properties               # src/test/resources/features/ui/plants/plant_list.feature:46
=== Starting UI Test: Verify plant list sorting properties ===
  Given I am logged in as "user"                                     # com.example.ui.stepDefinitions.login.LoginSteps.iAmLoggedInAs(java.lang.String)
  And user clicks on "Plants" button                                 # com.example.ui.stepDefinitions.plants.PlantListSteps.userClicksOnButton(java.lang.String)
Could not find sort link for column: Quantity - Expected condition failed: waiting for element to be clickable: By.xpath: //th[contains(., 'Quantity')]//a (tried for 10 second(s) with 500 milliseconds interval)
Build info: version: '4.15.0', revision: '1d14b5521b'
System info: os.name: 'Windows 10', os.arch: 'amd64', os.version: '10.0', java.version: '21.0.9'
Driver info: org.openqa.selenium.chrome.ChromeDriver
Capabilities {acceptInsecureCerts: false, browserName: chrome, browserVersion: 144.0.7559.133, chrome: {chromedriverVersion: 144.0.7559.133 (7da823b1d59..., userDataDir: C:\Users\user\AppData\Local...}, fedcm:accounts: true, goog:chromeOptions: {debuggerAddress: localhost:56724}, goog:processID: 25984, networkConnectionEnabled: false, pageLoadStrategy: normal, platformName: windows, proxy: Proxy(), se:cdp: ws://localhost:56724/devtoo..., se:cdpVersion: 144.0.7559.133, setWindowRect: true, strictFileInteractability: false, timeouts: {implicit: 0, pageLoad: 300000, script: 30000}, unhandledPromptBehavior: dismiss and notify, webauthn:extension:credBlob: true, webauthn:extension:largeBlob: true, webauthn:extension:minPinLength: true, webauthn:extension:prf: true, webauthn:virtualAuthenticators: true}
Session ID: dfbaecc3634d4ae726474f878da20c1e
  When user sorts the list by "Quantity"                             # com.example.ui.stepDefinitions.plants.PlantListSteps.userSortsTheListBy(java.lang.String)
      java.lang.RuntimeException: Could not find sort link for column: Quantity
	at com.example.ui.pages.plants.PlantListPage.clickSortByColumn(PlantListPage.java:218)
	at com.example.ui.stepDefinitions.plants.PlantListSteps.userSortsTheListBy(PlantListSteps.java:108)
	at ✽.user sorts the list by "Quantity"(file:///E:/ITFac_Batch21_Group53/src/test/resources/features/ui/plants/plant_list.feature:36)

  Then the list should be sorted by "Quantity" in "Descending" order # com.example.ui.stepDefinitions.plants.PlantListSteps.theListShouldBeSortedByInOrder(java.lang.String,java.lang.String)
Test FAILED: Verify plant list sorting properties

    Embedding Verify plant list sorting properties [image/png 51877 bytes]

=== Finished UI Test: Verify plant list sorting properties ===

]]></system-out>
    <system-err><![CDATA[Feb 06, 2026 5:49:35 PM org.openqa.selenium.devtools.CdpVersionFinder findNearestMatch
WARNING: Unable to find CDP implementation matching 144
Feb 06, 2026 5:49:35 PM org.openqa.selenium.chromium.ChromiumDriver lambda$new$5
WARNING: Unable to find version of CDP to use for 144.0.7559.133. You may need to include a dependency on a specific version of the CDP using something similar to `org.seleniumhq.selenium:selenium-devtools-v86:4.15.0` where the version ("v86") matches the version of the chromium-based browser you're using and the version number of the artifact is the same as Selenium's.
]]></system-err>
  </testcase>
  <testcase name="runScenario[&quot;Verify filter plant by category&quot;, &quot;Plant List Management&quot;](14)" classname="com.example.runners.UiTestRunner" time="9.123">
    <system-out><![CDATA[
@TC_UI_PLANT_USER_010 @ui
Scenario: Verify filter plant by category                    # src/test/resources/features/ui/plants/plant_list.feature:49
=== Starting UI Test: Verify filter plant by category ===
  Given I am logged in as "user"                             # com.example.ui.stepDefinitions.login.LoginSteps.iAmLoggedInAs(java.lang.String)
  And user clicks on "Plants" button                         # com.example.ui.stepDefinitions.plants.PlantListSteps.userClicksOnButton(java.lang.String)
  When user selects "Mango" from category dropdown           # com.example.ui.stepDefinitions.plants.PlantListSteps.userSelectsFromCategoryDropdown(java.lang.String)
  And user clicks on "Search" button                         # com.example.ui.stepDefinitions.plants.PlantListSteps.userClicksOnButton(java.lang.String)
  Then only plants with category "Mango" should be displayed # com.example.ui.stepDefinitions.plants.PlantListSteps.onlyPlantsWithCategoryShouldBeDisplayed(java.lang.String)
=== Finished UI Test: Verify filter plant by category ===

]]></system-out>
    <system-err><![CDATA[Feb 06, 2026 5:49:52 PM org.openqa.selenium.devtools.CdpVersionFinder findNearestMatch
WARNING: Unable to find CDP implementation matching 144
Feb 06, 2026 5:49:52 PM org.openqa.selenium.chromium.ChromiumDriver lambda$new$5
WARNING: Unable to find version of CDP to use for 144.0.7559.133. You may need to include a dependency on a specific version of the CDP using something similar to `org.seleniumhq.selenium:selenium-devtools-v86:4.15.0` where the version ("v86") matches the version of the chromium-based browser you're using and the version number of the artifact is the same as Selenium's.
]]></system-err>
  </testcase>
  <testcase name="runScenario[&quot;Verify that admin can successfully edit existing plant data with valid input data&quot;, &quot;Plant List Management&quot;](15)" classname="com.example.runners.UiTestRunner" time="9.205">
    <failure message="Plant Rose UK not found in the list after update expected [true] but found [false]" type="java.lang.AssertionError"><![CDATA[java.lang.AssertionError: Plant Rose UK not found in the list after update expected [true] but found [false]
	at org.testng.Assert.fail(Assert.java:111)
	at org.testng.Assert.failNotEquals(Assert.java:1578)
	at org.testng.Assert.assertTrue(Assert.java:57)
	at com.example.ui.stepDefinitions.plants.PlantCRUDSteps.plantShouldBeUpdatedWith(PlantCRUDSteps.java:91)
	at ✽.plant "Rose UK" should be updated with category "Rose", price "3000", and quantity "20"(file:///E:/ITFac_Batch21_Group53/src/test/resources/features/ui/plants/plant_list.feature:66)
]]></failure>
    <system-out><![CDATA[
@TC_UI_PLANT_ADM_005 @ui
Scenario: Verify that admin can successfully edit existing plant data with valid input data   # src/test/resources/features/ui/plants/plant_list.feature:57
=== Starting UI Test: Verify that admin can successfully edit existing plant data with valid input data ===
  Given user is logged in as admin                                                            # com.example.ui.stepDefinitions.login.LoginSteps.userIsLoggedInAsAdmin()
  And user clicks on "Plants" button                                                          # com.example.ui.stepDefinitions.plants.PlantListSteps.userClicksOnButton(java.lang.String)
  When admin clicks on edit icon for plant "Rose UK"                                          # com.example.ui.stepDefinitions.plants.PlantCRUDSteps.adminClicksOnEditIconForPlant(java.lang.String)
  And user selects sub category as "Rose"                                                     # com.example.ui.stepDefinitions.plants.PlantCRUDSteps.userSelectsSubCategoryAs(java.lang.String)
  And user enters price as "3000"                                                             # com.example.ui.stepDefinitions.plants.PlantCRUDSteps.userEntersPriceAs(java.lang.String)
  And user enters quantity as "20"                                                            # com.example.ui.stepDefinitions.plants.PlantCRUDSteps.userEntersQuantityAs(java.lang.String)
  And user clicks on "save" button                                                            # com.example.ui.stepDefinitions.plants.PlantListSteps.userClicksOnButton(java.lang.String)

===== DEBUG: Success Message Check =====
Expected Message: Plant updated successfully
Actual Message: Plant updated successfully
Page URL: http://localhost:8080/ui/plants
========================================

  Then a success message "Plant updated successfully" should be displayed                     # com.example.ui.stepDefinitions.plants.PlantCRUDSteps.aSuccessMessageShouldBeDisplayed(java.lang.String)
  And plant "Rose UK" should be updated with category "Rose", price "3000", and quantity "20" # com.example.ui.stepDefinitions.plants.PlantCRUDSteps.plantShouldBeUpdatedWith(java.lang.String,java.lang.String,java.lang.String,java.lang.String)
      java.lang.AssertionError: Plant Rose UK not found in the list after update expected [true] but found [false]
	at org.testng.Assert.fail(Assert.java:111)
	at org.testng.Assert.failNotEquals(Assert.java:1578)
	at org.testng.Assert.assertTrue(Assert.java:57)
	at com.example.ui.stepDefinitions.plants.PlantCRUDSteps.plantShouldBeUpdatedWith(PlantCRUDSteps.java:91)
	at ✽.plant "Rose UK" should be updated with category "Rose", price "3000", and quantity "20"(file:///E:/ITFac_Batch21_Group53/src/test/resources/features/ui/plants/plant_list.feature:66)

Test FAILED: Verify that admin can successfully edit existing plant data with valid input data

    Embedding Verify that admin can successfully edit existing plant data with valid input data [image/png 50470 bytes]

=== Finished UI Test: Verify that admin can successfully edit existing plant data with valid input data ===

]]></system-out>
    <system-err><![CDATA[Feb 06, 2026 5:50:01 PM org.openqa.selenium.devtools.CdpVersionFinder findNearestMatch
WARNING: Unable to find CDP implementation matching 144
Feb 06, 2026 5:50:01 PM org.openqa.selenium.chromium.ChromiumDriver lambda$new$5
WARNING: Unable to find version of CDP to use for 144.0.7559.133. You may need to include a dependency on a specific version of the CDP using something similar to `org.seleniumhq.selenium:selenium-devtools-v86:4.15.0` where the version ("v86") matches the version of the chromium-based browser you're using and the version number of the artifact is the same as Selenium's.
]]></system-err>
  </testcase>
  <testcase name="runScenario[&quot;Verify that Plant Name, Sub category, Price, Quantity are mandatory&quot;, &quot;Plant form validation&quot;](16)" classname="com.example.runners.UiTestRunner" time="99.754">
    <system-out><![CDATA[
@ui @plants @TC_UI_PLANT_ADM_002
Scenario: Verify that Plant Name, Sub category, Price, Quantity are mandatory              # src/test/resources/features/ui/plants/plant_validation.feature:5
=== Starting UI Test: Verify that Plant Name, Sub category, Price, Quantity are mandatory ===
  Given user is logged in as admin                                                         # com.example.ui.stepDefinitions.login.LoginSteps.userIsLoggedInAsAdmin()
  And user is on the Plants List page                                                      # com.example.ui.stepDefinitions.login.LoginSteps.userIsOnThePlantsListPage()
  When user clicks on "Add a Plant" button                                                 # com.example.ui.stepDefinitions.plants.PlantListSteps.userClicksOnButton(java.lang.String)
  And user leaves Plant Name, Sub category, Price and Quantity empty                       # com.example.ui.stepDefinitions.plants.PlantValidationSteps.userLeavesRequiredFieldsEmpty()
  And user clicks on "save" button                                                         # com.example.ui.stepDefinitions.plants.PlantListSteps.userClicksOnButton(java.lang.String)
  Then validation message "Plant Name is required" should be displayed for field "name"    # com.example.ui.stepDefinitions.plants.PlantValidationSteps.validationMessageShouldBeDisplayedForField(java.lang.String,java.lang.String)
  And validation message "Category is required" should be displayed for field "categoryId" # com.example.ui.stepDefinitions.plants.PlantValidationSteps.validationMessageShouldBeDisplayedForField(java.lang.String,java.lang.String)
  And validation message "Price is required" should be displayed for field "price"         # com.example.ui.stepDefinitions.plants.PlantValidationSteps.validationMessageShouldBeDisplayedForField(java.lang.String,java.lang.String)
  And validation message "Quantity is required" should be displayed for field "quantity"   # com.example.ui.stepDefinitions.plants.PlantValidationSteps.validationMessageShouldBeDisplayedForField(java.lang.String,java.lang.String)
=== Finished UI Test: Verify that Plant Name, Sub category, Price, Quantity are mandatory ===

]]></system-out>
    <system-err><![CDATA[Feb 06, 2026 5:50:10 PM org.openqa.selenium.devtools.CdpVersionFinder findNearestMatch
WARNING: Unable to find CDP implementation matching 144
Feb 06, 2026 5:50:10 PM org.openqa.selenium.chromium.ChromiumDriver lambda$new$5
WARNING: Unable to find version of CDP to use for 144.0.7559.133. You may need to include a dependency on a specific version of the CDP using something similar to `org.seleniumhq.selenium:selenium-devtools-v86:4.15.0` where the version ("v86") matches the version of the chromium-based browser you're using and the version number of the artifact is the same as Selenium's.
]]></system-err>
  </testcase>
</testsuite>