<?xml version="1.0" encoding="UTF-8"?>
<testng-results ignored="0" total="1" passed="1" failed="0" skipped="0">
  <reporter-output>
  </reporter-output>
  <suite started-at="2026-02-07T16:33:48 IST" name="Surefire suite" finished-at="2026-02-07T16:33:50 IST" duration-ms="1749">
    <groups>
    </groups>
    <test started-at="2026-02-07T16:33:48 IST" name="Surefire test" finished-at="2026-02-07T16:33:50 IST" duration-ms="1749">
      <class name="com.example.api.tests.PlantApiTest">
        <test-method signature="testTC_API_PLANTS_ADM_02()[pri:0, instance:com.example.api.tests.PlantApiTest@47d90b9e]" started-at="2026-02-07T16:33:48 IST" name="testTC_API_PLANTS_ADM_02" description="Verify API validates all required fields for plant creation" finished-at="2026-02-07T16:33:50 IST" duration-ms="1732" status="PASS">
          <reporter-output>
          </reporter-output>
        </test-method> <!-- testTC_API_PLANTS_ADM_02 -->
      </class> <!-- com.example.api.tests.PlantApiTest -->
    </test> <!-- Surefire test -->
  </suite> <!-- Surefire suite -->
</testng-results>
