<?xml version="1.0" encoding="UTF-8"?>
<testng-results ignored="0" total="7" passed="7" failed="0" skipped="0">
  <reporter-output>
  </reporter-output>
  <suite started-at="2026-02-06T22:54:10 IST" name="Sales Sorting Test Suite" finished-at="2026-02-06T22:56:59 IST" duration-ms="168795">
    <groups>
      <group name="cucumber">
        <method signature="AbstractTestNGCucumberTests.runScenario(io.cucumber.testng.PickleWrapper,io.cucumber.testng.FeatureWrapper)[pri:0, instance:com.example.runners.UiTestRunner@689604d9]" name="runScenario" class="io.cucumber.testng.AbstractTestNGCucumberTests"/>
        <method signature="AbstractTestNGCucumberTests.runScenario(io.cucumber.testng.PickleWrapper,io.cucumber.testng.FeatureWrapper)[pri:0, instance:com.example.runners.UiTestRunner@6c6cb480]" name="runScenario" class="io.cucumber.testng.AbstractTestNGCucumberTests"/>
        <method signature="AbstractTestNGCucumberTests.runScenario(io.cucumber.testng.PickleWrapper,io.cucumber.testng.FeatureWrapper)[pri:0, instance:com.example.runners.UiTestRunner@c730b35]" name="runScenario" class="io.cucumber.testng.AbstractTestNGCucumberTests"/>
        <method signature="AbstractTestNGCucumberTests.runScenario(io.cucumber.testng.PickleWrapper,io.cucumber.testng.FeatureWrapper)[pri:0, instance:com.example.runners.UiTestRunner@22555ebf]" name="runScenario" class="io.cucumber.testng.AbstractTestNGCucumberTests"/>
        <method signature="AbstractTestNGCucumberTests.runScenario(io.cucumber.testng.PickleWrapper,io.cucumber.testng.FeatureWrapper)[pri:0, instance:com.example.runners.UiTestRunner@34e9fd99]" name="runScenario" class="io.cucumber.testng.AbstractTestNGCucumberTests"/>
      </group> <!-- cucumber -->
    </groups>
    <test started-at="2026-02-06T22:54:10 IST" name="Sales Sorting Tests" finished-at="2026-02-06T22:54:53 IST" duration-ms="42912">
      <class name="com.example.runners.UiTestRunner">
        <test-method is-config="true" signature="setUpClass(org.testng.ITestContext)[pri:0, instance:com.example.runners.UiTestRunner@689604d9]" started-at="2026-02-06T22:54:10 IST" name="setUpClass" finished-at="2026-02-06T22:54:10 IST" duration-ms="391" status="PASS">
          <params>
            <param index="0">
              <value>
                <![CDATA[org.testng.TestRunner@484970b0]]>
              </value>
            </param>
          </params>
          <reporter-output>
          </reporter-output>
        </test-method> <!-- setUpClass -->
        <test-method signature="runScenario(io.cucumber.testng.PickleWrapper,io.cucumber.testng.FeatureWrapper)[pri:0, instance:com.example.runners.UiTestRunner@689604d9]" started-at="2026-02-06T22:54:10 IST" name="runScenario" description="Runs Cucumber Scenarios" data-provider="scenarios" finished-at="2026-02-06T22:54:32 IST" duration-ms="21380" status="PASS">
          <params>
            <param index="0">
              <value>
                <![CDATA["TC_UI_SAL_12 - Verify sorting by Quantity column"]]>
              </value>
            </param>
            <param index="1">
              <value>
                <![CDATA["Sales List Quantity Sorting Functionality"]]>
              </value>
            </param>
          </params>
          <reporter-output>
          </reporter-output>
        </test-method> <!-- runScenario -->
        <test-method signature="runScenario(io.cucumber.testng.PickleWrapper,io.cucumber.testng.FeatureWrapper)[pri:0, instance:com.example.runners.UiTestRunner@689604d9]" started-at="2026-02-06T22:54:32 IST" name="runScenario" description="Runs Cucumber Scenarios" data-provider="scenarios" finished-at="2026-02-06T22:54:41 IST" duration-ms="9890" status="PASS">
          <params>
            <param index="0">
              <value>
                <![CDATA["TC_UI_SAL_11 - Verify sorting by Plant Name column"]]>
              </value>
            </param>
            <param index="1">
              <value>
                <![CDATA["Sales List Sorting Functionality"]]>
              </value>
            </param>
          </params>
          <reporter-output>
          </reporter-output>
        </test-method> <!-- runScenario -->
        <test-method signature="runScenario(io.cucumber.testng.PickleWrapper,io.cucumber.testng.FeatureWrapper)[pri:0, instance:com.example.runners.UiTestRunner@689604d9]" started-at="2026-02-06T22:54:41 IST" name="runScenario" description="Runs Cucumber Scenarios" data-provider="scenarios" finished-at="2026-02-06T22:54:53 IST" duration-ms="11153" status="PASS">
          <params>
            <param index="0">
              <value>
                <![CDATA["TC_UI_SAL_13 - Verify sorting by Total Price column"]]>
              </value>
            </param>
            <param index="1">
              <value>
                <![CDATA["Sales List Total Price Sorting Functionality"]]>
              </value>
            </param>
          </params>
          <reporter-output>
          </reporter-output>
        </test-method> <!-- runScenario -->
        <test-method is-config="true" signature="tearDownClass()[pri:0, instance:com.example.runners.UiTestRunner@689604d9]" started-at="2026-02-06T22:54:53 IST" name="tearDownClass" finished-at="2026-02-06T22:54:53 IST" duration-ms="73" status="PASS">
          <reporter-output>
          </reporter-output>
        </test-method> <!-- tearDownClass -->
      </class> <!-- com.example.runners.UiTestRunner -->
    </test> <!-- Sales Sorting Tests -->
    <test started-at="2026-02-06T22:54:53 IST" name="Sell Plant Navigation Test" finished-at="2026-02-06T22:55:05 IST" duration-ms="12281">
      <class name="com.example.runners.UiTestRunner">
        <test-method is-config="true" signature="setUpClass(org.testng.ITestContext)[pri:0, instance:com.example.runners.UiTestRunner@6c6cb480]" started-at="2026-02-06T22:54:53 IST" name="setUpClass" finished-at="2026-02-06T22:54:53 IST" duration-ms="38" status="PASS">
          <params>
            <param index="0">
              <value>
                <![CDATA[org.testng.TestRunner@4470f8a6]]>
              </value>
            </param>
          </params>
          <reporter-output>
          </reporter-output>
        </test-method> <!-- setUpClass -->
        <test-method signature="runScenario(io.cucumber.testng.PickleWrapper,io.cucumber.testng.FeatureWrapper)[pri:0, instance:com.example.runners.UiTestRunner@6c6cb480]" started-at="2026-02-06T22:54:53 IST" name="runScenario" description="Runs Cucumber Scenarios" data-provider="scenarios" finished-at="2026-02-06T22:55:05 IST" duration-ms="12210" status="PASS">
          <params>
            <param index="0">
              <value>
                <![CDATA["TC_UI_SAL_14 - Verify "Sell Plant" button navigation"]]>
              </value>
            </param>
            <param index="1">
              <value>
                <![CDATA["Sales Navigation Functionality"]]>
              </value>
            </param>
          </params>
          <reporter-output>
          </reporter-output>
        </test-method> <!-- runScenario -->
        <test-method is-config="true" signature="tearDownClass()[pri:0, instance:com.example.runners.UiTestRunner@6c6cb480]" started-at="2026-02-06T22:55:05 IST" name="tearDownClass" finished-at="2026-02-06T22:55:05 IST" duration-ms="32" status="PASS">
          <reporter-output>
          </reporter-output>
        </test-method> <!-- tearDownClass -->
      </class> <!-- com.example.runners.UiTestRunner -->
    </test> <!-- Sell Plant Navigation Test -->
    <test started-at="2026-02-06T22:55:05 IST" name="Sell Plant Validation Test" finished-at="2026-02-06T22:55:21 IST" duration-ms="15613">
      <class name="com.example.runners.UiTestRunner">
        <test-method is-config="true" signature="setUpClass(org.testng.ITestContext)[pri:0, instance:com.example.runners.UiTestRunner@c730b35]" started-at="2026-02-06T22:55:05 IST" name="setUpClass" finished-at="2026-02-06T22:55:05 IST" duration-ms="23" status="PASS">
          <params>
            <param index="0">
              <value>
                <![CDATA[org.testng.TestRunner@7c83dc97]]>
              </value>
            </param>
          </params>
          <reporter-output>
          </reporter-output>
        </test-method> <!-- setUpClass -->
        <test-method signature="runScenario(io.cucumber.testng.PickleWrapper,io.cucumber.testng.FeatureWrapper)[pri:0, instance:com.example.runners.UiTestRunner@c730b35]" started-at="2026-02-06T22:55:05 IST" name="runScenario" description="Runs Cucumber Scenarios" data-provider="scenarios" finished-at="2026-02-06T22:55:21 IST" duration-ms="15559" status="PASS">
          <params>
            <param index="0">
              <value>
                <![CDATA["TC_UI_SAL_15 - Verify error when Plant not selected"]]>
              </value>
            </param>
            <param index="1">
              <value>
                <![CDATA["Sales Navigation Functionality"]]>
              </value>
            </param>
          </params>
          <reporter-output>
          </reporter-output>
        </test-method> <!-- runScenario -->
        <test-method is-config="true" signature="tearDownClass()[pri:0, instance:com.example.runners.UiTestRunner@c730b35]" started-at="2026-02-06T22:55:21 IST" name="tearDownClass" finished-at="2026-02-06T22:55:21 IST" duration-ms="27" status="PASS">
          <reporter-output>
          </reporter-output>
        </test-method> <!-- tearDownClass -->
      </class> <!-- com.example.runners.UiTestRunner -->
    </test> <!-- Sell Plant Validation Test -->
    <test started-at="2026-02-06T22:55:21 IST" name="Multi-tab Stock Update Test" finished-at="2026-02-06T22:56:14 IST" duration-ms="53695">
      <class name="com.example.runners.UiTestRunner">
        <test-method is-config="true" signature="setUpClass(org.testng.ITestContext)[pri:0, instance:com.example.runners.UiTestRunner@22555ebf]" started-at="2026-02-06T22:55:21 IST" name="setUpClass" finished-at="2026-02-06T22:55:21 IST" duration-ms="23" status="PASS">
          <params>
            <param index="0">
              <value>
                <![CDATA[org.testng.TestRunner@7748410a]]>
              </value>
            </param>
          </params>
          <reporter-output>
          </reporter-output>
        </test-method> <!-- setUpClass -->
        <test-method signature="runScenario(io.cucumber.testng.PickleWrapper,io.cucumber.testng.FeatureWrapper)[pri:0, instance:com.example.runners.UiTestRunner@22555ebf]" started-at="2026-02-06T22:55:21 IST" name="runScenario" description="Runs Cucumber Scenarios" data-provider="scenarios" finished-at="2026-02-06T22:56:14 IST" duration-ms="53630" status="PASS">
          <params>
            <param index="0">
              <value>
                <![CDATA["TC_UI_SAL_16 - Verify dropdown updates after sales (if multiple tabs/windows)"]]>
              </value>
            </param>
            <param index="1">
              <value>
                <![CDATA["Sales Navigation Functionality"]]>
              </value>
            </param>
          </params>
          <reporter-output>
          </reporter-output>
        </test-method> <!-- runScenario -->
        <test-method is-config="true" signature="tearDownClass()[pri:0, instance:com.example.runners.UiTestRunner@22555ebf]" started-at="2026-02-06T22:56:14 IST" name="tearDownClass" finished-at="2026-02-06T22:56:14 IST" duration-ms="40" status="PASS">
          <reporter-output>
          </reporter-output>
        </test-method> <!-- tearDownClass -->
      </class> <!-- com.example.runners.UiTestRunner -->
    </test> <!-- Multi-tab Stock Update Test -->
    <test started-at="2026-02-06T22:56:15 IST" name="Form Retention Test" finished-at="2026-02-06T22:56:59 IST" duration-ms="44012">
      <class name="com.example.runners.UiTestRunner">
        <test-method is-config="true" signature="setUpClass(org.testng.ITestContext)[pri:0, instance:com.example.runners.UiTestRunner@34e9fd99]" started-at="2026-02-06T22:56:15 IST" name="setUpClass" finished-at="2026-02-06T22:56:15 IST" duration-ms="30" status="PASS">
          <params>
            <param index="0">
              <value>
                <![CDATA[org.testng.TestRunner@740773a3]]>
              </value>
            </param>
          </params>
          <reporter-output>
          </reporter-output>
        </test-method> <!-- setUpClass -->
        <test-method signature="runScenario(io.cucumber.testng.PickleWrapper,io.cucumber.testng.FeatureWrapper)[pri:0, instance:com.example.runners.UiTestRunner@34e9fd99]" started-at="2026-02-06T22:56:15 IST" name="runScenario" description="Runs Cucumber Scenarios" data-provider="scenarios" finished-at="2026-02-06T22:56:59 IST" duration-ms="43946" status="PASS">
          <params>
            <param index="0">
              <value>
                <![CDATA["TC_UI_SAL_17 - Verify form retains data after validation error"]]>
              </value>
            </param>
            <param index="1">
              <value>
                <![CDATA["Sales Navigation Functionality"]]>
              </value>
            </param>
          </params>
          <reporter-output>
          </reporter-output>
        </test-method> <!-- runScenario -->
        <test-method is-config="true" signature="tearDownClass()[pri:0, instance:com.example.runners.UiTestRunner@34e9fd99]" started-at="2026-02-06T22:56:59 IST" name="tearDownClass" finished-at="2026-02-06T22:56:59 IST" duration-ms="32" status="PASS">
          <reporter-output>
          </reporter-output>
        </test-method> <!-- tearDownClass -->
      </class> <!-- com.example.runners.UiTestRunner -->
    </test> <!-- Form Retention Test -->
  </suite> <!-- Sales Sorting Test Suite -->
</testng-results>
