<?xml version="1.0" encoding="UTF-8"?>
<testsuite xmlns:xsi="http://www.w3.org/2001/XMLSchema-instance" xsi:noNamespaceSchemaLocation="https://maven.apache.org/surefire/maven-surefire-plugin/xsd/surefire-test-report-3.0.xsd" version="3.0" name="TestSuite" time="155.184" tests="3" errors="0" skipped="0" failures="0">
  <properties>
[...]
</properties>
  <testcase name="runScenario[&quot;Verify Admin can successfully add a new plant with valid data&quot;, &quot;Plant CRUD Operations&quot;](1)" classname="com.example.runners.UiTestRunner" time="20.331">
    <system-out><![CDATA[
@ui @plants @TC_UI_PLANT_ADM_001
Scenario: Verify Admin can successfully add a new plant with valid data   # src/test/resources/features/ui/plants/plant_crud.feature:12
=== Starting UI Test: Verify Admin can successfully add a new plant with valid data ===
  Given user is logged in as admin                                        # com.example.ui.stepDefinitions.login.LoginSteps.userIsLoggedInAsAdmin()
  And user is on the Plants List page                                     # com.example.ui.stepDefinitions.login.LoginSteps.userIsOnThePlantsListPage()
  When user clicks on "Add a Plant" button                                # com.example.ui.stepDefinitions.plants.PlantListSteps.userClicksOnButton(java.lang.String)
  Then user should be navigated to "Add Plants" page                      # com.example.ui.stepDefinitions.plants.PlantListSteps.userShouldBeNavigatedToPage(java.lang.String)
  When user enters plant name as "Red Rose"                               # com.example.ui.stepDefinitions.plants.PlantCRUDSteps.userEntersPlantNameAs(java.lang.String)
  And user selects sub category as "Rose UK"                              # com.example.ui.stepDefinitions.plants.PlantCRUDSteps.userSelectsSubCategoryAs(java.lang.String)
  And user enters price as "2000"                                         # com.example.ui.stepDefinitions.plants.PlantCRUDSteps.userEntersPriceAs(java.lang.String)
  And user enters quantity as "12"                                        # com.example.ui.stepDefinitions.plants.PlantCRUDSteps.userEntersQuantityAs(java.lang.String)
  And user clicks on "save" button                                        # com.example.ui.stepDefinitions.plants.PlantListSteps.userClicksOnButton(java.lang.String)

===== DEBUG: Success Message Check =====
Expected Message: Plant added successfully
Actual Message: Plant added successfully
Page URL: http://localhost:8080/ui/plants
========================================

  Then a success message "Plant added successfully" should be displayed   # com.example.ui.stepDefinitions.plants.PlantCRUDSteps.aSuccessMessageShouldBeDisplayed(java.lang.String)
  And user should be redirected to "/ui/plants" page                      # com.example.ui.stepDefinitions.plants.PlantListSteps.userShouldBeRedirectedToPage(java.lang.String)
  And newly added plant "Red Rose" should be displayed in the plants list # com.example.ui.stepDefinitions.plants.PlantCRUDSteps.newlyAddedPlantShouldBeDisplayedInTheList(java.lang.String)
Could not delete plant: Red Rose - element not interactable
  (Session info: chrome=144.0.7559.112)
Build info: version: '4.15.0', revision: '1d14b5521b'
System info: os.name: 'Windows 10', os.arch: 'amd64', os.version: '10.0', java.version: '21.0.9'
Driver info: org.openqa.selenium.chrome.ChromeDriver
Command: [f96ffd947d51095c16e3b45577fc8ba6, clickElement {id=f.DC08BF0DEEED7744AC998EDD0302888E.d.589B73413F4A3B41C7E046BFCE6729A9.e.102}]
Capabilities {acceptInsecureCerts: false, browserName: chrome, browserVersion: 144.0.7559.112, chrome: {chromedriverVersion: 144.0.7559.133 (7da823b1d59..., userDataDir: C:\Users\user\AppData\Local...}, fedcm:accounts: true, goog:chromeOptions: {debuggerAddress: localhost:49410}, goog:processID: 18608, networkConnectionEnabled: false, pageLoadStrategy: normal, platformName: windows, proxy: Proxy(), se:cdp: ws://localhost:49410/devtoo..., se:cdpVersion: 144.0.7559.112, setWindowRect: true, strictFileInteractability: false, timeouts: {implicit: 0, pageLoad: 300000, script: 30000}, unhandledPromptBehavior: dismiss and notify, webauthn:extension:credBlob: true, webauthn:extension:largeBlob: true, webauthn:extension:minPinLength: true, webauthn:extension:prf: true, webauthn:virtualAuthenticators: true}
Element: [[ChromeDriver: chrome on windows (f96ffd947d51095c16e3b45577fc8ba6)] -> xpath: //td[contains(text(), 'Red Rose')]//following::button[contains(@class, 'btn-danger') or contains(text(), 'Delete')]]
Session ID: f96ffd947d51095c16e3b45577fc8ba6
=== Finished UI Test: Verify Admin can successfully add a new plant with valid data ===

]]></system-out>
    <system-err><![CDATA[Feb 05, 2026 5:51:32 PM io.cucumber.core.options.CucumberPropertiesParser lambda$warnWhenCucumberOptionsIsUsed$2
WARNING: Passing commandline options via the property 'cucumber.options' is no longer supported. Please use individual properties instead. See the java doc on io.cucumber.core.options.Constants for details.
Feb 05, 2026 5:51:36 PM org.openqa.selenium.devtools.CdpVersionFinder findNearestMatch
WARNING: Unable to find CDP implementation matching 144
Feb 05, 2026 5:51:36 PM org.openqa.selenium.chromium.ChromiumDriver lambda$new$5
WARNING: Unable to find version of CDP to use for 144.0.7559.112. You may need to include a dependency on a specific version of the CDP using something similar to `org.seleniumhq.selenium:selenium-devtools-v86:4.15.0` where the version ("v86") matches the version of the chromium-based browser you're using and the version number of the artifact is the same as Selenium's.
]]></system-err>
  </testcase>
  <testcase name="runScenario[&quot;Verify Admin can successfully delete a plant record from plant list&quot;, &quot;Plant Deletion&quot;](2)" classname="com.example.runners.UiTestRunner" time="27.021">
    <system-out><![CDATA[
@ui @plants @TC_UI_PLANT_ADM_003
Scenario: Verify Admin can successfully delete a plant record from plant list              # src/test/resources/features/ui/plants/plant_delete.feature:5
=== Starting UI Test: Verify Admin can successfully delete a plant record from plant list ===
  Given user is logged in as admin                                                         # com.example.ui.stepDefinitions.login.LoginSteps.userIsLoggedInAsAdmin()
  And user is on the Plants List page                                                      # com.example.ui.stepDefinitions.login.LoginSteps.userIsOnThePlantsListPage()
  And a plant "Test Delete Plant" exists in the list                                       # com.example.ui.stepDefinitions.plants.PlantDeleteSteps.aPlantExistsInTheList(java.lang.String)
=== Deleting Plant: Test Delete Plant ===
  When user clicks delete button for plant "Test Delete Plant"                             # com.example.ui.stepDefinitions.plants.PlantDeleteSteps.userClicksDeleteButtonForPlant(java.lang.String)
=== Confirming Delete Action ===
  And user confirms the delete action                                                      # com.example.ui.stepDefinitions.plants.PlantDeleteSteps.userConfirmsTheDeleteAction()

===== DEBUG: Success Message Check =====
Expected Message: Plant deleted successfully
Actual Message: Plant deleted successfully
Page URL: http://localhost:8080/ui/plants
========================================

  Then a success message "Plant deleted successfully" should be displayed                  # com.example.ui.stepDefinitions.plants.PlantCRUDSteps.aSuccessMessageShouldBeDisplayed(java.lang.String)
=== Verifying Plant Deletion: Test Delete Plant ===
  And the deleted plant "Test Delete Plant" should no longer be visible in the plants list # com.example.ui.stepDefinitions.plants.PlantDeleteSteps.deletedPlantShouldNotBeVisibleInList(java.lang.String)
Could not delete plant: Red Rose - element not interactable
  (Session info: chrome=144.0.7559.112)
Build info: version: '4.15.0', revision: '1d14b5521b'
System info: os.name: 'Windows 10', os.arch: 'amd64', os.version: '10.0', java.version: '21.0.9'
Driver info: org.openqa.selenium.chrome.ChromeDriver
Command: [889a61e89742b9c11f28857fd26d5e84, clickElement {id=f.77E7432685BEC5573E17F9D7CE02508C.d.BADE666977F6C2BC0D72C646F10024F1.e.119}]
Capabilities {acceptInsecureCerts: false, browserName: chrome, browserVersion: 144.0.7559.112, chrome: {chromedriverVersion: 144.0.7559.133 (7da823b1d59..., userDataDir: C:\Users\user\AppData\Local...}, fedcm:accounts: true, goog:chromeOptions: {debuggerAddress: localhost:49458}, goog:processID: 11072, networkConnectionEnabled: false, pageLoadStrategy: normal, platformName: windows, proxy: Proxy(), se:cdp: ws://localhost:49458/devtoo..., se:cdpVersion: 144.0.7559.112, setWindowRect: true, strictFileInteractability: false, timeouts: {implicit: 0, pageLoad: 300000, script: 30000}, unhandledPromptBehavior: dismiss and notify, webauthn:extension:credBlob: true, webauthn:extension:largeBlob: true, webauthn:extension:minPinLength: true, webauthn:extension:prf: true, webauthn:virtualAuthenticators: true}
Element: [[ChromeDriver: chrome on windows (889a61e89742b9c11f28857fd26d5e84)] -> xpath: //td[contains(text(), 'Red Rose')]//following::button[contains(@class, 'btn-danger') or contains(text(), 'Delete')]]
Session ID: 889a61e89742b9c11f28857fd26d5e84
=== Finished UI Test: Verify Admin can successfully delete a plant record from plant list ===

]]></system-out>
    <system-err><![CDATA[Feb 05, 2026 5:51:55 PM org.openqa.selenium.devtools.CdpVersionFinder findNearestMatch
WARNING: Unable to find CDP implementation matching 144
Feb 05, 2026 5:51:55 PM org.openqa.selenium.chromium.ChromiumDriver lambda$new$5
WARNING: Unable to find version of CDP to use for 144.0.7559.112. You may need to include a dependency on a specific version of the CDP using something similar to `org.seleniumhq.selenium:selenium-devtools-v86:4.15.0` where the version ("v86") matches the version of the chromium-based browser you're using and the version number of the artifact is the same as Selenium's.
]]></system-err>
  </testcase>
  <testcase name="runScenario[&quot;Verify that Plant Name, Sub category, Price, Quantity are mandatory&quot;, &quot;Plant form validation&quot;](3)" classname="com.example.runners.UiTestRunner" time="105.542">
    <system-out><![CDATA[
@ui @plants @TC_UI_PLANT_ADM_002
Scenario: Verify that Plant Name, Sub category, Price, Quantity are mandatory              # src/test/resources/features/ui/plants/plant_validation.feature:5
=== Starting UI Test: Verify that Plant Name, Sub category, Price, Quantity are mandatory ===
  Given user is logged in as admin                                                         # com.example.ui.stepDefinitions.login.LoginSteps.userIsLoggedInAsAdmin()
  And user is on the Plants List page                                                      # com.example.ui.stepDefinitions.login.LoginSteps.userIsOnThePlantsListPage()
  When user clicks on "Add a Plant" button                                                 # com.example.ui.stepDefinitions.plants.PlantListSteps.userClicksOnButton(java.lang.String)
  And user leaves Plant Name, Sub category, Price and Quantity empty                       # com.example.ui.stepDefinitions.plants.PlantValidationSteps.userLeavesRequiredFieldsEmpty()
  And user clicks on "save" button                                                         # com.example.ui.stepDefinitions.plants.PlantListSteps.userClicksOnButton(java.lang.String)
  Then validation message "Plant Name is required" should be displayed for field "name"    # com.example.ui.stepDefinitions.plants.PlantValidationSteps.validationMessageShouldBeDisplayedForField(java.lang.String,java.lang.String)
  And validation message "Category is required" should be displayed for field "categoryId" # com.example.ui.stepDefinitions.plants.PlantValidationSteps.validationMessageShouldBeDisplayedForField(java.lang.String,java.lang.String)
  And validation message "Price is required" should be displayed for field "price"         # com.example.ui.stepDefinitions.plants.PlantValidationSteps.validationMessageShouldBeDisplayedForField(java.lang.String,java.lang.String)
  And validation message "Quantity is required" should be displayed for field "quantity"   # com.example.ui.stepDefinitions.plants.PlantValidationSteps.validationMessageShouldBeDisplayedForField(java.lang.String,java.lang.String)
Could not delete plant: Red Rose - element not interactable
  (Session info: chrome=144.0.7559.112)
Build info: version: '4.15.0', revision: '1d14b5521b'
System info: os.name: 'Windows 10', os.arch: 'amd64', os.version: '10.0', java.version: '21.0.9'
Driver info: org.openqa.selenium.chrome.ChromeDriver
Command: [196e7e3f8486abc9b0349be9c9fa0b17, clickElement {id=f.B45B33E6F4512C1FC1D8E26F13C97D96.d.737E75FF83CB53843A1313D9EFB7BBF6.e.94}]
Capabilities {acceptInsecureCerts: false, browserName: chrome, browserVersion: 144.0.7559.112, chrome: {chromedriverVersion: 144.0.7559.133 (7da823b1d59..., userDataDir: C:\Users\user\AppData\Local...}, fedcm:accounts: true, goog:chromeOptions: {debuggerAddress: localhost:49506}, goog:processID: 6784, networkConnectionEnabled: false, pageLoadStrategy: normal, platformName: windows, proxy: Proxy(), se:cdp: ws://localhost:49506/devtoo..., se:cdpVersion: 144.0.7559.112, setWindowRect: true, strictFileInteractability: false, timeouts: {implicit: 0, pageLoad: 300000, script: 30000}, unhandledPromptBehavior: dismiss and notify, webauthn:extension:credBlob: true, webauthn:extension:largeBlob: true, webauthn:extension:minPinLength: true, webauthn:extension:prf: true, webauthn:virtualAuthenticators: true}
Element: [[ChromeDriver: chrome on windows (196e7e3f8486abc9b0349be9c9fa0b17)] -> xpath: //td[contains(text(), 'Red Rose')]//following::button[contains(@class, 'btn-danger') or contains(text(), 'Delete')]]
Session ID: 196e7e3f8486abc9b0349be9c9fa0b17
=== Finished UI Test: Verify that Plant Name, Sub category, Price, Quantity are mandatory ===

]]></system-out>
    <system-err><![CDATA[Feb 05, 2026 5:52:22 PM org.openqa.selenium.devtools.CdpVersionFinder findNearestMatch
WARNING: Unable to find CDP implementation matching 144
Feb 05, 2026 5:52:22 PM org.openqa.selenium.chromium.ChromiumDriver lambda$new$5
WARNING: Unable to find version of CDP to use for 144.0.7559.112. You may need to include a dependency on a specific version of the CDP using something similar to `org.seleniumhq.selenium:selenium-devtools-v86:4.15.0` where the version ("v86") matches the version of the chromium-based browser you're using and the version number of the artifact is the same as Selenium's.
]]></system-err>
  </testcase>
</testsuite>