<?xml version="1.0" encoding="UTF-8"?>
<testng-results ignored="0" total="6" passed="6" failed="0" skipped="0">
  <reporter-output>
  </reporter-output>
  <suite started-at="2026-02-06T21:36:47 IST" name="Sales Sorting Test Suite" finished-at="2026-02-06T21:38:57 IST" duration-ms="129888">
    <groups>
      <group name="cucumber">
        <method signature="AbstractTestNGCucumberTests.runScenario(io.cucumber.testng.PickleWrapper,io.cucumber.testng.FeatureWrapper)[pri:0, instance:com.example.runners.UiTestRunner@689604d9]" name="runScenario" class="io.cucumber.testng.AbstractTestNGCucumberTests"/>
        <method signature="AbstractTestNGCucumberTests.runScenario(io.cucumber.testng.PickleWrapper,io.cucumber.testng.FeatureWrapper)[pri:0, instance:com.example.runners.UiTestRunner@6c6cb480]" name="runScenario" class="io.cucumber.testng.AbstractTestNGCucumberTests"/>
        <method signature="AbstractTestNGCucumberTests.runScenario(io.cucumber.testng.PickleWrapper,io.cucumber.testng.FeatureWrapper)[pri:0, instance:com.example.runners.UiTestRunner@c730b35]" name="runScenario" class="io.cucumber.testng.AbstractTestNGCucumberTests"/>
        <method signature="AbstractTestNGCucumberTests.runScenario(io.cucumber.testng.PickleWrapper,io.cucumber.testng.FeatureWrapper)[pri:0, instance:com.example.runners.UiTestRunner@22555ebf]" name="runScenario" class="io.cucumber.testng.AbstractTestNGCucumberTests"/>
      </group> <!-- cucumber -->
    </groups>
    <test started-at="2026-02-06T21:36:47 IST" name="Sales Sorting Tests" finished-at="2026-02-06T21:37:47 IST" duration-ms="59753">
      <class name="com.example.runners.UiTestRunner">
        <test-method is-config="true" signature="setUpClass(org.testng.ITestContext)[pri:0, instance:com.example.runners.UiTestRunner@689604d9]" started-at="2026-02-06T21:36:47 IST" name="setUpClass" finished-at="2026-02-06T21:36:47 IST" duration-ms="354" status="PASS">
          <params>
            <param index="0">
              <value>
                <![CDATA[org.testng.TestRunner@6236eb5f]]>
              </value>
            </param>
          </params>
          <reporter-output>
          </reporter-output>
        </test-method> <!-- setUpClass -->
        <test-method signature="runScenario(io.cucumber.testng.PickleWrapper,io.cucumber.testng.FeatureWrapper)[pri:0, instance:com.example.runners.UiTestRunner@689604d9]" started-at="2026-02-06T21:36:47 IST" name="runScenario" description="Runs Cucumber Scenarios" data-provider="scenarios" finished-at="2026-02-06T21:37:14 IST" duration-ms="27194" status="PASS">
          <params>
            <param index="0">
              <value>
                <![CDATA["TC_UI_SAL_12 - Verify sorting by Quantity column"]]>
              </value>
            </param>
            <param index="1">
              <value>
                <![CDATA["Sales List Quantity Sorting Functionality"]]>
              </value>
            </param>
          </params>
          <reporter-output>
          </reporter-output>
        </test-method> <!-- runScenario -->
        <test-method signature="runScenario(io.cucumber.testng.PickleWrapper,io.cucumber.testng.FeatureWrapper)[pri:0, instance:com.example.runners.UiTestRunner@689604d9]" started-at="2026-02-06T21:37:14 IST" name="runScenario" description="Runs Cucumber Scenarios" data-provider="scenarios" finished-at="2026-02-06T21:37:30 IST" duration-ms="15470" status="PASS">
          <params>
            <param index="0">
              <value>
                <![CDATA["TC_UI_SAL_11 - Verify sorting by Plant Name column"]]>
              </value>
            </param>
            <param index="1">
              <value>
                <![CDATA["Sales List Sorting Functionality"]]>
              </value>
            </param>
          </params>
          <reporter-output>
          </reporter-output>
        </test-method> <!-- runScenario -->
        <test-method signature="runScenario(io.cucumber.testng.PickleWrapper,io.cucumber.testng.FeatureWrapper)[pri:0, instance:com.example.runners.UiTestRunner@689604d9]" started-at="2026-02-06T21:37:30 IST" name="runScenario" description="Runs Cucumber Scenarios" data-provider="scenarios" finished-at="2026-02-06T21:37:46 IST" duration-ms="16651" status="PASS">
          <params>
            <param index="0">
              <value>
                <![CDATA["TC_UI_SAL_13 - Verify sorting by Total Price column"]]>
              </value>
            </param>
            <param index="1">
              <value>
                <![CDATA["Sales List Total Price Sorting Functionality"]]>
              </value>
            </param>
          </params>
          <reporter-output>
          </reporter-output>
        </test-method> <!-- runScenario -->
        <test-method is-config="true" signature="tearDownClass()[pri:0, instance:com.example.runners.UiTestRunner@689604d9]" started-at="2026-02-06T21:37:46 IST" name="tearDownClass" finished-at="2026-02-06T21:37:47 IST" duration-ms="62" status="PASS">
          <reporter-output>
          </reporter-output>
        </test-method> <!-- tearDownClass -->
      </class> <!-- com.example.runners.UiTestRunner -->
    </test> <!-- Sales Sorting Tests -->
    <test started-at="2026-02-06T21:37:47 IST" name="Sell Plant Navigation Test" finished-at="2026-02-06T21:38:02 IST" duration-ms="15508">
      <class name="com.example.runners.UiTestRunner">
        <test-method is-config="true" signature="setUpClass(org.testng.ITestContext)[pri:0, instance:com.example.runners.UiTestRunner@6c6cb480]" started-at="2026-02-06T21:37:47 IST" name="setUpClass" finished-at="2026-02-06T21:37:47 IST" duration-ms="31" status="PASS">
          <params>
            <param index="0">
              <value>
                <![CDATA[org.testng.TestRunner@7c1e2a9e]]>
              </value>
            </param>
          </params>
          <reporter-output>
          </reporter-output>
        </test-method> <!-- setUpClass -->
        <test-method signature="runScenario(io.cucumber.testng.PickleWrapper,io.cucumber.testng.FeatureWrapper)[pri:0, instance:com.example.runners.UiTestRunner@6c6cb480]" started-at="2026-02-06T21:37:47 IST" name="runScenario" description="Runs Cucumber Scenarios" data-provider="scenarios" finished-at="2026-02-06T21:38:02 IST" duration-ms="15441" status="PASS">
          <params>
            <param index="0">
              <value>
                <![CDATA["TC_UI_SAL_14 - Verify "Sell Plant" button navigation"]]>
              </value>
            </param>
            <param index="1">
              <value>
                <![CDATA["Sales Navigation Functionality"]]>
              </value>
            </param>
          </params>
          <reporter-output>
          </reporter-output>
        </test-method> <!-- runScenario -->
        <test-method is-config="true" signature="tearDownClass()[pri:0, instance:com.example.runners.UiTestRunner@6c6cb480]" started-at="2026-02-06T21:38:02 IST" name="tearDownClass" finished-at="2026-02-06T21:38:02 IST" duration-ms="33" status="PASS">
          <reporter-output>
          </reporter-output>
        </test-method> <!-- tearDownClass -->
      </class> <!-- com.example.runners.UiTestRunner -->
    </test> <!-- Sell Plant Navigation Test -->
    <test started-at="2026-02-06T21:38:02 IST" name="Sell Plant Validation Test" finished-at="2026-02-06T21:38:21 IST" duration-ms="18780">
      <class name="com.example.runners.UiTestRunner">
        <test-method is-config="true" signature="setUpClass(org.testng.ITestContext)[pri:0, instance:com.example.runners.UiTestRunner@c730b35]" started-at="2026-02-06T21:38:02 IST" name="setUpClass" finished-at="2026-02-06T21:38:02 IST" duration-ms="25" status="PASS">
          <params>
            <param index="0">
              <value>
                <![CDATA[org.testng.TestRunner@fa36558]]>
              </value>
            </param>
          </params>
          <reporter-output>
          </reporter-output>
        </test-method> <!-- setUpClass -->
        <test-method signature="runScenario(io.cucumber.testng.PickleWrapper,io.cucumber.testng.FeatureWrapper)[pri:0, instance:com.example.runners.UiTestRunner@c730b35]" started-at="2026-02-06T21:38:02 IST" name="runScenario" description="Runs Cucumber Scenarios" data-provider="scenarios" finished-at="2026-02-06T21:38:21 IST" duration-ms="18729" status="PASS">
          <params>
            <param index="0">
              <value>
                <![CDATA["TC_UI_SAL_15 - Verify error when Plant not selected"]]>
              </value>
            </param>
            <param index="1">
              <value>
                <![CDATA["Sales Navigation Functionality"]]>
              </value>
            </param>
          </params>
          <reporter-output>
          </reporter-output>
        </test-method> <!-- runScenario -->
        <test-method is-config="true" signature="tearDownClass()[pri:0, instance:com.example.runners.UiTestRunner@c730b35]" started-at="2026-02-06T21:38:21 IST" name="tearDownClass" finished-at="2026-02-06T21:38:21 IST" duration-ms="24" status="PASS">
          <reporter-output>
          </reporter-output>
        </test-method> <!-- tearDownClass -->
      </class> <!-- com.example.runners.UiTestRunner -->
    </test> <!-- Sell Plant Validation Test -->
    <test started-at="2026-02-06T21:38:21 IST" name="Multi-tab Stock Update Test" finished-at="2026-02-06T21:38:57 IST" duration-ms="35742">
      <class name="com.example.runners.UiTestRunner">
        <test-method is-config="true" signature="setUpClass(org.testng.ITestContext)[pri:0, instance:com.example.runners.UiTestRunner@22555ebf]" started-at="2026-02-06T21:38:21 IST" name="setUpClass" finished-at="2026-02-06T21:38:21 IST" duration-ms="23" status="PASS">
          <params>
            <param index="0">
              <value>
                <![CDATA[org.testng.TestRunner@672872e1]]>
              </value>
            </param>
          </params>
          <reporter-output>
          </reporter-output>
        </test-method> <!-- setUpClass -->
        <test-method signature="runScenario(io.cucumber.testng.PickleWrapper,io.cucumber.testng.FeatureWrapper)[pri:0, instance:com.example.runners.UiTestRunner@22555ebf]" started-at="2026-02-06T21:38:21 IST" name="runScenario" description="Runs Cucumber Scenarios" data-provider="scenarios" finished-at="2026-02-06T21:38:57 IST" duration-ms="35679" status="PASS">
          <params>
            <param index="0">
              <value>
                <![CDATA["TC_UI_SAL_16 - Verify dropdown updates after sales (if multiple tabs/windows)"]]>
              </value>
            </param>
            <param index="1">
              <value>
                <![CDATA["Sales Navigation Functionality"]]>
              </value>
            </param>
          </params>
          <reporter-output>
          </reporter-output>
        </test-method> <!-- runScenario -->
        <test-method is-config="true" signature="tearDownClass()[pri:0, instance:com.example.runners.UiTestRunner@22555ebf]" started-at="2026-02-06T21:38:57 IST" name="tearDownClass" finished-at="2026-02-06T21:38:57 IST" duration-ms="37" status="PASS">
          <reporter-output>
          </reporter-output>
        </test-method> <!-- tearDownClass -->
      </class> <!-- com.example.runners.UiTestRunner -->
    </test> <!-- Multi-tab Stock Update Test -->
  </suite> <!-- Sales Sorting Test Suite -->
</testng-results>
