<?xml version="1.0" encoding="UTF-8"?>
<testng-results ignored="0" total="20" passed="12" failed="8" skipped="0">
  <reporter-output>
  </reporter-output>
  <suite started-at="2026-02-07T22:20:47 IST" name="Plant Sales UI Automation Suite" finished-at="2026-02-07T22:23:11 IST" duration-ms="144118">
    <groups>
      <group name="cucumber">
        <method signature="AbstractTestNGCucumberTests.runScenario(io.cucumber.testng.PickleWrapper,io.cucumber.testng.FeatureWrapper)[pri:0, instance:com.example.runners.CucumberRunner@5ee34b1b]" name="runScenario" class="io.cucumber.testng.AbstractTestNGCucumberTests"/>
      </group> <!-- cucumber -->
    </groups>
    <test started-at="2026-02-07T22:20:47 IST" name="Cucumber Tests" finished-at="2026-02-07T22:23:11 IST" duration-ms="144118">
      <class name="com.example.runners.CucumberRunner">
        <test-method is-config="true" signature="setUpClass(org.testng.ITestContext)[pri:0, instance:com.example.runners.CucumberRunner@5ee34b1b]" started-at="2026-02-07T22:20:47 IST" name="setUpClass" finished-at="2026-02-07T22:20:50 IST" duration-ms="2820" status="PASS">
          <params>
            <param index="0">
              <value>
                <![CDATA[org.testng.TestRunner@7be55279]]>
              </value>
            </param>
          </params>
          <reporter-output>
          </reporter-output>
        </test-method> <!-- setUpClass -->
        <test-method signature="runScenario(io.cucumber.testng.PickleWrapper,io.cucumber.testng.FeatureWrapper)[pri:0, instance:com.example.runners.CucumberRunner@5ee34b1b]" started-at="2026-02-07T22:20:50 IST" name="runScenario" description="Runs Cucumber Scenarios" data-provider="scenarios" finished-at="2026-02-07T22:20:58 IST" duration-ms="8013" status="PASS">
          <params>
            <param index="0">
              <value>
                <![CDATA["Verify Admin can successfully create a new Main Category"]]>
              </value>
            </param>
            <param index="1">
              <value>
                <![CDATA["Admin Category Management API"]]>
              </value>
            </param>
          </params>
          <reporter-output>
          </reporter-output>
        </test-method> <!-- runScenario -->
        <test-method signature="runScenario(io.cucumber.testng.PickleWrapper,io.cucumber.testng.FeatureWrapper)[pri:0, instance:com.example.runners.CucumberRunner@5ee34b1b]" started-at="2026-02-07T22:20:58 IST" name="runScenario" description="Runs Cucumber Scenarios" data-provider="scenarios" finished-at="2026-02-07T22:20:58 IST" duration-ms="371" status="FAIL">
          <params>
            <param index="0">
              <value>
                <![CDATA["Verify successful creation of a Sub-Category"]]>
              </value>
            </param>
            <param index="1">
              <value>
                <![CDATA["Admin Category Management API"]]>
              </value>
            </param>
          </params>
          <exception class="java.lang.AssertionError">
            <message>
              <![CDATA[1 expectation failed.
JSON path $ doesn't match.
Expected: map containing ["parent"->ANYTHING]
  Actual: <{id=212, name=Flower_99, subCategories=[]}>
]]>
            </message>
            <full-stacktrace>
              <![CDATA[java.lang.AssertionError: 1 expectation failed.
JSON path $ doesn't match.
Expected: map containing ["parent"->ANYTHING]
  Actual: <{id=212, name=Flower_99, subCategories=[]}>

at java.base/jdk.internal.reflect.NativeConstructorAccessorImpl.newInstance0(Native Method)
at java.base/jdk.internal.reflect.NativeConstructorAccessorImpl.newInstance(NativeConstructorAccessorImpl.java:77)
at java.base/jdk.internal.reflect.DelegatingConstructorAccessorImpl.newInstance(DelegatingConstructorAccessorImpl.java:45)
at java.base/java.lang.reflect.Constructor.newInstanceWithCaller(Constructor.java:500)
at java.base/java.lang.reflect.Constructor.newInstance(Constructor.java:481)
at org.codehaus.groovy.reflection.CachedConstructor.invoke(CachedConstructor.java:73)
at org.codehaus.groovy.runtime.callsite.ConstructorSite$ConstructorSiteNoUnwrapNoCoerce.callConstructor(ConstructorSite.java:108)
at org.codehaus.groovy.runtime.callsite.CallSiteArray.defaultCallConstructor(CallSiteArray.java:57)
at org.codehaus.groovy.runtime.callsite.AbstractCallSite.callConstructor(AbstractCallSite.java:263)
at org.codehaus.groovy.runtime.callsite.AbstractCallSite.callConstructor(AbstractCallSite.java:277)
at io.restassured.internal.ResponseSpecificationImpl$HamcrestAssertionClosure.validate(ResponseSpecificationImpl.groovy:512)
at io.restassured.internal.ResponseSpecificationImpl$HamcrestAssertionClosure$validate$1.call(Unknown Source)
at io.restassured.internal.ResponseSpecificationImpl.validateResponseIfRequired(ResponseSpecificationImpl.groovy:696)
at io.restassured.internal.ResponseSpecificationImpl.this$2$validateResponseIfRequired(ResponseSpecificationImpl.groovy)
at java.base/jdk.internal.reflect.NativeMethodAccessorImpl.invoke0(Native Method)
at java.base/jdk.internal.reflect.NativeMethodAccessorImpl.invoke(NativeMethodAccessorImpl.java:77)
at java.base/jdk.internal.reflect.DelegatingMethodAccessorImpl.invoke(DelegatingMethodAccessorImpl.java:43)
at java.base/java.lang.reflect.Method.invoke(Method.java:569)
at org.codehaus.groovy.runtime.callsite.PlainObjectMetaMethodSite.doInvoke(PlainObjectMetaMethodSite.java:43)
at org.codehaus.groovy.runtime.callsite.PogoMetaMethodSite$PogoCachedMethodSiteNoUnwrapNoCoerce.invoke(PogoMetaMethodSite.java:198)
at org.codehaus.groovy.runtime.callsite.PogoMetaMethodSite.callCurrent(PogoMetaMethodSite.java:62)
at org.codehaus.groovy.runtime.callsite.AbstractCallSite.callCurrent(AbstractCallSite.java:185)
at io.restassured.internal.ResponseSpecificationImpl.body(ResponseSpecificationImpl.groovy:270)
at io.restassured.specification.ResponseSpecification$body$1.callCurrent(Unknown Source)
at io.restassured.internal.ResponseSpecificationImpl.body(ResponseSpecificationImpl.groovy:117)
at io.restassured.internal.ValidatableResponseOptionsImpl.body(ValidatableResponseOptionsImpl.java:244)
at com.example.api.stepDefinitions.CategoryApiStepDefinitions.verify_body_has_field(CategoryApiStepDefinitions.java:76)
at ✽.the response body should contain the field "parent"(file:///C:/Users/USER/OneDrive/Pictures/Desktop/IrushI_QA_Automation_Plant/ITFac_Batch21_Group53/src/test/resources/features/api/AdminCategoryApi.feature:24)
]]>
            </full-stacktrace>
          </exception> <!-- java.lang.AssertionError -->
          <reporter-output>
          </reporter-output>
        </test-method> <!-- runScenario -->
        <test-method signature="runScenario(io.cucumber.testng.PickleWrapper,io.cucumber.testng.FeatureWrapper)[pri:0, instance:com.example.runners.CucumberRunner@5ee34b1b]" started-at="2026-02-07T22:20:58 IST" name="runScenario" description="Runs Cucumber Scenarios" data-provider="scenarios" finished-at="2026-02-07T22:20:59 IST" duration-ms="364" status="PASS">
          <params>
            <param index="0">
              <value>
                <![CDATA["Verify validation for Category Name Length (Min 3 chars)"]]>
              </value>
            </param>
            <param index="1">
              <value>
                <![CDATA["Admin Category Management API"]]>
              </value>
            </param>
          </params>
          <reporter-output>
          </reporter-output>
        </test-method> <!-- runScenario -->
        <test-method signature="runScenario(io.cucumber.testng.PickleWrapper,io.cucumber.testng.FeatureWrapper)[pri:0, instance:com.example.runners.CucumberRunner@5ee34b1b]" started-at="2026-02-07T22:20:59 IST" name="runScenario" description="Runs Cucumber Scenarios" data-provider="scenarios" finished-at="2026-02-07T22:20:59 IST" duration-ms="355" status="PASS">
          <params>
            <param index="0">
              <value>
                <![CDATA["Verify Unique Name Constraint (Prevent Duplicate Categories)"]]>
              </value>
            </param>
            <param index="1">
              <value>
                <![CDATA["Admin Category Management API"]]>
              </value>
            </param>
          </params>
          <reporter-output>
          </reporter-output>
        </test-method> <!-- runScenario -->
        <test-method signature="runScenario(io.cucumber.testng.PickleWrapper,io.cucumber.testng.FeatureWrapper)[pri:0, instance:com.example.runners.CucumberRunner@5ee34b1b]" started-at="2026-02-07T22:20:59 IST" name="runScenario" description="Runs Cucumber Scenarios" data-provider="scenarios" finished-at="2026-02-07T22:20:59 IST" duration-ms="361" status="PASS">
          <params>
            <param index="0">
              <value>
                <![CDATA["Verify Role-Based Access Control (User Restriction)"]]>
              </value>
            </param>
            <param index="1">
              <value>
                <![CDATA["Admin Category Management API"]]>
              </value>
            </param>
          </params>
          <reporter-output>
          </reporter-output>
        </test-method> <!-- runScenario -->
        <test-method signature="runScenario(io.cucumber.testng.PickleWrapper,io.cucumber.testng.FeatureWrapper)[pri:0, instance:com.example.runners.CucumberRunner@5ee34b1b]" started-at="2026-02-07T22:20:59 IST" name="runScenario" description="Runs Cucumber Scenarios" data-provider="scenarios" finished-at="2026-02-07T22:21:00 IST" duration-ms="312" status="FAIL">
          <params>
            <param index="0">
              <value>
                <![CDATA["Verify successful retrieval of a specific category with a valid ID"]]>
              </value>
            </param>
            <param index="1">
              <value>
                <![CDATA["Category API Management"]]>
              </value>
            </param>
          </params>
          <exception class="java.lang.AssertionError">
            <message>
              <![CDATA[1 expectation failed.
JSON path $ doesn't match.
Expected: map containing ["subCategories"->ANYTHING]
  Actual: <{id=10, name=Flower_Ind, parentId=1}>
]]>
            </message>
            <full-stacktrace>
              <![CDATA[java.lang.AssertionError: 1 expectation failed.
JSON path $ doesn't match.
Expected: map containing ["subCategories"->ANYTHING]
  Actual: <{id=10, name=Flower_Ind, parentId=1}>

at java.base/jdk.internal.reflect.NativeConstructorAccessorImpl.newInstance0(Native Method)
at java.base/jdk.internal.reflect.NativeConstructorAccessorImpl.newInstance(NativeConstructorAccessorImpl.java:77)
at java.base/jdk.internal.reflect.DelegatingConstructorAccessorImpl.newInstance(DelegatingConstructorAccessorImpl.java:45)
at java.base/java.lang.reflect.Constructor.newInstanceWithCaller(Constructor.java:500)
at java.base/java.lang.reflect.Constructor.newInstance(Constructor.java:481)
at org.codehaus.groovy.reflection.CachedConstructor.invoke(CachedConstructor.java:73)
at org.codehaus.groovy.runtime.callsite.ConstructorSite$ConstructorSiteNoUnwrapNoCoerce.callConstructor(ConstructorSite.java:108)
at org.codehaus.groovy.runtime.callsite.AbstractCallSite.callConstructor(AbstractCallSite.java:277)
at io.restassured.internal.ResponseSpecificationImpl$HamcrestAssertionClosure.validate(ResponseSpecificationImpl.groovy:512)
at io.restassured.internal.ResponseSpecificationImpl$HamcrestAssertionClosure$validate$1.call(Unknown Source)
at io.restassured.internal.ResponseSpecificationImpl.validateResponseIfRequired(ResponseSpecificationImpl.groovy:696)
at io.restassured.internal.ResponseSpecificationImpl.this$2$validateResponseIfRequired(ResponseSpecificationImpl.groovy)
at jdk.internal.reflect.GeneratedMethodAccessor152.invoke(Unknown Source)
at java.base/jdk.internal.reflect.DelegatingMethodAccessorImpl.invoke(DelegatingMethodAccessorImpl.java:43)
at java.base/java.lang.reflect.Method.invoke(Method.java:569)
at org.codehaus.groovy.runtime.callsite.PlainObjectMetaMethodSite.doInvoke(PlainObjectMetaMethodSite.java:43)
at org.codehaus.groovy.runtime.callsite.PogoMetaMethodSite$PogoCachedMethodSiteNoUnwrapNoCoerce.invoke(PogoMetaMethodSite.java:198)
at org.codehaus.groovy.runtime.callsite.PogoMetaMethodSite.callCurrent(PogoMetaMethodSite.java:62)
at org.codehaus.groovy.runtime.callsite.AbstractCallSite.callCurrent(AbstractCallSite.java:185)
at io.restassured.internal.ResponseSpecificationImpl.body(ResponseSpecificationImpl.groovy:270)
at io.restassured.specification.ResponseSpecification$body$1.callCurrent(Unknown Source)
at io.restassured.internal.ResponseSpecificationImpl.body(ResponseSpecificationImpl.groovy:117)
at io.restassured.internal.ValidatableResponseOptionsImpl.body(ValidatableResponseOptionsImpl.java:244)
at com.example.api.stepDefinitions.CategoryApiStepDefinitions.verify_body_has_field(CategoryApiStepDefinitions.java:76)
at ✽.the response body should contain the field "subCategories"(file:///C:/Users/USER/OneDrive/Pictures/Desktop/IrushI_QA_Automation_Plant/ITFac_Batch21_Group53/src/test/resources/features/api/CategoryApi.feature:11)
]]>
            </full-stacktrace>
          </exception> <!-- java.lang.AssertionError -->
          <reporter-output>
          </reporter-output>
        </test-method> <!-- runScenario -->
        <test-method signature="runScenario(io.cucumber.testng.PickleWrapper,io.cucumber.testng.FeatureWrapper)[pri:0, instance:com.example.runners.CucumberRunner@5ee34b1b]" started-at="2026-02-07T22:21:00 IST" name="runScenario" description="Runs Cucumber Scenarios" data-provider="scenarios" finished-at="2026-02-07T22:21:00 IST" duration-ms="367" status="PASS">
          <params>
            <param index="0">
              <value>
                <![CDATA["Verify system behavior when searching for a Non-Existent Category ID"]]>
              </value>
            </param>
            <param index="1">
              <value>
                <![CDATA["Category API Management"]]>
              </value>
            </param>
          </params>
          <reporter-output>
          </reporter-output>
        </test-method> <!-- runScenario -->
        <test-method signature="runScenario(io.cucumber.testng.PickleWrapper,io.cucumber.testng.FeatureWrapper)[pri:0, instance:com.example.runners.CucumberRunner@5ee34b1b]" started-at="2026-02-07T22:21:00 IST" name="runScenario" description="Runs Cucumber Scenarios" data-provider="scenarios" finished-at="2026-02-07T22:21:00 IST" duration-ms="347" status="FAIL">
          <params>
            <param index="0">
              <value>
                <![CDATA["Verify validation for Invalid Data Type in ID parameter"]]>
              </value>
            </param>
            <param index="1">
              <value>
                <![CDATA["Category API Management"]]>
              </value>
            </param>
          </params>
          <exception class="java.lang.AssertionError">
            <message>
              <![CDATA[1 expectation failed.
Expected status code <400> but was <500>.
]]>
            </message>
            <full-stacktrace>
              <![CDATA[java.lang.AssertionError: 1 expectation failed.
Expected status code <400> but was <500>.

at java.base/jdk.internal.reflect.NativeConstructorAccessorImpl.newInstance0(Native Method)
at java.base/jdk.internal.reflect.NativeConstructorAccessorImpl.newInstance(NativeConstructorAccessorImpl.java:77)
at java.base/jdk.internal.reflect.DelegatingConstructorAccessorImpl.newInstance(DelegatingConstructorAccessorImpl.java:45)
at java.base/java.lang.reflect.Constructor.newInstanceWithCaller(Constructor.java:500)
at java.base/java.lang.reflect.Constructor.newInstance(Constructor.java:481)
at org.codehaus.groovy.reflection.CachedConstructor.invoke(CachedConstructor.java:73)
at org.codehaus.groovy.runtime.callsite.ConstructorSite$ConstructorSiteNoUnwrapNoCoerce.callConstructor(ConstructorSite.java:108)
at org.codehaus.groovy.runtime.callsite.AbstractCallSite.callConstructor(AbstractCallSite.java:277)
at io.restassured.internal.ResponseSpecificationImpl$HamcrestAssertionClosure.validate(ResponseSpecificationImpl.groovy:512)
at io.restassured.internal.ResponseSpecificationImpl$HamcrestAssertionClosure$validate$1.call(Unknown Source)
at io.restassured.internal.ResponseSpecificationImpl.validateResponseIfRequired(ResponseSpecificationImpl.groovy:696)
at io.restassured.internal.ResponseSpecificationImpl.this$2$validateResponseIfRequired(ResponseSpecificationImpl.groovy)
at jdk.internal.reflect.GeneratedMethodAccessor152.invoke(Unknown Source)
at java.base/jdk.internal.reflect.DelegatingMethodAccessorImpl.invoke(DelegatingMethodAccessorImpl.java:43)
at java.base/java.lang.reflect.Method.invoke(Method.java:569)
at org.codehaus.groovy.runtime.callsite.PlainObjectMetaMethodSite.doInvoke(PlainObjectMetaMethodSite.java:43)
at org.codehaus.groovy.runtime.callsite.PogoMetaMethodSite$PogoCachedMethodSiteNoUnwrapNoCoerce.invoke(PogoMetaMethodSite.java:198)
at org.codehaus.groovy.runtime.callsite.PogoMetaMethodSite.callCurrent(PogoMetaMethodSite.java:62)
at org.codehaus.groovy.runtime.callsite.AbstractCallSite.callCurrent(AbstractCallSite.java:185)
at io.restassured.internal.ResponseSpecificationImpl.statusCode(ResponseSpecificationImpl.groovy:135)
at io.restassured.specification.ResponseSpecification$statusCode$0.callCurrent(Unknown Source)
at io.restassured.internal.ResponseSpecificationImpl.statusCode(ResponseSpecificationImpl.groovy:143)
at io.restassured.internal.ValidatableResponseOptionsImpl.statusCode(ValidatableResponseOptionsImpl.java:89)
at com.example.api.stepDefinitions.CategoryApiStepDefinitions.verify_status_code(CategoryApiStepDefinitions.java:65)
at ✽.the API response status code should be 400(file:///C:/Users/USER/OneDrive/Pictures/Desktop/IrushI_QA_Automation_Plant/ITFac_Batch21_Group53/src/test/resources/features/api/CategoryApi.feature:31)
]]>
            </full-stacktrace>
          </exception> <!-- java.lang.AssertionError -->
          <reporter-output>
          </reporter-output>
        </test-method> <!-- runScenario -->
        <test-method signature="runScenario(io.cucumber.testng.PickleWrapper,io.cucumber.testng.FeatureWrapper)[pri:0, instance:com.example.runners.CucumberRunner@5ee34b1b]" started-at="2026-02-07T22:21:00 IST" name="runScenario" description="Runs Cucumber Scenarios" data-provider="scenarios" finished-at="2026-02-07T22:21:01 IST" duration-ms="166" status="PASS">
          <params>
            <param index="0">
              <value>
                <![CDATA["Verify Unauthorized Access protection for the endpoint"]]>
              </value>
            </param>
            <param index="1">
              <value>
                <![CDATA["Category API Management"]]>
              </value>
            </param>
          </params>
          <reporter-output>
          </reporter-output>
        </test-method> <!-- runScenario -->
        <test-method signature="runScenario(io.cucumber.testng.PickleWrapper,io.cucumber.testng.FeatureWrapper)[pri:0, instance:com.example.runners.CucumberRunner@5ee34b1b]" started-at="2026-02-07T22:21:01 IST" name="runScenario" description="Runs Cucumber Scenarios" data-provider="scenarios" finished-at="2026-02-07T22:21:01 IST" duration-ms="345" status="FAIL">
          <params>
            <param index="0">
              <value>
                <![CDATA["Verify successful retrieval of a Sub-category and its Parent linkage"]]>
              </value>
            </param>
            <param index="1">
              <value>
                <![CDATA["Category API Management"]]>
              </value>
            </param>
          </params>
          <exception class="java.lang.AssertionError">
            <message>
              <![CDATA[1 expectation failed.
JSON path parent doesn't match.
Expected: Flowers
  Actual: null
]]>
            </message>
            <full-stacktrace>
              <![CDATA[java.lang.AssertionError: 1 expectation failed.
JSON path parent doesn't match.
Expected: Flowers
  Actual: null

at java.base/jdk.internal.reflect.NativeConstructorAccessorImpl.newInstance0(Native Method)
at java.base/jdk.internal.reflect.NativeConstructorAccessorImpl.newInstance(NativeConstructorAccessorImpl.java:77)
at java.base/jdk.internal.reflect.DelegatingConstructorAccessorImpl.newInstance(DelegatingConstructorAccessorImpl.java:45)
at java.base/java.lang.reflect.Constructor.newInstanceWithCaller(Constructor.java:500)
at java.base/java.lang.reflect.Constructor.newInstance(Constructor.java:481)
at org.codehaus.groovy.reflection.CachedConstructor.invoke(CachedConstructor.java:73)
at org.codehaus.groovy.runtime.callsite.ConstructorSite$ConstructorSiteNoUnwrapNoCoerce.callConstructor(ConstructorSite.java:108)
at org.codehaus.groovy.runtime.callsite.AbstractCallSite.callConstructor(AbstractCallSite.java:277)
at io.restassured.internal.ResponseSpecificationImpl$HamcrestAssertionClosure.validate(ResponseSpecificationImpl.groovy:512)
at io.restassured.internal.ResponseSpecificationImpl$HamcrestAssertionClosure$validate$1.call(Unknown Source)
at io.restassured.internal.ResponseSpecificationImpl.validateResponseIfRequired(ResponseSpecificationImpl.groovy:696)
at io.restassured.internal.ResponseSpecificationImpl.this$2$validateResponseIfRequired(ResponseSpecificationImpl.groovy)
at jdk.internal.reflect.GeneratedMethodAccessor152.invoke(Unknown Source)
at java.base/jdk.internal.reflect.DelegatingMethodAccessorImpl.invoke(DelegatingMethodAccessorImpl.java:43)
at java.base/java.lang.reflect.Method.invoke(Method.java:569)
at org.codehaus.groovy.runtime.callsite.PlainObjectMetaMethodSite.doInvoke(PlainObjectMetaMethodSite.java:43)
at org.codehaus.groovy.runtime.callsite.PogoMetaMethodSite$PogoCachedMethodSiteNoUnwrapNoCoerce.invoke(PogoMetaMethodSite.java:198)
at org.codehaus.groovy.runtime.callsite.PogoMetaMethodSite.callCurrent(PogoMetaMethodSite.java:62)
at org.codehaus.groovy.runtime.callsite.AbstractCallSite.callCurrent(AbstractCallSite.java:185)
at io.restassured.internal.ResponseSpecificationImpl.body(ResponseSpecificationImpl.groovy:270)
at io.restassured.specification.ResponseSpecification$body$1.callCurrent(Unknown Source)
at io.restassured.internal.ResponseSpecificationImpl.body(ResponseSpecificationImpl.groovy:117)
at io.restassured.internal.ValidatableResponseOptionsImpl.body(ValidatableResponseOptionsImpl.java:244)
at com.example.api.stepDefinitions.CategoryApiStepDefinitions.verify_body_field_string_value(CategoryApiStepDefinitions.java:81)
at ✽.the response body should contain the field "parent" with string value "Flowers"(file:///C:/Users/USER/OneDrive/Pictures/Desktop/IrushI_QA_Automation_Plant/ITFac_Batch21_Group53/src/test/resources/features/api/CategoryApi.feature:59)
]]>
            </full-stacktrace>
          </exception> <!-- java.lang.AssertionError -->
          <reporter-output>
          </reporter-output>
        </test-method> <!-- runScenario -->
        <test-method signature="runScenario(io.cucumber.testng.PickleWrapper,io.cucumber.testng.FeatureWrapper)[pri:0, instance:com.example.runners.CucumberRunner@5ee34b1b]" started-at="2026-02-07T22:21:01 IST" name="runScenario" description="Runs Cucumber Scenarios" data-provider="scenarios" finished-at="2026-02-07T22:21:15 IST" duration-ms="14080" status="PASS">
          <params>
            <param index="0">
              <value>
                <![CDATA["Verify Admin can successfully add a new Main Category"]]>
              </value>
            </param>
            <param index="1">
              <value>
                <![CDATA["Category Management"]]>
              </value>
            </param>
          </params>
          <reporter-output>
          </reporter-output>
        </test-method> <!-- runScenario -->
        <test-method signature="runScenario(io.cucumber.testng.PickleWrapper,io.cucumber.testng.FeatureWrapper)[pri:0, instance:com.example.runners.CucumberRunner@5ee34b1b]" started-at="2026-02-07T22:21:15 IST" name="runScenario" description="Runs Cucumber Scenarios" data-provider="scenarios" finished-at="2026-02-07T22:21:25 IST" duration-ms="9989" status="PASS">
          <params>
            <param index="0">
              <value>
                <![CDATA["Verify Admin is prevented from creating a category with an empty Name"]]>
              </value>
            </param>
            <param index="1">
              <value>
                <![CDATA["Category Management"]]>
              </value>
            </param>
          </params>
          <reporter-output>
          </reporter-output>
        </test-method> <!-- runScenario -->
        <test-method signature="runScenario(io.cucumber.testng.PickleWrapper,io.cucumber.testng.FeatureWrapper)[pri:0, instance:com.example.runners.CucumberRunner@5ee34b1b]" started-at="2026-02-07T22:21:25 IST" name="runScenario" description="Runs Cucumber Scenarios" data-provider="scenarios" finished-at="2026-02-07T22:21:40 IST" duration-ms="15236" status="PASS">
          <params>
            <param index="0">
              <value>
                <![CDATA["Verify Admin can successfully create a new Sub-Category"]]>
              </value>
            </param>
            <param index="1">
              <value>
                <![CDATA["Category Management"]]>
              </value>
            </param>
          </params>
          <reporter-output>
          </reporter-output>
        </test-method> <!-- runScenario -->
        <test-method signature="runScenario(io.cucumber.testng.PickleWrapper,io.cucumber.testng.FeatureWrapper)[pri:0, instance:com.example.runners.CucumberRunner@5ee34b1b]" started-at="2026-02-07T22:21:40 IST" name="runScenario" description="Runs Cucumber Scenarios" data-provider="scenarios" finished-at="2026-02-07T22:22:04 IST" duration-ms="23457" status="FAIL">
          <params>
            <param index="0">
              <value>
                <![CDATA["Verify System filters category list for multi-word names"]]>
              </value>
            </param>
            <param index="1">
              <value>
                <![CDATA["Category Management"]]>
              </value>
            </param>
          </params>
          <exception class="java.lang.AssertionError">
            <message>
              <![CDATA[Bug Found: Search failed to display the category 'Rose SL' in the table.]]>
            </message>
            <full-stacktrace>
              <![CDATA[java.lang.AssertionError: Bug Found: Search failed to display the category 'Rose SL' in the table.
at org.junit.Assert.fail(Assert.java:89)
at org.junit.Assert.assertTrue(Assert.java:42)
at com.example.ui.stepDefinitions.categories.CategoryStepDefinitions.verify_search_results(CategoryStepDefinitions.java:142)
at ✽.the category list should only display the "Rose SL" record(file:///C:/Users/USER/OneDrive/Pictures/Desktop/IrushI_QA_Automation_Plant/ITFac_Batch21_Group53/src/test/resources/features/ui/categories/CategoryAdd.feature:70)
]]>
            </full-stacktrace>
          </exception> <!-- java.lang.AssertionError -->
          <reporter-output>
          </reporter-output>
        </test-method> <!-- runScenario -->
        <test-method signature="runScenario(io.cucumber.testng.PickleWrapper,io.cucumber.testng.FeatureWrapper)[pri:0, instance:com.example.runners.CucumberRunner@5ee34b1b]" started-at="2026-02-07T22:22:04 IST" name="runScenario" description="Runs Cucumber Scenarios" data-provider="scenarios" finished-at="2026-02-07T22:22:23 IST" duration-ms="19614" status="FAIL">
          <params>
            <param index="0">
              <value>
                <![CDATA["Verify system prevents renaming a Sub-category to an existing name"]]>
              </value>
            </param>
            <param index="1">
              <value>
                <![CDATA["Category Management"]]>
              </value>
            </param>
          </params>
          <exception class="java.lang.AssertionError">
            <message>
              <![CDATA[Bug Found: Expected friendly error 'Category name already exists' but got backend error: 500 : "{"status":500,"error":"INTERNAL_SERVER_ERROR","message":"could not execute statement [Duplicate entry 'Coconut_B-216' for key 'categories.UKbh9wbkic0w5mhjpaqi6mkt4ie'] [update categories set name=?,parent_id=? where id=?]; SQL [update categories set name=?,parent_id=? where id=?]; constraint [categories.UKbh9wbkic0w5mhjpaqi6mkt4ie]","timestamp":"2026-02-07T22:22:22.2411413"}"]]>
            </message>
            <full-stacktrace>
              <![CDATA[java.lang.AssertionError: Bug Found: Expected friendly error 'Category name already exists' but got backend error: 500 : "{"status":500,"error":"INTERNAL_SERVER_ERROR","message":"could not execute statement [Duplicate entry 'Coconut_B-216' for key 'categories.UKbh9wbkic0w5mhjpaqi6mkt4ie'] [update categories set name=?,parent_id=? where id=?]; SQL [update categories set name=?,parent_id=? where id=?]; constraint [categories.UKbh9wbkic0w5mhjpaqi6mkt4ie]","timestamp":"2026-02-07T22:22:22.2411413"}"
at org.junit.Assert.fail(Assert.java:89)
at org.junit.Assert.assertTrue(Assert.java:42)
at com.example.ui.stepDefinitions.categories.CategoryStepDefinitions.verify_user_friendly_error(CategoryStepDefinitions.java:162)
at ✽.a user-friendly error message "Category name already exists" should be displayed(file:///C:/Users/USER/OneDrive/Pictures/Desktop/IrushI_QA_Automation_Plant/ITFac_Batch21_Group53/src/test/resources/features/ui/categories/CategoryAdd.feature:105)
]]>
            </full-stacktrace>
          </exception> <!-- java.lang.AssertionError -->
          <reporter-output>
          </reporter-output>
        </test-method> <!-- runScenario -->
        <test-method signature="runScenario(io.cucumber.testng.PickleWrapper,io.cucumber.testng.FeatureWrapper)[pri:0, instance:com.example.runners.CucumberRunner@5ee34b1b]" started-at="2026-02-07T22:22:23 IST" name="runScenario" description="Runs Cucumber Scenarios" data-provider="scenarios" finished-at="2026-02-07T22:22:30 IST" duration-ms="6922" status="FAIL">
          <params>
            <param index="0">
              <value>
                <![CDATA["Verify Edit Category functionality is restricted for non-admin users"]]>
              </value>
            </param>
            <param index="1">
              <value>
                <![CDATA["Category Management (Standard User)"]]>
              </value>
            </param>
          </params>
          <exception class="java.lang.AssertionError">
            <message>
              <![CDATA[Security Bug Found: Standard User successfully accessed the Edit Page! URL: http://localhost:8080/ui/categories/edit/218]]>
            </message>
            <full-stacktrace>
              <![CDATA[java.lang.AssertionError: Security Bug Found: Standard User successfully accessed the Edit Page! URL: http://localhost:8080/ui/categories/edit/218
at org.junit.Assert.fail(Assert.java:89)
at org.junit.Assert.assertTrue(Assert.java:42)
at org.junit.Assert.assertFalse(Assert.java:65)
at com.example.ui.stepDefinitions.categories.CategoryStepDefinitions.verify_no_navigation_to_edit_page(CategoryStepDefinitions.java:201)
at ✽.the user should not be navigated to the Edit Category page(file:///C:/Users/USER/OneDrive/Pictures/Desktop/IrushI_QA_Automation_Plant/ITFac_Batch21_Group53/src/test/resources/features/ui/categories/UserCategoryAdd.feature:26)
]]>
            </full-stacktrace>
          </exception> <!-- java.lang.AssertionError -->
          <reporter-output>
          </reporter-output>
        </test-method> <!-- runScenario -->
        <test-method signature="runScenario(io.cucumber.testng.PickleWrapper,io.cucumber.testng.FeatureWrapper)[pri:0, instance:com.example.runners.CucumberRunner@5ee34b1b]" started-at="2026-02-07T22:22:30 IST" name="runScenario" description="Runs Cucumber Scenarios" data-provider="scenarios" finished-at="2026-02-07T22:22:39 IST" duration-ms="8682" status="PASS">
          <params>
            <param index="0">
              <value>
                <![CDATA["Verify non-admin User can successfully search for an existing category"]]>
              </value>
            </param>
            <param index="1">
              <value>
                <![CDATA["Category Management (Standard User)"]]>
              </value>
            </param>
          </params>
          <reporter-output>
          </reporter-output>
        </test-method> <!-- runScenario -->
        <test-method signature="runScenario(io.cucumber.testng.PickleWrapper,io.cucumber.testng.FeatureWrapper)[pri:0, instance:com.example.runners.CucumberRunner@5ee34b1b]" started-at="2026-02-07T22:22:39 IST" name="runScenario" description="Runs Cucumber Scenarios" data-provider="scenarios" finished-at="2026-02-07T22:22:48 IST" duration-ms="8555" status="PASS">
          <params>
            <param index="0">
              <value>
                <![CDATA["Verify non-admin User can filter the category list by selecting a Parent Category"]]>
              </value>
            </param>
            <param index="1">
              <value>
                <![CDATA["Category Management (Standard User)"]]>
              </value>
            </param>
          </params>
          <reporter-output>
          </reporter-output>
        </test-method> <!-- runScenario -->
        <test-method signature="runScenario(io.cucumber.testng.PickleWrapper,io.cucumber.testng.FeatureWrapper)[pri:0, instance:com.example.runners.CucumberRunner@5ee34b1b]" started-at="2026-02-07T22:22:48 IST" name="runScenario" description="Runs Cucumber Scenarios" data-provider="scenarios" finished-at="2026-02-07T22:22:57 IST" duration-ms="9824" status="PASS">
          <params>
            <param index="0">
              <value>
                <![CDATA["Verify correct feedback when User searches for a non-existent category"]]>
              </value>
            </param>
            <param index="1">
              <value>
                <![CDATA["Category Management (Standard User)"]]>
              </value>
            </param>
          </params>
          <reporter-output>
          </reporter-output>
        </test-method> <!-- runScenario -->
        <test-method signature="runScenario(io.cucumber.testng.PickleWrapper,io.cucumber.testng.FeatureWrapper)[pri:0, instance:com.example.runners.CucumberRunner@5ee34b1b]" started-at="2026-02-07T22:22:57 IST" name="runScenario" description="Runs Cucumber Scenarios" data-provider="scenarios" finished-at="2026-02-07T22:23:11 IST" duration-ms="13181" status="FAIL">
          <params>
            <param index="0">
              <value>
                <![CDATA["Verify non-admin User can sort by ID, Name, and Parent sequentially"]]>
              </value>
            </param>
            <param index="1">
              <value>
                <![CDATA["Category Management (Standard User)"]]>
              </value>
            </param>
          </params>
          <exception class="java.lang.AssertionError">
            <message>
              <![CDATA[Column 'Parent Category' is not sorted (neither Ascending nor Descending).]]>
            </message>
            <full-stacktrace>
              <![CDATA[java.lang.AssertionError: Column 'Parent Category' is not sorted (neither Ascending nor Descending).
at org.junit.Assert.fail(Assert.java:89)
at com.example.ui.stepDefinitions.categories.CategoryStepDefinitions.verify_list_is_sorted(CategoryStepDefinitions.java:306)
at ✽.the category list should be sorted by "Parent Category" in ascending order(file:///C:/Users/USER/OneDrive/Pictures/Desktop/IrushI_QA_Automation_Plant/ITFac_Batch21_Group53/src/test/resources/features/ui/categories/UserCategoryAdd.feature:88)
]]>
            </full-stacktrace>
          </exception> <!-- java.lang.AssertionError -->
          <reporter-output>
          </reporter-output>
        </test-method> <!-- runScenario -->
        <test-method is-config="true" signature="tearDownClass()[pri:0, instance:com.example.runners.CucumberRunner@5ee34b1b]" started-at="2026-02-07T22:23:11 IST" name="tearDownClass" finished-at="2026-02-07T22:23:11 IST" duration-ms="172" status="PASS">
          <reporter-output>
          </reporter-output>
        </test-method> <!-- tearDownClass -->
      </class> <!-- com.example.runners.CucumberRunner -->
    </test> <!-- Cucumber Tests -->
  </suite> <!-- Plant Sales UI Automation Suite -->
</testng-results>
