<?xml version="1.0" encoding="UTF-8"?>
<testng-results ignored="0" total="1" passed="1" failed="0" skipped="0">
  <reporter-output>
  </reporter-output>
  <suite started-at="2026-02-07T15:40:58 IST" name="Surefire suite" finished-at="2026-02-07T15:40:59 IST" duration-ms="1513">
    <groups>
    </groups>
    <test started-at="2026-02-07T15:40:58 IST" name="Surefire test" finished-at="2026-02-07T15:40:59 IST" duration-ms="1513">
      <class name="com.example.api.tests.PlantApiTest">
        <test-method signature="testTC_API_PLANTS_ADM_01()[pri:0, instance:com.example.api.tests.PlantApiTest@460d0a57]" started-at="2026-02-07T15:40:58 IST" name="testTC_API_PLANTS_ADM_01" description="Verify Admin can create a plant with valid data under a sub-category" finished-at="2026-02-07T15:40:59 IST" duration-ms="1494" status="PASS">
          <reporter-output>
          </reporter-output>
        </test-method> <!-- testTC_API_PLANTS_ADM_01 -->
      </class> <!-- com.example.api.tests.PlantApiTest -->
    </test> <!-- Surefire test -->
  </suite> <!-- Surefire suite -->
</testng-results>
