<?xml version="1.0" encoding="UTF-8"?>
<testsuite xmlns:xsi="http://www.w3.org/2001/XMLSchema-instance" xsi:noNamespaceSchemaLocation="https://maven.apache.org/surefire/maven-surefire-plugin/xsd/surefire-test-report-3.0.xsd" version="3.0" name="TestSuite" time="264.002" tests="27" errors="0" skipped="0" failures="8">
  <properties>
[...]
</properties>
  <testcase name="runScenario[&quot;Verify Category selection is a sub-category&quot;, &quot;Plant Category Selection&quot;](1)" classname="com.example.runners.UiTestRunner" time="10.342">
    <system-out><![CDATA[
@ui @plants @TC_UI_PLANT_ADM_004
Scenario: Verify Category selection is a sub-category                                            # src/test/resources/features/ui/plants/plant_category.feature:8
=== Starting UI Test: Verify Category selection is a sub-category ===
  Given user is logged in as admin                                                               # com.example.ui.stepDefinitions.login.LoginSteps.userIsLoggedInAsAdmin()
  And user is on the Plants List page                                                            # com.example.ui.stepDefinitions.login.LoginSteps.userIsOnThePlantsListPage()
  When user clicks on "Add a Plant" button                                                       # com.example.ui.stepDefinitions.plants.PlantListSteps.userClicksOnButton(java.lang.String)
  Then user should be navigated to "Add Plants" page                                             # com.example.ui.stepDefinitions.plants.PlantListSteps.userShouldBeNavigatedToPage(java.lang.String)
Expected Sub-Categories: [Rose, Lotus, Banana, Mango, Rose UK]
Actual Options in Dropdown: [Banana, Lotus, Mango, Rose, Rose UK]
  And the category dropdown should contains sub-categories "Rose, Lotus, Banana, Mango, Rose UK" # com.example.ui.stepDefinitions.plants.PlantCategorySteps.categoryDropdownShouldContainSubCategories(java.lang.String)
  And the category dropdown should not contain main categories "Flower, Fruits, Herbs"           # com.example.ui.stepDefinitions.plants.PlantCategorySteps.categoryDropdownShouldNotContainMainCategories(java.lang.String)
=== Finished UI Test: Verify Category selection is a sub-category ===

]]></system-out>
    <system-err><![CDATA[Feb 07, 2026 8:37:39 PM io.cucumber.core.options.CucumberPropertiesParser lambda$warnWhenCucumberOptionsIsUsed$2
WARNING: Passing commandline options via the property 'cucumber.options' is no longer supported. Please use individual properties instead. See the java doc on io.cucumber.core.options.Constants for details.
Feb 07, 2026 8:37:43 PM org.openqa.selenium.devtools.CdpVersionFinder findNearestMatch
WARNING: Unable to find CDP implementation matching 144
Feb 07, 2026 8:37:43 PM org.openqa.selenium.chromium.ChromiumDriver lambda$new$5
WARNING: Unable to find version of CDP to use for 144.0.7559.133. You may need to include a dependency on a specific version of the CDP using something similar to `org.seleniumhq.selenium:selenium-devtools-v86:4.15.0` where the version ("v86") matches the version of the chromium-based browser you're using and the version number of the artifact is the same as Selenium's.
]]></system-err>
  </testcase>
  <testcase name="runScenario[&quot;Verify Admin can successfully add a new plant with valid data&quot;, &quot;Plant CRUD Operations&quot;](2)" classname="com.example.runners.UiTestRunner" time="10.843">
    <system-out><![CDATA[
@ui @plants @TC_UI_PLANT_ADM_001
Scenario: Verify Admin can successfully add a new plant with valid data   # src/test/resources/features/ui/plants/plant_crud.feature:12
=== Starting UI Test: Verify Admin can successfully add a new plant with valid data ===
  Given user is logged in as admin                                        # com.example.ui.stepDefinitions.login.LoginSteps.userIsLoggedInAsAdmin()
  And user is on the Plants List page                                     # com.example.ui.stepDefinitions.login.LoginSteps.userIsOnThePlantsListPage()
  When user clicks on "Add a Plant" button                                # com.example.ui.stepDefinitions.plants.PlantListSteps.userClicksOnButton(java.lang.String)
  Then user should be navigated to "Add Plants" page                      # com.example.ui.stepDefinitions.plants.PlantListSteps.userShouldBeNavigatedToPage(java.lang.String)
  When user enters plant name as "Red Rose"                               # com.example.ui.stepDefinitions.plants.PlantCRUDSteps.userEntersPlantNameAs(java.lang.String)
  And user selects sub category as "Rose UK"                              # com.example.ui.stepDefinitions.plants.PlantCRUDSteps.userSelectsSubCategoryAs(java.lang.String)
  And user enters price as "2000"                                         # com.example.ui.stepDefinitions.plants.PlantCRUDSteps.userEntersPriceAs(java.lang.String)
  And user enters quantity as "12"                                        # com.example.ui.stepDefinitions.plants.PlantCRUDSteps.userEntersQuantityAs(java.lang.String)
  And user clicks on "save" button                                        # com.example.ui.stepDefinitions.plants.PlantListSteps.userClicksOnButton(java.lang.String)

===== DEBUG: Success Message Check =====
Expected Message: Plant added successfully
Actual Message: Plant added successfully
Page URL: http://localhost:8080/ui/plants
========================================

  Then a success message "Plant added successfully" should be displayed   # com.example.ui.stepDefinitions.plants.PlantCRUDSteps.aSuccessMessageShouldBeDisplayed(java.lang.String)
  And user should be redirected to "/ui/plants" page                      # com.example.ui.stepDefinitions.plants.PlantListSteps.userShouldBeRedirectedToPage(java.lang.String)
  And newly added plant "Red Rose" should be displayed in the plants list # com.example.ui.stepDefinitions.plants.PlantCRUDSteps.newlyAddedPlantShouldBeDisplayedInTheList(java.lang.String)
✔ Cleaned up plant: Red Rose
=== Finished UI Test: Verify Admin can successfully add a new plant with valid data ===

]]></system-out>
    <system-err><![CDATA[Feb 07, 2026 8:37:51 PM org.openqa.selenium.devtools.CdpVersionFinder findNearestMatch
WARNING: Unable to find CDP implementation matching 144
Feb 07, 2026 8:37:51 PM org.openqa.selenium.chromium.ChromiumDriver lambda$new$5
WARNING: Unable to find version of CDP to use for 144.0.7559.133. You may need to include a dependency on a specific version of the CDP using something similar to `org.seleniumhq.selenium:selenium-devtools-v86:4.15.0` where the version ("v86") matches the version of the chromium-based browser you're using and the version number of the artifact is the same as Selenium's.
]]></system-err>
  </testcase>
  <testcase name="runScenario[&quot;Verify Admin can successfully delete a plant record from plant list&quot;, &quot;Plant Deletion&quot;](3)" classname="com.example.runners.UiTestRunner" time="9.389">
    <system-out><![CDATA[
@ui @plants @TC_UI_PLANT_ADM_003
Scenario: Verify Admin can successfully delete a plant record from plant list              # src/test/resources/features/ui/plants/plant_delete.feature:5
=== Starting UI Test: Verify Admin can successfully delete a plant record from plant list ===
  Given user is logged in as admin                                                         # com.example.ui.stepDefinitions.login.LoginSteps.userIsLoggedInAsAdmin()
  And user is on the Plants List page                                                      # com.example.ui.stepDefinitions.login.LoginSteps.userIsOnThePlantsListPage()
  And a plant "Test Delete Plant" exists in the list                                       # com.example.ui.stepDefinitions.plants.PlantDeleteSteps.aPlantExistsInTheList(java.lang.String)
=== Deleting Plant: Test Delete Plant ===
  When user clicks delete button for plant "Test Delete Plant"                             # com.example.ui.stepDefinitions.plants.PlantDeleteSteps.userClicksDeleteButtonForPlant(java.lang.String)
=== Confirming Delete Action ===
  And user confirms the delete action                                                      # com.example.ui.stepDefinitions.plants.PlantDeleteSteps.userConfirmsTheDeleteAction()

===== DEBUG: Success Message Check =====
Expected Message: Plant deleted successfully
Actual Message: Plant deleted successfully
Page URL: http://localhost:8080/ui/plants
========================================

  Then a success message "Plant deleted successfully" should be displayed                  # com.example.ui.stepDefinitions.plants.PlantCRUDSteps.aSuccessMessageShouldBeDisplayed(java.lang.String)
=== Verifying Plant Deletion: Test Delete Plant ===
  And the deleted plant "Test Delete Plant" should no longer be visible in the plants list # com.example.ui.stepDefinitions.plants.PlantDeleteSteps.deletedPlantShouldNotBeVisibleInList(java.lang.String)
=== Finished UI Test: Verify Admin can successfully delete a plant record from plant list ===

]]></system-out>
    <system-err><![CDATA[Feb 07, 2026 8:38:02 PM org.openqa.selenium.devtools.CdpVersionFinder findNearestMatch
WARNING: Unable to find CDP implementation matching 144
Feb 07, 2026 8:38:02 PM org.openqa.selenium.chromium.ChromiumDriver lambda$new$5
WARNING: Unable to find version of CDP to use for 144.0.7559.133. You may need to include a dependency on a specific version of the CDP using something similar to `org.seleniumhq.selenium:selenium-devtools-v86:4.15.0` where the version ("v86") matches the version of the chromium-based browser you're using and the version number of the artifact is the same as Selenium's.
]]></system-err>
  </testcase>
  <testcase name="runScenario[&quot;Verify plant search by name&quot;, &quot;Plant List Management&quot;](4)" classname="com.example.runners.UiTestRunner" time="9.391">
    <system-out><![CDATA[
@TC_UI_PLANT_USER_007 @ui
Scenario Outline: Verify plant search by name               # src/test/resources/features/ui/plants/plant_list.feature:13
=== Starting UI Test: Verify plant search by name ===
  Given I am logged in as "user"                            # com.example.ui.stepDefinitions.login.LoginSteps.iAmLoggedInAs(java.lang.String)
  And user clicks on "Plants" button                        # com.example.ui.stepDefinitions.plants.PlantListSteps.userClicksOnButton(java.lang.String)
  When user enters "Rose" in the search field               # com.example.ui.stepDefinitions.plants.PlantListSteps.userEntersInTheSearchField(java.lang.String)
  And user clicks on "Search" button                        # com.example.ui.stepDefinitions.plants.PlantListSteps.userClicksOnButton(java.lang.String)
  Then the plant list should display plants matching "Rose" # com.example.ui.stepDefinitions.plants.PlantListSteps.thePlantListShouldDisplayPlantsMatching(java.lang.String)
=== Finished UI Test: Verify plant search by name ===

]]></system-out>
    <system-err><![CDATA[Feb 07, 2026 8:38:12 PM org.openqa.selenium.devtools.CdpVersionFinder findNearestMatch
WARNING: Unable to find CDP implementation matching 144
Feb 07, 2026 8:38:12 PM org.openqa.selenium.chromium.ChromiumDriver lambda$new$5
WARNING: Unable to find version of CDP to use for 144.0.7559.133. You may need to include a dependency on a specific version of the CDP using something similar to `org.seleniumhq.selenium:selenium-devtools-v86:4.15.0` where the version ("v86") matches the version of the chromium-based browser you're using and the version number of the artifact is the same as Selenium's.
]]></system-err>
  </testcase>
  <testcase name="runScenario[&quot;Verify plant search by name&quot;, &quot;Plant List Management&quot;](5)" classname="com.example.runners.UiTestRunner" time="9.743">
    <failure message="No plants displayed after searching for: Yellow Rose" type="java.lang.AssertionError"><![CDATA[java.lang.AssertionError: No plants displayed after searching for: Yellow Rose
	at com.example.ui.stepDefinitions.plants.PlantListSteps.thePlantListShouldDisplayPlantsMatching(PlantListSteps.java:218)
	at ✽.the plant list should display plants matching "Yellow Rose"(file:///E:/ITFac_Batch21_Group53/src/test/resources/features/ui/plants/plant_list.feature:9)
]]></failure>
    <system-out><![CDATA[
@TC_UI_PLANT_USER_007 @ui
Scenario Outline: Verify plant search by name                      # src/test/resources/features/ui/plants/plant_list.feature:14
=== Starting UI Test: Verify plant search by name ===
  Given I am logged in as "user"                                   # com.example.ui.stepDefinitions.login.LoginSteps.iAmLoggedInAs(java.lang.String)
  And user clicks on "Plants" button                               # com.example.ui.stepDefinitions.plants.PlantListSteps.userClicksOnButton(java.lang.String)
  When user enters "Yellow Rose" in the search field               # com.example.ui.stepDefinitions.plants.PlantListSteps.userEntersInTheSearchField(java.lang.String)
  And user clicks on "Search" button                               # com.example.ui.stepDefinitions.plants.PlantListSteps.userClicksOnButton(java.lang.String)
  Then the plant list should display plants matching "Yellow Rose" # com.example.ui.stepDefinitions.plants.PlantListSteps.thePlantListShouldDisplayPlantsMatching(java.lang.String)
      java.lang.AssertionError: No plants displayed after searching for: Yellow Rose
	at com.example.ui.stepDefinitions.plants.PlantListSteps.thePlantListShouldDisplayPlantsMatching(PlantListSteps.java:218)
	at ✽.the plant list should display plants matching "Yellow Rose"(file:///E:/ITFac_Batch21_Group53/src/test/resources/features/ui/plants/plant_list.feature:9)

Test FAILED: Verify plant search by name

    Embedding Verify plant search by name [image/png 49723 bytes]

=== Finished UI Test: Verify plant search by name ===

]]></system-out>
    <system-err><![CDATA[Feb 07, 2026 8:38:21 PM org.openqa.selenium.devtools.CdpVersionFinder findNearestMatch
WARNING: Unable to find CDP implementation matching 144
Feb 07, 2026 8:38:21 PM org.openqa.selenium.chromium.ChromiumDriver lambda$new$5
WARNING: Unable to find version of CDP to use for 144.0.7559.133. You may need to include a dependency on a specific version of the CDP using something similar to `org.seleniumhq.selenium:selenium-devtools-v86:4.15.0` where the version ("v86") matches the version of the chromium-based browser you're using and the version number of the artifact is the same as Selenium's.
]]></system-err>
  </testcase>
  <testcase name="runScenario[&quot;Verify &quot;Low&quot; badge for plants with low stock&quot;, &quot;Plant List Management&quot;](6)" classname="com.example.runners.UiTestRunner" time="7.193">
    <system-out><![CDATA[
@TC_UI_PLANT_USER_008 @ui
Scenario: Verify "Low" badge for plants with low stock                          # src/test/resources/features/ui/plants/plant_list.feature:17
=== Starting UI Test: Verify "Low" badge for plants with low stock ===
  Given user is logged in as admin                                              # com.example.ui.stepDefinitions.login.LoginSteps.userIsLoggedInAsAdmin()
  When user clicks on "Plants" button                                           # com.example.ui.stepDefinitions.plants.PlantListSteps.userClicksOnButton(java.lang.String)
  Then user should be redirected to "/ui/plants" page                           # com.example.ui.stepDefinitions.plants.PlantListSteps.userShouldBeRedirectedToPage(java.lang.String)
  And I should see a plant with quantity less than 5 displaying a "Low" badge   # com.example.ui.stepDefinitions.plants.PlantListSteps.verifyLowStockBadge(int,java.lang.String)
  And I should see a plant with quantity 5 or more not displaying a "Low" badge # com.example.ui.stepDefinitions.plants.PlantListSteps.verifyNoLowStockBadge(int,java.lang.String)
=== Finished UI Test: Verify "Low" badge for plants with low stock ===

]]></system-out>
    <system-err><![CDATA[Feb 07, 2026 8:38:31 PM org.openqa.selenium.devtools.CdpVersionFinder findNearestMatch
WARNING: Unable to find CDP implementation matching 144
Feb 07, 2026 8:38:31 PM org.openqa.selenium.chromium.ChromiumDriver lambda$new$5
WARNING: Unable to find version of CDP to use for 144.0.7559.133. You may need to include a dependency on a specific version of the CDP using something similar to `org.seleniumhq.selenium:selenium-devtools-v86:4.15.0` where the version ("v86") matches the version of the chromium-based browser you're using and the version number of the artifact is the same as Selenium's.
]]></system-err>
  </testcase>
  <testcase name="runScenario[&quot;Verify &quot;Low&quot; badge for plants with low stock (User)&quot;, &quot;Plant List Management&quot;](7)" classname="com.example.runners.UiTestRunner" time="8.051">
    <system-out><![CDATA[
@TC_UI_PLANT_USER_008_USER @ui
Scenario: Verify "Low" badge for plants with low stock (User)                   # src/test/resources/features/ui/plants/plant_list.feature:25
=== Starting UI Test: Verify "Low" badge for plants with low stock (User) ===
  Given I am logged in as "user"                                                # com.example.ui.stepDefinitions.login.LoginSteps.iAmLoggedInAs(java.lang.String)
  When user clicks on "Plants" button                                           # com.example.ui.stepDefinitions.plants.PlantListSteps.userClicksOnButton(java.lang.String)
  Then user should be redirected to "/ui/plants" page                           # com.example.ui.stepDefinitions.plants.PlantListSteps.userShouldBeRedirectedToPage(java.lang.String)
  And I should see a plant with quantity less than 5 displaying a "Low" badge   # com.example.ui.stepDefinitions.plants.PlantListSteps.verifyLowStockBadge(int,java.lang.String)
  And I should see a plant with quantity 5 or more not displaying a "Low" badge # com.example.ui.stepDefinitions.plants.PlantListSteps.verifyNoLowStockBadge(int,java.lang.String)
=== Finished UI Test: Verify "Low" badge for plants with low stock (User) ===

]]></system-out>
    <system-err><![CDATA[Feb 07, 2026 8:38:38 PM org.openqa.selenium.devtools.CdpVersionFinder findNearestMatch
WARNING: Unable to find CDP implementation matching 144
Feb 07, 2026 8:38:38 PM org.openqa.selenium.chromium.ChromiumDriver lambda$new$5
WARNING: Unable to find version of CDP to use for 144.0.7559.133. You may need to include a dependency on a specific version of the CDP using something similar to `org.seleniumhq.selenium:selenium-devtools-v86:4.15.0` where the version ("v86") matches the version of the chromium-based browser you're using and the version number of the artifact is the same as Selenium's.
]]></system-err>
  </testcase>
  <testcase name="runScenario[&quot;Verify plant list sorting properties&quot;, &quot;Plant List Management&quot;](8)" classname="com.example.runners.UiTestRunner" time="8.359">
    <failure message="List is NOT sorted by Name in Ascending order." type="java.lang.AssertionError"><![CDATA[java.lang.AssertionError: List is NOT sorted by Name in Ascending order.
	at com.example.ui.stepDefinitions.plants.PlantListSteps.theListShouldBeSortedByInOrder(PlantListSteps.java:142)
	at ✽.the list should be sorted by "Name" in "Ascending" order(file:///E:/ITFac_Batch21_Group53/src/test/resources/features/ui/plants/plant_list.feature:37)
]]></failure>
    <system-out><![CDATA[
@TC_UI_PLANT_USER_009 @ui
Scenario Outline: Verify plant list sorting properties          # src/test/resources/features/ui/plants/plant_list.feature:41
=== Starting UI Test: Verify plant list sorting properties ===
  Given I am logged in as "user"                                # com.example.ui.stepDefinitions.login.LoginSteps.iAmLoggedInAs(java.lang.String)
  And user clicks on "Plants" button                            # com.example.ui.stepDefinitions.plants.PlantListSteps.userClicksOnButton(java.lang.String)
  When user sorts the list by "Name"                            # com.example.ui.stepDefinitions.plants.PlantListSteps.userSortsTheListBy(java.lang.String)
  Then the list should be sorted by "Name" in "Ascending" order # com.example.ui.stepDefinitions.plants.PlantListSteps.theListShouldBeSortedByInOrder(java.lang.String,java.lang.String)
      java.lang.AssertionError: List is NOT sorted by Name in Ascending order.
	at com.example.ui.stepDefinitions.plants.PlantListSteps.theListShouldBeSortedByInOrder(PlantListSteps.java:142)
	at ✽.the list should be sorted by "Name" in "Ascending" order(file:///E:/ITFac_Batch21_Group53/src/test/resources/features/ui/plants/plant_list.feature:37)

Test FAILED: Verify plant list sorting properties

    Embedding Verify plant list sorting properties [image/png 51877 bytes]

=== Finished UI Test: Verify plant list sorting properties ===

]]></system-out>
    <system-err><![CDATA[Feb 07, 2026 8:38:46 PM org.openqa.selenium.devtools.CdpVersionFinder findNearestMatch
WARNING: Unable to find CDP implementation matching 144
Feb 07, 2026 8:38:46 PM org.openqa.selenium.chromium.ChromiumDriver lambda$new$5
WARNING: Unable to find version of CDP to use for 144.0.7559.133. You may need to include a dependency on a specific version of the CDP using something similar to `org.seleniumhq.selenium:selenium-devtools-v86:4.15.0` where the version ("v86") matches the version of the chromium-based browser you're using and the version number of the artifact is the same as Selenium's.
]]></system-err>
  </testcase>
  <testcase name="runScenario[&quot;Verify plant list sorting properties&quot;, &quot;Plant List Management&quot;](9)" classname="com.example.runners.UiTestRunner" time="8.871">
    <system-out><![CDATA[
@TC_UI_PLANT_USER_009 @ui
Scenario Outline: Verify plant list sorting properties           # src/test/resources/features/ui/plants/plant_list.feature:42
=== Starting UI Test: Verify plant list sorting properties ===
  Given I am logged in as "user"                                 # com.example.ui.stepDefinitions.login.LoginSteps.iAmLoggedInAs(java.lang.String)
  And user clicks on "Plants" button                             # com.example.ui.stepDefinitions.plants.PlantListSteps.userClicksOnButton(java.lang.String)
  When user sorts the list by "Price"                            # com.example.ui.stepDefinitions.plants.PlantListSteps.userSortsTheListBy(java.lang.String)
  Then the list should be sorted by "Price" in "Ascending" order # com.example.ui.stepDefinitions.plants.PlantListSteps.theListShouldBeSortedByInOrder(java.lang.String,java.lang.String)
=== Finished UI Test: Verify plant list sorting properties ===

]]></system-out>
    <system-err><![CDATA[Feb 07, 2026 8:38:54 PM org.openqa.selenium.devtools.CdpVersionFinder findNearestMatch
WARNING: Unable to find CDP implementation matching 144
Feb 07, 2026 8:38:54 PM org.openqa.selenium.chromium.ChromiumDriver lambda$new$5
WARNING: Unable to find version of CDP to use for 144.0.7559.133. You may need to include a dependency on a specific version of the CDP using something similar to `org.seleniumhq.selenium:selenium-devtools-v86:4.15.0` where the version ("v86") matches the version of the chromium-based browser you're using and the version number of the artifact is the same as Selenium's.
]]></system-err>
  </testcase>
  <testcase name="runScenario[&quot;Verify plant list sorting properties&quot;, &quot;Plant List Management&quot;](10)" classname="com.example.runners.UiTestRunner" time="17.747">
    <failure message="Could not find sort link for column: Quantity" type="java.lang.RuntimeException"><![CDATA[java.lang.RuntimeException: Could not find sort link for column: Quantity
	at com.example.ui.pages.plants.PlantListPage.clickSortByColumn(PlantListPage.java:218)
	at com.example.ui.stepDefinitions.plants.PlantListSteps.userSortsTheListBy(PlantListSteps.java:108)
	at ✽.user sorts the list by "Quantity"(file:///E:/ITFac_Batch21_Group53/src/test/resources/features/ui/plants/plant_list.feature:36)
]]></failure>
    <system-out><![CDATA[
@TC_UI_PLANT_USER_009 @ui
Scenario Outline: Verify plant list sorting properties              # src/test/resources/features/ui/plants/plant_list.feature:43
=== Starting UI Test: Verify plant list sorting properties ===
  Given I am logged in as "user"                                    # com.example.ui.stepDefinitions.login.LoginSteps.iAmLoggedInAs(java.lang.String)
  And user clicks on "Plants" button                                # com.example.ui.stepDefinitions.plants.PlantListSteps.userClicksOnButton(java.lang.String)
Could not find sort link for column: Quantity - Expected condition failed: waiting for element to be clickable: By.xpath: //th[contains(., 'Quantity')]//a (tried for 10 second(s) with 500 milliseconds interval)
Build info: version: '4.15.0', revision: '1d14b5521b'
System info: os.name: 'Windows 10', os.arch: 'amd64', os.version: '10.0', java.version: '21.0.9'
Driver info: org.openqa.selenium.chrome.ChromeDriver
Capabilities {acceptInsecureCerts: false, browserName: chrome, browserVersion: 144.0.7559.133, chrome: {chromedriverVersion: 144.0.7559.133 (7da823b1d59..., userDataDir: C:\Users\user\AppData\Local...}, fedcm:accounts: true, goog:chromeOptions: {debuggerAddress: localhost:63286}, goog:processID: 19860, networkConnectionEnabled: false, pageLoadStrategy: normal, platformName: windows, proxy: Proxy(), se:cdp: ws://localhost:63286/devtoo..., se:cdpVersion: 144.0.7559.133, setWindowRect: true, strictFileInteractability: false, timeouts: {implicit: 0, pageLoad: 300000, script: 30000}, unhandledPromptBehavior: dismiss and notify, webauthn:extension:credBlob: true, webauthn:extension:largeBlob: true, webauthn:extension:minPinLength: true, webauthn:extension:prf: true, webauthn:virtualAuthenticators: true}
Session ID: 15fb50dd84f115031c599a54aad8d4d0
  When user sorts the list by "Quantity"                            # com.example.ui.stepDefinitions.plants.PlantListSteps.userSortsTheListBy(java.lang.String)
      java.lang.RuntimeException: Could not find sort link for column: Quantity
	at com.example.ui.pages.plants.PlantListPage.clickSortByColumn(PlantListPage.java:218)
	at com.example.ui.stepDefinitions.plants.PlantListSteps.userSortsTheListBy(PlantListSteps.java:108)
	at ✽.user sorts the list by "Quantity"(file:///E:/ITFac_Batch21_Group53/src/test/resources/features/ui/plants/plant_list.feature:36)

  Then the list should be sorted by "Quantity" in "Ascending" order # com.example.ui.stepDefinitions.plants.PlantListSteps.theListShouldBeSortedByInOrder(java.lang.String,java.lang.String)
Test FAILED: Verify plant list sorting properties

    Embedding Verify plant list sorting properties [image/png 51877 bytes]

=== Finished UI Test: Verify plant list sorting properties ===

]]></system-out>
    <system-err><![CDATA[Feb 07, 2026 8:39:03 PM org.openqa.selenium.devtools.CdpVersionFinder findNearestMatch
WARNING: Unable to find CDP implementation matching 144
Feb 07, 2026 8:39:03 PM org.openqa.selenium.chromium.ChromiumDriver lambda$new$5
WARNING: Unable to find version of CDP to use for 144.0.7559.133. You may need to include a dependency on a specific version of the CDP using something similar to `org.seleniumhq.selenium:selenium-devtools-v86:4.15.0` where the version ("v86") matches the version of the chromium-based browser you're using and the version number of the artifact is the same as Selenium's.
]]></system-err>
  </testcase>
  <testcase name="runScenario[&quot;Verify plant list sorting properties&quot;, &quot;Plant List Management&quot;](11)" classname="com.example.runners.UiTestRunner" time="8.347">
    <system-out><![CDATA[
@TC_UI_PLANT_USER_009 @ui
Scenario Outline: Verify plant list sorting properties           # src/test/resources/features/ui/plants/plant_list.feature:44
=== Starting UI Test: Verify plant list sorting properties ===
  Given I am logged in as "user"                                 # com.example.ui.stepDefinitions.login.LoginSteps.iAmLoggedInAs(java.lang.String)
  And user clicks on "Plants" button                             # com.example.ui.stepDefinitions.plants.PlantListSteps.userClicksOnButton(java.lang.String)
  When user sorts the list by "Name"                             # com.example.ui.stepDefinitions.plants.PlantListSteps.userSortsTheListBy(java.lang.String)
  Then the list should be sorted by "Name" in "Descending" order # com.example.ui.stepDefinitions.plants.PlantListSteps.theListShouldBeSortedByInOrder(java.lang.String,java.lang.String)
=== Finished UI Test: Verify plant list sorting properties ===

]]></system-out>
    <system-err><![CDATA[Feb 07, 2026 8:39:21 PM org.openqa.selenium.devtools.CdpVersionFinder findNearestMatch
WARNING: Unable to find CDP implementation matching 144
Feb 07, 2026 8:39:21 PM org.openqa.selenium.chromium.ChromiumDriver lambda$new$5
WARNING: Unable to find version of CDP to use for 144.0.7559.133. You may need to include a dependency on a specific version of the CDP using something similar to `org.seleniumhq.selenium:selenium-devtools-v86:4.15.0` where the version ("v86") matches the version of the chromium-based browser you're using and the version number of the artifact is the same as Selenium's.
]]></system-err>
  </testcase>
  <testcase name="runScenario[&quot;Verify plant list sorting properties&quot;, &quot;Plant List Management&quot;](12)" classname="com.example.runners.UiTestRunner" time="9.363">
    <failure message="List is NOT sorted by Price in Descending order." type="java.lang.AssertionError"><![CDATA[java.lang.AssertionError: List is NOT sorted by Price in Descending order.
	at com.example.ui.stepDefinitions.plants.PlantListSteps.theListShouldBeSortedByInOrder(PlantListSteps.java:142)
	at ✽.the list should be sorted by "Price" in "Descending" order(file:///E:/ITFac_Batch21_Group53/src/test/resources/features/ui/plants/plant_list.feature:37)
]]></failure>
    <system-out><![CDATA[
@TC_UI_PLANT_USER_009 @ui
Scenario Outline: Verify plant list sorting properties            # src/test/resources/features/ui/plants/plant_list.feature:45
=== Starting UI Test: Verify plant list sorting properties ===
  Given I am logged in as "user"                                  # com.example.ui.stepDefinitions.login.LoginSteps.iAmLoggedInAs(java.lang.String)
  And user clicks on "Plants" button                              # com.example.ui.stepDefinitions.plants.PlantListSteps.userClicksOnButton(java.lang.String)
  When user sorts the list by "Price"                             # com.example.ui.stepDefinitions.plants.PlantListSteps.userSortsTheListBy(java.lang.String)
  Then the list should be sorted by "Price" in "Descending" order # com.example.ui.stepDefinitions.plants.PlantListSteps.theListShouldBeSortedByInOrder(java.lang.String,java.lang.String)
      java.lang.AssertionError: List is NOT sorted by Price in Descending order.
	at com.example.ui.stepDefinitions.plants.PlantListSteps.theListShouldBeSortedByInOrder(PlantListSteps.java:142)
	at ✽.the list should be sorted by "Price" in "Descending" order(file:///E:/ITFac_Batch21_Group53/src/test/resources/features/ui/plants/plant_list.feature:37)

Test FAILED: Verify plant list sorting properties

    Embedding Verify plant list sorting properties [image/png 51877 bytes]

=== Finished UI Test: Verify plant list sorting properties ===

]]></system-out>
    <system-err><![CDATA[Feb 07, 2026 8:39:29 PM org.openqa.selenium.devtools.CdpVersionFinder findNearestMatch
WARNING: Unable to find CDP implementation matching 144
Feb 07, 2026 8:39:29 PM org.openqa.selenium.chromium.ChromiumDriver lambda$new$5
WARNING: Unable to find version of CDP to use for 144.0.7559.133. You may need to include a dependency on a specific version of the CDP using something similar to `org.seleniumhq.selenium:selenium-devtools-v86:4.15.0` where the version ("v86") matches the version of the chromium-based browser you're using and the version number of the artifact is the same as Selenium's.
]]></system-err>
  </testcase>
  <testcase name="runScenario[&quot;Verify plant list sorting properties&quot;, &quot;Plant List Management&quot;](13)" classname="com.example.runners.UiTestRunner" time="17.366">
    <failure message="Could not find sort link for column: Quantity" type="java.lang.RuntimeException"><![CDATA[java.lang.RuntimeException: Could not find sort link for column: Quantity
	at com.example.ui.pages.plants.PlantListPage.clickSortByColumn(PlantListPage.java:218)
	at com.example.ui.stepDefinitions.plants.PlantListSteps.userSortsTheListBy(PlantListSteps.java:108)
	at ✽.user sorts the list by "Quantity"(file:///E:/ITFac_Batch21_Group53/src/test/resources/features/ui/plants/plant_list.feature:36)
]]></failure>
    <system-out><![CDATA[
@TC_UI_PLANT_USER_009 @ui
Scenario Outline: Verify plant list sorting properties               # src/test/resources/features/ui/plants/plant_list.feature:46
=== Starting UI Test: Verify plant list sorting properties ===
  Given I am logged in as "user"                                     # com.example.ui.stepDefinitions.login.LoginSteps.iAmLoggedInAs(java.lang.String)
  And user clicks on "Plants" button                                 # com.example.ui.stepDefinitions.plants.PlantListSteps.userClicksOnButton(java.lang.String)
Could not find sort link for column: Quantity - Expected condition failed: waiting for element to be clickable: By.xpath: //th[contains(., 'Quantity')]//a (tried for 10 second(s) with 500 milliseconds interval)
Build info: version: '4.15.0', revision: '1d14b5521b'
System info: os.name: 'Windows 10', os.arch: 'amd64', os.version: '10.0', java.version: '21.0.9'
Driver info: org.openqa.selenium.chrome.ChromeDriver
Capabilities {acceptInsecureCerts: false, browserName: chrome, browserVersion: 144.0.7559.133, chrome: {chromedriverVersion: 144.0.7559.133 (7da823b1d59..., userDataDir: C:\Users\user\AppData\Local...}, fedcm:accounts: true, goog:chromeOptions: {debuggerAddress: localhost:63378}, goog:processID: 18716, networkConnectionEnabled: false, pageLoadStrategy: normal, platformName: windows, proxy: Proxy(), se:cdp: ws://localhost:63378/devtoo..., se:cdpVersion: 144.0.7559.133, setWindowRect: true, strictFileInteractability: false, timeouts: {implicit: 0, pageLoad: 300000, script: 30000}, unhandledPromptBehavior: dismiss and notify, webauthn:extension:credBlob: true, webauthn:extension:largeBlob: true, webauthn:extension:minPinLength: true, webauthn:extension:prf: true, webauthn:virtualAuthenticators: true}
Session ID: 9b70cdbf0fcc9400b4400aab1bf889b4
  When user sorts the list by "Quantity"                             # com.example.ui.stepDefinitions.plants.PlantListSteps.userSortsTheListBy(java.lang.String)
      java.lang.RuntimeException: Could not find sort link for column: Quantity
	at com.example.ui.pages.plants.PlantListPage.clickSortByColumn(PlantListPage.java:218)
	at com.example.ui.stepDefinitions.plants.PlantListSteps.userSortsTheListBy(PlantListSteps.java:108)
	at ✽.user sorts the list by "Quantity"(file:///E:/ITFac_Batch21_Group53/src/test/resources/features/ui/plants/plant_list.feature:36)

  Then the list should be sorted by "Quantity" in "Descending" order # com.example.ui.stepDefinitions.plants.PlantListSteps.theListShouldBeSortedByInOrder(java.lang.String,java.lang.String)
Test FAILED: Verify plant list sorting properties

    Embedding Verify plant list sorting properties [image/png 51877 bytes]

=== Finished UI Test: Verify plant list sorting properties ===

]]></system-out>
    <system-err><![CDATA[Feb 07, 2026 8:39:39 PM org.openqa.selenium.devtools.CdpVersionFinder findNearestMatch
WARNING: Unable to find CDP implementation matching 144
Feb 07, 2026 8:39:39 PM org.openqa.selenium.chromium.ChromiumDriver lambda$new$5
WARNING: Unable to find version of CDP to use for 144.0.7559.133. You may need to include a dependency on a specific version of the CDP using something similar to `org.seleniumhq.selenium:selenium-devtools-v86:4.15.0` where the version ("v86") matches the version of the chromium-based browser you're using and the version number of the artifact is the same as Selenium's.
]]></system-err>
  </testcase>
  <testcase name="runScenario[&quot;Verify filter plant by category&quot;, &quot;Plant List Management&quot;](14)" classname="com.example.runners.UiTestRunner" time="9.511">
    <system-out><![CDATA[
@TC_UI_PLANT_USER_010 @ui
Scenario: Verify filter plant by category                    # src/test/resources/features/ui/plants/plant_list.feature:49
=== Starting UI Test: Verify filter plant by category ===
  Given I am logged in as "user"                             # com.example.ui.stepDefinitions.login.LoginSteps.iAmLoggedInAs(java.lang.String)
  And user clicks on "Plants" button                         # com.example.ui.stepDefinitions.plants.PlantListSteps.userClicksOnButton(java.lang.String)
  When user selects "Mango" from category dropdown           # com.example.ui.stepDefinitions.plants.PlantListSteps.userSelectsFromCategoryDropdown(java.lang.String)
  And user clicks on "Search" button                         # com.example.ui.stepDefinitions.plants.PlantListSteps.userClicksOnButton(java.lang.String)
  Then only plants with category "Mango" should be displayed # com.example.ui.stepDefinitions.plants.PlantListSteps.onlyPlantsWithCategoryShouldBeDisplayed(java.lang.String)
=== Finished UI Test: Verify filter plant by category ===

]]></system-out>
    <system-err><![CDATA[Feb 07, 2026 8:39:56 PM org.openqa.selenium.devtools.CdpVersionFinder findNearestMatch
WARNING: Unable to find CDP implementation matching 144
Feb 07, 2026 8:39:56 PM org.openqa.selenium.chromium.ChromiumDriver lambda$new$5
WARNING: Unable to find version of CDP to use for 144.0.7559.133. You may need to include a dependency on a specific version of the CDP using something similar to `org.seleniumhq.selenium:selenium-devtools-v86:4.15.0` where the version ("v86") matches the version of the chromium-based browser you're using and the version number of the artifact is the same as Selenium's.
]]></system-err>
  </testcase>
  <testcase name="runScenario[&quot;Verify that admin can successfully edit existing plant data with valid input data&quot;, &quot;Plant List Management&quot;](15)" classname="com.example.runners.UiTestRunner" time="10.065">
    <failure message="Plant Rose UK not found in the list after update expected [true] but found [false]" type="java.lang.AssertionError"><![CDATA[java.lang.AssertionError: Plant Rose UK not found in the list after update expected [true] but found [false]
	at org.testng.Assert.fail(Assert.java:111)
	at org.testng.Assert.failNotEquals(Assert.java:1578)
	at org.testng.Assert.assertTrue(Assert.java:57)
	at com.example.ui.stepDefinitions.plants.PlantCRUDSteps.plantShouldBeUpdatedWith(PlantCRUDSteps.java:91)
	at ✽.plant "Rose UK" should be updated with category "Rose", price "3000", and quantity "20"(file:///E:/ITFac_Batch21_Group53/src/test/resources/features/ui/plants/plant_list.feature:66)
]]></failure>
    <system-out><![CDATA[
@TC_UI_PLANT_ADM_005 @ui
Scenario: Verify that admin can successfully edit existing plant data with valid input data   # src/test/resources/features/ui/plants/plant_list.feature:57
=== Starting UI Test: Verify that admin can successfully edit existing plant data with valid input data ===
  Given user is logged in as admin                                                            # com.example.ui.stepDefinitions.login.LoginSteps.userIsLoggedInAsAdmin()
  And user clicks on "Plants" button                                                          # com.example.ui.stepDefinitions.plants.PlantListSteps.userClicksOnButton(java.lang.String)
  When admin clicks on edit icon for plant "Rose UK"                                          # com.example.ui.stepDefinitions.plants.PlantCRUDSteps.adminClicksOnEditIconForPlant(java.lang.String)
  And user selects sub category as "Rose"                                                     # com.example.ui.stepDefinitions.plants.PlantCRUDSteps.userSelectsSubCategoryAs(java.lang.String)
  And user enters price as "3000"                                                             # com.example.ui.stepDefinitions.plants.PlantCRUDSteps.userEntersPriceAs(java.lang.String)
  And user enters quantity as "20"                                                            # com.example.ui.stepDefinitions.plants.PlantCRUDSteps.userEntersQuantityAs(java.lang.String)
  And user clicks on "save" button                                                            # com.example.ui.stepDefinitions.plants.PlantListSteps.userClicksOnButton(java.lang.String)

===== DEBUG: Success Message Check =====
Expected Message: Plant updated successfully
Actual Message: Plant updated successfully
Page URL: http://localhost:8080/ui/plants
========================================

  Then a success message "Plant updated successfully" should be displayed                     # com.example.ui.stepDefinitions.plants.PlantCRUDSteps.aSuccessMessageShouldBeDisplayed(java.lang.String)
  And plant "Rose UK" should be updated with category "Rose", price "3000", and quantity "20" # com.example.ui.stepDefinitions.plants.PlantCRUDSteps.plantShouldBeUpdatedWith(java.lang.String,java.lang.String,java.lang.String,java.lang.String)
      java.lang.AssertionError: Plant Rose UK not found in the list after update expected [true] but found [false]
	at org.testng.Assert.fail(Assert.java:111)
	at org.testng.Assert.failNotEquals(Assert.java:1578)
	at org.testng.Assert.assertTrue(Assert.java:57)
	at com.example.ui.stepDefinitions.plants.PlantCRUDSteps.plantShouldBeUpdatedWith(PlantCRUDSteps.java:91)
	at ✽.plant "Rose UK" should be updated with category "Rose", price "3000", and quantity "20"(file:///E:/ITFac_Batch21_Group53/src/test/resources/features/ui/plants/plant_list.feature:66)

Test FAILED: Verify that admin can successfully edit existing plant data with valid input data

    Embedding Verify that admin can successfully edit existing plant data with valid input data [image/png 56710 bytes]

=== Finished UI Test: Verify that admin can successfully edit existing plant data with valid input data ===

]]></system-out>
    <system-err><![CDATA[Feb 07, 2026 8:40:06 PM org.openqa.selenium.devtools.CdpVersionFinder findNearestMatch
WARNING: Unable to find CDP implementation matching 144
Feb 07, 2026 8:40:06 PM org.openqa.selenium.chromium.ChromiumDriver lambda$new$5
WARNING: Unable to find version of CDP to use for 144.0.7559.133. You may need to include a dependency on a specific version of the CDP using something similar to `org.seleniumhq.selenium:selenium-devtools-v86:4.15.0` where the version ("v86") matches the version of the chromium-based browser you're using and the version number of the artifact is the same as Selenium's.
]]></system-err>
  </testcase>
  <testcase name="runScenario[&quot;Verify that Plant Name, Sub category, Price, Quantity are mandatory&quot;, &quot;Plant form validation&quot;](16)" classname="com.example.runners.UiTestRunner" time="100.903">
    <system-out><![CDATA[
@ui @plants @TC_UI_PLANT_ADM_002
Scenario: Verify that Plant Name, Sub category, Price, Quantity are mandatory              # src/test/resources/features/ui/plants/plant_validation.feature:5
=== Starting UI Test: Verify that Plant Name, Sub category, Price, Quantity are mandatory ===
  Given user is logged in as admin                                                         # com.example.ui.stepDefinitions.login.LoginSteps.userIsLoggedInAsAdmin()
  And user is on the Plants List page                                                      # com.example.ui.stepDefinitions.login.LoginSteps.userIsOnThePlantsListPage()
  When user clicks on "Add a Plant" button                                                 # com.example.ui.stepDefinitions.plants.PlantListSteps.userClicksOnButton(java.lang.String)
  And user leaves Plant Name, Sub category, Price and Quantity empty                       # com.example.ui.stepDefinitions.plants.PlantValidationSteps.userLeavesRequiredFieldsEmpty()
  And user clicks on "save" button                                                         # com.example.ui.stepDefinitions.plants.PlantListSteps.userClicksOnButton(java.lang.String)
  Then validation message "Plant Name is required" should be displayed for field "name"    # com.example.ui.stepDefinitions.plants.PlantValidationSteps.validationMessageShouldBeDisplayedForField(java.lang.String,java.lang.String)
  And validation message "Category is required" should be displayed for field "categoryId" # com.example.ui.stepDefinitions.plants.PlantValidationSteps.validationMessageShouldBeDisplayedForField(java.lang.String,java.lang.String)
  And validation message "Price is required" should be displayed for field "price"         # com.example.ui.stepDefinitions.plants.PlantValidationSteps.validationMessageShouldBeDisplayedForField(java.lang.String,java.lang.String)
  And validation message "Quantity is required" should be displayed for field "quantity"   # com.example.ui.stepDefinitions.plants.PlantValidationSteps.validationMessageShouldBeDisplayedForField(java.lang.String,java.lang.String)
=== Finished UI Test: Verify that Plant Name, Sub category, Price, Quantity are mandatory ===

]]></system-out>
    <system-err><![CDATA[Feb 07, 2026 8:40:16 PM org.openqa.selenium.devtools.CdpVersionFinder findNearestMatch
WARNING: Unable to find CDP implementation matching 144
Feb 07, 2026 8:40:16 PM org.openqa.selenium.chromium.ChromiumDriver lambda$new$5
WARNING: Unable to find version of CDP to use for 144.0.7559.133. You may need to include a dependency on a specific version of the CDP using something similar to `org.seleniumhq.selenium:selenium-devtools-v86:4.15.0` where the version ("v86") matches the version of the chromium-based browser you're using and the version number of the artifact is the same as Selenium's.
]]></system-err>
  </testcase>
  <testcase name="runScenario[&quot;TC_API_PLANTS_USER_013 - Verify Get Plants By Category ID&quot;, &quot;Plant API - Get By Category&quot;](1)" classname="com.example.runners.ApiTestRunner" time="2.973">
    <system-out><![CDATA[
@api
Scenario: TC_API_PLANTS_USER_013 - Verify Get Plants By Category ID # src/test/resources/features/api/plant_by_category.feature:10
=== Starting API Test: TC_API_PLANTS_USER_013 - Verify Get Plants By Category ID ===
  Given I have a valid user token                                   # com.example.api.stepDefinitions.PlantApiSteps.iHaveAValidUserToken()
  When I send a GET request to get plants by category ID 5          # com.example.api.stepDefinitions.PlantApiSteps.iSendAGETRequestToGetPlantsByCategoryID(int)
  Then the response status code should be 200                       # com.example.api.stepDefinitions.PlantApiSteps.theResponseStatusCodeShouldBe(int)
  And the response body should not be empty                         # com.example.api.stepDefinitions.PlantApiSteps.theResponseBodyShouldNotBeEmpty()
  And all plants in the response should belong to category ID 5     # com.example.api.stepDefinitions.PlantApiSteps.allPlantsInTheResponseShouldBelongToCategoryID(int)
  And each plant should have valid ID, name, price, and quantity    # com.example.api.stepDefinitions.PlantApiSteps.eachPlantShouldHaveValidIDNamePriceAndQuantity()
=== Finished API Test: TC_API_PLANTS_USER_013 - Verify Get Plants By Category ID ===

]]></system-out>
    <system-err><![CDATA[Feb 07, 2026 8:41:55 PM io.cucumber.core.options.CucumberPropertiesParser lambda$warnWhenCucumberOptionsIsUsed$2
WARNING: Passing commandline options via the property 'cucumber.options' is no longer supported. Please use individual properties instead. See the java doc on io.cucumber.core.options.Constants for details.
]]></system-err>
  </testcase>
  <testcase name="runScenario[&quot;TC_API_PLANTS_ADM_012 - Verify Delete Non-Existing Plant&quot;, &quot;Plant API - Delete Plant&quot;](2)" classname="com.example.runners.ApiTestRunner" time="0.331">
    <failure message="1 expectation failed.&#10;Expected status code &lt;404&gt; but was &lt;204&gt;.&#10;" type="java.lang.AssertionError"><![CDATA[java.lang.AssertionError: 
1 expectation failed.
Expected status code <404> but was <204>.

	at java.base/jdk.internal.reflect.DirectConstructorHandleAccessor.newInstance(DirectConstructorHandleAccessor.java:62)
	at java.base/java.lang.reflect.Constructor.newInstanceWithCaller(Constructor.java:502)
	at java.base/java.lang.reflect.Constructor.newInstance(Constructor.java:486)
	at org.codehaus.groovy.reflection.CachedConstructor.invoke(CachedConstructor.java:73)
	at org.codehaus.groovy.runtime.callsite.ConstructorSite$ConstructorSiteNoUnwrapNoCoerce.callConstructor(ConstructorSite.java:108)
	at org.codehaus.groovy.runtime.callsite.CallSiteArray.defaultCallConstructor(CallSiteArray.java:57)
	at org.codehaus.groovy.runtime.callsite.AbstractCallSite.callConstructor(AbstractCallSite.java:263)
	at org.codehaus.groovy.runtime.callsite.AbstractCallSite.callConstructor(AbstractCallSite.java:277)
	at io.restassured.internal.ResponseSpecificationImpl$HamcrestAssertionClosure.validate(ResponseSpecificationImpl.groovy:512)
	at io.restassured.internal.ResponseSpecificationImpl$HamcrestAssertionClosure$validate$1.call(Unknown Source)
	at io.restassured.internal.ResponseSpecificationImpl.validateResponseIfRequired(ResponseSpecificationImpl.groovy:696)
	at io.restassured.internal.ResponseSpecificationImpl.this$2$validateResponseIfRequired(ResponseSpecificationImpl.groovy)
	at java.base/jdk.internal.reflect.DirectMethodHandleAccessor.invoke(DirectMethodHandleAccessor.java:103)
	at java.base/java.lang.reflect.Method.invoke(Method.java:580)
	at org.codehaus.groovy.runtime.callsite.PlainObjectMetaMethodSite.doInvoke(PlainObjectMetaMethodSite.java:43)
	at org.codehaus.groovy.runtime.callsite.PogoMetaMethodSite$PogoCachedMethodSiteNoUnwrapNoCoerce.invoke(PogoMetaMethodSite.java:198)
	at org.codehaus.groovy.runtime.callsite.PogoMetaMethodSite.callCurrent(PogoMetaMethodSite.java:62)
	at org.codehaus.groovy.runtime.callsite.AbstractCallSite.callCurrent(AbstractCallSite.java:185)
	at io.restassured.internal.ResponseSpecificationImpl.statusCode(ResponseSpecificationImpl.groovy:135)
	at io.restassured.specification.ResponseSpecification$statusCode$0.callCurrent(Unknown Source)
	at io.restassured.internal.ResponseSpecificationImpl.statusCode(ResponseSpecificationImpl.groovy:143)
	at io.restassured.internal.ValidatableResponseOptionsImpl.statusCode(ValidatableResponseOptionsImpl.java:89)
	at com.example.api.stepDefinitions.PlantApiSteps.theResponseStatusCodeShouldBe(PlantApiSteps.java:241)
	at ✽.the response status code should be 404(file:///E:/ITFac_Batch21_Group53/src/test/resources/features/api/plant_delete.feature:12)
]]></failure>
    <system-out><![CDATA[
@api
Scenario: TC_API_PLANTS_ADM_012 - Verify Delete Non-Existing Plant    # src/test/resources/features/api/plant_delete.feature:10
=== Starting API Test: TC_API_PLANTS_ADM_012 - Verify Delete Non-Existing Plant ===
  Given I have a valid user token                                     # com.example.api.stepDefinitions.PlantApiSteps.iHaveAValidUserToken()
  When I send a DELETE request for a non-existing plant with ID 99999 # com.example.api.stepDefinitions.PlantApiSteps.iSendADELETERequestForANonExistingPlantWithID(int)
  Then the response status code should be 404                         # com.example.api.stepDefinitions.PlantApiSteps.theResponseStatusCodeShouldBe(int)
      java.lang.AssertionError: 1 expectation failed.
Expected status code <404> but was <204>.

	at java.base/jdk.internal.reflect.DirectConstructorHandleAccessor.newInstance(DirectConstructorHandleAccessor.java:62)
	at java.base/java.lang.reflect.Constructor.newInstanceWithCaller(Constructor.java:502)
	at java.base/java.lang.reflect.Constructor.newInstance(Constructor.java:486)
	at org.codehaus.groovy.reflection.CachedConstructor.invoke(CachedConstructor.java:73)
	at org.codehaus.groovy.runtime.callsite.ConstructorSite$ConstructorSiteNoUnwrapNoCoerce.callConstructor(ConstructorSite.java:108)
	at org.codehaus.groovy.runtime.callsite.CallSiteArray.defaultCallConstructor(CallSiteArray.java:57)
	at org.codehaus.groovy.runtime.callsite.AbstractCallSite.callConstructor(AbstractCallSite.java:263)
	at org.codehaus.groovy.runtime.callsite.AbstractCallSite.callConstructor(AbstractCallSite.java:277)
	at io.restassured.internal.ResponseSpecificationImpl$HamcrestAssertionClosure.validate(ResponseSpecificationImpl.groovy:512)
	at io.restassured.internal.ResponseSpecificationImpl$HamcrestAssertionClosure$validate$1.call(Unknown Source)
	at io.restassured.internal.ResponseSpecificationImpl.validateResponseIfRequired(ResponseSpecificationImpl.groovy:696)
	at io.restassured.internal.ResponseSpecificationImpl.this$2$validateResponseIfRequired(ResponseSpecificationImpl.groovy)
	at java.base/jdk.internal.reflect.DirectMethodHandleAccessor.invoke(DirectMethodHandleAccessor.java:103)
	at java.base/java.lang.reflect.Method.invoke(Method.java:580)
	at org.codehaus.groovy.runtime.callsite.PlainObjectMetaMethodSite.doInvoke(PlainObjectMetaMethodSite.java:43)
	at org.codehaus.groovy.runtime.callsite.PogoMetaMethodSite$PogoCachedMethodSiteNoUnwrapNoCoerce.invoke(PogoMetaMethodSite.java:198)
	at org.codehaus.groovy.runtime.callsite.PogoMetaMethodSite.callCurrent(PogoMetaMethodSite.java:62)
	at org.codehaus.groovy.runtime.callsite.AbstractCallSite.callCurrent(AbstractCallSite.java:185)
	at io.restassured.internal.ResponseSpecificationImpl.statusCode(ResponseSpecificationImpl.groovy:135)
	at io.restassured.specification.ResponseSpecification$statusCode$0.callCurrent(Unknown Source)
	at io.restassured.internal.ResponseSpecificationImpl.statusCode(ResponseSpecificationImpl.groovy:143)
	at io.restassured.internal.ValidatableResponseOptionsImpl.statusCode(ValidatableResponseOptionsImpl.java:89)
	at com.example.api.stepDefinitions.PlantApiSteps.theResponseStatusCodeShouldBe(PlantApiSteps.java:241)
	at ✽.the response status code should be 404(file:///E:/ITFac_Batch21_Group53/src/test/resources/features/api/plant_delete.feature:12)

  And the response body should contain message "Plant not found"      # com.example.api.stepDefinitions.PlantApiSteps.theResponseBodyShouldContainMessage(java.lang.String)
  And the response status should be 404                               # com.example.api.stepDefinitions.PlantApiSteps.theResponseStatusShouldBe(int)
  And the response error should not be null                           # com.example.api.stepDefinitions.PlantApiSteps.theResponseErrorShouldNotBeNull()
=== Finished API Test: TC_API_PLANTS_ADM_012 - Verify Delete Non-Existing Plant ===

]]></system-out>
  </testcase>
  <testcase name="runScenario[&quot;TC_API_PLANTS_USER_016 - Verify Get Plant By ID&quot;, &quot;Plant API - Get By ID&quot;](3)" classname="com.example.runners.ApiTestRunner" time="0.307">
    <system-out><![CDATA[
@api
Scenario: TC_API_PLANTS_USER_016 - Verify Get Plant By ID       # src/test/resources/features/api/plant_get_by_id.feature:10
=== Starting API Test: TC_API_PLANTS_USER_016 - Verify Get Plant By ID ===
  Given I have a valid user token                               # com.example.api.stepDefinitions.PlantApiSteps.iHaveAValidUserToken()
  When I send a GET request to get plant with ID 17             # com.example.api.stepDefinitions.PlantApiSteps.iSendAGETRequestToGetPlantWithID(int)
  Then the response status code should be 200                   # com.example.api.stepDefinitions.PlantApiSteps.theResponseStatusCodeShouldBe(int)
  And the plant ID in response should be 17                     # com.example.api.stepDefinitions.PlantApiSteps.thePlantIDInResponseShouldBe(int)
  And the plant name should not be null                         # com.example.api.stepDefinitions.PlantApiSteps.thePlantNameShouldNotBeNull()
  And the plant price should be greater than 0                  # com.example.api.stepDefinitions.PlantApiSteps.thePlantPriceShouldBeGreaterThan()
  And the plant quantity should be greater than or equal to 0   # com.example.api.stepDefinitions.PlantApiSteps.thePlantQuantityShouldBeGreaterThanOrEqualTo()
  And the plant categoryId should be greater than or equal to 0 # com.example.api.stepDefinitions.PlantApiSteps.thePlantCategoryIdShouldBeGreaterThanOrEqualTo()
=== Finished API Test: TC_API_PLANTS_USER_016 - Verify Get Plant By ID ===

]]></system-out>
  </testcase>
  <testcase name="runScenario[&quot;TC_API_PLANTS_ADM_015 - Verify Pagination and Sorting for All Fields&quot;, &quot;Plant API - Pagination and Sorting&quot;](4)" classname="com.example.runners.ApiTestRunner" time="0.302">
    <system-out><![CDATA[
@api
Scenario Outline: TC_API_PLANTS_ADM_015 - Verify Pagination and Sorting for All Fields         # src/test/resources/features/api/plant_pagination_sort.feature:17
=== Starting API Test: TC_API_PLANTS_ADM_015 - Verify Pagination and Sorting for All Fields ===
  Given I have a valid user token                                                              # com.example.api.stepDefinitions.PlantApiSteps.iHaveAValidUserToken()
  When I send a GET request for plants with page 0, size 10, and sort by "name" in "asc" order # com.example.api.stepDefinitions.PlantApiSteps.iSendAGETRequestForPlantsWithPageSizeAndSortByInOrder(int,int,java.lang.String,java.lang.String)
  Then the response status code should be 200                                                  # com.example.api.stepDefinitions.PlantApiSteps.theResponseStatusCodeShouldBe(int)
  And the response should be sorted by "name" in "asc" order                                   # com.example.api.stepDefinitions.PlantApiSteps.theResponseShouldBeSortedByInOrder(java.lang.String,java.lang.String)
=== Finished API Test: TC_API_PLANTS_ADM_015 - Verify Pagination and Sorting for All Fields ===

]]></system-out>
  </testcase>
  <testcase name="runScenario[&quot;TC_API_PLANTS_ADM_015 - Verify Pagination and Sorting for All Fields&quot;, &quot;Plant API - Pagination and Sorting&quot;](5)" classname="com.example.runners.ApiTestRunner" time="0.276">
    <system-out><![CDATA[
@api
Scenario Outline: TC_API_PLANTS_ADM_015 - Verify Pagination and Sorting for All Fields          # src/test/resources/features/api/plant_pagination_sort.feature:18
=== Starting API Test: TC_API_PLANTS_ADM_015 - Verify Pagination and Sorting for All Fields ===
  Given I have a valid user token                                                               # com.example.api.stepDefinitions.PlantApiSteps.iHaveAValidUserToken()
  When I send a GET request for plants with page 0, size 10, and sort by "name" in "desc" order # com.example.api.stepDefinitions.PlantApiSteps.iSendAGETRequestForPlantsWithPageSizeAndSortByInOrder(int,int,java.lang.String,java.lang.String)
  Then the response status code should be 200                                                   # com.example.api.stepDefinitions.PlantApiSteps.theResponseStatusCodeShouldBe(int)
  And the response should be sorted by "name" in "desc" order                                   # com.example.api.stepDefinitions.PlantApiSteps.theResponseShouldBeSortedByInOrder(java.lang.String,java.lang.String)
=== Finished API Test: TC_API_PLANTS_ADM_015 - Verify Pagination and Sorting for All Fields ===

]]></system-out>
  </testcase>
  <testcase name="runScenario[&quot;TC_API_PLANTS_ADM_015 - Verify Pagination and Sorting for All Fields&quot;, &quot;Plant API - Pagination and Sorting&quot;](6)" classname="com.example.runners.ApiTestRunner" time="0.283">
    <system-out><![CDATA[
@api
Scenario Outline: TC_API_PLANTS_ADM_015 - Verify Pagination and Sorting for All Fields          # src/test/resources/features/api/plant_pagination_sort.feature:19
=== Starting API Test: TC_API_PLANTS_ADM_015 - Verify Pagination and Sorting for All Fields ===
  Given I have a valid user token                                                               # com.example.api.stepDefinitions.PlantApiSteps.iHaveAValidUserToken()
  When I send a GET request for plants with page 0, size 10, and sort by "price" in "asc" order # com.example.api.stepDefinitions.PlantApiSteps.iSendAGETRequestForPlantsWithPageSizeAndSortByInOrder(int,int,java.lang.String,java.lang.String)
  Then the response status code should be 200                                                   # com.example.api.stepDefinitions.PlantApiSteps.theResponseStatusCodeShouldBe(int)
  And the response should be sorted by "price" in "asc" order                                   # com.example.api.stepDefinitions.PlantApiSteps.theResponseShouldBeSortedByInOrder(java.lang.String,java.lang.String)
=== Finished API Test: TC_API_PLANTS_ADM_015 - Verify Pagination and Sorting for All Fields ===

]]></system-out>
  </testcase>
  <testcase name="runScenario[&quot;TC_API_PLANTS_ADM_015 - Verify Pagination and Sorting for All Fields&quot;, &quot;Plant API - Pagination and Sorting&quot;](7)" classname="com.example.runners.ApiTestRunner" time="0.298">
    <system-out><![CDATA[
@api
Scenario Outline: TC_API_PLANTS_ADM_015 - Verify Pagination and Sorting for All Fields           # src/test/resources/features/api/plant_pagination_sort.feature:20
=== Starting API Test: TC_API_PLANTS_ADM_015 - Verify Pagination and Sorting for All Fields ===
  Given I have a valid user token                                                                # com.example.api.stepDefinitions.PlantApiSteps.iHaveAValidUserToken()
  When I send a GET request for plants with page 0, size 10, and sort by "price" in "desc" order # com.example.api.stepDefinitions.PlantApiSteps.iSendAGETRequestForPlantsWithPageSizeAndSortByInOrder(int,int,java.lang.String,java.lang.String)
  Then the response status code should be 200                                                    # com.example.api.stepDefinitions.PlantApiSteps.theResponseStatusCodeShouldBe(int)
  And the response should be sorted by "price" in "desc" order                                   # com.example.api.stepDefinitions.PlantApiSteps.theResponseShouldBeSortedByInOrder(java.lang.String,java.lang.String)
=== Finished API Test: TC_API_PLANTS_ADM_015 - Verify Pagination and Sorting for All Fields ===

]]></system-out>
  </testcase>
  <testcase name="runScenario[&quot;TC_API_PLANTS_ADM_015 - Verify Pagination and Sorting for All Fields&quot;, &quot;Plant API - Pagination and Sorting&quot;](8)" classname="com.example.runners.ApiTestRunner" time="0.287">
    <system-out><![CDATA[
@api
Scenario Outline: TC_API_PLANTS_ADM_015 - Verify Pagination and Sorting for All Fields             # src/test/resources/features/api/plant_pagination_sort.feature:21
=== Starting API Test: TC_API_PLANTS_ADM_015 - Verify Pagination and Sorting for All Fields ===
  Given I have a valid user token                                                                  # com.example.api.stepDefinitions.PlantApiSteps.iHaveAValidUserToken()
  When I send a GET request for plants with page 0, size 10, and sort by "quantity" in "asc" order # com.example.api.stepDefinitions.PlantApiSteps.iSendAGETRequestForPlantsWithPageSizeAndSortByInOrder(int,int,java.lang.String,java.lang.String)
  Then the response status code should be 200                                                      # com.example.api.stepDefinitions.PlantApiSteps.theResponseStatusCodeShouldBe(int)
  And the response should be sorted by "quantity" in "asc" order                                   # com.example.api.stepDefinitions.PlantApiSteps.theResponseShouldBeSortedByInOrder(java.lang.String,java.lang.String)
=== Finished API Test: TC_API_PLANTS_ADM_015 - Verify Pagination and Sorting for All Fields ===

]]></system-out>
  </testcase>
  <testcase name="runScenario[&quot;TC_API_PLANTS_ADM_015 - Verify Pagination and Sorting for All Fields&quot;, &quot;Plant API - Pagination and Sorting&quot;](9)" classname="com.example.runners.ApiTestRunner" time="0.291">
    <system-out><![CDATA[
@api
Scenario Outline: TC_API_PLANTS_ADM_015 - Verify Pagination and Sorting for All Fields              # src/test/resources/features/api/plant_pagination_sort.feature:22
=== Starting API Test: TC_API_PLANTS_ADM_015 - Verify Pagination and Sorting for All Fields ===
  Given I have a valid user token                                                                   # com.example.api.stepDefinitions.PlantApiSteps.iHaveAValidUserToken()
  When I send a GET request for plants with page 0, size 10, and sort by "quantity" in "desc" order # com.example.api.stepDefinitions.PlantApiSteps.iSendAGETRequestForPlantsWithPageSizeAndSortByInOrder(int,int,java.lang.String,java.lang.String)
  Then the response status code should be 200                                                       # com.example.api.stepDefinitions.PlantApiSteps.theResponseStatusCodeShouldBe(int)
  And the response should be sorted by "quantity" in "desc" order                                   # com.example.api.stepDefinitions.PlantApiSteps.theResponseShouldBeSortedByInOrder(java.lang.String,java.lang.String)
=== Finished API Test: TC_API_PLANTS_ADM_015 - Verify Pagination and Sorting for All Fields ===

]]></system-out>
  </testcase>
  <testcase name="runScenario[&quot;TC_API_PLANTS_USER_014 - Verify User Can Access Plant Summary&quot;, &quot;Plant API - Summary&quot;](10)" classname="com.example.runners.ApiTestRunner" time="0.3">
    <system-out><![CDATA[
@api
Scenario: TC_API_PLANTS_USER_014 - Verify User Can Access Plant Summary           # src/test/resources/features/api/plant_summary.feature:10
=== Starting API Test: TC_API_PLANTS_USER_014 - Verify User Can Access Plant Summary ===
  Given I have a valid user token                                                 # com.example.api.stepDefinitions.PlantApiSteps.iHaveAValidUserToken()
  When I send a GET request to get plant summary                                  # com.example.api.stepDefinitions.PlantApiSteps.iSendAGETRequestToGetPlantSummary()
  Then the response status code should be 200                                     # com.example.api.stepDefinitions.PlantApiSteps.theResponseStatusCodeShouldBe(int)
  And the summary should contain totalPlants and lowStockPlants                   # com.example.api.stepDefinitions.PlantApiSteps.theSummaryShouldContainTotalPlantsAndLowStockPlants()
  And totalPlants and lowStockPlants should be greater than or equal to 0         # com.example.api.stepDefinitions.PlantApiSteps.totalPlantsAndLowStockPlantsShouldBeGreaterThanOrEqualTo()
  And the response should not contain admin fields "adminData" or "internalStats" # com.example.api.stepDefinitions.PlantApiSteps.theResponseShouldNotContainAdminFieldsOr(java.lang.String,java.lang.String)
=== Finished API Test: TC_API_PLANTS_USER_014 - Verify User Can Access Plant Summary ===

]]></system-out>
  </testcase>
  <testcase name="runScenario[&quot;TC_API_PLANTS_ADM_011 - Verify Plant Updated Successfully&quot;, &quot;Plant API - Update Plant&quot;](11)" classname="com.example.runners.ApiTestRunner" time="0.283">
    <failure message="1 expectation failed.&#10;Expected status code &lt;200&gt; but was &lt;500&gt;.&#10;" type="java.lang.AssertionError"><![CDATA[java.lang.AssertionError: 
1 expectation failed.
Expected status code <200> but was <500>.

	at java.base/jdk.internal.reflect.DirectConstructorHandleAccessor.newInstance(DirectConstructorHandleAccessor.java:62)
	at java.base/java.lang.reflect.Constructor.newInstanceWithCaller(Constructor.java:502)
	at java.base/java.lang.reflect.Constructor.newInstance(Constructor.java:486)
	at org.codehaus.groovy.reflection.CachedConstructor.invoke(CachedConstructor.java:73)
	at org.codehaus.groovy.runtime.callsite.ConstructorSite$ConstructorSiteNoUnwrapNoCoerce.callConstructor(ConstructorSite.java:108)
	at org.codehaus.groovy.runtime.callsite.AbstractCallSite.callConstructor(AbstractCallSite.java:277)
	at io.restassured.internal.ResponseSpecificationImpl$HamcrestAssertionClosure.validate(ResponseSpecificationImpl.groovy:512)
	at io.restassured.internal.ResponseSpecificationImpl$HamcrestAssertionClosure$validate$1.call(Unknown Source)
	at io.restassured.internal.ResponseSpecificationImpl.validateResponseIfRequired(ResponseSpecificationImpl.groovy:696)
	at io.restassured.internal.ResponseSpecificationImpl.this$2$validateResponseIfRequired(ResponseSpecificationImpl.groovy)
	at java.base/jdk.internal.reflect.DirectMethodHandleAccessor.invoke(DirectMethodHandleAccessor.java:103)
	at java.base/java.lang.reflect.Method.invoke(Method.java:580)
	at org.codehaus.groovy.runtime.callsite.PlainObjectMetaMethodSite.doInvoke(PlainObjectMetaMethodSite.java:43)
	at org.codehaus.groovy.runtime.callsite.PogoMetaMethodSite$PogoCachedMethodSiteNoUnwrapNoCoerce.invoke(PogoMetaMethodSite.java:198)
	at org.codehaus.groovy.runtime.callsite.PogoMetaMethodSite.callCurrent(PogoMetaMethodSite.java:62)
	at org.codehaus.groovy.runtime.callsite.AbstractCallSite.callCurrent(AbstractCallSite.java:185)
	at io.restassured.internal.ResponseSpecificationImpl.statusCode(ResponseSpecificationImpl.groovy:135)
	at io.restassured.specification.ResponseSpecification$statusCode$0.callCurrent(Unknown Source)
	at io.restassured.internal.ResponseSpecificationImpl.statusCode(ResponseSpecificationImpl.groovy:143)
	at io.restassured.internal.ValidatableResponseOptionsImpl.statusCode(ValidatableResponseOptionsImpl.java:89)
	at com.example.api.stepDefinitions.PlantApiSteps.theResponseStatusCodeShouldBe(PlantApiSteps.java:241)
	at ✽.the response status code should be 200(file:///E:/ITFac_Batch21_Group53/src/test/resources/features/api/plant_update.feature:12)
]]></failure>
    <system-out><![CDATA[
@api
Scenario: TC_API_PLANTS_ADM_011 - Verify Plant Updated Successfully        # src/test/resources/features/api/plant_update.feature:10
=== Starting API Test: TC_API_PLANTS_ADM_011 - Verify Plant Updated Successfully ===
  Given I have a valid user token                                          # com.example.api.stepDefinitions.PlantApiSteps.iHaveAValidUserToken()
  When I send a PUT request to update plant with ID 0 and name "Anthurium" # com.example.api.stepDefinitions.PlantApiSteps.iSendAPUTRequestToUpdatePlantWithIDAndName(int,java.lang.String)
  Then the response status code should be 200                              # com.example.api.stepDefinitions.PlantApiSteps.theResponseStatusCodeShouldBe(int)
      java.lang.AssertionError: 1 expectation failed.
Expected status code <200> but was <500>.

	at java.base/jdk.internal.reflect.DirectConstructorHandleAccessor.newInstance(DirectConstructorHandleAccessor.java:62)
	at java.base/java.lang.reflect.Constructor.newInstanceWithCaller(Constructor.java:502)
	at java.base/java.lang.reflect.Constructor.newInstance(Constructor.java:486)
	at org.codehaus.groovy.reflection.CachedConstructor.invoke(CachedConstructor.java:73)
	at org.codehaus.groovy.runtime.callsite.ConstructorSite$ConstructorSiteNoUnwrapNoCoerce.callConstructor(ConstructorSite.java:108)
	at org.codehaus.groovy.runtime.callsite.AbstractCallSite.callConstructor(AbstractCallSite.java:277)
	at io.restassured.internal.ResponseSpecificationImpl$HamcrestAssertionClosure.validate(ResponseSpecificationImpl.groovy:512)
	at io.restassured.internal.ResponseSpecificationImpl$HamcrestAssertionClosure$validate$1.call(Unknown Source)
	at io.restassured.internal.ResponseSpecificationImpl.validateResponseIfRequired(ResponseSpecificationImpl.groovy:696)
	at io.restassured.internal.ResponseSpecificationImpl.this$2$validateResponseIfRequired(ResponseSpecificationImpl.groovy)
	at java.base/jdk.internal.reflect.DirectMethodHandleAccessor.invoke(DirectMethodHandleAccessor.java:103)
	at java.base/java.lang.reflect.Method.invoke(Method.java:580)
	at org.codehaus.groovy.runtime.callsite.PlainObjectMetaMethodSite.doInvoke(PlainObjectMetaMethodSite.java:43)
	at org.codehaus.groovy.runtime.callsite.PogoMetaMethodSite$PogoCachedMethodSiteNoUnwrapNoCoerce.invoke(PogoMetaMethodSite.java:198)
	at org.codehaus.groovy.runtime.callsite.PogoMetaMethodSite.callCurrent(PogoMetaMethodSite.java:62)
	at org.codehaus.groovy.runtime.callsite.AbstractCallSite.callCurrent(AbstractCallSite.java:185)
	at io.restassured.internal.ResponseSpecificationImpl.statusCode(ResponseSpecificationImpl.groovy:135)
	at io.restassured.specification.ResponseSpecification$statusCode$0.callCurrent(Unknown Source)
	at io.restassured.internal.ResponseSpecificationImpl.statusCode(ResponseSpecificationImpl.groovy:143)
	at io.restassured.internal.ValidatableResponseOptionsImpl.statusCode(ValidatableResponseOptionsImpl.java:89)
	at com.example.api.stepDefinitions.PlantApiSteps.theResponseStatusCodeShouldBe(PlantApiSteps.java:241)
	at ✽.the response status code should be 200(file:///E:/ITFac_Batch21_Group53/src/test/resources/features/api/plant_update.feature:12)

  And the updated plant ID should be 0                                     # com.example.api.stepDefinitions.PlantApiSteps.theUpdatedPlantIDShouldBe(int)
  And the updated plant name should be "Anthurium"                         # com.example.api.stepDefinitions.PlantApiSteps.theUpdatedPlantNameShouldBe(java.lang.String)
  And the updated plant price should be 150                                # com.example.api.stepDefinitions.PlantApiSteps.theUpdatedPlantPriceShouldBe(int)
  And the updated plant quantity should be 25                              # com.example.api.stepDefinitions.PlantApiSteps.theUpdatedPlantQuantityShouldBe(int)
  And the updated plant category ID should be 0                            # com.example.api.stepDefinitions.PlantApiSteps.theUpdatedPlantCategoryIDShouldBe(int)
  And the updated plant category name should be "Anthurium"                # com.example.api.stepDefinitions.PlantApiSteps.theUpdatedPlantCategoryNameShouldBe(java.lang.String)
=== Finished API Test: TC_API_PLANTS_ADM_011 - Verify Plant Updated Successfully ===

]]></system-out>
  </testcase>
</testsuite>