<?xml version="1.0" encoding="UTF-8"?>
<testng-results ignored="0" total="19" passed="19" failed="0" skipped="0">
  <reporter-output>
  </reporter-output>
  <suite started-at="2026-02-06T00:59:43 IST" name="Plant Sales Automation Suite" finished-at="2026-02-06T01:02:58 IST" duration-ms="195126">
    <groups>
      <group name="cucumber">
        <method signature="AbstractTestNGCucumberTests.runScenario(io.cucumber.testng.PickleWrapper,io.cucumber.testng.FeatureWrapper)[pri:0, instance:com.example.runners.UiTestRunner@689604d9]" name="runScenario" class="io.cucumber.testng.AbstractTestNGCucumberTests"/>
        <method signature="AbstractTestNGCucumberTests.runScenario(io.cucumber.testng.PickleWrapper,io.cucumber.testng.FeatureWrapper)[pri:0, instance:com.example.runners.UiTestRunner@6c6cb480]" name="runScenario" class="io.cucumber.testng.AbstractTestNGCucumberTests"/>
      </group> <!-- cucumber -->
    </groups>
    <test started-at="2026-02-06T00:59:43 IST" name="Admin Tests" finished-at="2026-02-06T01:00:04 IST" duration-ms="20974">
      <class name="com.example.runners.UiTestRunner">
        <test-method is-config="true" signature="setUpClass(org.testng.ITestContext)[pri:0, instance:com.example.runners.UiTestRunner@689604d9]" started-at="2026-02-06T00:59:43 IST" name="setUpClass" finished-at="2026-02-06T00:59:43 IST" duration-ms="387" status="PASS">
          <params>
            <param index="0">
              <value>
                <![CDATA[org.testng.TestRunner@610f7aa]]>
              </value>
            </param>
          </params>
          <reporter-output>
          </reporter-output>
        </test-method> <!-- setUpClass -->
        <test-method signature="runScenario(io.cucumber.testng.PickleWrapper,io.cucumber.testng.FeatureWrapper)[pri:0, instance:com.example.runners.UiTestRunner@689604d9]" started-at="2026-02-06T00:59:43 IST" name="runScenario" description="Runs Cucumber Scenarios" data-provider="scenarios" finished-at="2026-02-06T00:59:55 IST" duration-ms="11308" status="PASS">
          <params>
            <param index="0">
              <value>
                <![CDATA["Dashboard loads immediately after Admin login"]]>
              </value>
            </param>
            <param index="1">
              <value>
                <![CDATA["Dashboard Functionality"]]>
              </value>
            </param>
          </params>
          <reporter-output>
          </reporter-output>
        </test-method> <!-- runScenario -->
        <test-method signature="runScenario(io.cucumber.testng.PickleWrapper,io.cucumber.testng.FeatureWrapper)[pri:0, instance:com.example.runners.UiTestRunner@689604d9]" started-at="2026-02-06T00:59:55 IST" name="runScenario" description="Runs Cucumber Scenarios" data-provider="scenarios" finished-at="2026-02-06T00:59:57 IST" duration-ms="2596" status="PASS">
          <params>
            <param index="0">
              <value>
                <![CDATA["Navigation menu highlights Dashboard as active for Admin"]]>
              </value>
            </param>
            <param index="1">
              <value>
                <![CDATA["Dashboard Functionality"]]>
              </value>
            </param>
          </params>
          <reporter-output>
          </reporter-output>
        </test-method> <!-- runScenario -->
        <test-method signature="runScenario(io.cucumber.testng.PickleWrapper,io.cucumber.testng.FeatureWrapper)[pri:0, instance:com.example.runners.UiTestRunner@689604d9]" started-at="2026-02-06T00:59:57 IST" name="runScenario" description="Runs Cucumber Scenarios" data-provider="scenarios" finished-at="2026-02-06T00:59:59 IST" duration-ms="2023" status="PASS">
          <params>
            <param index="0">
              <value>
                <![CDATA["Dashboard summary cards are visible for Admin"]]>
              </value>
            </param>
            <param index="1">
              <value>
                <![CDATA["Dashboard Functionality"]]>
              </value>
            </param>
          </params>
          <reporter-output>
          </reporter-output>
        </test-method> <!-- runScenario -->
        <test-method signature="runScenario(io.cucumber.testng.PickleWrapper,io.cucumber.testng.FeatureWrapper)[pri:0, instance:com.example.runners.UiTestRunner@689604d9]" started-at="2026-02-06T00:59:59 IST" name="runScenario" description="Runs Cucumber Scenarios" data-provider="scenarios" finished-at="2026-02-06T01:00:02 IST" duration-ms="2535" status="PASS">
          <params>
            <param index="0">
              <value>
                <![CDATA["Manage View buttons navigate to correct modules for Admin"]]>
              </value>
            </param>
            <param index="1">
              <value>
                <![CDATA["Dashboard Functionality"]]>
              </value>
            </param>
          </params>
          <reporter-output>
          </reporter-output>
        </test-method> <!-- runScenario -->
        <test-method signature="runScenario(io.cucumber.testng.PickleWrapper,io.cucumber.testng.FeatureWrapper)[pri:0, instance:com.example.runners.UiTestRunner@689604d9]" started-at="2026-02-06T01:00:02 IST" name="runScenario" description="Runs Cucumber Scenarios" data-provider="scenarios" finished-at="2026-02-06T01:00:04 IST" duration-ms="2025" status="PASS">
          <params>
            <param index="0">
              <value>
                <![CDATA["Admin can see Dashboard and all menu items"]]>
              </value>
            </param>
            <param index="1">
              <value>
                <![CDATA["Dashboard Functionality"]]>
              </value>
            </param>
          </params>
          <reporter-output>
          </reporter-output>
        </test-method> <!-- runScenario -->
        <test-method is-config="true" signature="tearDownClass()[pri:0, instance:com.example.runners.UiTestRunner@689604d9]" started-at="2026-02-06T01:00:04 IST" name="tearDownClass" finished-at="2026-02-06T01:00:04 IST" duration-ms="78" status="PASS">
          <reporter-output>
          </reporter-output>
        </test-method> <!-- tearDownClass -->
      </class> <!-- com.example.runners.UiTestRunner -->
    </test> <!-- Admin Tests -->
    <test started-at="2026-02-06T01:00:04 IST" name="User Tests" finished-at="2026-02-06T01:02:58 IST" duration-ms="174109">
      <class name="com.example.runners.UiTestRunner">
        <test-method is-config="true" signature="setUpClass(org.testng.ITestContext)[pri:0, instance:com.example.runners.UiTestRunner@6c6cb480]" started-at="2026-02-06T01:00:04 IST" name="setUpClass" finished-at="2026-02-06T01:00:04 IST" duration-ms="27" status="PASS">
          <params>
            <param index="0">
              <value>
                <![CDATA[org.testng.TestRunner@6a03bcb1]]>
              </value>
            </param>
          </params>
          <reporter-output>
          </reporter-output>
        </test-method> <!-- setUpClass -->
        <test-method signature="runScenario(io.cucumber.testng.PickleWrapper,io.cucumber.testng.FeatureWrapper)[pri:0, instance:com.example.runners.UiTestRunner@6c6cb480]" started-at="2026-02-06T01:00:04 IST" name="runScenario" description="Runs Cucumber Scenarios" data-provider="scenarios" finished-at="2026-02-06T01:00:12 IST" duration-ms="7795" status="PASS">
          <params>
            <param index="0">
              <value>
                <![CDATA["Dashboard loads immediately after User login"]]>
              </value>
            </param>
            <param index="1">
              <value>
                <![CDATA["Dashboard Functionality"]]>
              </value>
            </param>
          </params>
          <reporter-output>
          </reporter-output>
        </test-method> <!-- runScenario -->
        <test-method signature="runScenario(io.cucumber.testng.PickleWrapper,io.cucumber.testng.FeatureWrapper)[pri:0, instance:com.example.runners.UiTestRunner@6c6cb480]" started-at="2026-02-06T01:00:12 IST" name="runScenario" description="Runs Cucumber Scenarios" data-provider="scenarios" finished-at="2026-02-06T01:00:14 IST" duration-ms="2060" status="PASS">
          <params>
            <param index="0">
              <value>
                <![CDATA["Navigation menu highlights Dashboard as active for User"]]>
              </value>
            </param>
            <param index="1">
              <value>
                <![CDATA["Dashboard Functionality"]]>
              </value>
            </param>
          </params>
          <reporter-output>
          </reporter-output>
        </test-method> <!-- runScenario -->
        <test-method signature="runScenario(io.cucumber.testng.PickleWrapper,io.cucumber.testng.FeatureWrapper)[pri:0, instance:com.example.runners.UiTestRunner@6c6cb480]" started-at="2026-02-06T01:00:14 IST" name="runScenario" description="Runs Cucumber Scenarios" data-provider="scenarios" finished-at="2026-02-06T01:00:16 IST" duration-ms="1969" status="PASS">
          <params>
            <param index="0">
              <value>
                <![CDATA["Dashboard summary cards are visible for User"]]>
              </value>
            </param>
            <param index="1">
              <value>
                <![CDATA["Dashboard Functionality"]]>
              </value>
            </param>
          </params>
          <reporter-output>
          </reporter-output>
        </test-method> <!-- runScenario -->
        <test-method signature="runScenario(io.cucumber.testng.PickleWrapper,io.cucumber.testng.FeatureWrapper)[pri:0, instance:com.example.runners.UiTestRunner@6c6cb480]" started-at="2026-02-06T01:00:16 IST" name="runScenario" description="Runs Cucumber Scenarios" data-provider="scenarios" finished-at="2026-02-06T01:00:20 IST" duration-ms="4151" status="PASS">
          <params>
            <param index="0">
              <value>
                <![CDATA["View buttons navigate to correct modules for User"]]>
              </value>
            </param>
            <param index="1">
              <value>
                <![CDATA["Dashboard Functionality"]]>
              </value>
            </param>
          </params>
          <reporter-output>
          </reporter-output>
        </test-method> <!-- runScenario -->
        <test-method signature="runScenario(io.cucumber.testng.PickleWrapper,io.cucumber.testng.FeatureWrapper)[pri:0, instance:com.example.runners.UiTestRunner@6c6cb480]" started-at="2026-02-06T01:00:20 IST" name="runScenario" description="Runs Cucumber Scenarios" data-provider="scenarios" finished-at="2026-02-06T01:00:22 IST" duration-ms="1980" status="PASS">
          <params>
            <param index="0">
              <value>
                <![CDATA["User can see Dashboard and permitted menu items"]]>
              </value>
            </param>
            <param index="1">
              <value>
                <![CDATA["Dashboard Functionality"]]>
              </value>
            </param>
          </params>
          <reporter-output>
          </reporter-output>
        </test-method> <!-- runScenario -->
        <test-method signature="runScenario(io.cucumber.testng.PickleWrapper,io.cucumber.testng.FeatureWrapper)[pri:0, instance:com.example.runners.UiTestRunner@6c6cb480]" started-at="2026-02-06T01:00:22 IST" name="runScenario" description="Runs Cucumber Scenarios" data-provider="scenarios" finished-at="2026-02-06T01:00:46 IST" duration-ms="23493" status="PASS">
          <params>
            <param index="0">
              <value>
                <![CDATA["TC_UI_SAL_12 - Verify sorting by Quantity column"]]>
              </value>
            </param>
            <param index="1">
              <value>
                <![CDATA["Sales List Quantity Sorting Functionality"]]>
              </value>
            </param>
          </params>
          <reporter-output>
          </reporter-output>
        </test-method> <!-- runScenario -->
        <test-method signature="runScenario(io.cucumber.testng.PickleWrapper,io.cucumber.testng.FeatureWrapper)[pri:0, instance:com.example.runners.UiTestRunner@6c6cb480]" started-at="2026-02-06T01:00:46 IST" name="runScenario" description="Runs Cucumber Scenarios" data-provider="scenarios" finished-at="2026-02-06T01:01:00 IST" duration-ms="14435" status="PASS">
          <params>
            <param index="0">
              <value>
                <![CDATA["TC_UI_SAL_12_Positive - Verify ascending sort by Quantity"]]>
              </value>
            </param>
            <param index="1">
              <value>
                <![CDATA["Sales List Quantity Sorting Functionality"]]>
              </value>
            </param>
          </params>
          <reporter-output>
          </reporter-output>
        </test-method> <!-- runScenario -->
        <test-method signature="runScenario(io.cucumber.testng.PickleWrapper,io.cucumber.testng.FeatureWrapper)[pri:0, instance:com.example.runners.UiTestRunner@6c6cb480]" started-at="2026-02-06T01:01:00 IST" name="runScenario" description="Runs Cucumber Scenarios" data-provider="scenarios" finished-at="2026-02-06T01:01:17 IST" duration-ms="17064" status="PASS">
          <params>
            <param index="0">
              <value>
                <![CDATA["TC_UI_SAL_12_Negative - Verify descending sort by Quantity"]]>
              </value>
            </param>
            <param index="1">
              <value>
                <![CDATA["Sales List Quantity Sorting Functionality"]]>
              </value>
            </param>
          </params>
          <reporter-output>
          </reporter-output>
        </test-method> <!-- runScenario -->
        <test-method signature="runScenario(io.cucumber.testng.PickleWrapper,io.cucumber.testng.FeatureWrapper)[pri:0, instance:com.example.runners.UiTestRunner@6c6cb480]" started-at="2026-02-06T01:01:17 IST" name="runScenario" description="Runs Cucumber Scenarios" data-provider="scenarios" finished-at="2026-02-06T01:01:36 IST" duration-ms="18835" status="PASS">
          <params>
            <param index="0">
              <value>
                <![CDATA["TC_UI_SAL_12_Toggle - Verify Quantity sort toggle functionality"]]>
              </value>
            </param>
            <param index="1">
              <value>
                <![CDATA["Sales List Quantity Sorting Functionality"]]>
              </value>
            </param>
          </params>
          <reporter-output>
          </reporter-output>
        </test-method> <!-- runScenario -->
        <test-method signature="runScenario(io.cucumber.testng.PickleWrapper,io.cucumber.testng.FeatureWrapper)[pri:0, instance:com.example.runners.UiTestRunner@6c6cb480]" started-at="2026-02-06T01:01:36 IST" name="runScenario" description="Runs Cucumber Scenarios" data-provider="scenarios" finished-at="2026-02-06T01:01:51 IST" duration-ms="14786" status="PASS">
          <params>
            <param index="0">
              <value>
                <![CDATA["TC_UI_SAL_11 - Verify sorting by Plant Name column"]]>
              </value>
            </param>
            <param index="1">
              <value>
                <![CDATA["Sales List Sorting Functionality"]]>
              </value>
            </param>
          </params>
          <reporter-output>
          </reporter-output>
        </test-method> <!-- runScenario -->
        <test-method signature="runScenario(io.cucumber.testng.PickleWrapper,io.cucumber.testng.FeatureWrapper)[pri:0, instance:com.example.runners.UiTestRunner@6c6cb480]" started-at="2026-02-06T01:01:51 IST" name="runScenario" description="Runs Cucumber Scenarios" data-provider="scenarios" finished-at="2026-02-06T01:02:07 IST" duration-ms="16571" status="PASS">
          <params>
            <param index="0">
              <value>
                <![CDATA["TC_UI_SAL_13 - Verify sorting by Total Price column"]]>
              </value>
            </param>
            <param index="1">
              <value>
                <![CDATA["Sales List Total Price Sorting Functionality"]]>
              </value>
            </param>
          </params>
          <reporter-output>
          </reporter-output>
        </test-method> <!-- runScenario -->
        <test-method signature="runScenario(io.cucumber.testng.PickleWrapper,io.cucumber.testng.FeatureWrapper)[pri:0, instance:com.example.runners.UiTestRunner@6c6cb480]" started-at="2026-02-06T01:02:07 IST" name="runScenario" description="Runs Cucumber Scenarios" data-provider="scenarios" finished-at="2026-02-06T01:02:22 IST" duration-ms="14233" status="PASS">
          <params>
            <param index="0">
              <value>
                <![CDATA["TC_UI_SAL_13_Positive - Verify ascending sort by Total Price"]]>
              </value>
            </param>
            <param index="1">
              <value>
                <![CDATA["Sales List Total Price Sorting Functionality"]]>
              </value>
            </param>
          </params>
          <reporter-output>
          </reporter-output>
        </test-method> <!-- runScenario -->
        <test-method signature="runScenario(io.cucumber.testng.PickleWrapper,io.cucumber.testng.FeatureWrapper)[pri:0, instance:com.example.runners.UiTestRunner@6c6cb480]" started-at="2026-02-06T01:02:22 IST" name="runScenario" description="Runs Cucumber Scenarios" data-provider="scenarios" finished-at="2026-02-06T01:02:38 IST" duration-ms="16743" status="PASS">
          <params>
            <param index="0">
              <value>
                <![CDATA["TC_UI_SAL_13_Negative - Verify descending sort by Total Price"]]>
              </value>
            </param>
            <param index="1">
              <value>
                <![CDATA["Sales List Total Price Sorting Functionality"]]>
              </value>
            </param>
          </params>
          <reporter-output>
          </reporter-output>
        </test-method> <!-- runScenario -->
        <test-method signature="runScenario(io.cucumber.testng.PickleWrapper,io.cucumber.testng.FeatureWrapper)[pri:0, instance:com.example.runners.UiTestRunner@6c6cb480]" started-at="2026-02-06T01:02:38 IST" name="runScenario" description="Runs Cucumber Scenarios" data-provider="scenarios" finished-at="2026-02-06T01:02:58 IST" duration-ms="19889" status="PASS">
          <params>
            <param index="0">
              <value>
                <![CDATA["TC_UI_SAL_13_Toggle - Verify Total Price sort toggle functionality"]]>
              </value>
            </param>
            <param index="1">
              <value>
                <![CDATA["Sales List Total Price Sorting Functionality"]]>
              </value>
            </param>
          </params>
          <reporter-output>
          </reporter-output>
        </test-method> <!-- runScenario -->
        <test-method is-config="true" signature="tearDownClass()[pri:0, instance:com.example.runners.UiTestRunner@6c6cb480]" started-at="2026-02-06T01:02:58 IST" name="tearDownClass" finished-at="2026-02-06T01:02:58 IST" duration-ms="64" status="PASS">
          <reporter-output>
          </reporter-output>
        </test-method> <!-- tearDownClass -->
      </class> <!-- com.example.runners.UiTestRunner -->
    </test> <!-- User Tests -->
  </suite> <!-- Plant Sales Automation Suite -->
</testng-results>
