<?xml version="1.0" encoding="UTF-8"?>
<testng-results ignored="0" total="1" passed="0" failed="1" skipped="0">
  <reporter-output>
  </reporter-output>
  <suite started-at="2026-02-08T08:05:46 IST" name="Surefire suite" finished-at="2026-02-08T08:05:53 IST" duration-ms="7054">
    <groups>
      <group name="cucumber">
        <method signature="AbstractTestNGCucumberTests.runScenario(io.cucumber.testng.PickleWrapper,io.cucumber.testng.FeatureWrapper)[pri:0, instance:com.example.runners.EditPlantPageRestrictionTestRunner@2f9f7dcf]" name="runScenario" class="io.cucumber.testng.AbstractTestNGCucumberTests"/>
      </group> <!-- cucumber -->
    </groups>
    <test started-at="2026-02-08T08:05:46 IST" name="Surefire test" finished-at="2026-02-08T08:05:53 IST" duration-ms="7054">
      <class name="com.example.runners.EditPlantPageRestrictionTestRunner">
        <test-method is-config="true" signature="setUpClass(org.testng.ITestContext)[pri:0, instance:com.example.runners.EditPlantPageRestrictionTestRunner@2f9f7dcf]" started-at="2026-02-08T08:05:46 IST" name="setUpClass" finished-at="2026-02-08T08:05:47 IST" duration-ms="980" status="PASS">
          <params>
            <param index="0">
              <value>
                <![CDATA[org.testng.TestRunner@6db9f5a4]]>
              </value>
            </param>
          </params>
          <reporter-output>
          </reporter-output>
        </test-method> <!-- setUpClass -->
        <test-method signature="runScenario(io.cucumber.testng.PickleWrapper,io.cucumber.testng.FeatureWrapper)[pri:0, instance:com.example.runners.EditPlantPageRestrictionTestRunner@2f9f7dcf]" started-at="2026-02-08T08:05:47 IST" name="runScenario" description="Runs Cucumber Scenarios" data-provider="scenarios" finished-at="2026-02-08T08:05:53 IST" duration-ms="5975" status="FAIL">
          <params>
            <param index="0">
              <value>
                <![CDATA["TC_UI_PLANTS_USER_11 - Verify User cannot access Edit Plant page"]]>
              </value>
            </param>
            <param index="1">
              <value>
                <![CDATA["Edit Plant Page Restriction for Regular User"]]>
              </value>
            </param>
          </params>
          <exception class="java.lang.AssertionError">
            <message>
              <![CDATA[Login failed: unknown error: net::ERR_CONNECTION_REFUSED
  (Session info: chrome=144.0.7559.133)
Build info: version: '4.15.0', revision: '1d14b5521b'
System info: os.name: 'Windows 11', os.arch: 'amd64', os.version: '10.0', java.version: '23.0.1'
Driver info: org.openqa.selenium.chrome.ChromeDriver
Command: [8e528a8cb8f49073f048afd45e889c21, get {url=http://localhost:8081/ui/login}]
Capabilities {acceptInsecureCerts: false, browserName: chrome, browserVersion: 144.0.7559.133, chrome: {chromedriverVersion: 144.0.7559.133 (7da823b1d59..., userDataDir: C:\Users\MSII\AppData\Local...}, fedcm:accounts: true, goog:chromeOptions: {debuggerAddress: localhost:14061}, goog:processID: 39732, networkConnectionEnabled: false, pageLoadStrategy: eager, platformName: windows, proxy: Proxy(), se:cdp: ws://localhost:14061/devtoo..., se:cdpVersion: 144.0.7559.133, setWindowRect: true, strictFileInteractability: false, timeouts: {implicit: 0, pageLoad: 300000, script: 30000}, unhandledPromptBehavior: dismiss and notify, webauthn:extension:credBlob: true, webauthn:extension:largeBlob: true, webauthn:extension:minPinLength: true, webauthn:extension:prf: true, webauthn:virtualAuthenticators: true}
Session ID: 8e528a8cb8f49073f048afd45e889c21]]>
            </message>
            <full-stacktrace>
              <![CDATA[java.lang.AssertionError: Login failed: unknown error: net::ERR_CONNECTION_REFUSED
  (Session info: chrome=144.0.7559.133)
Build info: version: '4.15.0', revision: '1d14b5521b'
System info: os.name: 'Windows 11', os.arch: 'amd64', os.version: '10.0', java.version: '23.0.1'
Driver info: org.openqa.selenium.chrome.ChromeDriver
Command: [8e528a8cb8f49073f048afd45e889c21, get {url=http://localhost:8081/ui/login}]
Capabilities {acceptInsecureCerts: false, browserName: chrome, browserVersion: 144.0.7559.133, chrome: {chromedriverVersion: 144.0.7559.133 (7da823b1d59..., userDataDir: C:\Users\MSII\AppData\Local...}, fedcm:accounts: true, goog:chromeOptions: {debuggerAddress: localhost:14061}, goog:processID: 39732, networkConnectionEnabled: false, pageLoadStrategy: eager, platformName: windows, proxy: Proxy(), se:cdp: ws://localhost:14061/devtoo..., se:cdpVersion: 144.0.7559.133, setWindowRect: true, strictFileInteractability: false, timeouts: {implicit: 0, pageLoad: 300000, script: 30000}, unhandledPromptBehavior: dismiss and notify, webauthn:extension:credBlob: true, webauthn:extension:largeBlob: true, webauthn:extension:minPinLength: true, webauthn:extension:prf: true, webauthn:virtualAuthenticators: true}
Session ID: 8e528a8cb8f49073f048afd45e889c21
at org.testng.Assert.fail(Assert.java:111)
at com.example.ui.stepDefinitions.sales.SalesListSteps.testuserIsLoggedIntoTheApplication(SalesListSteps.java:651)
at ✽.testuser is logged into the application(file:///C:/Users/MSII/Downloads/QA_BUG/ITFac_Batch21_Group53/src/test/resources/features/ui/plants/edit_plant_page_restriction.feature:13)
]]>
            </full-stacktrace>
          </exception> <!-- java.lang.AssertionError -->
          <reporter-output>
          </reporter-output>
        </test-method> <!-- runScenario -->
        <test-method is-config="true" signature="tearDownClass()[pri:0, instance:com.example.runners.EditPlantPageRestrictionTestRunner@2f9f7dcf]" started-at="2026-02-08T08:05:53 IST" name="tearDownClass" finished-at="2026-02-08T08:05:53 IST" duration-ms="45" status="PASS">
          <reporter-output>
          </reporter-output>
        </test-method> <!-- tearDownClass -->
      </class> <!-- com.example.runners.EditPlantPageRestrictionTestRunner -->
    </test> <!-- Surefire test -->
  </suite> <!-- Surefire suite -->
</testng-results>
