-------------------------------------------------------------------------------
Test set: TestSuite
-------------------------------------------------------------------------------
Tests run: 20, Failures: 2, Errors: 0, Skipped: 0, Time elapsed: 267.7 s <<< FAILURE! -- in TestSuite
com.example.runners.SalesListSoldDateSortIndicatorTestRunner.runScenario["TC_UI_SALES_USER_07 - Verify Sold Date column shows descending sort indicator", "Sales List Sold Date Sort Indicator"](1) -- Time elapsed: 31.00 s <<< FAILURE!
java.lang.AssertionError: Sold Date column header should display a sort indicator expected [true] but found [false]
	at org.testng.Assert.fail(Assert.java:111)
	at org.testng.Assert.failNotEquals(Assert.java:1578)
	at org.testng.Assert.assertTrue(Assert.java:57)
	at com.example.ui.stepDefinitions.sales.SalesListSteps.theColumnHeaderShouldDisplayAVisualSortIndicator(SalesListSteps.java:666)
	at ✽.the "Sold Date" column header should display a visual sort indicator(file:///Users/rajithsingh/Desktop/ITQA/ITFac_Batch21_Group53/src/test/resources/features/ui/sales/sales_list_sold_date_sort_indicator.feature:21)

com.example.runners.ApiTestRunner.runScenario["User can filter plants by category via API", "Plants API"](7) -- Time elapsed: 0.313 s <<< FAILURE!
java.lang.AssertionError: Indoor filter should only return Indoor plants expected [Indoor] but found [Plants]
	at org.testng.Assert.fail(Assert.java:111)
	at org.testng.Assert.failNotEquals(Assert.java:1578)
	at org.testng.Assert.assertEqualsImpl(Assert.java:150)
	at org.testng.Assert.assertEquals(Assert.java:132)
	at org.testng.Assert.assertEquals(Assert.java:656)
	at com.example.api.stepDefinitions.PlantApiSteps.indoor_filter_should_return_only_indoor_plants(PlantApiSteps.java:261)
	at ✽.Indoor filter should return only Indoor plants(file:///Users/rajithsingh/Desktop/ITQA/ITFac_Batch21_Group53/src/test/resources/features/api/plants.feature:94)

