<?xml version="1.0" encoding="UTF-8"?>
<testng-results ignored="0" total="9" passed="8" failed="1" skipped="0">
  <reporter-output>
  </reporter-output>
  <suite started-at="2026-02-07T20:16:38 IST" name="Surefire suite" finished-at="2026-02-07T20:16:45 IST" duration-ms="7222">
    <groups>
      <group name="cucumber">
        <method signature="AbstractTestNGCucumberTests.runScenario(io.cucumber.testng.PickleWrapper,io.cucumber.testng.FeatureWrapper)[pri:0, instance:com.example.runners.ApiTestRunner@3c407114]" name="runScenario" class="io.cucumber.testng.AbstractTestNGCucumberTests"/>
      </group> <!-- cucumber -->
    </groups>
    <test started-at="2026-02-07T20:16:38 IST" name="Surefire test" finished-at="2026-02-07T20:16:45 IST" duration-ms="7222">
      <class name="com.example.runners.ApiTestRunner">
        <test-method is-config="true" signature="setUpClass(org.testng.ITestContext)[pri:0, instance:com.example.runners.ApiTestRunner@3c407114]" started-at="2026-02-07T20:16:38 IST" name="setUpClass" finished-at="2026-02-07T20:16:39 IST" duration-ms="905" status="PASS">
          <params>
            <param index="0">
              <value>
                <![CDATA[org.testng.TestRunner@198b6731]]>
              </value>
            </param>
          </params>
          <reporter-output>
          </reporter-output>
        </test-method> <!-- setUpClass -->
        <test-method signature="runScenario(io.cucumber.testng.PickleWrapper,io.cucumber.testng.FeatureWrapper)[pri:0, instance:com.example.runners.ApiTestRunner@3c407114]" started-at="2026-02-07T20:16:39 IST" name="runScenario" description="Runs Cucumber Scenarios" data-provider="scenarios" finished-at="2026-02-07T20:16:42 IST" duration-ms="3379" status="PASS">
          <params>
            <param index="0">
              <value>
                <![CDATA["User can access paginated plants with default parameters"]]>
              </value>
            </param>
            <param index="1">
              <value>
                <![CDATA["Plants API"]]>
              </value>
            </param>
          </params>
          <reporter-output>
          </reporter-output>
        </test-method> <!-- runScenario -->
        <test-method signature="runScenario(io.cucumber.testng.PickleWrapper,io.cucumber.testng.FeatureWrapper)[pri:0, instance:com.example.runners.ApiTestRunner@3c407114]" started-at="2026-02-07T20:16:42 IST" name="runScenario" description="Runs Cucumber Scenarios" data-provider="scenarios" finished-at="2026-02-07T20:16:43 IST" duration-ms="498" status="PASS">
          <params>
            <param index="0">
              <value>
                <![CDATA["User can control pagination parameters"]]>
              </value>
            </param>
            <param index="1">
              <value>
                <![CDATA["Plants API"]]>
              </value>
            </param>
          </params>
          <reporter-output>
          </reporter-output>
        </test-method> <!-- runScenario -->
        <test-method signature="runScenario(io.cucumber.testng.PickleWrapper,io.cucumber.testng.FeatureWrapper)[pri:0, instance:com.example.runners.ApiTestRunner@3c407114]" started-at="2026-02-07T20:16:43 IST" name="runScenario" description="Runs Cucumber Scenarios" data-provider="scenarios" finished-at="2026-02-07T20:16:43 IST" duration-ms="343" status="PASS">
          <params>
            <param index="0">
              <value>
                <![CDATA["User can sort plants by name via API"]]>
              </value>
            </param>
            <param index="1">
              <value>
                <![CDATA["Plants API"]]>
              </value>
            </param>
          </params>
          <reporter-output>
          </reporter-output>
        </test-method> <!-- runScenario -->
        <test-method signature="runScenario(io.cucumber.testng.PickleWrapper,io.cucumber.testng.FeatureWrapper)[pri:0, instance:com.example.runners.ApiTestRunner@3c407114]" started-at="2026-02-07T20:16:43 IST" name="runScenario" description="Runs Cucumber Scenarios" data-provider="scenarios" finished-at="2026-02-07T20:16:44 IST" duration-ms="330" status="PASS">
          <params>
            <param index="0">
              <value>
                <![CDATA["User can sort plants by price via API"]]>
              </value>
            </param>
            <param index="1">
              <value>
                <![CDATA["Plants API"]]>
              </value>
            </param>
          </params>
          <reporter-output>
          </reporter-output>
        </test-method> <!-- runScenario -->
        <test-method signature="runScenario(io.cucumber.testng.PickleWrapper,io.cucumber.testng.FeatureWrapper)[pri:0, instance:com.example.runners.ApiTestRunner@3c407114]" started-at="2026-02-07T20:16:44 IST" name="runScenario" description="Runs Cucumber Scenarios" data-provider="scenarios" finished-at="2026-02-07T20:16:44 IST" duration-ms="343" status="PASS">
          <params>
            <param index="0">
              <value>
                <![CDATA["User can sort plants by stock quantity via API"]]>
              </value>
            </param>
            <param index="1">
              <value>
                <![CDATA["Plants API"]]>
              </value>
            </param>
          </params>
          <reporter-output>
          </reporter-output>
        </test-method> <!-- runScenario -->
        <test-method signature="runScenario(io.cucumber.testng.PickleWrapper,io.cucumber.testng.FeatureWrapper)[pri:0, instance:com.example.runners.ApiTestRunner@3c407114]" started-at="2026-02-07T20:16:44 IST" name="runScenario" description="Runs Cucumber Scenarios" data-provider="scenarios" finished-at="2026-02-07T20:16:44 IST" duration-ms="296" status="PASS">
          <params>
            <param index="0">
              <value>
                <![CDATA["User can search plants by name via API"]]>
              </value>
            </param>
            <param index="1">
              <value>
                <![CDATA["Plants API"]]>
              </value>
            </param>
          </params>
          <reporter-output>
          </reporter-output>
        </test-method> <!-- runScenario -->
        <test-method signature="runScenario(io.cucumber.testng.PickleWrapper,io.cucumber.testng.FeatureWrapper)[pri:0, instance:com.example.runners.ApiTestRunner@3c407114]" started-at="2026-02-07T20:16:44 IST" name="runScenario" description="Runs Cucumber Scenarios" data-provider="scenarios" finished-at="2026-02-07T20:16:45 IST" duration-ms="329" status="FAIL">
          <params>
            <param index="0">
              <value>
                <![CDATA["User can filter plants by category via API"]]>
              </value>
            </param>
            <param index="1">
              <value>
                <![CDATA["Plants API"]]>
              </value>
            </param>
          </params>
          <exception class="java.lang.AssertionError">
            <message>
              <![CDATA[Indoor filter should only return Indoor plants expected [Indoor] but found [Plants]]]>
            </message>
            <full-stacktrace>
              <![CDATA[java.lang.AssertionError: Indoor filter should only return Indoor plants expected [Indoor] but found [Plants]
at org.testng.Assert.fail(Assert.java:111)
at org.testng.Assert.failNotEquals(Assert.java:1578)
at org.testng.Assert.assertEqualsImpl(Assert.java:150)
at org.testng.Assert.assertEquals(Assert.java:132)
at org.testng.Assert.assertEquals(Assert.java:656)
at com.example.api.stepDefinitions.PlantApiSteps.indoor_filter_should_return_only_indoor_plants(PlantApiSteps.java:261)
at ✽.Indoor filter should return only Indoor plants(file:///Users/rajithsingh/Desktop/ITQA/ITFac_Batch21_Group53/src/test/resources/features/api/plants.feature:94)
]]>
            </full-stacktrace>
          </exception> <!-- java.lang.AssertionError -->
          <reporter-output>
          </reporter-output>
        </test-method> <!-- runScenario -->
        <test-method signature="runScenario(io.cucumber.testng.PickleWrapper,io.cucumber.testng.FeatureWrapper)[pri:0, instance:com.example.runners.ApiTestRunner@3c407114]" started-at="2026-02-07T20:16:45 IST" name="runScenario" description="Runs Cucumber Scenarios" data-provider="scenarios" finished-at="2026-02-07T20:16:45 IST" duration-ms="245" status="PASS">
          <params>
            <param index="0">
              <value>
                <![CDATA["Admin can create a plant with valid data under a sub-category"]]>
              </value>
            </param>
            <param index="1">
              <value>
                <![CDATA["Plants API"]]>
              </value>
            </param>
          </params>
          <reporter-output>
          </reporter-output>
        </test-method> <!-- runScenario -->
        <test-method signature="runScenario(io.cucumber.testng.PickleWrapper,io.cucumber.testng.FeatureWrapper)[pri:0, instance:com.example.runners.ApiTestRunner@3c407114]" started-at="2026-02-07T20:16:45 IST" name="runScenario" description="Runs Cucumber Scenarios" data-provider="scenarios" finished-at="2026-02-07T20:16:45 IST" duration-ms="412" status="PASS">
          <params>
            <param index="0">
              <value>
                <![CDATA["API validates all required fields for plant creation"]]>
              </value>
            </param>
            <param index="1">
              <value>
                <![CDATA["Plants API"]]>
              </value>
            </param>
          </params>
          <reporter-output>
          </reporter-output>
        </test-method> <!-- runScenario -->
        <test-method is-config="true" signature="tearDownClass()[pri:0, instance:com.example.runners.ApiTestRunner@3c407114]" started-at="2026-02-07T20:16:45 IST" name="tearDownClass" finished-at="2026-02-07T20:16:45 IST" duration-ms="89" status="PASS">
          <reporter-output>
          </reporter-output>
        </test-method> <!-- tearDownClass -->
      </class> <!-- com.example.runners.ApiTestRunner -->
    </test> <!-- Surefire test -->
  </suite> <!-- Surefire suite -->
</testng-results>
