<?xml version="1.0" encoding="UTF-8"?>
<testsuite xmlns:xsi="http://www.w3.org/2001/XMLSchema-instance" xsi:noNamespaceSchemaLocation="https://maven.apache.org/surefire/maven-surefire-plugin/xsd/surefire-test-report-3.0.xsd" version="3.0" name="com.example.runners.ApiTestRunner" time="6.874" tests="8" errors="0" skipped="0" failures="1">
  <properties>
[...]
</properties>
  <testcase name="runScenario[&quot;User can access paginated plants with default parameters&quot;, &quot;Plants API&quot;](1)" classname="com.example.runners.ApiTestRunner" time="2.902">
    <system-out><![CDATA[
@api @TC_API_PLANTS_USER_06
Scenario: User can access paginated plants with default parameters # src/test/resources/features/api/plants.feature:9
=== Starting API Test: User can access paginated plants with default parameters ===
  Given user is authenticated                                      # com.example.api.stepDefinitions.AuthApiSteps.user_is_authenticated()
  When user requests paged plants with default parameters          # com.example.api.stepDefinitions.PlantApiSteps.user_requests_paged_plants_with_default_parameters()
  Then response status should be 200                               # com.example.api.stepDefinitions.PlantApiSteps.response_status_should_be(int)
  And response should contain content array                        # com.example.api.stepDefinitions.PlantApiSteps.response_should_contain_content_array()
  And totalElements should be at least 25                          # com.example.api.stepDefinitions.PlantApiSteps.totalElements_should_be_at_least(int)
  And totalPages should be greater than 0                          # com.example.api.stepDefinitions.PlantApiSteps.totalPages_should_be_greater_than(int)
  And response should contain pageable                             # com.example.api.stepDefinitions.PlantApiSteps.response_should_contain_pageable()
  And page number should be 0                                      # com.example.api.stepDefinitions.PlantApiSteps.page_number_should_be(int)
  And page size should be greater than 0                           # com.example.api.stepDefinitions.PlantApiSteps.page_size_should_be_greater_than(int)
=== Finished API Test: User can access paginated plants with default parameters ===

]]></system-out>
    <system-err><![CDATA[Feb 07, 2026 7:51:05 PM io.cucumber.core.options.CucumberPropertiesParser lambda$warnWhenCucumberOptionsIsUsed$2
WARNING: Passing commandline options via the property 'cucumber.options' is no longer supported. Please use individual properties instead. See the java doc on io.cucumber.core.options.Constants for details.
]]></system-err>
  </testcase>
  <testcase name="runScenario[&quot;User can control pagination parameters&quot;, &quot;Plants API&quot;](2)" classname="com.example.runners.ApiTestRunner" time="0.429">
    <system-out><![CDATA[
@api @TC_API_PLANTS_USER_07
Scenario: User can control pagination parameters          # src/test/resources/features/api/plants.feature:21
=== Starting API Test: User can control pagination parameters ===
  Given user is authenticated                             # com.example.api.stepDefinitions.AuthApiSteps.user_is_authenticated()
  When user requests paged plants with page 1 and size 10 # com.example.api.stepDefinitions.PlantApiSteps.user_requests_paged_plants_with_page_and_size(int,int)
  Then response status should be 200                      # com.example.api.stepDefinitions.PlantApiSteps.response_status_should_be(int)
  And response should contain content array               # com.example.api.stepDefinitions.PlantApiSteps.response_should_contain_content_array()
  And content size should be at most 10                   # com.example.api.stepDefinitions.PlantApiSteps.content_size_should_be_at_most(int)
  And page number should be 1                             # com.example.api.stepDefinitions.PlantApiSteps.page_number_should_be(int)
  And page size should be 10                              # com.example.api.stepDefinitions.PlantApiSteps.page_size_should_be(int)
  When user requests paged plants with page 2 and size 5  # com.example.api.stepDefinitions.PlantApiSteps.user_requests_paged_plants_with_page_and_size(int,int)
  Then response status should be 200                      # com.example.api.stepDefinitions.PlantApiSteps.response_status_should_be(int)
  And content size should be at most 5                    # com.example.api.stepDefinitions.PlantApiSteps.content_size_should_be_at_most(int)
  And page number should be 2                             # com.example.api.stepDefinitions.PlantApiSteps.page_number_should_be(int)
  And page size should be 5                               # com.example.api.stepDefinitions.PlantApiSteps.page_size_should_be(int)
  And totalElements should match between both requests    # com.example.api.stepDefinitions.PlantApiSteps.totalElements_should_match_between_both_requests()
=== Finished API Test: User can control pagination parameters ===

]]></system-out>
  </testcase>
  <testcase name="runScenario[&quot;User can sort plants by name via API&quot;, &quot;Plants API&quot;](3)" classname="com.example.runners.ApiTestRunner" time="0.514">
    <system-out><![CDATA[
@api @TC_API_PLANTS_USER_08
Scenario: User can sort plants by name via API                       # src/test/resources/features/api/plants.feature:38
=== Starting API Test: User can sort plants by name via API ===
  Given user is authenticated                                        # com.example.api.stepDefinitions.AuthApiSteps.user_is_authenticated()
  When user requests paged plants sorted by name ascending           # com.example.api.stepDefinitions.PlantApiSteps.user_requests_paged_plants_sorted_by_name_ascending()
  Then response status should be 200                                 # com.example.api.stepDefinitions.PlantApiSteps.response_status_should_be(int)
  And response should contain content array                          # com.example.api.stepDefinitions.PlantApiSteps.response_should_contain_content_array()
  When user requests paged plants sorted by name descending          # com.example.api.stepDefinitions.PlantApiSteps.user_requests_paged_plants_sorted_by_name_descending()
  Then response status should be 200                                 # com.example.api.stepDefinitions.PlantApiSteps.response_status_should_be(int)
  And response should contain content array                          # com.example.api.stepDefinitions.PlantApiSteps.response_should_contain_content_array()
  And first item in ascending should differ from first in descending # com.example.api.stepDefinitions.PlantApiSteps.first_item_ascending_differ_from_descending()
=== Finished API Test: User can sort plants by name via API ===

]]></system-out>
  </testcase>
  <testcase name="runScenario[&quot;User can sort plants by price via API&quot;, &quot;Plants API&quot;](4)" classname="com.example.runners.ApiTestRunner" time="0.521">
    <system-out><![CDATA[
@api @TC_API_PLANTS_USER_09
Scenario: User can sort plants by price via API                               # src/test/resources/features/api/plants.feature:50
=== Starting API Test: User can sort plants by price via API ===
  Given user is authenticated                                                 # com.example.api.stepDefinitions.AuthApiSteps.user_is_authenticated()
  When user requests paged plants sorted by price ascending                   # com.example.api.stepDefinitions.PlantApiSteps.user_requests_paged_plants_sorted_by_price_ascending()
  Then response status should be 200                                          # com.example.api.stepDefinitions.PlantApiSteps.response_status_should_be(int)
  And content should be ordered by price ascending                            # com.example.api.stepDefinitions.PlantApiSteps.content_should_be_ordered_by_price_ascending()
  When user requests paged plants sorted by price descending                  # com.example.api.stepDefinitions.PlantApiSteps.user_requests_paged_plants_sorted_by_price_descending()
  Then response status should be 200                                          # com.example.api.stepDefinitions.PlantApiSteps.response_status_should_be(int)
  And content should be ordered by price descending                           # com.example.api.stepDefinitions.PlantApiSteps.content_should_be_ordered_by_price_descending()
  And first ascending price should be less or equal to first descending price # com.example.api.stepDefinitions.PlantApiSteps.first_ascending_price_le_first_descending()
=== Finished API Test: User can sort plants by price via API ===

]]></system-out>
  </testcase>
  <testcase name="runScenario[&quot;User can sort plants by stock quantity via API&quot;, &quot;Plants API&quot;](5)" classname="com.example.runners.ApiTestRunner" time="0.321">
    <system-out><![CDATA[
@api @TC_API_PLANTS_USER_10
Scenario: User can sort plants by stock quantity via API                            # src/test/resources/features/api/plants.feature:62
=== Starting API Test: User can sort plants by stock quantity via API ===
  Given user is authenticated                                                       # com.example.api.stepDefinitions.AuthApiSteps.user_is_authenticated()
  When user requests paged plants sorted by quantity ascending                      # com.example.api.stepDefinitions.PlantApiSteps.user_requests_paged_plants_sorted_by_quantity_ascending()
  Then response status should be 200                                                # com.example.api.stepDefinitions.PlantApiSteps.response_status_should_be(int)
  And content should be ordered by quantity ascending                               # com.example.api.stepDefinitions.PlantApiSteps.content_should_be_ordered_by_quantity_ascending()
  When user requests paged plants sorted by quantity descending                     # com.example.api.stepDefinitions.PlantApiSteps.user_requests_paged_plants_sorted_by_quantity_descending()
  Then response status should be 200                                                # com.example.api.stepDefinitions.PlantApiSteps.response_status_should_be(int)
  And content should be ordered by quantity descending                              # com.example.api.stepDefinitions.PlantApiSteps.content_should_be_ordered_by_quantity_descending()
  And first ascending quantity should be less or equal to first descending quantity # com.example.api.stepDefinitions.PlantApiSteps.first_ascending_quantity_le_first_descending()
=== Finished API Test: User can sort plants by stock quantity via API ===

]]></system-out>
  </testcase>
  <testcase name="runScenario[&quot;User can search plants by name via API&quot;, &quot;Plants API&quot;](6)" classname="com.example.runners.ApiTestRunner" time="0.285">
    <system-out><![CDATA[
@api @TC_API_PLANTS_USER_11
Scenario: User can search plants by name via API     # src/test/resources/features/api/plants.feature:74
=== Starting API Test: User can search plants by name via API ===
  Given user is authenticated                        # com.example.api.stepDefinitions.AuthApiSteps.user_is_authenticated()
  When user searches plants by name "monstera"       # com.example.api.stepDefinitions.PlantApiSteps.user_searches_plants_by_name(java.lang.String)
  Then response status should be 200                 # com.example.api.stepDefinitions.PlantApiSteps.response_status_should_be(int)
  And response should contain content array          # com.example.api.stepDefinitions.PlantApiSteps.response_should_contain_content_array()
  And all content names should contain "monstera"    # com.example.api.stepDefinitions.PlantApiSteps.all_content_names_should_contain(java.lang.String)
  When user searches plants by name "xyznonexistent" # com.example.api.stepDefinitions.PlantApiSteps.user_searches_plants_by_name(java.lang.String)
  Then response status should be 200                 # com.example.api.stepDefinitions.PlantApiSteps.response_status_should_be(int)
  And totalElements should be 0                      # com.example.api.stepDefinitions.PlantApiSteps.totalElements_should_be(int)
=== Finished API Test: User can search plants by name via API ===

]]></system-out>
  </testcase>
  <testcase name="runScenario[&quot;User can filter plants by category via API&quot;, &quot;Plants API&quot;](7)" classname="com.example.runners.ApiTestRunner" time="0.372">
    <failure message="Indoor filter should only return Indoor plants expected [Indoor] but found [Plants]" type="java.lang.AssertionError"><![CDATA[java.lang.AssertionError: Indoor filter should only return Indoor plants expected [Indoor] but found [Plants]
	at org.testng.Assert.fail(Assert.java:111)
	at org.testng.Assert.failNotEquals(Assert.java:1578)
	at org.testng.Assert.assertEqualsImpl(Assert.java:150)
	at org.testng.Assert.assertEquals(Assert.java:132)
	at org.testng.Assert.assertEquals(Assert.java:656)
	at com.example.api.stepDefinitions.PlantApiSteps.indoor_filter_should_return_only_indoor_plants(PlantApiSteps.java:261)
	at ✽.Indoor filter should return only Indoor plants(file:///Users/rajithsingh/Desktop/ITQA/ITFac_Batch21_Group53/src/test/resources/features/api/plants.feature:94)
]]></failure>
    <system-out><![CDATA[
@api @TC_API_PLANTS_USER_12
Scenario: User can filter plants by category via API    # src/test/resources/features/api/plants.feature:86
=== Starting API Test: User can filter plants by category via API ===
  Given user is authenticated                           # com.example.api.stepDefinitions.AuthApiSteps.user_is_authenticated()
  When user filters plants by category "Indoor"         # com.example.api.stepDefinitions.PlantApiSteps.user_filters_plants_by_category(java.lang.String)
  Then response status should be 200                    # com.example.api.stepDefinitions.PlantApiSteps.response_status_should_be(int)
  And response should contain content and totalElements # com.example.api.stepDefinitions.PlantApiSteps.response_should_contain_content_and_totalElements()
  When user filters plants by category "Outdoor"        # com.example.api.stepDefinitions.PlantApiSteps.user_filters_plants_by_category(java.lang.String)
  Then response status should be 200                    # com.example.api.stepDefinitions.PlantApiSteps.response_status_should_be(int)
  And response should contain content and totalElements # com.example.api.stepDefinitions.PlantApiSteps.response_should_contain_content_and_totalElements()
  And Indoor filter should return only Indoor plants    # com.example.api.stepDefinitions.PlantApiSteps.indoor_filter_should_return_only_indoor_plants()
      java.lang.AssertionError: Indoor filter should only return Indoor plants expected [Indoor] but found [Plants]
	at org.testng.Assert.fail(Assert.java:111)
	at org.testng.Assert.failNotEquals(Assert.java:1578)
	at org.testng.Assert.assertEqualsImpl(Assert.java:150)
	at org.testng.Assert.assertEquals(Assert.java:132)
	at org.testng.Assert.assertEquals(Assert.java:656)
	at com.example.api.stepDefinitions.PlantApiSteps.indoor_filter_should_return_only_indoor_plants(PlantApiSteps.java:261)
	at ✽.Indoor filter should return only Indoor plants(file:///Users/rajithsingh/Desktop/ITQA/ITFac_Batch21_Group53/src/test/resources/features/api/plants.feature:94)

  And Outdoor filter should return only Outdoor plants  # com.example.api.stepDefinitions.PlantApiSteps.outdoor_filter_should_return_only_outdoor_plants()
=== Finished API Test: User can filter plants by category via API ===

]]></system-out>
  </testcase>
  <testcase name="runScenario[&quot;Admin can create a plant with valid data under a sub-category&quot;, &quot;Plants API&quot;](8)" classname="com.example.runners.ApiTestRunner" time="0.224">
    <system-out><![CDATA[
@api @TC_API_PLANTS_ADM_01
Scenario: Admin can create a plant with valid data under a sub-category               # src/test/resources/features/api/plants.feature:99
=== Starting API Test: Admin can create a plant with valid data under a sub-category ===
  Given admin is authenticated                                                        # com.example.api.stepDefinitions.AuthApiSteps.admin_is_authenticated()
  When admin creates a plant with name "ABC Plant" price 150.0 quantity 25 category 8 # com.example.api.stepDefinitions.PlantApiSteps.admin_creates_plant(java.lang.String,double,int,int)
  Then create response status should be 201 or backend unavailable                    # com.example.api.stepDefinitions.PlantApiSteps.create_response_status_201_or_backend_unavailable()
  And if created response should have id name price quantity category id 8            # com.example.api.stepDefinitions.PlantApiSteps.if_created_response_should_have_structure(int)
=== Finished API Test: Admin can create a plant with valid data under a sub-category ===

]]></system-out>
  </testcase>
</testsuite>