<?xml version="1.0" encoding="UTF-8"?>
<testng-results ignored="0" total="24" passed="20" failed="4" skipped="0">
  <reporter-output>
  </reporter-output>
  <suite started-at="2026-02-07T21:28:51 IST" name="Sales Sorting Test Suite" finished-at="2026-02-07T21:33:11 IST" duration-ms="259467">
    <groups>
      <group name="cucumber">
        <method signature="AbstractTestNGCucumberTests.runScenario(io.cucumber.testng.PickleWrapper,io.cucumber.testng.FeatureWrapper)[pri:0, instance:com.example.runners.UiTestRunner@689604d9]" name="runScenario" class="io.cucumber.testng.AbstractTestNGCucumberTests"/>
        <method signature="AbstractTestNGCucumberTests.runScenario(io.cucumber.testng.PickleWrapper,io.cucumber.testng.FeatureWrapper)[pri:0, instance:com.example.runners.UiTestRunner@6c6cb480]" name="runScenario" class="io.cucumber.testng.AbstractTestNGCucumberTests"/>
        <method signature="AbstractTestNGCucumberTests.runScenario(io.cucumber.testng.PickleWrapper,io.cucumber.testng.FeatureWrapper)[pri:0, instance:com.example.runners.UiTestRunner@c730b35]" name="runScenario" class="io.cucumber.testng.AbstractTestNGCucumberTests"/>
        <method signature="AbstractTestNGCucumberTests.runScenario(io.cucumber.testng.PickleWrapper,io.cucumber.testng.FeatureWrapper)[pri:0, instance:com.example.runners.UiTestRunner@22555ebf]" name="runScenario" class="io.cucumber.testng.AbstractTestNGCucumberTests"/>
        <method signature="AbstractTestNGCucumberTests.runScenario(io.cucumber.testng.PickleWrapper,io.cucumber.testng.FeatureWrapper)[pri:0, instance:com.example.runners.UiTestRunner@34e9fd99]" name="runScenario" class="io.cucumber.testng.AbstractTestNGCucumberTests"/>
        <method signature="AbstractTestNGCucumberTests.runScenario(io.cucumber.testng.PickleWrapper,io.cucumber.testng.FeatureWrapper)[pri:0, instance:com.example.runners.SalesListDateSortingTestRunner@43bc63a3]" name="runScenario" class="io.cucumber.testng.AbstractTestNGCucumberTests"/>
        <method signature="AbstractTestNGCucumberTests.runScenario(io.cucumber.testng.PickleWrapper,io.cucumber.testng.FeatureWrapper)[pri:0, instance:com.example.runners.SalesListSoldDateSortIndicatorTestRunner@6025e1b6]" name="runScenario" class="io.cucumber.testng.AbstractTestNGCucumberTests"/>
        <method signature="AbstractTestNGCucumberTests.runScenario(io.cucumber.testng.PickleWrapper,io.cucumber.testng.FeatureWrapper)[pri:0, instance:com.example.runners.SalesListTotalPriceSortingUserTestRunner@327514f]" name="runScenario" class="io.cucumber.testng.AbstractTestNGCucumberTests"/>
        <method signature="AbstractTestNGCucumberTests.runScenario(io.cucumber.testng.PickleWrapper,io.cucumber.testng.FeatureWrapper)[pri:0, instance:com.example.runners.AdminOnlyPageRestrictionTestRunner@7586beff]" name="runScenario" class="io.cucumber.testng.AbstractTestNGCucumberTests"/>
        <method signature="AbstractTestNGCucumberTests.runScenario(io.cucumber.testng.PickleWrapper,io.cucumber.testng.FeatureWrapper)[pri:0, instance:com.example.runners.EditPlantPageRestrictionTestRunner@1573f9fc]" name="runScenario" class="io.cucumber.testng.AbstractTestNGCucumberTests"/>
        <method signature="AbstractTestNGCucumberTests.runScenario(io.cucumber.testng.PickleWrapper,io.cucumber.testng.FeatureWrapper)[pri:0, instance:com.example.runners.ApiTestRunner@dd05255]" name="runScenario" class="io.cucumber.testng.AbstractTestNGCucumberTests"/>
      </group> <!-- cucumber -->
    </groups>
    <test started-at="2026-02-07T21:28:51 IST" name="Sales Sorting Tests" finished-at="2026-02-07T21:29:34 IST" duration-ms="42490">
      <class name="com.example.runners.UiTestRunner">
        <test-method is-config="true" signature="setUpClass(org.testng.ITestContext)[pri:0, instance:com.example.runners.UiTestRunner@689604d9]" started-at="2026-02-07T21:28:51 IST" name="setUpClass" finished-at="2026-02-07T21:28:52 IST" duration-ms="366" status="PASS">
          <params>
            <param index="0">
              <value>
                <![CDATA[org.testng.TestRunner@4a668b6e]]>
              </value>
            </param>
          </params>
          <reporter-output>
          </reporter-output>
        </test-method> <!-- setUpClass -->
        <test-method signature="runScenario(io.cucumber.testng.PickleWrapper,io.cucumber.testng.FeatureWrapper)[pri:0, instance:com.example.runners.UiTestRunner@689604d9]" started-at="2026-02-07T21:28:52 IST" name="runScenario" description="Runs Cucumber Scenarios" data-provider="scenarios" finished-at="2026-02-07T21:29:13 IST" duration-ms="20683" status="PASS">
          <params>
            <param index="0">
              <value>
                <![CDATA["TC_UI_SAL_12 - Verify sorting by Quantity column"]]>
              </value>
            </param>
            <param index="1">
              <value>
                <![CDATA["Sales List Quantity Sorting Functionality"]]>
              </value>
            </param>
          </params>
          <reporter-output>
          </reporter-output>
        </test-method> <!-- runScenario -->
        <test-method signature="runScenario(io.cucumber.testng.PickleWrapper,io.cucumber.testng.FeatureWrapper)[pri:0, instance:com.example.runners.UiTestRunner@689604d9]" started-at="2026-02-07T21:29:13 IST" name="runScenario" description="Runs Cucumber Scenarios" data-provider="scenarios" finished-at="2026-02-07T21:29:22 IST" duration-ms="9636" status="PASS">
          <params>
            <param index="0">
              <value>
                <![CDATA["TC_UI_SAL_11 - Verify sorting by Plant Name column"]]>
              </value>
            </param>
            <param index="1">
              <value>
                <![CDATA["Sales List Sorting Functionality"]]>
              </value>
            </param>
          </params>
          <reporter-output>
          </reporter-output>
        </test-method> <!-- runScenario -->
        <test-method signature="runScenario(io.cucumber.testng.PickleWrapper,io.cucumber.testng.FeatureWrapper)[pri:0, instance:com.example.runners.UiTestRunner@689604d9]" started-at="2026-02-07T21:29:22 IST" name="runScenario" description="Runs Cucumber Scenarios" data-provider="scenarios" finished-at="2026-02-07T21:29:34 IST" duration-ms="11742" status="PASS">
          <params>
            <param index="0">
              <value>
                <![CDATA["TC_UI_SAL_13 - Verify sorting by Total Price column"]]>
              </value>
            </param>
            <param index="1">
              <value>
                <![CDATA["Sales List Total Price Sorting Functionality"]]>
              </value>
            </param>
          </params>
          <reporter-output>
          </reporter-output>
        </test-method> <!-- runScenario -->
        <test-method is-config="true" signature="tearDownClass()[pri:0, instance:com.example.runners.UiTestRunner@689604d9]" started-at="2026-02-07T21:29:34 IST" name="tearDownClass" finished-at="2026-02-07T21:29:34 IST" duration-ms="44" status="PASS">
          <reporter-output>
          </reporter-output>
        </test-method> <!-- tearDownClass -->
      </class> <!-- com.example.runners.UiTestRunner -->
    </test> <!-- Sales Sorting Tests -->
    <test started-at="2026-02-07T21:29:34 IST" name="Sell Plant Navigation Test" finished-at="2026-02-07T21:29:47 IST" duration-ms="12724">
      <class name="com.example.runners.UiTestRunner">
        <test-method is-config="true" signature="setUpClass(org.testng.ITestContext)[pri:0, instance:com.example.runners.UiTestRunner@6c6cb480]" started-at="2026-02-07T21:29:34 IST" name="setUpClass" finished-at="2026-02-07T21:29:34 IST" duration-ms="37" status="PASS">
          <params>
            <param index="0">
              <value>
                <![CDATA[org.testng.TestRunner@5f683daf]]>
              </value>
            </param>
          </params>
          <reporter-output>
          </reporter-output>
        </test-method> <!-- setUpClass -->
        <test-method signature="runScenario(io.cucumber.testng.PickleWrapper,io.cucumber.testng.FeatureWrapper)[pri:0, instance:com.example.runners.UiTestRunner@6c6cb480]" started-at="2026-02-07T21:29:34 IST" name="runScenario" description="Runs Cucumber Scenarios" data-provider="scenarios" finished-at="2026-02-07T21:29:47 IST" duration-ms="12662" status="PASS">
          <params>
            <param index="0">
              <value>
                <![CDATA["TC_UI_SAL_14 - Verify "Sell Plant" button navigation"]]>
              </value>
            </param>
            <param index="1">
              <value>
                <![CDATA["Sales Navigation Functionality"]]>
              </value>
            </param>
          </params>
          <reporter-output>
          </reporter-output>
        </test-method> <!-- runScenario -->
        <test-method is-config="true" signature="tearDownClass()[pri:0, instance:com.example.runners.UiTestRunner@6c6cb480]" started-at="2026-02-07T21:29:47 IST" name="tearDownClass" finished-at="2026-02-07T21:29:47 IST" duration-ms="21" status="PASS">
          <reporter-output>
          </reporter-output>
        </test-method> <!-- tearDownClass -->
      </class> <!-- com.example.runners.UiTestRunner -->
    </test> <!-- Sell Plant Navigation Test -->
    <test started-at="2026-02-07T21:29:47 IST" name="Sell Plant Validation Test" finished-at="2026-02-07T21:30:02 IST" duration-ms="15425">
      <class name="com.example.runners.UiTestRunner">
        <test-method is-config="true" signature="setUpClass(org.testng.ITestContext)[pri:0, instance:com.example.runners.UiTestRunner@c730b35]" started-at="2026-02-07T21:29:47 IST" name="setUpClass" finished-at="2026-02-07T21:29:47 IST" duration-ms="33" status="PASS">
          <params>
            <param index="0">
              <value>
                <![CDATA[org.testng.TestRunner@78ffe6dc]]>
              </value>
            </param>
          </params>
          <reporter-output>
          </reporter-output>
        </test-method> <!-- setUpClass -->
        <test-method signature="runScenario(io.cucumber.testng.PickleWrapper,io.cucumber.testng.FeatureWrapper)[pri:0, instance:com.example.runners.UiTestRunner@c730b35]" started-at="2026-02-07T21:29:47 IST" name="runScenario" description="Runs Cucumber Scenarios" data-provider="scenarios" finished-at="2026-02-07T21:30:02 IST" duration-ms="15371" status="PASS">
          <params>
            <param index="0">
              <value>
                <![CDATA["TC_UI_SAL_15 - Verify error when Plant not selected"]]>
              </value>
            </param>
            <param index="1">
              <value>
                <![CDATA["Sales Navigation Functionality"]]>
              </value>
            </param>
          </params>
          <reporter-output>
          </reporter-output>
        </test-method> <!-- runScenario -->
        <test-method is-config="true" signature="tearDownClass()[pri:0, instance:com.example.runners.UiTestRunner@c730b35]" started-at="2026-02-07T21:30:02 IST" name="tearDownClass" finished-at="2026-02-07T21:30:02 IST" duration-ms="20" status="PASS">
          <reporter-output>
          </reporter-output>
        </test-method> <!-- tearDownClass -->
      </class> <!-- com.example.runners.UiTestRunner -->
    </test> <!-- Sell Plant Validation Test -->
    <test started-at="2026-02-07T21:30:02 IST" name="Multi-tab Stock Update Test" finished-at="2026-02-07T21:30:47 IST" duration-ms="44930">
      <class name="com.example.runners.UiTestRunner">
        <test-method is-config="true" signature="setUpClass(org.testng.ITestContext)[pri:0, instance:com.example.runners.UiTestRunner@22555ebf]" started-at="2026-02-07T21:30:02 IST" name="setUpClass" finished-at="2026-02-07T21:30:02 IST" duration-ms="23" status="PASS">
          <params>
            <param index="0">
              <value>
                <![CDATA[org.testng.TestRunner@8317c52]]>
              </value>
            </param>
          </params>
          <reporter-output>
          </reporter-output>
        </test-method> <!-- setUpClass -->
        <test-method signature="runScenario(io.cucumber.testng.PickleWrapper,io.cucumber.testng.FeatureWrapper)[pri:0, instance:com.example.runners.UiTestRunner@22555ebf]" started-at="2026-02-07T21:30:02 IST" name="runScenario" description="Runs Cucumber Scenarios" data-provider="scenarios" finished-at="2026-02-07T21:30:47 IST" duration-ms="44853" status="PASS">
          <params>
            <param index="0">
              <value>
                <![CDATA["TC_UI_SAL_16 - Verify dropdown updates after sales (if multiple tabs/windows)"]]>
              </value>
            </param>
            <param index="1">
              <value>
                <![CDATA["Sales Navigation Functionality"]]>
              </value>
            </param>
          </params>
          <reporter-output>
          </reporter-output>
        </test-method> <!-- runScenario -->
        <test-method is-config="true" signature="tearDownClass()[pri:0, instance:com.example.runners.UiTestRunner@22555ebf]" started-at="2026-02-07T21:30:47 IST" name="tearDownClass" finished-at="2026-02-07T21:30:47 IST" duration-ms="52" status="PASS">
          <reporter-output>
          </reporter-output>
        </test-method> <!-- tearDownClass -->
      </class> <!-- com.example.runners.UiTestRunner -->
    </test> <!-- Multi-tab Stock Update Test -->
    <test started-at="2026-02-07T21:30:47 IST" name="Form Retention Test" finished-at="2026-02-07T21:31:22 IST" duration-ms="34372">
      <class name="com.example.runners.UiTestRunner">
        <test-method is-config="true" signature="setUpClass(org.testng.ITestContext)[pri:0, instance:com.example.runners.UiTestRunner@34e9fd99]" started-at="2026-02-07T21:30:47 IST" name="setUpClass" finished-at="2026-02-07T21:30:47 IST" duration-ms="28" status="PASS">
          <params>
            <param index="0">
              <value>
                <![CDATA[org.testng.TestRunner@76f2bbc1]]>
              </value>
            </param>
          </params>
          <reporter-output>
          </reporter-output>
        </test-method> <!-- setUpClass -->
        <test-method signature="runScenario(io.cucumber.testng.PickleWrapper,io.cucumber.testng.FeatureWrapper)[pri:0, instance:com.example.runners.UiTestRunner@34e9fd99]" started-at="2026-02-07T21:30:47 IST" name="runScenario" description="Runs Cucumber Scenarios" data-provider="scenarios" finished-at="2026-02-07T21:31:22 IST" duration-ms="34326" status="PASS">
          <params>
            <param index="0">
              <value>
                <![CDATA["TC_UI_SAL_17 - Verify form retains data after validation error"]]>
              </value>
            </param>
            <param index="1">
              <value>
                <![CDATA["Sales Navigation Functionality"]]>
              </value>
            </param>
          </params>
          <reporter-output>
          </reporter-output>
        </test-method> <!-- runScenario -->
        <test-method is-config="true" signature="tearDownClass()[pri:0, instance:com.example.runners.UiTestRunner@34e9fd99]" started-at="2026-02-07T21:31:22 IST" name="tearDownClass" finished-at="2026-02-07T21:31:22 IST" duration-ms="17" status="PASS">
          <reporter-output>
          </reporter-output>
        </test-method> <!-- tearDownClass -->
      </class> <!-- com.example.runners.UiTestRunner -->
    </test> <!-- Form Retention Test -->
    <test started-at="2026-02-07T21:31:22 IST" name="Sales List Date Sorting Test" finished-at="2026-02-07T21:31:33 IST" duration-ms="11794">
      <class name="com.example.runners.SalesListDateSortingTestRunner">
        <test-method is-config="true" signature="setUpClass(org.testng.ITestContext)[pri:0, instance:com.example.runners.SalesListDateSortingTestRunner@43bc63a3]" started-at="2026-02-07T21:31:22 IST" name="setUpClass" finished-at="2026-02-07T21:31:22 IST" duration-ms="10" status="PASS">
          <params>
            <param index="0">
              <value>
                <![CDATA[org.testng.TestRunner@68e965f5]]>
              </value>
            </param>
          </params>
          <reporter-output>
          </reporter-output>
        </test-method> <!-- setUpClass -->
        <test-method signature="runScenario(io.cucumber.testng.PickleWrapper,io.cucumber.testng.FeatureWrapper)[pri:0, instance:com.example.runners.SalesListDateSortingTestRunner@43bc63a3]" started-at="2026-02-07T21:31:22 IST" name="runScenario" description="Runs Cucumber Scenarios" data-provider="scenarios" finished-at="2026-02-07T21:31:33 IST" duration-ms="11771" status="PASS">
          <params>
            <param index="0">
              <value>
                <![CDATA["TC_UI_SALES_USER_06 - Verify sales data defaults to newest-first order"]]>
              </value>
            </param>
            <param index="1">
              <value>
                <![CDATA["Sales List Default Date Sorting"]]>
              </value>
            </param>
          </params>
          <reporter-output>
          </reporter-output>
        </test-method> <!-- runScenario -->
        <test-method is-config="true" signature="tearDownClass()[pri:0, instance:com.example.runners.SalesListDateSortingTestRunner@43bc63a3]" started-at="2026-02-07T21:31:33 IST" name="tearDownClass" finished-at="2026-02-07T21:31:33 IST" duration-ms="13" status="PASS">
          <reporter-output>
          </reporter-output>
        </test-method> <!-- tearDownClass -->
      </class> <!-- com.example.runners.SalesListDateSortingTestRunner -->
    </test> <!-- Sales List Date Sorting Test -->
    <test started-at="2026-02-07T21:31:33 IST" name="Sales List Sold Date Sort Indicator Test" finished-at="2026-02-07T21:32:04 IST" duration-ms="30532">
      <class name="com.example.runners.SalesListSoldDateSortIndicatorTestRunner">
        <test-method is-config="true" signature="setUpClass(org.testng.ITestContext)[pri:0, instance:com.example.runners.SalesListSoldDateSortIndicatorTestRunner@6025e1b6]" started-at="2026-02-07T21:31:33 IST" name="setUpClass" finished-at="2026-02-07T21:31:33 IST" duration-ms="6" status="PASS">
          <params>
            <param index="0">
              <value>
                <![CDATA[org.testng.TestRunner@6f27a732]]>
              </value>
            </param>
          </params>
          <reporter-output>
          </reporter-output>
        </test-method> <!-- setUpClass -->
        <test-method signature="runScenario(io.cucumber.testng.PickleWrapper,io.cucumber.testng.FeatureWrapper)[pri:0, instance:com.example.runners.SalesListSoldDateSortIndicatorTestRunner@6025e1b6]" started-at="2026-02-07T21:31:33 IST" name="runScenario" description="Runs Cucumber Scenarios" data-provider="scenarios" finished-at="2026-02-07T21:32:04 IST" duration-ms="30508" status="FAIL">
          <params>
            <param index="0">
              <value>
                <![CDATA["TC_UI_SALES_USER_07 - Verify Sold Date column shows descending sort indicator"]]>
              </value>
            </param>
            <param index="1">
              <value>
                <![CDATA["Sales List Sold Date Sort Indicator"]]>
              </value>
            </param>
          </params>
          <exception class="java.lang.AssertionError">
            <message>
              <![CDATA[Sold Date column header should display a sort indicator expected [true] but found [false]]]>
            </message>
            <full-stacktrace>
              <![CDATA[java.lang.AssertionError: Sold Date column header should display a sort indicator expected [true] but found [false]
at org.testng.Assert.fail(Assert.java:111)
at org.testng.Assert.failNotEquals(Assert.java:1578)
at org.testng.Assert.assertTrue(Assert.java:57)
at com.example.ui.stepDefinitions.sales.SalesListSteps.theColumnHeaderShouldDisplayAVisualSortIndicator(SalesListSteps.java:666)
at ✽.the "Sold Date" column header should display a visual sort indicator(file:///Users/rajithsingh/Desktop/ITQA/ITFac_Batch21_Group53/src/test/resources/features/ui/sales/sales_list_sold_date_sort_indicator.feature:21)
]]>
            </full-stacktrace>
          </exception> <!-- java.lang.AssertionError -->
          <reporter-output>
          </reporter-output>
        </test-method> <!-- runScenario -->
        <test-method is-config="true" signature="tearDownClass()[pri:0, instance:com.example.runners.SalesListSoldDateSortIndicatorTestRunner@6025e1b6]" started-at="2026-02-07T21:32:04 IST" name="tearDownClass" finished-at="2026-02-07T21:32:04 IST" duration-ms="14" status="PASS">
          <reporter-output>
          </reporter-output>
        </test-method> <!-- tearDownClass -->
      </class> <!-- com.example.runners.SalesListSoldDateSortIndicatorTestRunner -->
    </test> <!-- Sales List Sold Date Sort Indicator Test -->
    <test started-at="2026-02-07T21:32:04 IST" name="Sales List Total Price Sorting User Test" finished-at="2026-02-07T21:32:18 IST" duration-ms="14409">
      <class name="com.example.runners.SalesListTotalPriceSortingUserTestRunner">
        <test-method is-config="true" signature="setUpClass(org.testng.ITestContext)[pri:0, instance:com.example.runners.SalesListTotalPriceSortingUserTestRunner@327514f]" started-at="2026-02-07T21:32:04 IST" name="setUpClass" finished-at="2026-02-07T21:32:04 IST" duration-ms="16" status="PASS">
          <params>
            <param index="0">
              <value>
                <![CDATA[org.testng.TestRunner@6c779568]]>
              </value>
            </param>
          </params>
          <reporter-output>
          </reporter-output>
        </test-method> <!-- setUpClass -->
        <test-method signature="runScenario(io.cucumber.testng.PickleWrapper,io.cucumber.testng.FeatureWrapper)[pri:0, instance:com.example.runners.SalesListTotalPriceSortingUserTestRunner@327514f]" started-at="2026-02-07T21:32:04 IST" name="runScenario" description="Runs Cucumber Scenarios" data-provider="scenarios" finished-at="2026-02-07T21:32:18 IST" duration-ms="14378" status="PASS">
          <params>
            <param index="0">
              <value>
                <![CDATA["TC_UI_SALES_USER_08 - Verify User can sort sales by Total Price"]]>
              </value>
            </param>
            <param index="1">
              <value>
                <![CDATA["Sales List Total Price Sorting for Regular User"]]>
              </value>
            </param>
          </params>
          <reporter-output>
          </reporter-output>
        </test-method> <!-- runScenario -->
        <test-method is-config="true" signature="tearDownClass()[pri:0, instance:com.example.runners.SalesListTotalPriceSortingUserTestRunner@327514f]" started-at="2026-02-07T21:32:18 IST" name="tearDownClass" finished-at="2026-02-07T21:32:18 IST" duration-ms="13" status="PASS">
          <reporter-output>
          </reporter-output>
        </test-method> <!-- tearDownClass -->
      </class> <!-- com.example.runners.SalesListTotalPriceSortingUserTestRunner -->
    </test> <!-- Sales List Total Price Sorting User Test -->
    <test started-at="2026-02-07T21:32:18 IST" name="Admin Only Page Restriction Test" finished-at="2026-02-07T21:32:40 IST" duration-ms="21479">
      <class name="com.example.runners.AdminOnlyPageRestrictionTestRunner">
        <test-method is-config="true" signature="setUpClass(org.testng.ITestContext)[pri:0, instance:com.example.runners.AdminOnlyPageRestrictionTestRunner@7586beff]" started-at="2026-02-07T21:32:18 IST" name="setUpClass" finished-at="2026-02-07T21:32:18 IST" duration-ms="9" status="PASS">
          <params>
            <param index="0">
              <value>
                <![CDATA[org.testng.TestRunner@f381794]]>
              </value>
            </param>
          </params>
          <reporter-output>
          </reporter-output>
        </test-method> <!-- setUpClass -->
        <test-method signature="runScenario(io.cucumber.testng.PickleWrapper,io.cucumber.testng.FeatureWrapper)[pri:0, instance:com.example.runners.AdminOnlyPageRestrictionTestRunner@7586beff]" started-at="2026-02-07T21:32:18 IST" name="runScenario" description="Runs Cucumber Scenarios" data-provider="scenarios" finished-at="2026-02-07T21:32:40 IST" duration-ms="21454" status="PASS">
          <params>
            <param index="0">
              <value>
                <![CDATA["TC_UI_PLANTS_USER_10 - Test Admin-only page restriction"]]>
              </value>
            </param>
            <param index="1">
              <value>
                <![CDATA["Admin-only Page Restriction for Regular User"]]>
              </value>
            </param>
          </params>
          <reporter-output>
          </reporter-output>
        </test-method> <!-- runScenario -->
        <test-method is-config="true" signature="tearDownClass()[pri:0, instance:com.example.runners.AdminOnlyPageRestrictionTestRunner@7586beff]" started-at="2026-02-07T21:32:40 IST" name="tearDownClass" finished-at="2026-02-07T21:32:40 IST" duration-ms="14" status="PASS">
          <reporter-output>
          </reporter-output>
        </test-method> <!-- tearDownClass -->
      </class> <!-- com.example.runners.AdminOnlyPageRestrictionTestRunner -->
    </test> <!-- Admin Only Page Restriction Test -->
    <test started-at="2026-02-07T21:32:42 IST" name="Edit Plant Page Restriction Test" finished-at="2026-02-07T21:33:07 IST" duration-ms="25508">
      <class name="com.example.runners.EditPlantPageRestrictionTestRunner">
        <test-method is-config="true" signature="setUpClass(org.testng.ITestContext)[pri:0, instance:com.example.runners.EditPlantPageRestrictionTestRunner@1573f9fc]" started-at="2026-02-07T21:32:42 IST" name="setUpClass" finished-at="2026-02-07T21:32:42 IST" duration-ms="30" status="PASS">
          <params>
            <param index="0">
              <value>
                <![CDATA[org.testng.TestRunner@2cdd0d4b]]>
              </value>
            </param>
          </params>
          <reporter-output>
          </reporter-output>
        </test-method> <!-- setUpClass -->
        <test-method signature="runScenario(io.cucumber.testng.PickleWrapper,io.cucumber.testng.FeatureWrapper)[pri:0, instance:com.example.runners.EditPlantPageRestrictionTestRunner@1573f9fc]" started-at="2026-02-07T21:32:42 IST" name="runScenario" description="Runs Cucumber Scenarios" data-provider="scenarios" finished-at="2026-02-07T21:33:07 IST" duration-ms="25458" status="PASS">
          <params>
            <param index="0">
              <value>
                <![CDATA["TC_UI_PLANTS_USER_11 - Verify User cannot access Edit Plant page"]]>
              </value>
            </param>
            <param index="1">
              <value>
                <![CDATA["Edit Plant Page Restriction for Regular User"]]>
              </value>
            </param>
          </params>
          <reporter-output>
          </reporter-output>
        </test-method> <!-- runScenario -->
        <test-method is-config="true" signature="tearDownClass()[pri:0, instance:com.example.runners.EditPlantPageRestrictionTestRunner@1573f9fc]" started-at="2026-02-07T21:33:07 IST" name="tearDownClass" finished-at="2026-02-07T21:33:07 IST" duration-ms="15" status="PASS">
          <reporter-output>
          </reporter-output>
        </test-method> <!-- tearDownClass -->
      </class> <!-- com.example.runners.EditPlantPageRestrictionTestRunner -->
    </test> <!-- Edit Plant Page Restriction Test -->
    <test started-at="2026-02-07T21:33:07 IST" name="API Tests" finished-at="2026-02-07T21:33:11 IST" duration-ms="3686">
      <class name="com.example.runners.ApiTestRunner">
        <test-method is-config="true" signature="setUpClass(org.testng.ITestContext)[pri:0, instance:com.example.runners.ApiTestRunner@dd05255]" started-at="2026-02-07T21:33:07 IST" name="setUpClass" finished-at="2026-02-07T21:33:07 IST" duration-ms="18" status="PASS">
          <params>
            <param index="0">
              <value>
                <![CDATA[org.testng.TestRunner@7e9131d5]]>
              </value>
            </param>
          </params>
          <reporter-output>
          </reporter-output>
        </test-method> <!-- setUpClass -->
        <test-method signature="runScenario(io.cucumber.testng.PickleWrapper,io.cucumber.testng.FeatureWrapper)[pri:0, instance:com.example.runners.ApiTestRunner@dd05255]" started-at="2026-02-07T21:33:07 IST" name="runScenario" description="Runs Cucumber Scenarios" data-provider="scenarios" finished-at="2026-02-07T21:33:09 IST" duration-ms="1318" status="PASS">
          <params>
            <param index="0">
              <value>
                <![CDATA["User can access paginated plants with default parameters"]]>
              </value>
            </param>
            <param index="1">
              <value>
                <![CDATA["Plants API"]]>
              </value>
            </param>
          </params>
          <reporter-output>
          </reporter-output>
        </test-method> <!-- runScenario -->
        <test-method signature="runScenario(io.cucumber.testng.PickleWrapper,io.cucumber.testng.FeatureWrapper)[pri:0, instance:com.example.runners.ApiTestRunner@dd05255]" started-at="2026-02-07T21:33:09 IST" name="runScenario" description="Runs Cucumber Scenarios" data-provider="scenarios" finished-at="2026-02-07T21:33:09 IST" duration-ms="282" status="PASS">
          <params>
            <param index="0">
              <value>
                <![CDATA["User can control pagination parameters"]]>
              </value>
            </param>
            <param index="1">
              <value>
                <![CDATA["Plants API"]]>
              </value>
            </param>
          </params>
          <reporter-output>
          </reporter-output>
        </test-method> <!-- runScenario -->
        <test-method signature="runScenario(io.cucumber.testng.PickleWrapper,io.cucumber.testng.FeatureWrapper)[pri:0, instance:com.example.runners.ApiTestRunner@dd05255]" started-at="2026-02-07T21:33:09 IST" name="runScenario" description="Runs Cucumber Scenarios" data-provider="scenarios" finished-at="2026-02-07T21:33:09 IST" duration-ms="203" status="PASS">
          <params>
            <param index="0">
              <value>
                <![CDATA["User can sort plants by name via API"]]>
              </value>
            </param>
            <param index="1">
              <value>
                <![CDATA["Plants API"]]>
              </value>
            </param>
          </params>
          <reporter-output>
          </reporter-output>
        </test-method> <!-- runScenario -->
        <test-method signature="runScenario(io.cucumber.testng.PickleWrapper,io.cucumber.testng.FeatureWrapper)[pri:0, instance:com.example.runners.ApiTestRunner@dd05255]" started-at="2026-02-07T21:33:09 IST" name="runScenario" description="Runs Cucumber Scenarios" data-provider="scenarios" finished-at="2026-02-07T21:33:09 IST" duration-ms="205" status="PASS">
          <params>
            <param index="0">
              <value>
                <![CDATA["User can sort plants by price via API"]]>
              </value>
            </param>
            <param index="1">
              <value>
                <![CDATA["Plants API"]]>
              </value>
            </param>
          </params>
          <reporter-output>
          </reporter-output>
        </test-method> <!-- runScenario -->
        <test-method signature="runScenario(io.cucumber.testng.PickleWrapper,io.cucumber.testng.FeatureWrapper)[pri:0, instance:com.example.runners.ApiTestRunner@dd05255]" started-at="2026-02-07T21:33:09 IST" name="runScenario" description="Runs Cucumber Scenarios" data-provider="scenarios" finished-at="2026-02-07T21:33:09 IST" duration-ms="184" status="PASS">
          <params>
            <param index="0">
              <value>
                <![CDATA["User can sort plants by stock quantity via API"]]>
              </value>
            </param>
            <param index="1">
              <value>
                <![CDATA["Plants API"]]>
              </value>
            </param>
          </params>
          <reporter-output>
          </reporter-output>
        </test-method> <!-- runScenario -->
        <test-method signature="runScenario(io.cucumber.testng.PickleWrapper,io.cucumber.testng.FeatureWrapper)[pri:0, instance:com.example.runners.ApiTestRunner@dd05255]" started-at="2026-02-07T21:33:09 IST" name="runScenario" description="Runs Cucumber Scenarios" data-provider="scenarios" finished-at="2026-02-07T21:33:10 IST" duration-ms="172" status="PASS">
          <params>
            <param index="0">
              <value>
                <![CDATA["User can search plants by name via API"]]>
              </value>
            </param>
            <param index="1">
              <value>
                <![CDATA["Plants API"]]>
              </value>
            </param>
          </params>
          <reporter-output>
          </reporter-output>
        </test-method> <!-- runScenario -->
        <test-method signature="runScenario(io.cucumber.testng.PickleWrapper,io.cucumber.testng.FeatureWrapper)[pri:0, instance:com.example.runners.ApiTestRunner@dd05255]" started-at="2026-02-07T21:33:10 IST" name="runScenario" description="Runs Cucumber Scenarios" data-provider="scenarios" finished-at="2026-02-07T21:33:10 IST" duration-ms="196" status="FAIL">
          <params>
            <param index="0">
              <value>
                <![CDATA["User can filter plants by category via API"]]>
              </value>
            </param>
            <param index="1">
              <value>
                <![CDATA["Plants API"]]>
              </value>
            </param>
          </params>
          <exception class="java.lang.AssertionError">
            <message>
              <![CDATA[Indoor filter should only return Indoor plants expected [Indoor] but found [Plants]]]>
            </message>
            <full-stacktrace>
              <![CDATA[java.lang.AssertionError: Indoor filter should only return Indoor plants expected [Indoor] but found [Plants]
at org.testng.Assert.fail(Assert.java:111)
at org.testng.Assert.failNotEquals(Assert.java:1578)
at org.testng.Assert.assertEqualsImpl(Assert.java:150)
at org.testng.Assert.assertEquals(Assert.java:132)
at org.testng.Assert.assertEquals(Assert.java:656)
at com.example.api.stepDefinitions.PlantApiSteps.indoor_filter_should_return_only_indoor_plants(PlantApiSteps.java:302)
at ✽.Indoor filter should return only Indoor plants(file:///Users/rajithsingh/Desktop/ITQA/ITFac_Batch21_Group53/src/test/resources/features/api/plants.feature:94)
]]>
            </full-stacktrace>
          </exception> <!-- java.lang.AssertionError -->
          <reporter-output>
          </reporter-output>
        </test-method> <!-- runScenario -->
        <test-method signature="runScenario(io.cucumber.testng.PickleWrapper,io.cucumber.testng.FeatureWrapper)[pri:0, instance:com.example.runners.ApiTestRunner@dd05255]" started-at="2026-02-07T21:33:10 IST" name="runScenario" description="Runs Cucumber Scenarios" data-provider="scenarios" finished-at="2026-02-07T21:33:10 IST" duration-ms="201" status="PASS">
          <params>
            <param index="0">
              <value>
                <![CDATA["Admin can create a plant with valid data under a sub-category"]]>
              </value>
            </param>
            <param index="1">
              <value>
                <![CDATA["Plants API"]]>
              </value>
            </param>
          </params>
          <reporter-output>
          </reporter-output>
        </test-method> <!-- runScenario -->
        <test-method signature="runScenario(io.cucumber.testng.PickleWrapper,io.cucumber.testng.FeatureWrapper)[pri:0, instance:com.example.runners.ApiTestRunner@dd05255]" started-at="2026-02-07T21:33:10 IST" name="runScenario" description="Runs Cucumber Scenarios" data-provider="scenarios" finished-at="2026-02-07T21:33:10 IST" duration-ms="189" status="FAIL">
          <params>
            <param index="0">
              <value>
                <![CDATA["Verify price validation during plant creation"]]>
              </value>
            </param>
            <param index="1">
              <value>
                <![CDATA["Plants API"]]>
              </value>
            </param>
          </params>
          <exception class="java.lang.AssertionError">
            <message>
              <![CDATA[Response status. When expected 201 but got 400, response body: {"status":400,"error":"DUPLICATE_RESOURCE","message":"Plant 'Price Test Min' already exists in this category","timestamp":"2026-02-07T21:33:10.701642"} expected [201] but found [400]]]>
            </message>
            <full-stacktrace>
              <![CDATA[java.lang.AssertionError: Response status. When expected 201 but got 400, response body: {"status":400,"error":"DUPLICATE_RESOURCE","message":"Plant 'Price Test Min' already exists in this category","timestamp":"2026-02-07T21:33:10.701642"} expected [201] but found [400]
at org.testng.Assert.fail(Assert.java:111)
at org.testng.Assert.failNotEquals(Assert.java:1578)
at org.testng.Assert.assertEqualsImpl(Assert.java:150)
at org.testng.Assert.assertEquals(Assert.java:132)
at org.testng.Assert.assertEquals(Assert.java:1419)
at org.testng.Assert.assertEquals(Assert.java:1383)
at com.example.api.stepDefinitions.PlantApiSteps.response_status_should_be(PlantApiSteps.java:151)
at ✽.response status should be 201(file:///Users/rajithsingh/Desktop/ITQA/ITFac_Batch21_Group53/src/test/resources/features/api/plants.feature:116)
]]>
            </full-stacktrace>
          </exception> <!-- java.lang.AssertionError -->
          <reporter-output>
          </reporter-output>
        </test-method> <!-- runScenario -->
        <test-method signature="runScenario(io.cucumber.testng.PickleWrapper,io.cucumber.testng.FeatureWrapper)[pri:0, instance:com.example.runners.ApiTestRunner@dd05255]" started-at="2026-02-07T21:33:10 IST" name="runScenario" description="Runs Cucumber Scenarios" data-provider="scenarios" finished-at="2026-02-07T21:33:10 IST" duration-ms="219" status="PASS">
          <params>
            <param index="0">
              <value>
                <![CDATA["Verify duplicate plant name prevention within same category"]]>
              </value>
            </param>
            <param index="1">
              <value>
                <![CDATA["Plants API"]]>
              </value>
            </param>
          </params>
          <reporter-output>
          </reporter-output>
        </test-method> <!-- runScenario -->
        <test-method signature="runScenario(io.cucumber.testng.PickleWrapper,io.cucumber.testng.FeatureWrapper)[pri:0, instance:com.example.runners.ApiTestRunner@dd05255]" started-at="2026-02-07T21:33:10 IST" name="runScenario" description="Runs Cucumber Scenarios" data-provider="scenarios" finished-at="2026-02-07T21:33:11 IST" duration-ms="220" status="PASS">
          <params>
            <param index="0">
              <value>
                <![CDATA["API validates all required fields for plant creation"]]>
              </value>
            </param>
            <param index="1">
              <value>
                <![CDATA["Plants API"]]>
              </value>
            </param>
          </params>
          <reporter-output>
          </reporter-output>
        </test-method> <!-- runScenario -->
        <test-method signature="runScenario(io.cucumber.testng.PickleWrapper,io.cucumber.testng.FeatureWrapper)[pri:0, instance:com.example.runners.ApiTestRunner@dd05255]" started-at="2026-02-07T21:33:11 IST" name="runScenario" description="Runs Cucumber Scenarios" data-provider="scenarios" finished-at="2026-02-07T21:33:11 IST" duration-ms="256" status="FAIL">
          <params>
            <param index="0">
              <value>
                <![CDATA["API validates plant name length (3-25 characters)"]]>
              </value>
            </param>
            <param index="1">
              <value>
                <![CDATA["Plants API"]]>
              </value>
            </param>
          </params>
          <exception class="java.lang.AssertionError">
            <message>
              <![CDATA[Response status. When expected 201 but got 400, response body: {"status":400,"error":"DUPLICATE_RESOURCE","message":"Plant 'Exactly25CharsHere' already exists in this category","timestamp":"2026-02-07T21:33:11.397541"} expected [201] but found [400]]]>
            </message>
            <full-stacktrace>
              <![CDATA[java.lang.AssertionError: Response status. When expected 201 but got 400, response body: {"status":400,"error":"DUPLICATE_RESOURCE","message":"Plant 'Exactly25CharsHere' already exists in this category","timestamp":"2026-02-07T21:33:11.397541"} expected [201] but found [400]
at org.testng.Assert.fail(Assert.java:111)
at org.testng.Assert.failNotEquals(Assert.java:1578)
at org.testng.Assert.assertEqualsImpl(Assert.java:150)
at org.testng.Assert.assertEquals(Assert.java:132)
at org.testng.Assert.assertEquals(Assert.java:1419)
at org.testng.Assert.assertEquals(Assert.java:1383)
at com.example.api.stepDefinitions.PlantApiSteps.response_status_should_be(PlantApiSteps.java:151)
at ✽.response status should be 201(file:///Users/rajithsingh/Desktop/ITQA/ITFac_Batch21_Group53/src/test/resources/features/api/plants.feature:169)
]]>
            </full-stacktrace>
          </exception> <!-- java.lang.AssertionError -->
          <reporter-output>
          </reporter-output>
        </test-method> <!-- runScenario -->
        <test-method is-config="true" signature="tearDownClass()[pri:0, instance:com.example.runners.ApiTestRunner@dd05255]" started-at="2026-02-07T21:33:11 IST" name="tearDownClass" finished-at="2026-02-07T21:33:11 IST" duration-ms="19" status="PASS">
          <reporter-output>
          </reporter-output>
        </test-method> <!-- tearDownClass -->
      </class> <!-- com.example.runners.ApiTestRunner -->
    </test> <!-- API Tests -->
  </suite> <!-- Sales Sorting Test Suite -->
</testng-results>
