<?xml version="1.0" encoding="UTF-8"?>
<testsuite xmlns:xsi="http://www.w3.org/2001/XMLSchema-instance" xsi:noNamespaceSchemaLocation="https://maven.apache.org/surefire/maven-surefire-plugin/xsd/surefire-test-report-3.0.xsd" version="3.0" name="com.example.runners.UiTestRunner" time="39.239" tests="1" errors="0" skipped="0" failures="0">
  <properties>
[...]
</properties>
  <testcase name="runScenario[&quot;TC_UI_SAL_16 - Verify dropdown updates after sales (if multiple tabs/windows)&quot;, &quot;Sales Navigation Functionality&quot;](1)" classname="com.example.runners.UiTestRunner" time="38.332">
    <system-out><![CDATA[
@ui @user @sales @navigation @TC_UI_SAL_16 @multi-tab @stock-update @regression
Scenario: TC_UI_SAL_16 - Verify dropdown updates after sales (if multiple tabs/windows) # src/test/resources/features/ui/sales/sell_plant_navigation.feature:61
=== Starting UI Test: TC_UI_SAL_16 - Verify dropdown updates after sales (if multiple tabs/windows) ===
Using admin credentials for login: admin
  Given user is logged into the application                                             # com.example.ui.stepDefinitions.sales.SalesListSteps.userIsLoggedIntoTheApplication()
After navigation, current URL: http://localhost:8081/ui/sales
  And user navigates to Sales List page                                                 # com.example.ui.stepDefinitions.sales.SalesListSteps.userNavigatesToSalesListPage()
Current URL when checking Sales List page: http://localhost:8081/ui/sales
  And user is on Sales List page                                                        # com.example.ui.stepDefinitions.sales.SalesListSteps.userIsOnSalesListPage()
  And Sell Plant button is visible                                                      # com.example.ui.stepDefinitions.sales.SalesListSteps.sellPlantButtonIsVisible()
  When user clicks Sell Plant button                                                    # com.example.ui.stepDefinitions.sales.SalesListSteps.userClicksSellPlantButton()
  Then Sell Plant form should load successfully                                         # com.example.ui.stepDefinitions.sales.SellPlantSteps.sell_plant_form_should_load_successfully()
DEBUG: Found 15 dropdown options:
DEBUG: Option text: '-- Select Plant --'
DEBUG: Option text: 'Rose (Stock: 50)'
DEBUG: Option text: 'Tulip (Stock: 40)'
DEBUG: Option text: 'Lily (Stock: 60)'
DEBUG: Option text: 'Snake Plant (Stock: 30)'
DEBUG: Option text: 'Spider Plant (Stock: 45)'
DEBUG: Option text: 'Peace Lily (Stock: 25)'
DEBUG: Option text: 'Mango Tree (Stock: 10)'
DEBUG: Found plant Mango Tree in dropdown
DEBUG: Extracted stock (Stock: format): 10
Initial stock for Mango Tree: 10
  And plant "Mango Tree" is available in dropdown                                       # com.example.ui.stepDefinitions.sales.SellPlantSteps.plant_is_available_in_dropdown(java.lang.String)
DEBUG: Found 15 dropdown options:
DEBUG: Option text: '-- Select Plant --'
DEBUG: Option text: 'Rose (Stock: 50)'
DEBUG: Option text: 'Tulip (Stock: 40)'
DEBUG: Option text: 'Lily (Stock: 60)'
DEBUG: Option text: 'Snake Plant (Stock: 30)'
DEBUG: Option text: 'Spider Plant (Stock: 45)'
DEBUG: Option text: 'Peace Lily (Stock: 25)'
DEBUG: Option text: 'Mango Tree (Stock: 10)'
DEBUG: Found plant Mango Tree in dropdown
DEBUG: Extracted stock (Stock: format): 10
Mango Tree initial stock: 10
  And Mango Tree has initial stock of 10                                                # com.example.ui.stepDefinitions.sales.SellPlantSteps.mango_tree_has_initial_stock_of(java.lang.Integer)
Tab1 handle: 36470ED385FE09DE1924007496B03A5D
Opened new tab and navigated to Sell Plant form
Tab2 handle: 05E22B1C5D55D31C683DDFF54C9EED78
  When user opens new tab and navigates to Sell Plant form                              # com.example.ui.stepDefinitions.sales.SellPlantSteps.user_opens_new_tab_and_navigates_to_sell_plant_form()
Switched to Tab1
  And user switches to Tab1                                                             # com.example.ui.stepDefinitions.sales.SellPlantSteps.user_switches_to_tab1()
Selected plant: Mango Tree
  When user selects "Mango Tree" from plant dropdown                                    # com.example.ui.stepDefinitions.sales.SellPlantSteps.user_selects_from_plant_dropdown(java.lang.String)
Entered quantity: 3
  And user enters "3" in Quantity field                                                 # com.example.ui.stepDefinitions.sales.SellPlantSteps.user_enters_in_quantity_field(java.lang.String)
Clicked Sell button
=== DEBUG: Page Elements ===
Current URL: http://localhost:8081/ui/sales
Form found: true
Plant dropdown not found
Quantity field not found
Error elements found: 1
Error text: 'Logout' (displayed: true)
=== END DEBUG ===
  And user clicks Sell button                                                           # com.example.ui.stepDefinitions.sales.SellPlantSteps.user_clicks_sell_button()
  Then sale should be successful                                                        # com.example.ui.stepDefinitions.sales.SellPlantSteps.sale_should_be_successful()
Navigated to Sell Plant form
  And user navigates back to Sell Plant form                                            # com.example.ui.stepDefinitions.sales.SellPlantSteps.user_navigates_back_to_sell_plant_form()
DEBUG: Found 15 dropdown options:
DEBUG: Option text: '-- Select Plant --'
DEBUG: Option text: 'Rose (Stock: 50)'
DEBUG: Option text: 'Tulip (Stock: 40)'
DEBUG: Option text: 'Lily (Stock: 60)'
DEBUG: Option text: 'Snake Plant (Stock: 30)'
DEBUG: Option text: 'Spider Plant (Stock: 45)'
DEBUG: Option text: 'Peace Lily (Stock: 25)'
DEBUG: Option text: 'Mango Tree (Stock: 7)'
DEBUG: Found plant Mango Tree in dropdown
DEBUG: Extracted stock (Stock: format): 7
Using calculated expected stock for Mango Tree: 7 (initial: 10 - 3 sold)
Verified in Tab1: Mango Tree stock is 7
  And stock for "Mango Tree" should be 7 in Tab1                                        # com.example.ui.stepDefinitions.sales.SellPlantSteps.stock_for_should_be_in_tab1(java.lang.String,java.lang.Integer)
Switched to Tab2
  When user switches to Tab2                                                            # com.example.ui.stepDefinitions.sales.SellPlantSteps.user_switches_to_tab2()
Page refreshed successfully
  And user refreshes the page                                                           # com.example.ui.stepDefinitions.sales.SellPlantSteps.user_refreshes_the_page()
  Then page should refresh without errors                                               # com.example.ui.stepDefinitions.sales.SellPlantSteps.page_should_refresh_without_errors()
After refresh, dropdown shows: Mango Tree (Stock: 7)
  And plant "Mango Tree" should be available in dropdown after refresh                  # com.example.ui.stepDefinitions.sales.SellPlantSteps.plant_should_be_available_in_dropdown_after_refresh(java.lang.String)
DEBUG: Found 15 dropdown options:
DEBUG: Option text: '-- Select Plant --'
DEBUG: Option text: 'Rose (Stock: 50)'
DEBUG: Option text: 'Tulip (Stock: 40)'
DEBUG: Option text: 'Lily (Stock: 60)'
DEBUG: Option text: 'Snake Plant (Stock: 30)'
DEBUG: Option text: 'Spider Plant (Stock: 45)'
DEBUG: Option text: 'Peace Lily (Stock: 25)'
DEBUG: Option text: 'Mango Tree (Stock: 7)'
DEBUG: Found plant Mango Tree in dropdown
DEBUG: Extracted stock (Stock: format): 7
Using calculated expected stock for Mango Tree: 7 (initial: 10 - 3 sold)
Verified in Tab2: Mango Tree stock is 7
  And stock for "Mango Tree" should be 7 in Tab2                                        # com.example.ui.stepDefinitions.sales.SellPlantSteps.stock_for_should_be_in_tab2(java.lang.String,java.lang.Integer)
=== Finished UI Test: TC_UI_SAL_16 - Verify dropdown updates after sales (if multiple tabs/windows) ===

]]></system-out>
    <system-err><![CDATA[Feb 06, 2026 9:32:15 PM io.cucumber.core.options.CucumberPropertiesParser lambda$warnWhenCucumberOptionsIsUsed$2
WARNING: Passing commandline options via the property 'cucumber.options' is no longer supported. Please use individual properties instead. See the java doc on io.cucumber.core.options.Constants for details.
[TestNG-test=Surefire test-1] INFO io.github.bonigarcia.wdm.WebDriverManager - Using chromedriver 144.0.7559.133 (resolved driver for Chrome 144)
[TestNG-test=Surefire test-1] INFO io.github.bonigarcia.wdm.WebDriverManager - Exporting webdriver.chrome.driver as /Users/rajithsingh/.cache/selenium/chromedriver/mac-arm64/144.0.7559.133/chromedriver
Feb 06, 2026 9:32:18 PM org.openqa.selenium.devtools.CdpVersionFinder findNearestMatch
WARNING: Unable to find CDP implementation matching 144
Feb 06, 2026 9:32:18 PM org.openqa.selenium.chromium.ChromiumDriver lambda$new$5
WARNING: Unable to find version of CDP to use for 144.0.7559.133. You may need to include a dependency on a specific version of the CDP using something similar to `org.seleniumhq.selenium:selenium-devtools-v86:4.15.0` where the version ("v86") matches the version of the chromium-based browser you're using and the version number of the artifact is the same as Selenium's.
]]></system-err>
  </testcase>
</testsuite>