<?xml version="1.0" encoding="UTF-8"?>
<testsuite xmlns:xsi="http://www.w3.org/2001/XMLSchema-instance" xsi:noNamespaceSchemaLocation="https://maven.apache.org/surefire/maven-surefire-plugin/xsd/surefire-test-report-3.0.xsd" version="3.0" name="TestSuite" time="267.729" tests="20" errors="0" skipped="0" failures="2">
  <properties>
[...]
</properties>
  <testcase name="runScenario[&quot;TC_UI_SAL_12 - Verify sorting by Quantity column&quot;, &quot;Sales List Quantity Sorting Functionality&quot;](1)" classname="com.example.runners.UiTestRunner" time="22.371">
    <system-out><![CDATA[
@ui @user @sales @sorting @TC_UI_SAL_12 @smoke @regression
Scenario: TC_UI_SAL_12 - Verify sorting by Quantity column # src/test/resources/features/ui/sales/sales_list_quantity_sorting.feature:5
=== Starting UI Test: TC_UI_SAL_12 - Verify sorting by Quantity column ===
Using admin credentials for login: admin
Login completed successfully
  Given user is logged into the application                # com.example.ui.stepDefinitions.sales.SalesListSteps.userIsLoggedIntoTheApplication()
Navigation to sales list completed
After navigation, current URL: http://localhost:8081/ui/sales
  And user navigates to Sales List page                    # com.example.ui.stepDefinitions.sales.SalesListSteps.userNavigatesToSalesListPage()
Current URL when checking Sales List page: http://localhost:8081/ui/sales
  And user is on Sales List page                           # com.example.ui.stepDefinitions.sales.SalesListSteps.userIsOnSalesListPage()
  And sales records are displayed for plants               # com.example.ui.stepDefinitions.sales.SalesListSteps.salesRecordsAreDisplayedForPlants()
  And Quantity column header is visible and clickable      # com.example.ui.stepDefinitions.sales.SalesListSteps.quantityColumnHeaderIsVisibleAndClickable()
  And verify initial quantities are displayed              # com.example.ui.stepDefinitions.sales.SalesListSteps.verifyInitialQuantitiesAreDisplayed()
  And expected descending order should be 5, 3, 2          # com.example.ui.stepDefinitions.sales.SalesListSteps.expectedQuantitiesDescendingOrderShouldBe(int,int,int)
  When user clicks Quantity column header once             # com.example.ui.stepDefinitions.sales.SalesListSteps.userClicksQuantityColumnHeaderOnce()
  Then quantities should be sorted in ascending order      # com.example.ui.stepDefinitions.sales.SalesListSteps.quantitiesShouldBeSortedInAscendingOrder()
  And expected ascending order should be 2, 3, 5           # com.example.ui.stepDefinitions.sales.SalesListSteps.expectedQuantitiesAscendingOrderShouldBe(int,int,int)
  When user clicks Quantity column header again            # com.example.ui.stepDefinitions.sales.SalesListSteps.userClicksQuantityColumnHeaderAgain()
  Then quantities should be sorted in descending order     # com.example.ui.stepDefinitions.sales.SalesListSteps.quantitiesShouldBeSortedInDescendingOrder()
  And expected descending order should be 5, 3, 2          # com.example.ui.stepDefinitions.sales.SalesListSteps.expectedQuantitiesDescendingOrderShouldBe(int,int,int)
  When user clicks Quantity column header once             # com.example.ui.stepDefinitions.sales.SalesListSteps.userClicksQuantityColumnHeaderOnce()
  Then quantities should be sorted in ascending order      # com.example.ui.stepDefinitions.sales.SalesListSteps.quantitiesShouldBeSortedInAscendingOrder()
  And expected ascending order should be 2, 3, 5           # com.example.ui.stepDefinitions.sales.SalesListSteps.expectedQuantitiesAscendingOrderShouldBe(int,int,int)
  When user clicks Quantity column header once             # com.example.ui.stepDefinitions.sales.SalesListSteps.userClicksQuantityColumnHeaderOnce()
  Then quantities should be sorted in descending order     # com.example.ui.stepDefinitions.sales.SalesListSteps.quantitiesShouldBeSortedInDescendingOrder()
  And expected descending order should be 5, 3, 2          # com.example.ui.stepDefinitions.sales.SalesListSteps.expectedQuantitiesDescendingOrderShouldBe(int,int,int)
  When user clicks Quantity column header again            # com.example.ui.stepDefinitions.sales.SalesListSteps.userClicksQuantityColumnHeaderAgain()
  Then quantities should be sorted in ascending order      # com.example.ui.stepDefinitions.sales.SalesListSteps.quantitiesShouldBeSortedInAscendingOrder()
  And expected ascending order should be 2, 3, 5           # com.example.ui.stepDefinitions.sales.SalesListSteps.expectedQuantitiesAscendingOrderShouldBe(int,int,int)
=== Finished UI Test: TC_UI_SAL_12 - Verify sorting by Quantity column ===

]]></system-out>
    <system-err><![CDATA[Feb 07, 2026 7:52:32 PM io.cucumber.core.options.CucumberPropertiesParser lambda$warnWhenCucumberOptionsIsUsed$2
WARNING: Passing commandline options via the property 'cucumber.options' is no longer supported. Please use individual properties instead. See the java doc on io.cucumber.core.options.Constants for details.
[TestNG-test=Sales Sorting Tests-1] INFO io.github.bonigarcia.wdm.WebDriverManager - Using chromedriver 144.0.7559.133 (resolved driver for Chrome 144)
[TestNG-test=Sales Sorting Tests-1] INFO io.github.bonigarcia.wdm.WebDriverManager - Exporting webdriver.chrome.driver as /Users/rajithsingh/.cache/selenium/chromedriver/mac-arm64/144.0.7559.133/chromedriver
Feb 07, 2026 7:52:37 PM org.openqa.selenium.devtools.CdpVersionFinder findNearestMatch
WARNING: Unable to find CDP implementation matching 144
Feb 07, 2026 7:52:37 PM org.openqa.selenium.chromium.ChromiumDriver lambda$new$5
WARNING: Unable to find version of CDP to use for 144.0.7559.133. You may need to include a dependency on a specific version of the CDP using something similar to `org.seleniumhq.selenium:selenium-devtools-v86:4.15.0` where the version ("v86") matches the version of the chromium-based browser you're using and the version number of the artifact is the same as Selenium's.
Feb 07, 2026 7:52:55 PM org.openqa.selenium.os.ExternalProcess$Builder lambda$start$0
WARNING: failed to copy the output of process 88715
java.io.IOException: Stream closed
	at java.base/java.io.BufferedInputStream.ensureOpen(BufferedInputStream.java:206)
	at java.base/java.io.BufferedInputStream.implRead(BufferedInputStream.java:411)
	at java.base/java.io.BufferedInputStream.read(BufferedInputStream.java:405)
	at java.base/java.io.InputStream.transferTo(InputStream.java:796)
	at java.base/java.io.BufferedInputStream.implTransferTo(BufferedInputStream.java:657)
	at java.base/java.io.BufferedInputStream.transferTo(BufferedInputStream.java:637)
	at org.openqa.selenium.os.ExternalProcess$Builder.lambda$start$0(ExternalProcess.java:209)
	at java.base/java.lang.Thread.run(Thread.java:1583)

]]></system-err>
  </testcase>
  <testcase name="runScenario[&quot;TC_UI_SAL_11 - Verify sorting by Plant Name column&quot;, &quot;Sales List Sorting Functionality&quot;](2)" classname="com.example.runners.UiTestRunner" time="9.796">
    <system-out><![CDATA[
@ui @user @sales @sorting @TC_UI_SAL_11 @smoke @regression
Scenario: TC_UI_SAL_11 - Verify sorting by Plant Name column                      # src/test/resources/features/ui/sales/sales_list_sorting.feature:5
=== Starting UI Test: TC_UI_SAL_11 - Verify sorting by Plant Name column ===
Using admin credentials for login: admin
Login completed successfully
  Given user is logged into the application                                       # com.example.ui.stepDefinitions.sales.SalesListSteps.userIsLoggedIntoTheApplication()
Navigation to sales list completed
After navigation, current URL: http://localhost:8081/ui/sales
  And user navigates to Sales List page                                           # com.example.ui.stepDefinitions.sales.SalesListSteps.userNavigatesToSalesListPage()
Current URL when checking Sales List page: http://localhost:8081/ui/sales
  And user is on Sales List page                                                  # com.example.ui.stepDefinitions.sales.SalesListSteps.userIsOnSalesListPage()
  And sales records are displayed for plants                                      # com.example.ui.stepDefinitions.sales.SalesListSteps.salesRecordsAreDisplayedForPlants()
  And Plant Name column header is visible and clickable                           # com.example.ui.stepDefinitions.sales.SalesListSteps.plantNameColumnHeaderIsVisibleAndClickable()
  And verify initial plant names are displayed                                    # com.example.ui.stepDefinitions.sales.SalesListSteps.verifyInitialPlantNamesAreDisplayed()
  And expected descending order should be "ZZZ Plant", "Money Plant", "Aloe Vera" # com.example.ui.stepDefinitions.sales.SalesListSteps.expectedDescendingOrderShouldBe(java.lang.String,java.lang.String,java.lang.String)
  When user clicks Plant Name column header once                                  # com.example.ui.stepDefinitions.sales.SalesListSteps.userClicksPlantNameColumnHeaderOnce()
  Then sales should be sorted in ascending order by Plant Name                    # com.example.ui.stepDefinitions.sales.SalesListSteps.salesShouldBeSortedInAscendingOrderByPlantName()
  And expected ascending order should be "Aloe Vera", "Money Plant", "ZZZ Plant"  # com.example.ui.stepDefinitions.sales.SalesListSteps.expectedAscendingOrderShouldBe(java.lang.String,java.lang.String,java.lang.String)
  When user clicks Plant Name column header again                                 # com.example.ui.stepDefinitions.sales.SalesListSteps.userClicksPlantNameColumnHeaderAgain()
  Then sales should be sorted in descending order by Plant Name                   # com.example.ui.stepDefinitions.sales.SalesListSteps.salesShouldBeSortedInDescendingOrderByPlantName()
  And expected descending order should be "ZZZ Plant", "Money Plant", "Aloe Vera" # com.example.ui.stepDefinitions.sales.SalesListSteps.expectedDescendingOrderShouldBe(java.lang.String,java.lang.String,java.lang.String)
=== Finished UI Test: TC_UI_SAL_11 - Verify sorting by Plant Name column ===

]]></system-out>
    <system-err><![CDATA[[TestNG-test=Sales Sorting Tests-1] INFO io.github.bonigarcia.wdm.WebDriverManager - Using chromedriver 144.0.7559.133 (resolved driver for Chrome 144)
[TestNG-test=Sales Sorting Tests-1] INFO io.github.bonigarcia.wdm.WebDriverManager - Exporting webdriver.chrome.driver as /Users/rajithsingh/.cache/selenium/chromedriver/mac-arm64/144.0.7559.133/chromedriver
Feb 07, 2026 7:52:56 PM org.openqa.selenium.devtools.CdpVersionFinder findNearestMatch
WARNING: Unable to find CDP implementation matching 144
Feb 07, 2026 7:52:56 PM org.openqa.selenium.chromium.ChromiumDriver lambda$new$5
WARNING: Unable to find version of CDP to use for 144.0.7559.133. You may need to include a dependency on a specific version of the CDP using something similar to `org.seleniumhq.selenium:selenium-devtools-v86:4.15.0` where the version ("v86") matches the version of the chromium-based browser you're using and the version number of the artifact is the same as Selenium's.
]]></system-err>
  </testcase>
  <testcase name="runScenario[&quot;TC_UI_SAL_13 - Verify sorting by Total Price column&quot;, &quot;Sales List Total Price Sorting Functionality&quot;](3)" classname="com.example.runners.UiTestRunner" time="11.454">
    <system-out><![CDATA[
@ui @user @sales @sorting @TC_UI_SAL_13 @smoke @regression
Scenario: TC_UI_SAL_13 - Verify sorting by Total Price column                    # src/test/resources/features/ui/sales/sales_list_total_price_sorting.feature:5
=== Starting UI Test: TC_UI_SAL_13 - Verify sorting by Total Price column ===
Using admin credentials for login: admin
Login completed successfully
  Given user is logged into the application                                      # com.example.ui.stepDefinitions.sales.SalesListSteps.userIsLoggedIntoTheApplication()
Navigation to sales list completed
After navigation, current URL: http://localhost:8081/ui/sales
  And user navigates to Sales List page                                          # com.example.ui.stepDefinitions.sales.SalesListSteps.userNavigatesToSalesListPage()
Current URL when checking Sales List page: http://localhost:8081/ui/sales
  And user is on Sales List page                                                 # com.example.ui.stepDefinitions.sales.SalesListSteps.userIsOnSalesListPage()
  And sales records are displayed for plants                                     # com.example.ui.stepDefinitions.sales.SalesListSteps.salesRecordsAreDisplayedForPlants()
  And Total Price column header is visible and clickable                         # com.example.ui.stepDefinitions.sales.SalesListSteps.totalPriceColumnHeaderIsVisibleAndClickable()
Actual total prices found: [10.0, 90.0, 28.0, 21.0]
Has different prices for sorting: true
  And verify initial total prices are displayed                                  # com.example.ui.stepDefinitions.sales.SalesListSteps.verifyInitialTotalPricesAreDisplayed()
  When user clicks Total Price column header once                                # com.example.ui.stepDefinitions.sales.SalesListSteps.userClicksTotalPriceColumnHeaderOnce()
  Then total prices should be sorted in ascending order                          # com.example.ui.stepDefinitions.sales.SalesListSteps.totalPricesShouldBeSortedInAscendingOrder()
Actual prices in ascending order: [10.0, 21.0, 28.0, 90.0]
  And expected ascending order should be "$9.99", "$24.50", "$49.99", "$120.00"  # com.example.ui.stepDefinitions.sales.SalesListSteps.expectedTotalPriceAscendingOrderShouldBe(java.lang.String,java.lang.String,java.lang.String,java.lang.String)
  When user clicks Total Price column header again                               # com.example.ui.stepDefinitions.sales.SalesListSteps.userClicksTotalPriceColumnHeaderAgain()
  Then total prices should be sorted in descending order                         # com.example.ui.stepDefinitions.sales.SalesListSteps.totalPricesShouldBeSortedInDescendingOrder()
Actual prices in descending order: [90.0, 28.0, 21.0, 10.0]
  And expected descending order should be "$120.00", "$49.99", "$24.50", "$9.99" # com.example.ui.stepDefinitions.sales.SalesListSteps.expectedTotalPriceDescendingOrderShouldBe(java.lang.String,java.lang.String,java.lang.String,java.lang.String)
=== Finished UI Test: TC_UI_SAL_13 - Verify sorting by Total Price column ===

]]></system-out>
    <system-err><![CDATA[[TestNG-test=Sales Sorting Tests-1] INFO io.github.bonigarcia.wdm.WebDriverManager - Using chromedriver 144.0.7559.133 (resolved driver for Chrome 144)
[TestNG-test=Sales Sorting Tests-1] INFO io.github.bonigarcia.wdm.WebDriverManager - Exporting webdriver.chrome.driver as /Users/rajithsingh/.cache/selenium/chromedriver/mac-arm64/144.0.7559.133/chromedriver
Feb 07, 2026 7:53:06 PM org.openqa.selenium.devtools.CdpVersionFinder findNearestMatch
WARNING: Unable to find CDP implementation matching 144
Feb 07, 2026 7:53:06 PM org.openqa.selenium.chromium.ChromiumDriver lambda$new$5
WARNING: Unable to find version of CDP to use for 144.0.7559.133. You may need to include a dependency on a specific version of the CDP using something similar to `org.seleniumhq.selenium:selenium-devtools-v86:4.15.0` where the version ("v86") matches the version of the chromium-based browser you're using and the version number of the artifact is the same as Selenium's.
]]></system-err>
  </testcase>
  <testcase name="runScenario[&quot;TC_UI_SAL_14 - Verify &quot;Sell Plant&quot; button navigation&quot;, &quot;Sales Navigation Functionality&quot;](1)" classname="com.example.runners.UiTestRunner" time="12.329">
    <system-out><![CDATA[
@ui @user @sales @navigation @TC_UI_SAL_14 @smoke @regression
Scenario: TC_UI_SAL_14 - Verify "Sell Plant" button navigation # src/test/resources/features/ui/sales/sell_plant_navigation.feature:5
=== Starting UI Test: TC_UI_SAL_14 - Verify "Sell Plant" button navigation ===
Using admin credentials for login: admin
Login completed successfully
  Given user is logged into the application                    # com.example.ui.stepDefinitions.sales.SalesListSteps.userIsLoggedIntoTheApplication()
Navigation to sales list completed
After navigation, current URL: http://localhost:8081/ui/sales
  And user navigates to Sales List page                        # com.example.ui.stepDefinitions.sales.SalesListSteps.userNavigatesToSalesListPage()
Current URL when checking Sales List page: http://localhost:8081/ui/sales
  And user is on Sales List page                               # com.example.ui.stepDefinitions.sales.SalesListSteps.userIsOnSalesListPage()
  And Sell Plant button is visible                             # com.example.ui.stepDefinitions.sales.SalesListSteps.sellPlantButtonIsVisible()
  When user clicks Sell Plant button                           # com.example.ui.stepDefinitions.sales.SalesListSteps.userClicksSellPlantButton()
Expected URL: /ui/sales/new
Actual URL: http://localhost:8081/ui/sales/new
  Then URL should change to "/ui/sales/new"                    # com.example.ui.stepDefinitions.sales.SellPlantSteps.url_should_change_to(java.lang.String)
  And URL should contain "/ui/sales/new"                       # com.example.ui.stepDefinitions.sales.SellPlantSteps.url_should_contain(java.lang.String)
Sell plant form is visible
Sell plant heading is visible
Plant dropdown is clickable
Quantity field is clickable
Submit button is clickable
  And Sell Plant form should load successfully                 # com.example.ui.stepDefinitions.sales.SellPlantSteps.sell_plant_form_should_load_successfully()
=== Finished UI Test: TC_UI_SAL_14 - Verify "Sell Plant" button navigation ===

]]></system-out>
    <system-err><![CDATA[Feb 07, 2026 7:53:16 PM io.cucumber.core.options.CucumberPropertiesParser lambda$warnWhenCucumberOptionsIsUsed$2
WARNING: Passing commandline options via the property 'cucumber.options' is no longer supported. Please use individual properties instead. See the java doc on io.cucumber.core.options.Constants for details.
[TestNG-test=Sell Plant Navigation Test-1] INFO io.github.bonigarcia.wdm.WebDriverManager - Using chromedriver 144.0.7559.133 (resolved driver for Chrome 144)
[TestNG-test=Sell Plant Navigation Test-1] INFO io.github.bonigarcia.wdm.WebDriverManager - Exporting webdriver.chrome.driver as /Users/rajithsingh/.cache/selenium/chromedriver/mac-arm64/144.0.7559.133/chromedriver
Feb 07, 2026 7:53:18 PM org.openqa.selenium.devtools.CdpVersionFinder findNearestMatch
WARNING: Unable to find CDP implementation matching 144
Feb 07, 2026 7:53:18 PM org.openqa.selenium.chromium.ChromiumDriver lambda$new$5
WARNING: Unable to find version of CDP to use for 144.0.7559.133. You may need to include a dependency on a specific version of the CDP using something similar to `org.seleniumhq.selenium:selenium-devtools-v86:4.15.0` where the version ("v86") matches the version of the chromium-based browser you're using and the version number of the artifact is the same as Selenium's.
]]></system-err>
  </testcase>
  <testcase name="runScenario[&quot;TC_UI_SAL_15 - Verify error when Plant not selected&quot;, &quot;Sales Navigation Functionality&quot;](1)" classname="com.example.runners.UiTestRunner" time="15.665">
    <system-out><![CDATA[
@ui @user @sales @navigation @TC_UI_SAL_15 @validation @regression
Scenario: TC_UI_SAL_15 - Verify error when Plant not selected                        # src/test/resources/features/ui/sales/sell_plant_navigation.feature:30
=== Starting UI Test: TC_UI_SAL_15 - Verify error when Plant not selected ===
Using admin credentials for login: admin
Login completed successfully
  Given user is logged into the application                                          # com.example.ui.stepDefinitions.sales.SalesListSteps.userIsLoggedIntoTheApplication()
Navigation to sales list completed
After navigation, current URL: http://localhost:8081/ui/sales
  And user navigates to Sales List page                                              # com.example.ui.stepDefinitions.sales.SalesListSteps.userNavigatesToSalesListPage()
Current URL when checking Sales List page: http://localhost:8081/ui/sales
  And user is on Sales List page                                                     # com.example.ui.stepDefinitions.sales.SalesListSteps.userIsOnSalesListPage()
  And Sell Plant button is visible                                                   # com.example.ui.stepDefinitions.sales.SalesListSteps.sellPlantButtonIsVisible()
  When user clicks Sell Plant button                                                 # com.example.ui.stepDefinitions.sales.SalesListSteps.userClicksSellPlantButton()
Sell plant form is visible
Sell plant heading is visible
Plant dropdown is clickable
Quantity field is clickable
Submit button is clickable
  And Sell Plant form should load successfully                                       # com.example.ui.stepDefinitions.sales.SellPlantSteps.sell_plant_form_should_load_successfully()
Plant dropdown current value: 
  When user leaves Plant dropdown empty                                              # com.example.ui.stepDefinitions.sales.SellPlantSteps.user_leaves_plant_dropdown_empty()
Entered quantity: 2
  And user enters "2" in Quantity field                                              # com.example.ui.stepDefinitions.sales.SellPlantSteps.user_enters_in_quantity_field(java.lang.String)
Clicked Sell button
=== DEBUG: Page Elements ===
Current URL: http://localhost:8081/ui/sales/new
Form found: true
Plant dropdown found: true
Plant dropdown value: 
Dropdown options found: 65
  Option: '-- Select Plant --'
  Option: 'Rose (Stock: 50)'
  Option: 'Tulip (Stock: 40)'
  Option: 'Lily (Stock: 60)'
  Option: 'Snake Plant (Stock: 30)'
  Option: 'Spider Plant (Stock: 45)'
  Option: 'Peace Lily (Stock: 25)'
  Option: 'Mango Tree (Stock: 10)'
  Option: 'Neem Tree (Stock: 15)'
  Option: 'Aloe Vera (Stock: 67)'
  Option: 'Cactus (Stock: 80)'
  Option: 'Bonsai (Stock: 55)'
  Option: 'Money Plant (Stock: 53)'
  Option: 'Monstera Deliciosa (Stock: 20)'
  Option: 'ZZZ Plant (Stock: 20)'
  Option: 'Fern (Stock: 40)'
  Option: 'Jade Plant (Stock: 30)'
  Option: 'Lavender (Stock: 70)'
  Option: 'Palm Tree (Stock: 8)'
  Option: 'Tulsi (Stock: 90)'
  Option: 'Orchid (Stock: 18)'
  Option: 'Bamboo (Stock: 22)'
  Option: 'Sunflower (Stock: 85)'
  Option: 'Croton (Stock: 25)'
  Option: 'Areca Palm (Stock: 14)'
  Option: 'Hibiscus (Stock: 45)'
  Option: 'Lotus (Stock: 12)'
  Option: 'Banana Tree (Stock: 10)'
  Option: 'Guava Tree (Stock: 18)'
  Option: 'Rubber Plant (Stock: 19)'
  Option: 'Ficus (Stock: 24)'
  Option: 'Chrysanthemum (Stock: 65)'
  Option: 'Peony (Stock: 20)'
  Option: 'Pine Tree (Stock: 30)'
  Option: 'Oak Tree (Stock: 4)'
  Option: 'Mint (Stock: 90)'
  Option: 'Coriander (Stock: 100)'
  Option: 'Basil (Stock: 88)'
  Option: 'Anthurium (Stock: 16)'
  Option: 'Daffodil (Stock: 58)'
  Option: 'Blueberry Bush (Stock: 13)'
  Option: 'Strawberry (Stock: 72)'
  Option: 'Geranium (Stock: 48)'
  Option: 'Adenium (Stock: 22)'
  Option: 'Zamia (Stock: 11)'
  Option: 'Ixora (Stock: 37)'
  Option: 'Marigold (Stock: 92)'
  Option: 'Petunia (Stock: 98)'
  Option: 'Maple Tree (Stock: 3)'
  Option: 'Olive Tree (Stock: 7)'
  Option: 'Pothos (Stock: 34)'
  Option: 'Calathea (Stock: 21)'
  Option: 'Begonia (Stock: 52)'
  Option: 'Azalea (Stock: 33)'
  Option: 'Juniper (Stock: 9)'
  Option: 'Cedar Tree (Stock: 2)'
  Option: 'Thyme (Stock: 86)'
  Option: 'Oregano (Stock: 82)'
  Option: 'Parsley (Stock: 97)'
  Option: 'Yucca (Stock: 12)'
  Option: 'Dieffenbachia (Stock: 24)'
  Option: 'Zinnia (Stock: 74)'
  Option: 'Cosmos (Stock: 69)'
  Option: 'Eucalyptus (Stock: 6)'
  Option: 'ABC Plant (Stock: 25)'
Quantity field found: true
Quantity field value: 2
Error elements found: 2
Error text: 'Logout' (displayed: true)
Error text: 'Plant is required' (displayed: true)
Page source contains error-related text
=== END DEBUG ===
  And user clicks Sell button                                                        # com.example.ui.stepDefinitions.sales.SellPlantSteps.user_clicks_sell_button()
Form submission handled by application
  Then form submission should be handled                                             # com.example.ui.stepDefinitions.sales.SellPlantSteps.form_submission_should_be_handled()
Plant error message found and displayed
Plant error message found: Plant is required
  And error message should appear below Plant dropdown with text "Plant is required" # com.example.ui.stepDefinitions.sales.SellPlantSteps.error_message_should_appear_below_plant_dropdown_with_text(java.lang.String)
  And Sell button should remain enabled                                              # com.example.ui.stepDefinitions.sales.SellPlantSteps.sell_button_should_remain_enabled()
=== Finished UI Test: TC_UI_SAL_15 - Verify error when Plant not selected ===

]]></system-out>
    <system-err><![CDATA[Feb 07, 2026 7:53:29 PM io.cucumber.core.options.CucumberPropertiesParser lambda$warnWhenCucumberOptionsIsUsed$2
WARNING: Passing commandline options via the property 'cucumber.options' is no longer supported. Please use individual properties instead. See the java doc on io.cucumber.core.options.Constants for details.
[TestNG-test=Sell Plant Validation Test-1] INFO io.github.bonigarcia.wdm.WebDriverManager - Using chromedriver 144.0.7559.133 (resolved driver for Chrome 144)
[TestNG-test=Sell Plant Validation Test-1] INFO io.github.bonigarcia.wdm.WebDriverManager - Exporting webdriver.chrome.driver as /Users/rajithsingh/.cache/selenium/chromedriver/mac-arm64/144.0.7559.133/chromedriver
Feb 07, 2026 7:53:30 PM org.openqa.selenium.devtools.CdpVersionFinder findNearestMatch
WARNING: Unable to find CDP implementation matching 144
Feb 07, 2026 7:53:30 PM org.openqa.selenium.chromium.ChromiumDriver lambda$new$5
WARNING: Unable to find version of CDP to use for 144.0.7559.133. You may need to include a dependency on a specific version of the CDP using something similar to `org.seleniumhq.selenium:selenium-devtools-v86:4.15.0` where the version ("v86") matches the version of the chromium-based browser you're using and the version number of the artifact is the same as Selenium's.
]]></system-err>
  </testcase>
  <testcase name="runScenario[&quot;TC_UI_SAL_16 - Verify dropdown updates after sales (if multiple tabs/windows)&quot;, &quot;Sales Navigation Functionality&quot;](1)" classname="com.example.runners.UiTestRunner" time="45.476">
    <system-out><![CDATA[
@ui @user @sales @navigation @TC_UI_SAL_16 @multi-tab @stock-update @regression
Scenario: TC_UI_SAL_16 - Verify dropdown updates after sales (if multiple tabs/windows) # src/test/resources/features/ui/sales/sell_plant_navigation.feature:61
=== Starting UI Test: TC_UI_SAL_16 - Verify dropdown updates after sales (if multiple tabs/windows) ===
Using admin credentials for login: admin
Login completed successfully
  Given user is logged into the application                                             # com.example.ui.stepDefinitions.sales.SalesListSteps.userIsLoggedIntoTheApplication()
Navigation to sales list completed
After navigation, current URL: http://localhost:8081/ui/sales
  And user navigates to Sales List page                                                 # com.example.ui.stepDefinitions.sales.SalesListSteps.userNavigatesToSalesListPage()
Current URL when checking Sales List page: http://localhost:8081/ui/sales
  And user is on Sales List page                                                        # com.example.ui.stepDefinitions.sales.SalesListSteps.userIsOnSalesListPage()
  And Sell Plant button is visible                                                      # com.example.ui.stepDefinitions.sales.SalesListSteps.sellPlantButtonIsVisible()
  When user clicks Sell Plant button                                                    # com.example.ui.stepDefinitions.sales.SalesListSteps.userClicksSellPlantButton()
Sell plant form is visible
Sell plant heading is visible
Plant dropdown is clickable
Quantity field is clickable
Submit button is clickable
  Then Sell Plant form should load successfully                                         # com.example.ui.stepDefinitions.sales.SellPlantSteps.sell_plant_form_should_load_successfully()
DEBUG: Found 65 dropdown options:
DEBUG: Option text: '-- Select Plant --'
DEBUG: Option text: 'Rose (Stock: 50)'
DEBUG: Option text: 'Tulip (Stock: 40)'
DEBUG: Option text: 'Lily (Stock: 60)'
DEBUG: Option text: 'Snake Plant (Stock: 30)'
DEBUG: Option text: 'Spider Plant (Stock: 45)'
DEBUG: Option text: 'Peace Lily (Stock: 25)'
DEBUG: Option text: 'Mango Tree (Stock: 10)'
DEBUG: Found plant Mango Tree in dropdown
DEBUG: Extracted stock (Stock: format): 10
Initial stock for Mango Tree: 10
  And plant "Mango Tree" is available in dropdown                                       # com.example.ui.stepDefinitions.sales.SellPlantSteps.plant_is_available_in_dropdown(java.lang.String)
DEBUG: Found 65 dropdown options:
DEBUG: Option text: '-- Select Plant --'
DEBUG: Option text: 'Rose (Stock: 50)'
DEBUG: Option text: 'Tulip (Stock: 40)'
DEBUG: Option text: 'Lily (Stock: 60)'
DEBUG: Option text: 'Snake Plant (Stock: 30)'
DEBUG: Option text: 'Spider Plant (Stock: 45)'
DEBUG: Option text: 'Peace Lily (Stock: 25)'
DEBUG: Option text: 'Mango Tree (Stock: 10)'
DEBUG: Found plant Mango Tree in dropdown
DEBUG: Extracted stock (Stock: format): 10
Mango Tree initial stock: 10
  And Mango Tree has initial stock of 10                                                # com.example.ui.stepDefinitions.sales.SellPlantSteps.mango_tree_has_initial_stock_of(java.lang.Integer)
Tab1 handle: 1AA1D867F68C7C3B432E7CA963707D6E
Sell plant form is visible
Sell plant heading is visible
Plant dropdown is clickable
Quantity field is clickable
Submit button is clickable
Opened new tab and navigated to Sell Plant form
Tab2 handle: 6D60B7D1D9F2341EEA7310A57E93D41C
  When user opens new tab and navigates to Sell Plant form                              # com.example.ui.stepDefinitions.sales.SellPlantSteps.user_opens_new_tab_and_navigates_to_sell_plant_form()
Switched to Tab1
Sell plant form is visible
Sell plant heading is visible
Plant dropdown is clickable
Quantity field is clickable
Submit button is clickable
  And user switches to Tab1                                                             # com.example.ui.stepDefinitions.sales.SellPlantSteps.user_switches_to_tab1()
Selected plant: Mango Tree
  When user selects "Mango Tree" from plant dropdown                                    # com.example.ui.stepDefinitions.sales.SellPlantSteps.user_selects_from_plant_dropdown(java.lang.String)
Entered quantity: 3
  And user enters "3" in Quantity field                                                 # com.example.ui.stepDefinitions.sales.SellPlantSteps.user_enters_in_quantity_field(java.lang.String)
Clicked Sell button
=== DEBUG: Page Elements ===
Current URL: http://localhost:8081/ui/sales
Form found: true
Plant dropdown not found
Quantity field not found
Error elements found: 1
Error text: 'Logout' (displayed: true)
=== END DEBUG ===
  And user clicks Sell button                                                           # com.example.ui.stepDefinitions.sales.SellPlantSteps.user_clicks_sell_button()
  Then sale should be successful                                                        # com.example.ui.stepDefinitions.sales.SellPlantSteps.sale_should_be_successful()
Sell plant form is visible
Sell plant heading is visible
Plant dropdown is clickable
Quantity field is clickable
Submit button is clickable
Navigated to Sell Plant form
  And user navigates back to Sell Plant form                                            # com.example.ui.stepDefinitions.sales.SellPlantSteps.user_navigates_back_to_sell_plant_form()
Sell plant form is visible
Sell plant heading is visible
Plant dropdown is clickable
Quantity field is clickable
Submit button is clickable
DEBUG: Found 65 dropdown options:
DEBUG: Option text: '-- Select Plant --'
DEBUG: Option text: 'Rose (Stock: 50)'
DEBUG: Option text: 'Tulip (Stock: 40)'
DEBUG: Option text: 'Lily (Stock: 60)'
DEBUG: Option text: 'Snake Plant (Stock: 30)'
DEBUG: Option text: 'Spider Plant (Stock: 45)'
DEBUG: Option text: 'Peace Lily (Stock: 25)'
DEBUG: Option text: 'Mango Tree (Stock: 7)'
DEBUG: Found plant Mango Tree in dropdown
DEBUG: Extracted stock (Stock: format): 7
Using calculated expected stock for Mango Tree: 7 (initial: 10 - 3 sold)
Verified in Tab1: Mango Tree stock is 7
  And stock for "Mango Tree" should be 7 in Tab1                                        # com.example.ui.stepDefinitions.sales.SellPlantSteps.stock_for_should_be_in_tab1(java.lang.String,java.lang.Integer)
Switched to Tab2
Sell plant form is visible
Sell plant heading is visible
Plant dropdown is clickable
Quantity field is clickable
Submit button is clickable
  When user switches to Tab2                                                            # com.example.ui.stepDefinitions.sales.SellPlantSteps.user_switches_to_tab2()
Page refreshed successfully
  And user refreshes the page                                                           # com.example.ui.stepDefinitions.sales.SellPlantSteps.user_refreshes_the_page()
  Then page should refresh without errors                                               # com.example.ui.stepDefinitions.sales.SellPlantSteps.page_should_refresh_without_errors()
After refresh, dropdown shows: Mango Tree (Stock: 7)
  And plant "Mango Tree" should be available in dropdown after refresh                  # com.example.ui.stepDefinitions.sales.SellPlantSteps.plant_should_be_available_in_dropdown_after_refresh(java.lang.String)
Sell plant form is visible
Sell plant heading is visible
Plant dropdown is clickable
Quantity field is clickable
Submit button is clickable
DEBUG: Found 65 dropdown options:
DEBUG: Option text: '-- Select Plant --'
DEBUG: Option text: 'Rose (Stock: 50)'
DEBUG: Option text: 'Tulip (Stock: 40)'
DEBUG: Option text: 'Lily (Stock: 60)'
DEBUG: Option text: 'Snake Plant (Stock: 30)'
DEBUG: Option text: 'Spider Plant (Stock: 45)'
DEBUG: Option text: 'Peace Lily (Stock: 25)'
DEBUG: Option text: 'Mango Tree (Stock: 7)'
DEBUG: Found plant Mango Tree in dropdown
DEBUG: Extracted stock (Stock: format): 7
Using calculated expected stock for Mango Tree: 7 (initial: 10 - 3 sold)
Verified in Tab2: Mango Tree stock is 7
  And stock for "Mango Tree" should be 7 in Tab2                                        # com.example.ui.stepDefinitions.sales.SellPlantSteps.stock_for_should_be_in_tab2(java.lang.String,java.lang.Integer)
=== Finished UI Test: TC_UI_SAL_16 - Verify dropdown updates after sales (if multiple tabs/windows) ===

]]></system-out>
    <system-err><![CDATA[Feb 07, 2026 7:53:45 PM io.cucumber.core.options.CucumberPropertiesParser lambda$warnWhenCucumberOptionsIsUsed$2
WARNING: Passing commandline options via the property 'cucumber.options' is no longer supported. Please use individual properties instead. See the java doc on io.cucumber.core.options.Constants for details.
[TestNG-test=Multi-tab Stock Update Test-1] INFO io.github.bonigarcia.wdm.WebDriverManager - Using chromedriver 144.0.7559.133 (resolved driver for Chrome 144)
[TestNG-test=Multi-tab Stock Update Test-1] INFO io.github.bonigarcia.wdm.WebDriverManager - Exporting webdriver.chrome.driver as /Users/rajithsingh/.cache/selenium/chromedriver/mac-arm64/144.0.7559.133/chromedriver
Feb 07, 2026 7:53:46 PM org.openqa.selenium.devtools.CdpVersionFinder findNearestMatch
WARNING: Unable to find CDP implementation matching 144
Feb 07, 2026 7:53:46 PM org.openqa.selenium.chromium.ChromiumDriver lambda$new$5
WARNING: Unable to find version of CDP to use for 144.0.7559.133. You may need to include a dependency on a specific version of the CDP using something similar to `org.seleniumhq.selenium:selenium-devtools-v86:4.15.0` where the version ("v86") matches the version of the chromium-based browser you're using and the version number of the artifact is the same as Selenium's.
Feb 07, 2026 7:54:30 PM org.openqa.selenium.os.ExternalProcess$Builder lambda$start$0
WARNING: failed to copy the output of process 88898
java.io.IOException: Stream closed
	at java.base/java.io.BufferedInputStream.ensureOpen(BufferedInputStream.java:206)
	at java.base/java.io.BufferedInputStream.implRead(BufferedInputStream.java:411)
	at java.base/java.io.BufferedInputStream.read(BufferedInputStream.java:405)
	at java.base/java.io.InputStream.transferTo(InputStream.java:796)
	at java.base/java.io.BufferedInputStream.implTransferTo(BufferedInputStream.java:657)
	at java.base/java.io.BufferedInputStream.transferTo(BufferedInputStream.java:637)
	at org.openqa.selenium.os.ExternalProcess$Builder.lambda$start$0(ExternalProcess.java:209)
	at java.base/java.lang.Thread.run(Thread.java:1583)

]]></system-err>
  </testcase>
  <testcase name="runScenario[&quot;TC_UI_SAL_17 - Verify form retains data after validation error&quot;, &quot;Sales Navigation Functionality&quot;](1)" classname="com.example.runners.UiTestRunner" time="38.83">
    <system-out><![CDATA[
@ui @user @sales @navigation @TC_UI_SAL_17 @form-retention @validation @regression
Scenario: TC_UI_SAL_17 - Verify form retains data after validation error # src/test/resources/features/ui/sales/sell_plant_navigation.feature:98
=== Starting UI Test: TC_UI_SAL_17 - Verify form retains data after validation error ===
Using admin credentials for login: admin
Login completed successfully
  Given user is logged into the application                              # com.example.ui.stepDefinitions.sales.SalesListSteps.userIsLoggedIntoTheApplication()
Navigation to sales list completed
After navigation, current URL: http://localhost:8081/ui/sales
  And user navigates to Sales List page                                  # com.example.ui.stepDefinitions.sales.SalesListSteps.userNavigatesToSalesListPage()
Current URL when checking Sales List page: http://localhost:8081/ui/sales
  And user is on Sales List page                                         # com.example.ui.stepDefinitions.sales.SalesListSteps.userIsOnSalesListPage()
  And Sell Plant button is visible                                       # com.example.ui.stepDefinitions.sales.SalesListSteps.sellPlantButtonIsVisible()
  When user clicks Sell Plant button                                     # com.example.ui.stepDefinitions.sales.SalesListSteps.userClicksSellPlantButton()
Sell plant form is visible
Sell plant heading is visible
Plant dropdown is clickable
Quantity field is clickable
Submit button is clickable
  Then Sell Plant form should load successfully                          # com.example.ui.stepDefinitions.sales.SellPlantSteps.sell_plant_form_should_load_successfully()
Selected plant: Mango Tree
  When user selects "Mango Tree" from plant dropdown                     # com.example.ui.stepDefinitions.sales.SellPlantSteps.user_selects_from_plant_dropdown(java.lang.String)
Entered quantity: 0
  And user enters "0" in Quantity field                                  # com.example.ui.stepDefinitions.sales.SellPlantSteps.user_enters_in_quantity_field(java.lang.String)
Clicked Sell button
=== DEBUG: Page Elements ===
Current URL: http://localhost:8081/ui/sales/new
Form found: true
Plant dropdown found: true
Plant dropdown value: 8
Dropdown options found: 65
  Option: '-- Select Plant --'
  Option: 'Rose (Stock: 50)'
  Option: 'Tulip (Stock: 40)'
  Option: 'Lily (Stock: 60)'
  Option: 'Snake Plant (Stock: 30)'
  Option: 'Spider Plant (Stock: 45)'
  Option: 'Peace Lily (Stock: 25)'
  Option: 'Mango Tree (Stock: 7)'
  Option: 'Neem Tree (Stock: 15)'
  Option: 'Aloe Vera (Stock: 67)'
  Option: 'Cactus (Stock: 80)'
  Option: 'Bonsai (Stock: 55)'
  Option: 'Money Plant (Stock: 53)'
  Option: 'Monstera Deliciosa (Stock: 20)'
  Option: 'ZZZ Plant (Stock: 20)'
  Option: 'Fern (Stock: 40)'
  Option: 'Jade Plant (Stock: 30)'
  Option: 'Lavender (Stock: 70)'
  Option: 'Palm Tree (Stock: 8)'
  Option: 'Tulsi (Stock: 90)'
  Option: 'Orchid (Stock: 18)'
  Option: 'Bamboo (Stock: 22)'
  Option: 'Sunflower (Stock: 85)'
  Option: 'Croton (Stock: 25)'
  Option: 'Areca Palm (Stock: 14)'
  Option: 'Hibiscus (Stock: 45)'
  Option: 'Lotus (Stock: 12)'
  Option: 'Banana Tree (Stock: 10)'
  Option: 'Guava Tree (Stock: 18)'
  Option: 'Rubber Plant (Stock: 19)'
  Option: 'Ficus (Stock: 24)'
  Option: 'Chrysanthemum (Stock: 65)'
  Option: 'Peony (Stock: 20)'
  Option: 'Pine Tree (Stock: 30)'
  Option: 'Oak Tree (Stock: 4)'
  Option: 'Mint (Stock: 90)'
  Option: 'Coriander (Stock: 100)'
  Option: 'Basil (Stock: 88)'
  Option: 'Anthurium (Stock: 16)'
  Option: 'Daffodil (Stock: 58)'
  Option: 'Blueberry Bush (Stock: 13)'
  Option: 'Strawberry (Stock: 72)'
  Option: 'Geranium (Stock: 48)'
  Option: 'Adenium (Stock: 22)'
  Option: 'Zamia (Stock: 11)'
  Option: 'Ixora (Stock: 37)'
  Option: 'Marigold (Stock: 92)'
  Option: 'Petunia (Stock: 98)'
  Option: 'Maple Tree (Stock: 3)'
  Option: 'Olive Tree (Stock: 7)'
  Option: 'Pothos (Stock: 34)'
  Option: 'Calathea (Stock: 21)'
  Option: 'Begonia (Stock: 52)'
  Option: 'Azalea (Stock: 33)'
  Option: 'Juniper (Stock: 9)'
  Option: 'Cedar Tree (Stock: 2)'
  Option: 'Thyme (Stock: 86)'
  Option: 'Oregano (Stock: 82)'
  Option: 'Parsley (Stock: 97)'
  Option: 'Yucca (Stock: 12)'
  Option: 'Dieffenbachia (Stock: 24)'
  Option: 'Zinnia (Stock: 74)'
  Option: 'Cosmos (Stock: 69)'
  Option: 'Eucalyptus (Stock: 6)'
  Option: 'ABC Plant (Stock: 25)'
Quantity field found: true
Quantity field value: 0
Error elements found: 1
Error text: 'Logout' (displayed: true)
Page source contains error-related text
=== END DEBUG ===
  And user clicks Sell button                                            # com.example.ui.stepDefinitions.sales.SellPlantSteps.user_clicks_sell_button()
Form validation passed - user remains on sell plant page
  Then form should not be submitted                                      # com.example.ui.stepDefinitions.sales.SellPlantSteps.form_should_not_be_submitted()
HTML5 validation message found: Value must be greater than or equal to 1.
HTML5 validation message found: Value must be greater than or equal to 1.
Validation error message displayed: Value must be greater than or equal to 1.
  And validation error message should be displayed                       # com.example.ui.stepDefinitions.sales.SellPlantSteps.validation_error_message_should_be_displayed()
DEBUG: Checking selected plant from dropdown...
DEBUG: No option with @selected attribute found
DEBUG: Dropdown value attribute: 8
DEBUG: Found 65 options in dropdown
DEBUG: Option - Value: , Text: -- Select Plant --
DEBUG: Option - Value: 1, Text: Rose (Stock: 50)
DEBUG: Option - Value: 2, Text: Tulip (Stock: 40)
DEBUG: Option - Value: 3, Text: Lily (Stock: 60)
DEBUG: Option - Value: 5, Text: Snake Plant (Stock: 30)
DEBUG: Option - Value: 6, Text: Spider Plant (Stock: 45)
DEBUG: Option - Value: 7, Text: Peace Lily (Stock: 25)
DEBUG: Option - Value: 8, Text: Mango Tree (Stock: 7)
DEBUG: Found matching option: Mango Tree (Stock: 7)
Verified selected plant remains: Mango Tree (Stock: 7)
  And selected plant should remain as "Mango Tree"                       # com.example.ui.stepDefinitions.sales.SellPlantSteps.selected_plant_should_remain_as(java.lang.String)
DEBUG: Quantity field value: 0
Verified quantity field retains value: 0
  And quantity field should retain value "0"                             # com.example.ui.stepDefinitions.sales.SellPlantSteps.quantity_field_should_retain_value(java.lang.String)
Entered quantity: 2
Corrected quantity to: 2
  When user corrects quantity to "2"                                     # com.example.ui.stepDefinitions.sales.SellPlantSteps.user_corrects_quantity_to(java.lang.String)
Clicked Sell button
=== DEBUG: Page Elements ===
Current URL: http://localhost:8081/ui/sales/new
Form not found
Plant dropdown not found
Quantity field not found
Error elements found: 1
Error text: 'Logout' (displayed: true)
=== END DEBUG ===
  And user clicks Sell button                                            # com.example.ui.stepDefinitions.sales.SellPlantSteps.user_clicks_sell_button()
  Then sale should be successful                                         # com.example.ui.stepDefinitions.sales.SellPlantSteps.sale_should_be_successful()
Current URL after successful sale: http://localhost:8081/ui/sales
No success message or confirmation element found
Redirect verification passed - user is on appropriate page after sale
  And user should be redirected to sales list or confirmation page       # com.example.ui.stepDefinitions.sales.SellPlantSteps.user_should_be_redirected_to_sales_list_or_confirmation_page()
=== Finished UI Test: TC_UI_SAL_17 - Verify form retains data after validation error ===

]]></system-out>
    <system-err><![CDATA[Feb 07, 2026 7:54:30 PM io.cucumber.core.options.CucumberPropertiesParser lambda$warnWhenCucumberOptionsIsUsed$2
WARNING: Passing commandline options via the property 'cucumber.options' is no longer supported. Please use individual properties instead. See the java doc on io.cucumber.core.options.Constants for details.
[TestNG-test=Form Retention Test-1] INFO io.github.bonigarcia.wdm.WebDriverManager - Using chromedriver 144.0.7559.133 (resolved driver for Chrome 144)
[TestNG-test=Form Retention Test-1] INFO io.github.bonigarcia.wdm.WebDriverManager - Exporting webdriver.chrome.driver as /Users/rajithsingh/.cache/selenium/chromedriver/mac-arm64/144.0.7559.133/chromedriver
Feb 07, 2026 7:54:32 PM org.openqa.selenium.devtools.CdpVersionFinder findNearestMatch
WARNING: Unable to find CDP implementation matching 144
Feb 07, 2026 7:54:32 PM org.openqa.selenium.chromium.ChromiumDriver lambda$new$5
WARNING: Unable to find version of CDP to use for 144.0.7559.133. You may need to include a dependency on a specific version of the CDP using something similar to `org.seleniumhq.selenium:selenium-devtools-v86:4.15.0` where the version ("v86") matches the version of the chromium-based browser you're using and the version number of the artifact is the same as Selenium's.
]]></system-err>
  </testcase>
  <testcase name="runScenario[&quot;TC_UI_SALES_USER_06 - Verify sales data defaults to newest-first order&quot;, &quot;Sales List Default Date Sorting&quot;](1)" classname="com.example.runners.SalesListDateSortingTestRunner" time="12.589">
    <system-out><![CDATA[
@ui @user @sales @sorting @date @TC_UI_SALES_USER_06 @smoke @regression
Scenario: TC_UI_SALES_USER_06 - Verify sales data defaults to newest-first order # src/test/resources/features/ui/sales/sales_list_date_sorting.feature:5
Using testuser credentials for login: testuser
Login completed successfully
  Given testuser is logged into the application                                  # com.example.ui.stepDefinitions.sales.SalesListSteps.testuserIsLoggedIntoTheApplication()
Navigation to sales list completed
After navigation, current URL: http://localhost:8081/ui/sales
  And user navigates to Sales List page                                          # com.example.ui.stepDefinitions.sales.SalesListSteps.userNavigatesToSalesListPage()
Current URL when checking Sales List page: http://localhost:8081/ui/sales
  And user is on Sales List page                                                 # com.example.ui.stepDefinitions.sales.SalesListSteps.userIsOnSalesListPage()
  And sales records are displayed for plants                                     # com.example.ui.stepDefinitions.sales.SalesListSteps.salesRecordsAreDisplayedForPlants()
Sold dates found: [2026-02-07, 2026-02-07, 2026-02-06, 2026-02-05, 2026-02-05, 2026-02-05]
  And verify initial sold dates are displayed                                    # com.example.ui.stepDefinitions.sales.SalesListSteps.verifyInitialSoldDatesAreDisplayed()
Actual sold dates: [2026-02-07, 2026-02-07, 2026-02-06, 2026-02-05, 2026-02-05, 2026-02-05]
  Then sales should be sorted in descending order by Sold Date                   # com.example.ui.stepDefinitions.sales.SalesListSteps.salesShouldBeSortedInDescendingOrderBySoldDate()
  And the first record should show the most recent date                          # com.example.ui.stepDefinitions.sales.SalesListSteps.theFirstRecordShouldShowTheMostRecentDate()
  And the second record should show the next most recent date                    # com.example.ui.stepDefinitions.sales.SalesListSteps.theSecondRecordShouldShowTheNextMostRecentDate()
  And the last record should show an older date                                  # com.example.ui.stepDefinitions.sales.SalesListSteps.theLastRecordShouldShowAnOlderDate()
  When user refreshes the sales list page                                        # com.example.ui.stepDefinitions.sales.SalesListSteps.userRefreshesTheSalesListPage()
Current URL when checking Sales List page: http://localhost:8081/ui/sales
  And user is on Sales List page                                                 # com.example.ui.stepDefinitions.sales.SalesListSteps.userIsOnSalesListPage()
Actual sold dates: [2026-02-07, 2026-02-07, 2026-02-06, 2026-02-05, 2026-02-05, 2026-02-05]
  Then sales should still be sorted in descending order by Sold Date             # com.example.ui.stepDefinitions.sales.SalesListSteps.salesShouldStillBeSortedInDescendingOrderBySoldDate()
  And the sort order remains consistent after refreshing                         # com.example.ui.stepDefinitions.sales.SalesListSteps.theSortOrderRemainsConsistentAfterRefreshing()
]]></system-out>
    <system-err><![CDATA[Feb 07, 2026 7:55:10 PM io.cucumber.core.options.CucumberPropertiesParser lambda$warnWhenCucumberOptionsIsUsed$2
WARNING: Passing commandline options via the property 'cucumber.options' is no longer supported. Please use individual properties instead. See the java doc on io.cucumber.core.options.Constants for details.
[TestNG-test=Sales List Date Sorting Test-1] INFO io.github.bonigarcia.wdm.WebDriverManager - Using chromedriver 144.0.7559.133 (resolved driver for Chrome 144)
[TestNG-test=Sales List Date Sorting Test-1] INFO io.github.bonigarcia.wdm.WebDriverManager - Exporting webdriver.chrome.driver as /Users/rajithsingh/.cache/selenium/chromedriver/mac-arm64/144.0.7559.133/chromedriver
Feb 07, 2026 7:55:11 PM org.openqa.selenium.devtools.CdpVersionFinder findNearestMatch
WARNING: Unable to find CDP implementation matching 144
Feb 07, 2026 7:55:11 PM org.openqa.selenium.chromium.ChromiumDriver lambda$new$5
WARNING: Unable to find version of CDP to use for 144.0.7559.133. You may need to include a dependency on a specific version of the CDP using something similar to `org.seleniumhq.selenium:selenium-devtools-v86:4.15.0` where the version ("v86") matches the version of the chromium-based browser you're using and the version number of the artifact is the same as Selenium's.
]]></system-err>
  </testcase>
  <testcase name="runScenario[&quot;TC_UI_SALES_USER_07 - Verify Sold Date column shows descending sort indicator&quot;, &quot;Sales List Sold Date Sort Indicator&quot;](1)" classname="com.example.runners.SalesListSoldDateSortIndicatorTestRunner" time="31.002">
    <failure message="Sold Date column header should display a sort indicator expected [true] but found [false]" type="java.lang.AssertionError"><![CDATA[java.lang.AssertionError: Sold Date column header should display a sort indicator expected [true] but found [false]
	at org.testng.Assert.fail(Assert.java:111)
	at org.testng.Assert.failNotEquals(Assert.java:1578)
	at org.testng.Assert.assertTrue(Assert.java:57)
	at com.example.ui.stepDefinitions.sales.SalesListSteps.theColumnHeaderShouldDisplayAVisualSortIndicator(SalesListSteps.java:666)
	at ✽.the "Sold Date" column header should display a visual sort indicator(file:///Users/rajithsingh/Desktop/ITQA/ITFac_Batch21_Group53/src/test/resources/features/ui/sales/sales_list_sold_date_sort_indicator.feature:21)
]]></failure>
    <system-out><![CDATA[
@ui @user @sales @sorting @date @indicator @TC_UI_SALES_USER_07 @smoke @regression
Scenario: TC_UI_SALES_USER_07 - Verify Sold Date column shows descending sort indicator # src/test/resources/features/ui/sales/sales_list_sold_date_sort_indicator.feature:5
Using testuser credentials for login: testuser
Login completed successfully
  Given testuser is logged into the application                                         # com.example.ui.stepDefinitions.sales.SalesListSteps.testuserIsLoggedIntoTheApplication()
Navigation to sales list completed
After navigation, current URL: http://localhost:8081/ui/sales
  And user navigates to Sales List page                                                 # com.example.ui.stepDefinitions.sales.SalesListSteps.userNavigatesToSalesListPage()
Current URL when checking Sales List page: http://localhost:8081/ui/sales
  And user is on Sales List page                                                        # com.example.ui.stepDefinitions.sales.SalesListSteps.userIsOnSalesListPage()
  And sales records are displayed for plants                                            # com.example.ui.stepDefinitions.sales.SalesListSteps.salesRecordsAreDisplayedForPlants()
Sold dates found: [2026-02-07, 2026-02-07, 2026-02-06, 2026-02-05, 2026-02-05, 2026-02-05]
  And verify initial sold dates are displayed                                           # com.example.ui.stepDefinitions.sales.SalesListSteps.verifyInitialSoldDatesAreDisplayed()
  When the Sales List page loads                                                        # com.example.ui.stepDefinitions.sales.SalesListSteps.theSalesListPageLoads()
  Then the "Sold Date" column header should display a visual sort indicator             # com.example.ui.stepDefinitions.sales.SalesListSteps.theColumnHeaderShouldDisplayAVisualSortIndicator(java.lang.String)
      java.lang.AssertionError: Sold Date column header should display a sort indicator expected [true] but found [false]
	at org.testng.Assert.fail(Assert.java:111)
	at org.testng.Assert.failNotEquals(Assert.java:1578)
	at org.testng.Assert.assertTrue(Assert.java:57)
	at com.example.ui.stepDefinitions.sales.SalesListSteps.theColumnHeaderShouldDisplayAVisualSortIndicator(SalesListSteps.java:666)
	at ✽.the "Sold Date" column header should display a visual sort indicator(file:///Users/rajithsingh/Desktop/ITQA/ITFac_Batch21_Group53/src/test/resources/features/ui/sales/sales_list_sold_date_sort_indicator.feature:21)

  And the sort indicator should be a downward arrow (↓) indicating descending order
  And no other column headers should show any sort indicators                           # com.example.ui.stepDefinitions.sales.SalesListSteps.noOtherColumnHeadersShouldShowAnySortIndicators()
  And the "Plant Name" column header should not show any sort indicators                # com.example.ui.stepDefinitions.sales.SalesListSteps.theColumnHeaderShouldNotShowAnySortIndicators(java.lang.String)
  And the "Quantity" column header should not show any sort indicators                  # com.example.ui.stepDefinitions.sales.SalesListSteps.theColumnHeaderShouldNotShowAnySortIndicators(java.lang.String)
  And the "Total Price" column header should not show any sort indicators               # com.example.ui.stepDefinitions.sales.SalesListSteps.theColumnHeaderShouldNotShowAnySortIndicators(java.lang.String)
  And sales should be sorted in descending order by Sold Date                           # com.example.ui.stepDefinitions.sales.SalesListSteps.salesShouldBeSortedInDescendingOrderBySoldDate()
  And the visual indicator should match the actual sort direction                       # com.example.ui.stepDefinitions.sales.SalesListSteps.theVisualIndicatorShouldMatchTheActualSortDirection()
]]></system-out>
    <system-err><![CDATA[Feb 07, 2026 7:55:22 PM io.cucumber.core.options.CucumberPropertiesParser lambda$warnWhenCucumberOptionsIsUsed$2
WARNING: Passing commandline options via the property 'cucumber.options' is no longer supported. Please use individual properties instead. See the java doc on io.cucumber.core.options.Constants for details.
[TestNG-test=Sales List Sold Date Sort Indicator Test-1] INFO io.github.bonigarcia.wdm.WebDriverManager - Using chromedriver 144.0.7559.133 (resolved driver for Chrome 144)
[TestNG-test=Sales List Sold Date Sort Indicator Test-1] INFO io.github.bonigarcia.wdm.WebDriverManager - Exporting webdriver.chrome.driver as /Users/rajithsingh/.cache/selenium/chromedriver/mac-arm64/144.0.7559.133/chromedriver
Feb 07, 2026 7:55:25 PM org.openqa.selenium.devtools.CdpVersionFinder findNearestMatch
WARNING: Unable to find CDP implementation matching 144
Feb 07, 2026 7:55:25 PM org.openqa.selenium.chromium.ChromiumDriver lambda$new$5
WARNING: Unable to find version of CDP to use for 144.0.7559.133. You may need to include a dependency on a specific version of the CDP using something similar to `org.seleniumhq.selenium:selenium-devtools-v86:4.15.0` where the version ("v86") matches the version of the chromium-based browser you're using and the version number of the artifact is the same as Selenium's.
]]></system-err>
  </testcase>
  <testcase name="runScenario[&quot;TC_UI_SALES_USER_08 - Verify User can sort sales by Total Price&quot;, &quot;Sales List Total Price Sorting for Regular User&quot;](1)" classname="com.example.runners.SalesListTotalPriceSortingUserTestRunner" time="12.867">
    <system-out><![CDATA[
@ui @user @sales @sorting @totalprice @TC_UI_SALES_USER_08 @smoke @regression
Scenario: TC_UI_SALES_USER_08 - Verify User can sort sales by Total Price        # src/test/resources/features/ui/sales/sales_list_total_price_sorting_user.feature:5
Using testuser credentials for login: testuser
Login completed successfully
  Given testuser is logged into the application                                  # com.example.ui.stepDefinitions.sales.SalesListSteps.testuserIsLoggedIntoTheApplication()
Navigation to sales list completed
After navigation, current URL: http://localhost:8081/ui/sales
  And user navigates to Sales List page                                          # com.example.ui.stepDefinitions.sales.SalesListSteps.userNavigatesToSalesListPage()
Current URL when checking Sales List page: http://localhost:8081/ui/sales
  And user is on Sales List page                                                 # com.example.ui.stepDefinitions.sales.SalesListSteps.userIsOnSalesListPage()
  And sales records are displayed for plants                                     # com.example.ui.stepDefinitions.sales.SalesListSteps.salesRecordsAreDisplayedForPlants()
Actual total prices found: [100.0, 150.0, 10.0, 90.0, 28.0, 21.0]
Has different prices for sorting: true
  And verify initial total prices are displayed                                  # com.example.ui.stepDefinitions.sales.SalesListSteps.verifyInitialTotalPricesAreDisplayed()
  When user clicks Total Price column header once                                # com.example.ui.stepDefinitions.sales.SalesListSteps.userClicksTotalPriceColumnHeaderOnce()
  Then total prices should be sorted in ascending order                          # com.example.ui.stepDefinitions.sales.SalesListSteps.totalPricesShouldBeSortedInAscendingOrder()
  And the first record should show the lowest price                              # com.example.ui.stepDefinitions.sales.SalesListSteps.theFirstRecordShouldShowTheLowestPrice()
  And the last record should show the highest price                              # com.example.ui.stepDefinitions.sales.SalesListSteps.theLastRecordShouldShowTheHighestPrice()
Actual prices in ascending order: [10.0, 21.0, 28.0, 90.0, 100.0, 150.0]
  And expected ascending order should be "$10.00", "$20.00", "$30.00", "$40.00"  # com.example.ui.stepDefinitions.sales.SalesListSteps.expectedTotalPriceAscendingOrderShouldBe(java.lang.String,java.lang.String,java.lang.String,java.lang.String)
  When user clicks Total Price column header again                               # com.example.ui.stepDefinitions.sales.SalesListSteps.userClicksTotalPriceColumnHeaderAgain()
  Then total prices should be sorted in descending order                         # com.example.ui.stepDefinitions.sales.SalesListSteps.totalPricesShouldBeSortedInDescendingOrder()
  And the first record should show the highest price                             # com.example.ui.stepDefinitions.sales.SalesListSteps.theFirstRecordShouldShowTheHighestPrice()
  And the last record should show the lowest price                               # com.example.ui.stepDefinitions.sales.SalesListSteps.theLastRecordShouldShowTheLowestPrice()
Actual prices in descending order: [150.0, 100.0, 90.0, 28.0, 21.0, 10.0]
  And expected descending order should be "$40.00", "$30.00", "$20.00", "$10.00" # com.example.ui.stepDefinitions.sales.SalesListSteps.expectedTotalPriceDescendingOrderShouldBe(java.lang.String,java.lang.String,java.lang.String,java.lang.String)
]]></system-out>
    <system-err><![CDATA[Feb 07, 2026 7:55:54 PM io.cucumber.core.options.CucumberPropertiesParser lambda$warnWhenCucumberOptionsIsUsed$2
WARNING: Passing commandline options via the property 'cucumber.options' is no longer supported. Please use individual properties instead. See the java doc on io.cucumber.core.options.Constants for details.
[TestNG-test=Sales List Total Price Sorting User Test-1] INFO io.github.bonigarcia.wdm.WebDriverManager - Using chromedriver 144.0.7559.133 (resolved driver for Chrome 144)
[TestNG-test=Sales List Total Price Sorting User Test-1] INFO io.github.bonigarcia.wdm.WebDriverManager - Exporting webdriver.chrome.driver as /Users/rajithsingh/.cache/selenium/chromedriver/mac-arm64/144.0.7559.133/chromedriver
Feb 07, 2026 7:55:55 PM org.openqa.selenium.devtools.CdpVersionFinder findNearestMatch
WARNING: Unable to find CDP implementation matching 144
Feb 07, 2026 7:55:55 PM org.openqa.selenium.chromium.ChromiumDriver lambda$new$5
WARNING: Unable to find version of CDP to use for 144.0.7559.133. You may need to include a dependency on a specific version of the CDP using something similar to `org.seleniumhq.selenium:selenium-devtools-v86:4.15.0` where the version ("v86") matches the version of the chromium-based browser you're using and the version number of the artifact is the same as Selenium's.
]]></system-err>
  </testcase>
  <testcase name="runScenario[&quot;TC_UI_PLANTS_USER_10 - Test Admin-only page restriction&quot;, &quot;Admin-only Page Restriction for Regular User&quot;](1)" classname="com.example.runners.AdminOnlyPageRestrictionTestRunner" time="22.484">
    <system-out><![CDATA[
@ui @user @plants @security @admin @TC_UI_PLANTS_USER_10 @smoke @regression
Scenario: TC_UI_PLANTS_USER_10 - Test Admin-only page restriction     # src/test/resources/features/ui/plants/admin_only_page_restriction.feature:5
Using testuser credentials for login: testuser
Login completed successfully
  Given testuser is logged into the application                       # com.example.ui.stepDefinitions.sales.SalesListSteps.testuserIsLoggedIntoTheApplication()
Navigation to plants list completed
After navigation, current URL: http://localhost:8081/ui/plants
  And user navigates to Plants List page                              # com.example.ui.stepDefinitions.plants.PlantListSteps.userNavigatesToPlantsListPage()
Current URL when checking Plants List page: http://localhost:8081/ui/plants
  And user is on Plants List page                                     # com.example.ui.stepDefinitions.plants.PlantListSteps.userIsOnPlantsListPage()
Attempting to access Admin-only URL: http://localhost:8081/ui/plants/add
  When user manually navigates to the Admin-only URL "/ui/plants/add" # com.example.ui.stepDefinitions.plants.PlantListSteps.userManuallyNavigatesToTheAdminOnlyURL(java.lang.String)
Current URL after restriction attempt: http://localhost:8081/ui/403
  Then user should be restricted from accessing the page              # com.example.ui.stepDefinitions.plants.PlantListSteps.userShouldBeRestrictedFromAccessingThePage()
Checking redirection - URL: http://localhost:8081/ui/403, Title: QA Training App | Access Denied
  And user should be redirected to either login page or error page    # com.example.ui.stepDefinitions.plants.PlantListSteps.userShouldBeRedirectedToEitherLoginPageOrErrorPage()
  And the URL should change to indicate restriction                   # com.example.ui.stepDefinitions.plants.PlantListSteps.theUrlShouldChangeToIndicateRestriction()
  And a clear permission error should be displayed                    # com.example.ui.stepDefinitions.plants.PlantListSteps.aClearPermissionErrorShouldBeDisplayed()
Checking restriction types from data table
Checking restriction type: Restriction Type - Description
Checking restriction type: Login Redirect - Redirected to login page
Checking restriction type: 403 Forbidden - 403 Forbidden error page
Found 403 Forbidden restriction
  And the system should show one of the following:                    # com.example.ui.stepDefinitions.plants.PlantListSteps.theSystemShouldShowOneOfTheFollowing(io.cucumber.datatable.DataTable)
    | Restriction Type | Description              |
    | Login Redirect   | Redirected to login page |
    | 403 Forbidden    | 403 Forbidden error page |
    | Access Denied    | Access Denied message    |
  And an error message should be displayed on the screen              # com.example.ui.stepDefinitions.plants.PlantListSteps.anErrorMessageShouldBeDisplayedOnTheScreen()
  And the error message should indicate insufficient permissions      # com.example.ui.stepDefinitions.plants.PlantListSteps.theErrorMessageShouldIndicateInsufficientPermissions()
]]></system-out>
    <system-err><![CDATA[Feb 07, 2026 7:56:06 PM io.cucumber.core.options.CucumberPropertiesParser lambda$warnWhenCucumberOptionsIsUsed$2
WARNING: Passing commandline options via the property 'cucumber.options' is no longer supported. Please use individual properties instead. See the java doc on io.cucumber.core.options.Constants for details.
[TestNG-test=Admin Only Page Restriction Test-1] INFO io.github.bonigarcia.wdm.WebDriverManager - Using chromedriver 144.0.7559.133 (resolved driver for Chrome 144)
[TestNG-test=Admin Only Page Restriction Test-1] INFO io.github.bonigarcia.wdm.WebDriverManager - Exporting webdriver.chrome.driver as /Users/rajithsingh/.cache/selenium/chromedriver/mac-arm64/144.0.7559.133/chromedriver
Feb 07, 2026 7:56:08 PM org.openqa.selenium.devtools.CdpVersionFinder findNearestMatch
WARNING: Unable to find CDP implementation matching 144
Feb 07, 2026 7:56:08 PM org.openqa.selenium.chromium.ChromiumDriver lambda$new$5
WARNING: Unable to find version of CDP to use for 144.0.7559.133. You may need to include a dependency on a specific version of the CDP using something similar to `org.seleniumhq.selenium:selenium-devtools-v86:4.15.0` where the version ("v86") matches the version of the chromium-based browser you're using and the version number of the artifact is the same as Selenium's.
]]></system-err>
  </testcase>
  <testcase name="runScenario[&quot;TC_UI_PLANTS_USER_11 - Verify User cannot access Edit Plant page&quot;, &quot;Edit Plant Page Restriction for Regular User&quot;](1)" classname="com.example.runners.EditPlantPageRestrictionTestRunner" time="24.749">
    <system-out><![CDATA[
@ui @user @plants @security @admin @TC_UI_PLANTS_USER_11 @smoke @regression
Scenario: TC_UI_PLANTS_USER_11 - Verify User cannot access Edit Plant page # src/test/resources/features/ui/plants/edit_plant_page_restriction.feature:5
Using testuser credentials for login: testuser
Login completed successfully
  Given testuser is logged into the application                            # com.example.ui.stepDefinitions.sales.SalesListSteps.testuserIsLoggedIntoTheApplication()
Navigation to plants list completed
After navigation, current URL: http://localhost:8081/ui/plants
  And user navigates to Plants List page                                   # com.example.ui.stepDefinitions.plants.PlantListSteps.userNavigatesToPlantsListPage()
Current URL when checking Plants List page: http://localhost:8081/ui/plants
  And user is on Plants List page                                          # com.example.ui.stepDefinitions.plants.PlantListSteps.userIsOnPlantsListPage()
Attempting to access Edit Plant page: http://localhost:8081/ui/plants/edit/1
  When user manually navigates to the Edit Plant page "/ui/plants/edit/1"  # com.example.ui.stepDefinitions.plants.PlantListSteps.userManuallyNavigatesToTheEditPlantPage(java.lang.String)
Current URL after restriction attempt: http://localhost:8081/ui/403
  Then user should be restricted from accessing the Edit Plant page        # com.example.ui.stepDefinitions.plants.PlantListSteps.userShouldBeRestrictedFromAccessingTheEditPlantPage()
Checking redirection - URL: http://localhost:8081/ui/403, Title: QA Training App | Access Denied
  And user should be redirected to either login page or error page         # com.example.ui.stepDefinitions.plants.PlantListSteps.userShouldBeRedirectedToEitherLoginPageOrErrorPage()
  And the URL should change to indicate restriction                        # com.example.ui.stepDefinitions.plants.PlantListSteps.theUrlShouldChangeToIndicateRestriction()
  And a clear permission error should be displayed                         # com.example.ui.stepDefinitions.plants.PlantListSteps.aClearPermissionErrorShouldBeDisplayed()
Checking restriction types from data table
Checking restriction type: Restriction Type - Description
Checking restriction type: Login Redirect - Redirected to login page
Checking restriction type: 403 Forbidden - 403 Forbidden error page
Found 403 Forbidden restriction
  And the system should show one of the following:                         # com.example.ui.stepDefinitions.plants.PlantListSteps.theSystemShouldShowOneOfTheFollowing(io.cucumber.datatable.DataTable)
    | Restriction Type | Description              |
    | Login Redirect   | Redirected to login page |
    | 403 Forbidden    | 403 Forbidden error page |
    | Access Denied    | Access Denied message    |
  And no edit form should be displayed to the user                         # com.example.ui.stepDefinitions.plants.PlantListSteps.noEditFormShouldBeDisplayedToTheUser()
  And the edit form fields should not be accessible                        # com.example.ui.stepDefinitions.plants.PlantListSteps.theEditFormFieldsShouldNotBeAccessible()
  And save/update buttons should not be available                          # com.example.ui.stepDefinitions.plants.PlantListSteps.save_update_buttons_should_not_be_available()
]]></system-out>
    <system-err><![CDATA[Feb 07, 2026 7:56:29 PM io.cucumber.core.options.CucumberPropertiesParser lambda$warnWhenCucumberOptionsIsUsed$2
WARNING: Passing commandline options via the property 'cucumber.options' is no longer supported. Please use individual properties instead. See the java doc on io.cucumber.core.options.Constants for details.
[TestNG-test=Edit Plant Page Restriction Test-1] INFO io.github.bonigarcia.wdm.WebDriverManager - Using chromedriver 144.0.7559.133 (resolved driver for Chrome 144)
[TestNG-test=Edit Plant Page Restriction Test-1] INFO io.github.bonigarcia.wdm.WebDriverManager - Exporting webdriver.chrome.driver as /Users/rajithsingh/.cache/selenium/chromedriver/mac-arm64/144.0.7559.133/chromedriver
Feb 07, 2026 7:56:31 PM org.openqa.selenium.devtools.CdpVersionFinder findNearestMatch
WARNING: Unable to find CDP implementation matching 144
Feb 07, 2026 7:56:31 PM org.openqa.selenium.chromium.ChromiumDriver lambda$new$5
WARNING: Unable to find version of CDP to use for 144.0.7559.133. You may need to include a dependency on a specific version of the CDP using something similar to `org.seleniumhq.selenium:selenium-devtools-v86:4.15.0` where the version ("v86") matches the version of the chromium-based browser you're using and the version number of the artifact is the same as Selenium's.
]]></system-err>
  </testcase>
  <testcase name="runScenario[&quot;User can access paginated plants with default parameters&quot;, &quot;Plants API&quot;](1)" classname="com.example.runners.ApiTestRunner" time="2.38">
    <system-out><![CDATA[
@api @TC_API_PLANTS_USER_06
Scenario: User can access paginated plants with default parameters # src/test/resources/features/api/plants.feature:9
=== Starting API Test: User can access paginated plants with default parameters ===
  Given user is authenticated                                      # com.example.api.stepDefinitions.AuthApiSteps.user_is_authenticated()
  When user requests paged plants with default parameters          # com.example.api.stepDefinitions.PlantApiSteps.user_requests_paged_plants_with_default_parameters()
  Then response status should be 200                               # com.example.api.stepDefinitions.PlantApiSteps.response_status_should_be(int)
  And response should contain content array                        # com.example.api.stepDefinitions.PlantApiSteps.response_should_contain_content_array()
  And totalElements should be at least 25                          # com.example.api.stepDefinitions.PlantApiSteps.totalElements_should_be_at_least(int)
  And totalPages should be greater than 0                          # com.example.api.stepDefinitions.PlantApiSteps.totalPages_should_be_greater_than(int)
  And response should contain pageable                             # com.example.api.stepDefinitions.PlantApiSteps.response_should_contain_pageable()
  And page number should be 0                                      # com.example.api.stepDefinitions.PlantApiSteps.page_number_should_be(int)
  And page size should be greater than 0                           # com.example.api.stepDefinitions.PlantApiSteps.page_size_should_be_greater_than(int)
=== Finished API Test: User can access paginated plants with default parameters ===

]]></system-out>
    <system-err><![CDATA[Feb 07, 2026 7:56:54 PM io.cucumber.core.options.CucumberPropertiesParser lambda$warnWhenCucumberOptionsIsUsed$2
WARNING: Passing commandline options via the property 'cucumber.options' is no longer supported. Please use individual properties instead. See the java doc on io.cucumber.core.options.Constants for details.
]]></system-err>
  </testcase>
  <testcase name="runScenario[&quot;User can control pagination parameters&quot;, &quot;Plants API&quot;](2)" classname="com.example.runners.ApiTestRunner" time="0.417">
    <system-out><![CDATA[
@api @TC_API_PLANTS_USER_07
Scenario: User can control pagination parameters          # src/test/resources/features/api/plants.feature:21
=== Starting API Test: User can control pagination parameters ===
  Given user is authenticated                             # com.example.api.stepDefinitions.AuthApiSteps.user_is_authenticated()
  When user requests paged plants with page 1 and size 10 # com.example.api.stepDefinitions.PlantApiSteps.user_requests_paged_plants_with_page_and_size(int,int)
  Then response status should be 200                      # com.example.api.stepDefinitions.PlantApiSteps.response_status_should_be(int)
  And response should contain content array               # com.example.api.stepDefinitions.PlantApiSteps.response_should_contain_content_array()
  And content size should be at most 10                   # com.example.api.stepDefinitions.PlantApiSteps.content_size_should_be_at_most(int)
  And page number should be 1                             # com.example.api.stepDefinitions.PlantApiSteps.page_number_should_be(int)
  And page size should be 10                              # com.example.api.stepDefinitions.PlantApiSteps.page_size_should_be(int)
  When user requests paged plants with page 2 and size 5  # com.example.api.stepDefinitions.PlantApiSteps.user_requests_paged_plants_with_page_and_size(int,int)
  Then response status should be 200                      # com.example.api.stepDefinitions.PlantApiSteps.response_status_should_be(int)
  And content size should be at most 5                    # com.example.api.stepDefinitions.PlantApiSteps.content_size_should_be_at_most(int)
  And page number should be 2                             # com.example.api.stepDefinitions.PlantApiSteps.page_number_should_be(int)
  And page size should be 5                               # com.example.api.stepDefinitions.PlantApiSteps.page_size_should_be(int)
  And totalElements should match between both requests    # com.example.api.stepDefinitions.PlantApiSteps.totalElements_should_match_between_both_requests()
=== Finished API Test: User can control pagination parameters ===

]]></system-out>
  </testcase>
  <testcase name="runScenario[&quot;User can sort plants by name via API&quot;, &quot;Plants API&quot;](3)" classname="com.example.runners.ApiTestRunner" time="0.372">
    <system-out><![CDATA[
@api @TC_API_PLANTS_USER_08
Scenario: User can sort plants by name via API                       # src/test/resources/features/api/plants.feature:38
=== Starting API Test: User can sort plants by name via API ===
  Given user is authenticated                                        # com.example.api.stepDefinitions.AuthApiSteps.user_is_authenticated()
  When user requests paged plants sorted by name ascending           # com.example.api.stepDefinitions.PlantApiSteps.user_requests_paged_plants_sorted_by_name_ascending()
  Then response status should be 200                                 # com.example.api.stepDefinitions.PlantApiSteps.response_status_should_be(int)
  And response should contain content array                          # com.example.api.stepDefinitions.PlantApiSteps.response_should_contain_content_array()
  When user requests paged plants sorted by name descending          # com.example.api.stepDefinitions.PlantApiSteps.user_requests_paged_plants_sorted_by_name_descending()
  Then response status should be 200                                 # com.example.api.stepDefinitions.PlantApiSteps.response_status_should_be(int)
  And response should contain content array                          # com.example.api.stepDefinitions.PlantApiSteps.response_should_contain_content_array()
  And first item in ascending should differ from first in descending # com.example.api.stepDefinitions.PlantApiSteps.first_item_ascending_differ_from_descending()
=== Finished API Test: User can sort plants by name via API ===

]]></system-out>
  </testcase>
  <testcase name="runScenario[&quot;User can sort plants by price via API&quot;, &quot;Plants API&quot;](4)" classname="com.example.runners.ApiTestRunner" time="0.344">
    <system-out><![CDATA[
@api @TC_API_PLANTS_USER_09
Scenario: User can sort plants by price via API                               # src/test/resources/features/api/plants.feature:50
=== Starting API Test: User can sort plants by price via API ===
  Given user is authenticated                                                 # com.example.api.stepDefinitions.AuthApiSteps.user_is_authenticated()
  When user requests paged plants sorted by price ascending                   # com.example.api.stepDefinitions.PlantApiSteps.user_requests_paged_plants_sorted_by_price_ascending()
  Then response status should be 200                                          # com.example.api.stepDefinitions.PlantApiSteps.response_status_should_be(int)
  And content should be ordered by price ascending                            # com.example.api.stepDefinitions.PlantApiSteps.content_should_be_ordered_by_price_ascending()
  When user requests paged plants sorted by price descending                  # com.example.api.stepDefinitions.PlantApiSteps.user_requests_paged_plants_sorted_by_price_descending()
  Then response status should be 200                                          # com.example.api.stepDefinitions.PlantApiSteps.response_status_should_be(int)
  And content should be ordered by price descending                           # com.example.api.stepDefinitions.PlantApiSteps.content_should_be_ordered_by_price_descending()
  And first ascending price should be less or equal to first descending price # com.example.api.stepDefinitions.PlantApiSteps.first_ascending_price_le_first_descending()
=== Finished API Test: User can sort plants by price via API ===

]]></system-out>
  </testcase>
  <testcase name="runScenario[&quot;User can sort plants by stock quantity via API&quot;, &quot;Plants API&quot;](5)" classname="com.example.runners.ApiTestRunner" time="0.451">
    <system-out><![CDATA[
@api @TC_API_PLANTS_USER_10
Scenario: User can sort plants by stock quantity via API                            # src/test/resources/features/api/plants.feature:62
=== Starting API Test: User can sort plants by stock quantity via API ===
  Given user is authenticated                                                       # com.example.api.stepDefinitions.AuthApiSteps.user_is_authenticated()
  When user requests paged plants sorted by quantity ascending                      # com.example.api.stepDefinitions.PlantApiSteps.user_requests_paged_plants_sorted_by_quantity_ascending()
  Then response status should be 200                                                # com.example.api.stepDefinitions.PlantApiSteps.response_status_should_be(int)
  And content should be ordered by quantity ascending                               # com.example.api.stepDefinitions.PlantApiSteps.content_should_be_ordered_by_quantity_ascending()
  When user requests paged plants sorted by quantity descending                     # com.example.api.stepDefinitions.PlantApiSteps.user_requests_paged_plants_sorted_by_quantity_descending()
  Then response status should be 200                                                # com.example.api.stepDefinitions.PlantApiSteps.response_status_should_be(int)
  And content should be ordered by quantity descending                              # com.example.api.stepDefinitions.PlantApiSteps.content_should_be_ordered_by_quantity_descending()
  And first ascending quantity should be less or equal to first descending quantity # com.example.api.stepDefinitions.PlantApiSteps.first_ascending_quantity_le_first_descending()
=== Finished API Test: User can sort plants by stock quantity via API ===

]]></system-out>
  </testcase>
  <testcase name="runScenario[&quot;User can search plants by name via API&quot;, &quot;Plants API&quot;](6)" classname="com.example.runners.ApiTestRunner" time="0.257">
    <system-out><![CDATA[
@api @TC_API_PLANTS_USER_11
Scenario: User can search plants by name via API     # src/test/resources/features/api/plants.feature:74
=== Starting API Test: User can search plants by name via API ===
  Given user is authenticated                        # com.example.api.stepDefinitions.AuthApiSteps.user_is_authenticated()
  When user searches plants by name "monstera"       # com.example.api.stepDefinitions.PlantApiSteps.user_searches_plants_by_name(java.lang.String)
  Then response status should be 200                 # com.example.api.stepDefinitions.PlantApiSteps.response_status_should_be(int)
  And response should contain content array          # com.example.api.stepDefinitions.PlantApiSteps.response_should_contain_content_array()
  And all content names should contain "monstera"    # com.example.api.stepDefinitions.PlantApiSteps.all_content_names_should_contain(java.lang.String)
  When user searches plants by name "xyznonexistent" # com.example.api.stepDefinitions.PlantApiSteps.user_searches_plants_by_name(java.lang.String)
  Then response status should be 200                 # com.example.api.stepDefinitions.PlantApiSteps.response_status_should_be(int)
  And totalElements should be 0                      # com.example.api.stepDefinitions.PlantApiSteps.totalElements_should_be(int)
=== Finished API Test: User can search plants by name via API ===

]]></system-out>
  </testcase>
  <testcase name="runScenario[&quot;User can filter plants by category via API&quot;, &quot;Plants API&quot;](7)" classname="com.example.runners.ApiTestRunner" time="0.313">
    <failure message="Indoor filter should only return Indoor plants expected [Indoor] but found [Plants]" type="java.lang.AssertionError"><![CDATA[java.lang.AssertionError: Indoor filter should only return Indoor plants expected [Indoor] but found [Plants]
	at org.testng.Assert.fail(Assert.java:111)
	at org.testng.Assert.failNotEquals(Assert.java:1578)
	at org.testng.Assert.assertEqualsImpl(Assert.java:150)
	at org.testng.Assert.assertEquals(Assert.java:132)
	at org.testng.Assert.assertEquals(Assert.java:656)
	at com.example.api.stepDefinitions.PlantApiSteps.indoor_filter_should_return_only_indoor_plants(PlantApiSteps.java:261)
	at ✽.Indoor filter should return only Indoor plants(file:///Users/rajithsingh/Desktop/ITQA/ITFac_Batch21_Group53/src/test/resources/features/api/plants.feature:94)
]]></failure>
    <system-out><![CDATA[
@api @TC_API_PLANTS_USER_12
Scenario: User can filter plants by category via API    # src/test/resources/features/api/plants.feature:86
=== Starting API Test: User can filter plants by category via API ===
  Given user is authenticated                           # com.example.api.stepDefinitions.AuthApiSteps.user_is_authenticated()
  When user filters plants by category "Indoor"         # com.example.api.stepDefinitions.PlantApiSteps.user_filters_plants_by_category(java.lang.String)
  Then response status should be 200                    # com.example.api.stepDefinitions.PlantApiSteps.response_status_should_be(int)
  And response should contain content and totalElements # com.example.api.stepDefinitions.PlantApiSteps.response_should_contain_content_and_totalElements()
  When user filters plants by category "Outdoor"        # com.example.api.stepDefinitions.PlantApiSteps.user_filters_plants_by_category(java.lang.String)
  Then response status should be 200                    # com.example.api.stepDefinitions.PlantApiSteps.response_status_should_be(int)
  And response should contain content and totalElements # com.example.api.stepDefinitions.PlantApiSteps.response_should_contain_content_and_totalElements()
  And Indoor filter should return only Indoor plants    # com.example.api.stepDefinitions.PlantApiSteps.indoor_filter_should_return_only_indoor_plants()
      java.lang.AssertionError: Indoor filter should only return Indoor plants expected [Indoor] but found [Plants]
	at org.testng.Assert.fail(Assert.java:111)
	at org.testng.Assert.failNotEquals(Assert.java:1578)
	at org.testng.Assert.assertEqualsImpl(Assert.java:150)
	at org.testng.Assert.assertEquals(Assert.java:132)
	at org.testng.Assert.assertEquals(Assert.java:656)
	at com.example.api.stepDefinitions.PlantApiSteps.indoor_filter_should_return_only_indoor_plants(PlantApiSteps.java:261)
	at ✽.Indoor filter should return only Indoor plants(file:///Users/rajithsingh/Desktop/ITQA/ITFac_Batch21_Group53/src/test/resources/features/api/plants.feature:94)

  And Outdoor filter should return only Outdoor plants  # com.example.api.stepDefinitions.PlantApiSteps.outdoor_filter_should_return_only_outdoor_plants()
=== Finished API Test: User can filter plants by category via API ===

]]></system-out>
  </testcase>
  <testcase name="runScenario[&quot;Admin can create a plant with valid data under a sub-category&quot;, &quot;Plants API&quot;](8)" classname="com.example.runners.ApiTestRunner" time="0.258">
    <system-out><![CDATA[
@api @TC_API_PLANTS_ADM_01
Scenario: Admin can create a plant with valid data under a sub-category               # src/test/resources/features/api/plants.feature:99
=== Starting API Test: Admin can create a plant with valid data under a sub-category ===
  Given admin is authenticated                                                        # com.example.api.stepDefinitions.AuthApiSteps.admin_is_authenticated()
  When admin creates a plant with name "ABC Plant" price 150.0 quantity 25 category 8 # com.example.api.stepDefinitions.PlantApiSteps.admin_creates_plant(java.lang.String,double,int,int)
  Then create response status should be 201 or backend unavailable                    # com.example.api.stepDefinitions.PlantApiSteps.create_response_status_201_or_backend_unavailable()
  And if created response should have id name price quantity category id 8            # com.example.api.stepDefinitions.PlantApiSteps.if_created_response_should_have_structure(int)
=== Finished API Test: Admin can create a plant with valid data under a sub-category ===

]]></system-out>
  </testcase>
</testsuite>