<?xml version="1.0" encoding="UTF-8"?>
<testsuite xmlns:xsi="http://www.w3.org/2001/XMLSchema-instance" xsi:noNamespaceSchemaLocation="https://maven.apache.org/surefire/maven-surefire-plugin/xsd/surefire-test-report-3.0.xsd" version="3.0" name="com.example.runners.ApiTestRunner" time="1.27" tests="6" errors="0" skipped="0" failures="0">
  <properties>
[...]
</properties>
  <testcase name="runScenario[&quot;TC_API_CAT_USER_01 - Verify User can retrieve all categories via API&quot;, &quot;Category API Testing&quot;](1)" classname="com.example.runners.ApiTestRunner" time="0.636">
    <system-out><![CDATA[
@api @API @Categories @TC_API_CAT_USER_01 @Smoke @User
Scenario: TC_API_CAT_USER_01 - Verify User can retrieve all categories via API # src/test/resources/features/api/categories_api.feature:11
=== Starting API Test: TC_API_CAT_USER_01 - Verify User can retrieve all categories via API ===
  Given multiple categories exist in the system                                # com.example.api.stepDefinitions.CategoryApiSteps.multiple_categories_exist_in_system()
  Given I am authenticated as a regular user                                   # com.example.api.stepDefinitions.CategoryApiSteps.i_am_authenticated_as_regular_user()
  When I send a GET request to "/api/categories" with user credentials         # com.example.api.stepDefinitions.CategoryApiSteps.i_send_get_request_with_user_credentials(java.lang.String)
  Then the response status code should be 200                                  # com.example.api.stepDefinitions.CategoryApiSteps.the_response_status_code_should_be(int)
  And the response should be a JSON array                                      # com.example.api.stepDefinitions.CategoryApiSteps.the_response_should_be_json_array()
  And the response should contain category objects                             # com.example.api.stepDefinitions.CategoryApiSteps.the_response_should_contain_category_objects()
  And each category should contain field "id"                                  # com.example.api.stepDefinitions.CategoryApiSteps.each_category_should_contain_field(java.lang.String)
  And each category should contain field "name"                                # com.example.api.stepDefinitions.CategoryApiSteps.each_category_should_contain_field(java.lang.String)
  And each category should contain field "parentCategory"                      # com.example.api.stepDefinitions.CategoryApiSteps.each_category_should_contain_field(java.lang.String)
  And each category should contain field "isMainCategory"                      # com.example.api.stepDefinitions.CategoryApiSteps.each_category_should_contain_field(java.lang.String)
  And the response should include both main and sub-categories                 # com.example.api.stepDefinitions.CategoryApiSteps.the_response_should_include_main_and_sub_categories()
  And no admin-only fields should be present                                   # com.example.api.stepDefinitions.CategoryApiSteps.no_admin_only_fields_should_be_present()
Total categories returned: 0
  And I should be able to count the categories returned                        # com.example.api.stepDefinitions.CategoryApiSteps.i_should_be_able_to_count_categories()
=== Finished API Test: TC_API_CAT_USER_01 - Verify User can retrieve all categories via API ===

]]></system-out>
    <system-err><![CDATA[Feb 06, 2026 11:54:10 PM io.cucumber.core.options.CucumberPropertiesParser lambda$warnWhenCucumberOptionsIsUsed$2
WARNING: Passing commandline options via the property 'cucumber.options' is no longer supported. Please use individual properties instead. See the java doc on io.cucumber.core.options.Constants for details.
]]></system-err>
  </testcase>
  <testcase name="runScenario[&quot;Verify Admin can retrieve all categories via API&quot;, &quot;Category API Testing&quot;](2)" classname="com.example.runners.ApiTestRunner" time="0.076">
    <system-out><![CDATA[
@api @API @Categories @TC_API_CAT_ADMIN_01 @Admin
Scenario: Verify Admin can retrieve all categories via API              # src/test/resources/features/api/categories_api.feature:26
=== Starting API Test: Verify Admin can retrieve all categories via API ===
  Given multiple categories exist in the system                         # com.example.api.stepDefinitions.CategoryApiSteps.multiple_categories_exist_in_system()
  Given I am authenticated as an admin                                  # com.example.api.stepDefinitions.CategoryApiSteps.i_am_authenticated_as_admin()
  When I send a GET request to "/api/categories" with admin credentials # com.example.api.stepDefinitions.CategoryApiSteps.i_send_get_request_with_admin_credentials(java.lang.String)
  Then the response status code should be 200                           # com.example.api.stepDefinitions.CategoryApiSteps.the_response_status_code_should_be(int)
  And the response should be a JSON array                               # com.example.api.stepDefinitions.CategoryApiSteps.the_response_should_be_json_array()
  And the response should contain category objects                      # com.example.api.stepDefinitions.CategoryApiSteps.the_response_should_contain_category_objects()
  And each category should have required fields                         # com.example.api.stepDefinitions.CategoryApiSteps.each_category_should_have_required_fields()
=== Finished API Test: Verify Admin can retrieve all categories via API ===

]]></system-out>
  </testcase>
  <testcase name="runScenario[&quot;Verify retrieving categories without authentication fails&quot;, &quot;Category API Testing&quot;](3)" classname="com.example.runners.ApiTestRunner" time="0.006">
    <system-out><![CDATA[
@api @API @Categories @TC_API_CAT_USER_02 @Negative
Scenario: Verify retrieving categories without authentication fails # src/test/resources/features/api/categories_api.feature:35
=== Starting API Test: Verify retrieving categories without authentication fails ===
  Given multiple categories exist in the system                     # com.example.api.stepDefinitions.CategoryApiSteps.multiple_categories_exist_in_system()
  When I send a GET request to "/api/categories"                    # com.example.api.stepDefinitions.CategoryApiSteps.i_send_get_request_to(java.lang.String)
  Then the response status code should be 401                       # com.example.api.stepDefinitions.CategoryApiSteps.the_response_status_code_should_be(int)
=== Finished API Test: Verify retrieving categories without authentication fails ===

]]></system-out>
  </testcase>
  <testcase name="runScenario[&quot;TC_API_CAT_USER_03 - Verify API handles non-existent category IDs for User&quot;, &quot;Category API Testing&quot;](4)" classname="com.example.runners.ApiTestRunner" time="0.072">
    <system-out><![CDATA[
@api @API @Categories @TC_API_CAT_USER_03 @Negative @User
Scenario: TC_API_CAT_USER_03 - Verify API handles non-existent category IDs for User # src/test/resources/features/api/categories_api.feature:52
=== Starting API Test: TC_API_CAT_USER_03 - Verify API handles non-existent category IDs for User ===
  Given multiple categories exist in the system                                      # com.example.api.stepDefinitions.CategoryApiSteps.multiple_categories_exist_in_system()
  Given I am authenticated as a regular user                                         # com.example.api.stepDefinitions.CategoryApiSteps.i_am_authenticated_as_regular_user()
  When I send a GET request to "/api/categories" with category ID 99999              # com.example.api.stepDefinitions.CategoryApiSteps.i_send_get_request_with_category_id(java.lang.String,java.lang.Long)
  Then the response status code should be 404                                        # com.example.api.stepDefinitions.CategoryApiSteps.the_response_status_code_should_be(int)
  And the response should contain an error message                                   # com.example.api.stepDefinitions.CategoryApiSteps.the_response_should_contain_error_message()
  And the error message should indicate "not found"                                  # com.example.api.stepDefinitions.CategoryApiSteps.the_error_message_should_indicate(java.lang.String)
=== Finished API Test: TC_API_CAT_USER_03 - Verify API handles non-existent category IDs for User ===

]]></system-out>
  </testcase>
  <testcase name="runScenario[&quot;TC_API_CAT_USER_04 - Verify User can retrieve only main categories&quot;, &quot;Category API Testing&quot;](5)" classname="com.example.runners.ApiTestRunner" time="0.072">
    <system-out><![CDATA[
@api @API @Categories @TC_API_CAT_USER_04 @User
Scenario: TC_API_CAT_USER_04 - Verify User can retrieve only main categories # src/test/resources/features/api/categories_api.feature:60
=== Starting API Test: TC_API_CAT_USER_04 - Verify User can retrieve only main categories ===
  Given multiple categories exist in the system                              # com.example.api.stepDefinitions.CategoryApiSteps.multiple_categories_exist_in_system()
  Given I am authenticated as a regular user                                 # com.example.api.stepDefinitions.CategoryApiSteps.i_am_authenticated_as_regular_user()
  When I send a GET request to "/api/categories/main" for main categories    # com.example.api.stepDefinitions.CategoryApiSteps.i_send_get_request_for_main_categories(java.lang.String)
  Then the response status code should be 200                                # com.example.api.stepDefinitions.CategoryApiSteps.the_response_status_code_should_be(int)
  And the response should be a JSON array                                    # com.example.api.stepDefinitions.CategoryApiSteps.the_response_should_be_json_array()
  And the response should contain category objects                           # com.example.api.stepDefinitions.CategoryApiSteps.the_response_should_contain_category_objects()
  And all categories should have null parent category                        # com.example.api.stepDefinitions.CategoryApiSteps.all_categories_should_have_null_parent()
=== Finished API Test: TC_API_CAT_USER_04 - Verify User can retrieve only main categories ===

]]></system-out>
  </testcase>
  <testcase name="runScenario[&quot;TC_API_CAT_USER_05 - Verify User can retrieve only sub-categories&quot;, &quot;Category API Testing&quot;](6)" classname="com.example.runners.ApiTestRunner" time="0.077">
    <system-out><![CDATA[
@api @API @Categories @TC_API_CAT_USER_05 @User
Scenario: TC_API_CAT_USER_05 - Verify User can retrieve only sub-categories        # src/test/resources/features/api/categories_api.feature:69
=== Starting API Test: TC_API_CAT_USER_05 - Verify User can retrieve only sub-categories ===
  Given multiple categories exist in the system                                    # com.example.api.stepDefinitions.CategoryApiSteps.multiple_categories_exist_in_system()
  Given I am authenticated as a regular user                                       # com.example.api.stepDefinitions.CategoryApiSteps.i_am_authenticated_as_regular_user()
  When I send a GET request to "/api/categories/sub-categories" for sub-categories # com.example.api.stepDefinitions.CategoryApiSteps.i_send_get_request_for_sub_categories(java.lang.String)
  Then the response status code should be 200                                      # com.example.api.stepDefinitions.CategoryApiSteps.the_response_status_code_should_be(int)
  And the response should be a JSON array                                          # com.example.api.stepDefinitions.CategoryApiSteps.the_response_should_be_json_array()
  And the response should contain category objects                                 # com.example.api.stepDefinitions.CategoryApiSteps.the_response_should_contain_category_objects()
  And all categories should have populated parent category                         # com.example.api.stepDefinitions.CategoryApiSteps.all_categories_should_have_populated_parent()
=== Finished API Test: TC_API_CAT_USER_05 - Verify User can retrieve only sub-categories ===

]]></system-out>
  </testcase>
</testsuite>