-------------------------------------------------------------------------------
Test set: TestSuite
-------------------------------------------------------------------------------
Tests run: 20, Failures: 8, Errors: 0, Skipped: 0, Time elapsed: 148.2 s <<< FAILURE! -- in TestSuite
com.example.runners.CucumberRunner.runScenario["Verify successful creation of a Sub-Category", "Admin Category Management API"](2) -- Time elapsed: 0.398 s <<< FAILURE!
java.lang.AssertionError: 
1 expectation failed.
JSON path $ doesn't match.
Expected: map containing ["parent"->ANYTHING]
  Actual: <{id=212, name=Flower_99, subCategories=[]}>

	at java.base/jdk.internal.reflect.NativeConstructorAccessorImpl.newInstance0(Native Method)
	at java.base/jdk.internal.reflect.NativeConstructorAccessorImpl.newInstance(NativeConstructorAccessorImpl.java:77)
	at java.base/jdk.internal.reflect.DelegatingConstructorAccessorImpl.newInstance(DelegatingConstructorAccessorImpl.java:45)
	at java.base/java.lang.reflect.Constructor.newInstanceWithCaller(Constructor.java:500)
	at java.base/java.lang.reflect.Constructor.newInstance(Constructor.java:481)
	at org.codehaus.groovy.reflection.CachedConstructor.invoke(CachedConstructor.java:73)
	at org.codehaus.groovy.runtime.callsite.ConstructorSite$ConstructorSiteNoUnwrapNoCoerce.callConstructor(ConstructorSite.java:108)
	at org.codehaus.groovy.runtime.callsite.CallSiteArray.defaultCallConstructor(CallSiteArray.java:57)
	at org.codehaus.groovy.runtime.callsite.AbstractCallSite.callConstructor(AbstractCallSite.java:263)
	at org.codehaus.groovy.runtime.callsite.AbstractCallSite.callConstructor(AbstractCallSite.java:277)
	at io.restassured.internal.ResponseSpecificationImpl$HamcrestAssertionClosure.validate(ResponseSpecificationImpl.groovy:512)
	at io.restassured.internal.ResponseSpecificationImpl$HamcrestAssertionClosure$validate$1.call(Unknown Source)
	at io.restassured.internal.ResponseSpecificationImpl.validateResponseIfRequired(ResponseSpecificationImpl.groovy:696)
	at io.restassured.internal.ResponseSpecificationImpl.this$2$validateResponseIfRequired(ResponseSpecificationImpl.groovy)
	at java.base/jdk.internal.reflect.NativeMethodAccessorImpl.invoke0(Native Method)
	at java.base/jdk.internal.reflect.NativeMethodAccessorImpl.invoke(NativeMethodAccessorImpl.java:77)
	at java.base/jdk.internal.reflect.DelegatingMethodAccessorImpl.invoke(DelegatingMethodAccessorImpl.java:43)
	at java.base/java.lang.reflect.Method.invoke(Method.java:569)
	at org.codehaus.groovy.runtime.callsite.PlainObjectMetaMethodSite.doInvoke(PlainObjectMetaMethodSite.java:43)
	at org.codehaus.groovy.runtime.callsite.PogoMetaMethodSite$PogoCachedMethodSiteNoUnwrapNoCoerce.invoke(PogoMetaMethodSite.java:198)
	at org.codehaus.groovy.runtime.callsite.PogoMetaMethodSite.callCurrent(PogoMetaMethodSite.java:62)
	at org.codehaus.groovy.runtime.callsite.AbstractCallSite.callCurrent(AbstractCallSite.java:185)
	at io.restassured.internal.ResponseSpecificationImpl.body(ResponseSpecificationImpl.groovy:270)
	at io.restassured.specification.ResponseSpecification$body$1.callCurrent(Unknown Source)
	at io.restassured.internal.ResponseSpecificationImpl.body(ResponseSpecificationImpl.groovy:117)
	at io.restassured.internal.ValidatableResponseOptionsImpl.body(ValidatableResponseOptionsImpl.java:244)
	at com.example.api.stepDefinitions.CategoryApiStepDefinitions.verify_body_has_field(CategoryApiStepDefinitions.java:76)
	at ✽.the response body should contain the field "parent"(file:///C:/Users/USER/OneDrive/Pictures/Desktop/IrushI_QA_Automation_Plant/ITFac_Batch21_Group53/src/test/resources/features/api/AdminCategoryApi.feature:24)

com.example.runners.CucumberRunner.runScenario["Verify successful retrieval of a specific category with a valid ID", "Category API Management"](6) -- Time elapsed: 0.321 s <<< FAILURE!
java.lang.AssertionError: 
1 expectation failed.
JSON path $ doesn't match.
Expected: map containing ["subCategories"->ANYTHING]
  Actual: <{id=10, name=Flower_Ind, parentId=1}>

	at java.base/jdk.internal.reflect.NativeConstructorAccessorImpl.newInstance0(Native Method)
	at java.base/jdk.internal.reflect.NativeConstructorAccessorImpl.newInstance(NativeConstructorAccessorImpl.java:77)
	at java.base/jdk.internal.reflect.DelegatingConstructorAccessorImpl.newInstance(DelegatingConstructorAccessorImpl.java:45)
	at java.base/java.lang.reflect.Constructor.newInstanceWithCaller(Constructor.java:500)
	at java.base/java.lang.reflect.Constructor.newInstance(Constructor.java:481)
	at org.codehaus.groovy.reflection.CachedConstructor.invoke(CachedConstructor.java:73)
	at org.codehaus.groovy.runtime.callsite.ConstructorSite$ConstructorSiteNoUnwrapNoCoerce.callConstructor(ConstructorSite.java:108)
	at org.codehaus.groovy.runtime.callsite.AbstractCallSite.callConstructor(AbstractCallSite.java:277)
	at io.restassured.internal.ResponseSpecificationImpl$HamcrestAssertionClosure.validate(ResponseSpecificationImpl.groovy:512)
	at io.restassured.internal.ResponseSpecificationImpl$HamcrestAssertionClosure$validate$1.call(Unknown Source)
	at io.restassured.internal.ResponseSpecificationImpl.validateResponseIfRequired(ResponseSpecificationImpl.groovy:696)
	at io.restassured.internal.ResponseSpecificationImpl.this$2$validateResponseIfRequired(ResponseSpecificationImpl.groovy)
	at jdk.internal.reflect.GeneratedMethodAccessor152.invoke(Unknown Source)
	at java.base/jdk.internal.reflect.DelegatingMethodAccessorImpl.invoke(DelegatingMethodAccessorImpl.java:43)
	at java.base/java.lang.reflect.Method.invoke(Method.java:569)
	at org.codehaus.groovy.runtime.callsite.PlainObjectMetaMethodSite.doInvoke(PlainObjectMetaMethodSite.java:43)
	at org.codehaus.groovy.runtime.callsite.PogoMetaMethodSite$PogoCachedMethodSiteNoUnwrapNoCoerce.invoke(PogoMetaMethodSite.java:198)
	at org.codehaus.groovy.runtime.callsite.PogoMetaMethodSite.callCurrent(PogoMetaMethodSite.java:62)
	at org.codehaus.groovy.runtime.callsite.AbstractCallSite.callCurrent(AbstractCallSite.java:185)
	at io.restassured.internal.ResponseSpecificationImpl.body(ResponseSpecificationImpl.groovy:270)
	at io.restassured.specification.ResponseSpecification$body$1.callCurrent(Unknown Source)
	at io.restassured.internal.ResponseSpecificationImpl.body(ResponseSpecificationImpl.groovy:117)
	at io.restassured.internal.ValidatableResponseOptionsImpl.body(ValidatableResponseOptionsImpl.java:244)
	at com.example.api.stepDefinitions.CategoryApiStepDefinitions.verify_body_has_field(CategoryApiStepDefinitions.java:76)
	at ✽.the response body should contain the field "subCategories"(file:///C:/Users/USER/OneDrive/Pictures/Desktop/IrushI_QA_Automation_Plant/ITFac_Batch21_Group53/src/test/resources/features/api/CategoryApi.feature:11)

com.example.runners.CucumberRunner.runScenario["Verify validation for Invalid Data Type in ID parameter", "Category API Management"](8) -- Time elapsed: 0.356 s <<< FAILURE!
java.lang.AssertionError: 
1 expectation failed.
Expected status code <400> but was <500>.

	at java.base/jdk.internal.reflect.NativeConstructorAccessorImpl.newInstance0(Native Method)
	at java.base/jdk.internal.reflect.NativeConstructorAccessorImpl.newInstance(NativeConstructorAccessorImpl.java:77)
	at java.base/jdk.internal.reflect.DelegatingConstructorAccessorImpl.newInstance(DelegatingConstructorAccessorImpl.java:45)
	at java.base/java.lang.reflect.Constructor.newInstanceWithCaller(Constructor.java:500)
	at java.base/java.lang.reflect.Constructor.newInstance(Constructor.java:481)
	at org.codehaus.groovy.reflection.CachedConstructor.invoke(CachedConstructor.java:73)
	at org.codehaus.groovy.runtime.callsite.ConstructorSite$ConstructorSiteNoUnwrapNoCoerce.callConstructor(ConstructorSite.java:108)
	at org.codehaus.groovy.runtime.callsite.AbstractCallSite.callConstructor(AbstractCallSite.java:277)
	at io.restassured.internal.ResponseSpecificationImpl$HamcrestAssertionClosure.validate(ResponseSpecificationImpl.groovy:512)
	at io.restassured.internal.ResponseSpecificationImpl$HamcrestAssertionClosure$validate$1.call(Unknown Source)
	at io.restassured.internal.ResponseSpecificationImpl.validateResponseIfRequired(ResponseSpecificationImpl.groovy:696)
	at io.restassured.internal.ResponseSpecificationImpl.this$2$validateResponseIfRequired(ResponseSpecificationImpl.groovy)
	at jdk.internal.reflect.GeneratedMethodAccessor152.invoke(Unknown Source)
	at java.base/jdk.internal.reflect.DelegatingMethodAccessorImpl.invoke(DelegatingMethodAccessorImpl.java:43)
	at java.base/java.lang.reflect.Method.invoke(Method.java:569)
	at org.codehaus.groovy.runtime.callsite.PlainObjectMetaMethodSite.doInvoke(PlainObjectMetaMethodSite.java:43)
	at org.codehaus.groovy.runtime.callsite.PogoMetaMethodSite$PogoCachedMethodSiteNoUnwrapNoCoerce.invoke(PogoMetaMethodSite.java:198)
	at org.codehaus.groovy.runtime.callsite.PogoMetaMethodSite.callCurrent(PogoMetaMethodSite.java:62)
	at org.codehaus.groovy.runtime.callsite.AbstractCallSite.callCurrent(AbstractCallSite.java:185)
	at io.restassured.internal.ResponseSpecificationImpl.statusCode(ResponseSpecificationImpl.groovy:135)
	at io.restassured.specification.ResponseSpecification$statusCode$0.callCurrent(Unknown Source)
	at io.restassured.internal.ResponseSpecificationImpl.statusCode(ResponseSpecificationImpl.groovy:143)
	at io.restassured.internal.ValidatableResponseOptionsImpl.statusCode(ValidatableResponseOptionsImpl.java:89)
	at com.example.api.stepDefinitions.CategoryApiStepDefinitions.verify_status_code(CategoryApiStepDefinitions.java:65)
	at ✽.the API response status code should be 400(file:///C:/Users/USER/OneDrive/Pictures/Desktop/IrushI_QA_Automation_Plant/ITFac_Batch21_Group53/src/test/resources/features/api/CategoryApi.feature:31)

com.example.runners.CucumberRunner.runScenario["Verify successful retrieval of a Sub-category and its Parent linkage", "Category API Management"](10) -- Time elapsed: 0.358 s <<< FAILURE!
java.lang.AssertionError: 
1 expectation failed.
JSON path parent doesn't match.
Expected: Flowers
  Actual: null

	at java.base/jdk.internal.reflect.NativeConstructorAccessorImpl.newInstance0(Native Method)
	at java.base/jdk.internal.reflect.NativeConstructorAccessorImpl.newInstance(NativeConstructorAccessorImpl.java:77)
	at java.base/jdk.internal.reflect.DelegatingConstructorAccessorImpl.newInstance(DelegatingConstructorAccessorImpl.java:45)
	at java.base/java.lang.reflect.Constructor.newInstanceWithCaller(Constructor.java:500)
	at java.base/java.lang.reflect.Constructor.newInstance(Constructor.java:481)
	at org.codehaus.groovy.reflection.CachedConstructor.invoke(CachedConstructor.java:73)
	at org.codehaus.groovy.runtime.callsite.ConstructorSite$ConstructorSiteNoUnwrapNoCoerce.callConstructor(ConstructorSite.java:108)
	at org.codehaus.groovy.runtime.callsite.AbstractCallSite.callConstructor(AbstractCallSite.java:277)
	at io.restassured.internal.ResponseSpecificationImpl$HamcrestAssertionClosure.validate(ResponseSpecificationImpl.groovy:512)
	at io.restassured.internal.ResponseSpecificationImpl$HamcrestAssertionClosure$validate$1.call(Unknown Source)
	at io.restassured.internal.ResponseSpecificationImpl.validateResponseIfRequired(ResponseSpecificationImpl.groovy:696)
	at io.restassured.internal.ResponseSpecificationImpl.this$2$validateResponseIfRequired(ResponseSpecificationImpl.groovy)
	at jdk.internal.reflect.GeneratedMethodAccessor152.invoke(Unknown Source)
	at java.base/jdk.internal.reflect.DelegatingMethodAccessorImpl.invoke(DelegatingMethodAccessorImpl.java:43)
	at java.base/java.lang.reflect.Method.invoke(Method.java:569)
	at org.codehaus.groovy.runtime.callsite.PlainObjectMetaMethodSite.doInvoke(PlainObjectMetaMethodSite.java:43)
	at org.codehaus.groovy.runtime.callsite.PogoMetaMethodSite$PogoCachedMethodSiteNoUnwrapNoCoerce.invoke(PogoMetaMethodSite.java:198)
	at org.codehaus.groovy.runtime.callsite.PogoMetaMethodSite.callCurrent(PogoMetaMethodSite.java:62)
	at org.codehaus.groovy.runtime.callsite.AbstractCallSite.callCurrent(AbstractCallSite.java:185)
	at io.restassured.internal.ResponseSpecificationImpl.body(ResponseSpecificationImpl.groovy:270)
	at io.restassured.specification.ResponseSpecification$body$1.callCurrent(Unknown Source)
	at io.restassured.internal.ResponseSpecificationImpl.body(ResponseSpecificationImpl.groovy:117)
	at io.restassured.internal.ValidatableResponseOptionsImpl.body(ValidatableResponseOptionsImpl.java:244)
	at com.example.api.stepDefinitions.CategoryApiStepDefinitions.verify_body_field_string_value(CategoryApiStepDefinitions.java:81)
	at ✽.the response body should contain the field "parent" with string value "Flowers"(file:///C:/Users/USER/OneDrive/Pictures/Desktop/IrushI_QA_Automation_Plant/ITFac_Batch21_Group53/src/test/resources/features/api/CategoryApi.feature:59)

com.example.runners.CucumberRunner.runScenario["Verify System filters category list for multi-word names", "Category Management"](14) -- Time elapsed: 23.46 s <<< FAILURE!
java.lang.AssertionError: Bug Found: Search failed to display the category 'Rose SL' in the table.
	at org.junit.Assert.fail(Assert.java:89)
	at org.junit.Assert.assertTrue(Assert.java:42)
	at com.example.ui.stepDefinitions.categories.CategoryStepDefinitions.verify_search_results(CategoryStepDefinitions.java:142)
	at ✽.the category list should only display the "Rose SL" record(file:///C:/Users/USER/OneDrive/Pictures/Desktop/IrushI_QA_Automation_Plant/ITFac_Batch21_Group53/src/test/resources/features/ui/categories/CategoryAdd.feature:70)

com.example.runners.CucumberRunner.runScenario["Verify system prevents renaming a Sub-category to an existing name", "Category Management"](15) -- Time elapsed: 19.62 s <<< FAILURE!
java.lang.AssertionError: Bug Found: Expected friendly error 'Category name already exists' but got backend error: 500 : "{"status":500,"error":"INTERNAL_SERVER_ERROR","message":"could not execute statement [Duplicate entry 'Coconut_B-216' for key 'categories.UKbh9wbkic0w5mhjpaqi6mkt4ie'] [update categories set name=?,parent_id=? where id=?]; SQL [update categories set name=?,parent_id=? where id=?]; constraint [categories.UKbh9wbkic0w5mhjpaqi6mkt4ie]","timestamp":"2026-02-07T22:22:22.2411413"}"
	at org.junit.Assert.fail(Assert.java:89)
	at org.junit.Assert.assertTrue(Assert.java:42)
	at com.example.ui.stepDefinitions.categories.CategoryStepDefinitions.verify_user_friendly_error(CategoryStepDefinitions.java:162)
	at ✽.a user-friendly error message "Category name already exists" should be displayed(file:///C:/Users/USER/OneDrive/Pictures/Desktop/IrushI_QA_Automation_Plant/ITFac_Batch21_Group53/src/test/resources/features/ui/categories/CategoryAdd.feature:105)

com.example.runners.CucumberRunner.runScenario["Verify Edit Category functionality is restricted for non-admin users", "Category Management (Standard User)"](16) -- Time elapsed: 6.940 s <<< FAILURE!
java.lang.AssertionError: Security Bug Found: Standard User successfully accessed the Edit Page! URL: http://localhost:8080/ui/categories/edit/218
	at org.junit.Assert.fail(Assert.java:89)
	at org.junit.Assert.assertTrue(Assert.java:42)
	at org.junit.Assert.assertFalse(Assert.java:65)
	at com.example.ui.stepDefinitions.categories.CategoryStepDefinitions.verify_no_navigation_to_edit_page(CategoryStepDefinitions.java:201)
	at ✽.the user should not be navigated to the Edit Category page(file:///C:/Users/USER/OneDrive/Pictures/Desktop/IrushI_QA_Automation_Plant/ITFac_Batch21_Group53/src/test/resources/features/ui/categories/UserCategoryAdd.feature:26)

com.example.runners.CucumberRunner.runScenario["Verify non-admin User can sort by ID, Name, and Parent sequentially", "Category Management (Standard User)"](20) -- Time elapsed: 13.19 s <<< FAILURE!
java.lang.AssertionError: Column 'Parent Category' is not sorted (neither Ascending nor Descending).
	at org.junit.Assert.fail(Assert.java:89)
	at com.example.ui.stepDefinitions.categories.CategoryStepDefinitions.verify_list_is_sorted(CategoryStepDefinitions.java:306)
	at ✽.the category list should be sorted by "Parent Category" in ascending order(file:///C:/Users/USER/OneDrive/Pictures/Desktop/IrushI_QA_Automation_Plant/ITFac_Batch21_Group53/src/test/resources/features/ui/categories/UserCategoryAdd.feature:88)

