<?xml version="1.0" encoding="UTF-8"?>
<testng-results ignored="0" total="1" passed="0" failed="1" skipped="0">
  <reporter-output>
  </reporter-output>
  <suite started-at="2026-02-07T14:24:17 IST" name="Plant Sales Automation Suite" finished-at="2026-02-07T14:24:19 IST" duration-ms="2326">
    <groups>
      <group name="cucumber">
        <method signature="AbstractTestNGCucumberTests.runScenario(io.cucumber.testng.PickleWrapper,io.cucumber.testng.FeatureWrapper)[pri:0, instance:com.example.runners.UiTestRunner@37ceb1df]" name="runScenario" class="io.cucumber.testng.AbstractTestNGCucumberTests"/>
        <method signature="AbstractTestNGCucumberTests.runScenario(io.cucumber.testng.PickleWrapper,io.cucumber.testng.FeatureWrapper)[pri:0, instance:com.example.runners.ApiTestRunner@63070bab]" name="runScenario" class="io.cucumber.testng.AbstractTestNGCucumberTests"/>
        <method signature="AbstractTestNGCucumberTests.runScenario(io.cucumber.testng.PickleWrapper,io.cucumber.testng.FeatureWrapper)[pri:0, instance:com.example.runners.UiTestRunner@291b4bf5]" name="runScenario" class="io.cucumber.testng.AbstractTestNGCucumberTests"/>
      </group> <!-- cucumber -->
    </groups>
    <test started-at="2026-02-07T14:24:17 IST" name="Admin Tests" finished-at="2026-02-07T14:24:17 IST" duration-ms="508">
      <class name="com.example.runners.UiTestRunner">
        <test-method is-config="true" signature="setUpClass(org.testng.ITestContext)[pri:0, instance:com.example.runners.UiTestRunner@37ceb1df]" started-at="2026-02-07T14:24:17 IST" name="setUpClass" finished-at="2026-02-07T14:24:17 IST" duration-ms="456" status="PASS">
          <params>
            <param index="0">
              <value>
                <![CDATA[org.testng.TestRunner@fa49800]]>
              </value>
            </param>
          </params>
          <reporter-output>
          </reporter-output>
        </test-method> <!-- setUpClass -->
        <test-method is-config="true" signature="tearDownClass()[pri:0, instance:com.example.runners.UiTestRunner@37ceb1df]" started-at="2026-02-07T14:24:17 IST" name="tearDownClass" finished-at="2026-02-07T14:24:17 IST" duration-ms="25" status="PASS">
          <reporter-output>
          </reporter-output>
        </test-method> <!-- tearDownClass -->
      </class> <!-- com.example.runners.UiTestRunner -->
    </test> <!-- Admin Tests -->
    <test started-at="2026-02-07T14:24:17 IST" name="Admin API Tests" finished-at="2026-02-07T14:24:19 IST" duration-ms="1743">
      <class name="com.example.runners.ApiTestRunner">
        <test-method is-config="true" signature="setUpClass(org.testng.ITestContext)[pri:0, instance:com.example.runners.ApiTestRunner@63070bab]" started-at="2026-02-07T14:24:17 IST" name="setUpClass" finished-at="2026-02-07T14:24:17 IST" duration-ms="47" status="PASS">
          <params>
            <param index="0">
              <value>
                <![CDATA[org.testng.TestRunner@71238fc2]]>
              </value>
            </param>
          </params>
          <reporter-output>
          </reporter-output>
        </test-method> <!-- setUpClass -->
        <test-method signature="runScenario(io.cucumber.testng.PickleWrapper,io.cucumber.testng.FeatureWrapper)[pri:0, instance:com.example.runners.ApiTestRunner@63070bab]" started-at="2026-02-07T14:24:17 IST" name="runScenario" description="Runs Cucumber Scenarios" data-provider="scenarios" finished-at="2026-02-07T14:24:19 IST" duration-ms="1653" status="FAIL">
          <params>
            <param index="0">
              <value>
                <![CDATA["Verify API handles non-existent category IDs"]]>
              </value>
            </param>
            <param index="1">
              <value>
                <![CDATA["User Plants API"]]>
              </value>
            </param>
          </params>
          <exception class="java.lang.AssertionError">
            <message>
              <![CDATA[Plants response status code should be 404 expected:<404> but was:<200>]]>
            </message>
            <full-stacktrace>
              <![CDATA[java.lang.AssertionError: Plants response status code should be 404 expected:<404> but was:<200>
at org.junit.Assert.fail(Assert.java:89)
at org.junit.Assert.failNotEquals(Assert.java:835)
at org.junit.Assert.assertEquals(Assert.java:647)
at com.example.api.stepDefinitions.PlantsUserApiStepDefinitions.the_plants_response_status_code_should_be(PlantsUserApiStepDefinitions.java:309)
at ✽.the plants response status code should be 404(file:///D:/L4/QA/QA_Automation/ITFac_Batch21_Group53/src/test/resources/features/api/plants/PlantsUser.feature:54)
]]>
            </full-stacktrace>
          </exception> <!-- java.lang.AssertionError -->
          <reporter-output>
          </reporter-output>
        </test-method> <!-- runScenario -->
        <test-method is-config="true" signature="tearDownClass()[pri:0, instance:com.example.runners.ApiTestRunner@63070bab]" started-at="2026-02-07T14:24:19 IST" name="tearDownClass" finished-at="2026-02-07T14:24:19 IST" duration-ms="34" status="PASS">
          <reporter-output>
          </reporter-output>
        </test-method> <!-- tearDownClass -->
      </class> <!-- com.example.runners.ApiTestRunner -->
    </test> <!-- Admin API Tests -->
    <test started-at="2026-02-07T14:24:19 IST" name="User Tests" finished-at="2026-02-07T14:24:19 IST" duration-ms="46">
      <class name="com.example.runners.UiTestRunner">
        <test-method is-config="true" signature="setUpClass(org.testng.ITestContext)[pri:0, instance:com.example.runners.UiTestRunner@291b4bf5]" started-at="2026-02-07T14:24:19 IST" name="setUpClass" finished-at="2026-02-07T14:24:19 IST" duration-ms="28" status="PASS">
          <params>
            <param index="0">
              <value>
                <![CDATA[org.testng.TestRunner@2a54a73f]]>
              </value>
            </param>
          </params>
          <reporter-output>
          </reporter-output>
        </test-method> <!-- setUpClass -->
        <test-method is-config="true" signature="tearDownClass()[pri:0, instance:com.example.runners.UiTestRunner@291b4bf5]" started-at="2026-02-07T14:24:19 IST" name="tearDownClass" finished-at="2026-02-07T14:24:19 IST" duration-ms="16" status="PASS">
          <reporter-output>
          </reporter-output>
        </test-method> <!-- tearDownClass -->
      </class> <!-- com.example.runners.UiTestRunner -->
    </test> <!-- User Tests -->
  </suite> <!-- Plant Sales Automation Suite -->
</testng-results>
