<?xml version="1.0" encoding="UTF-8"?>
<testsuite xmlns:xsi="http://www.w3.org/2001/XMLSchema-instance" xsi:noNamespaceSchemaLocation="https://maven.apache.org/surefire/maven-surefire-plugin/xsd/surefire-test-report-3.0.xsd" version="3.0" name="TestSuite" time="174.907" tests="8" errors="0" skipped="0" failures="0">
  <properties>
[...]
</properties>
  <testcase name="runScenario[&quot;TC_UI_SAL_12 - Verify sorting by Quantity column&quot;, &quot;Sales List Quantity Sorting Functionality&quot;](1)" classname="com.example.runners.UiTestRunner" time="22.96">
    <system-out><![CDATA[
@ui @user @sales @sorting @TC_UI_SAL_12 @smoke @regression
Scenario: TC_UI_SAL_12 - Verify sorting by Quantity column # src/test/resources/features/ui/sales/sales_list_quantity_sorting.feature:5
=== Starting UI Test: TC_UI_SAL_12 - Verify sorting by Quantity column ===
Using admin credentials for login: admin
Login completed successfully
  Given user is logged into the application                # com.example.ui.stepDefinitions.sales.SalesListSteps.userIsLoggedIntoTheApplication()
Navigation to sales list completed
After navigation, current URL: http://localhost:8081/ui/sales
  And user navigates to Sales List page                    # com.example.ui.stepDefinitions.sales.SalesListSteps.userNavigatesToSalesListPage()
Current URL when checking Sales List page: http://localhost:8081/ui/sales
  And user is on Sales List page                           # com.example.ui.stepDefinitions.sales.SalesListSteps.userIsOnSalesListPage()
  And sales records are displayed for plants               # com.example.ui.stepDefinitions.sales.SalesListSteps.salesRecordsAreDisplayedForPlants()
  And Quantity column header is visible and clickable      # com.example.ui.stepDefinitions.sales.SalesListSteps.quantityColumnHeaderIsVisibleAndClickable()
  And verify initial quantities are displayed              # com.example.ui.stepDefinitions.sales.SalesListSteps.verifyInitialQuantitiesAreDisplayed()
  And expected descending order should be 5, 3, 2          # com.example.ui.stepDefinitions.sales.SalesListSteps.expectedQuantitiesDescendingOrderShouldBe(int,int,int)
  When user clicks Quantity column header once             # com.example.ui.stepDefinitions.sales.SalesListSteps.userClicksQuantityColumnHeaderOnce()
  Then quantities should be sorted in ascending order      # com.example.ui.stepDefinitions.sales.SalesListSteps.quantitiesShouldBeSortedInAscendingOrder()
  And expected ascending order should be 2, 3, 5           # com.example.ui.stepDefinitions.sales.SalesListSteps.expectedQuantitiesAscendingOrderShouldBe(int,int,int)
  When user clicks Quantity column header again            # com.example.ui.stepDefinitions.sales.SalesListSteps.userClicksQuantityColumnHeaderAgain()
  Then quantities should be sorted in descending order     # com.example.ui.stepDefinitions.sales.SalesListSteps.quantitiesShouldBeSortedInDescendingOrder()
  And expected descending order should be 5, 3, 2          # com.example.ui.stepDefinitions.sales.SalesListSteps.expectedQuantitiesDescendingOrderShouldBe(int,int,int)
  When user clicks Quantity column header once             # com.example.ui.stepDefinitions.sales.SalesListSteps.userClicksQuantityColumnHeaderOnce()
  Then quantities should be sorted in ascending order      # com.example.ui.stepDefinitions.sales.SalesListSteps.quantitiesShouldBeSortedInAscendingOrder()
  And expected ascending order should be 2, 3, 5           # com.example.ui.stepDefinitions.sales.SalesListSteps.expectedQuantitiesAscendingOrderShouldBe(int,int,int)
  When user clicks Quantity column header once             # com.example.ui.stepDefinitions.sales.SalesListSteps.userClicksQuantityColumnHeaderOnce()
  Then quantities should be sorted in descending order     # com.example.ui.stepDefinitions.sales.SalesListSteps.quantitiesShouldBeSortedInDescendingOrder()
  And expected descending order should be 5, 3, 2          # com.example.ui.stepDefinitions.sales.SalesListSteps.expectedQuantitiesDescendingOrderShouldBe(int,int,int)
  When user clicks Quantity column header again            # com.example.ui.stepDefinitions.sales.SalesListSteps.userClicksQuantityColumnHeaderAgain()
  Then quantities should be sorted in ascending order      # com.example.ui.stepDefinitions.sales.SalesListSteps.quantitiesShouldBeSortedInAscendingOrder()
  And expected ascending order should be 2, 3, 5           # com.example.ui.stepDefinitions.sales.SalesListSteps.expectedQuantitiesAscendingOrderShouldBe(int,int,int)
=== Finished UI Test: TC_UI_SAL_12 - Verify sorting by Quantity column ===

]]></system-out>
    <system-err><![CDATA[Feb 06, 2026 11:43:38 PM io.cucumber.core.options.CucumberPropertiesParser lambda$warnWhenCucumberOptionsIsUsed$2
WARNING: Passing commandline options via the property 'cucumber.options' is no longer supported. Please use individual properties instead. See the java doc on io.cucumber.core.options.Constants for details.
[TestNG-test=Sales Sorting Tests-1] INFO io.github.bonigarcia.wdm.WebDriverManager - Using chromedriver 144.0.7559.133 (resolved driver for Chrome 144)
[TestNG-test=Sales Sorting Tests-1] INFO io.github.bonigarcia.wdm.WebDriverManager - Exporting webdriver.chrome.driver as /Users/rajithsingh/.cache/selenium/chromedriver/mac-arm64/144.0.7559.133/chromedriver
Feb 06, 2026 11:43:41 PM org.openqa.selenium.devtools.CdpVersionFinder findNearestMatch
WARNING: Unable to find CDP implementation matching 144
Feb 06, 2026 11:43:41 PM org.openqa.selenium.chromium.ChromiumDriver lambda$new$5
WARNING: Unable to find version of CDP to use for 144.0.7559.133. You may need to include a dependency on a specific version of the CDP using something similar to `org.seleniumhq.selenium:selenium-devtools-v86:4.15.0` where the version ("v86") matches the version of the chromium-based browser you're using and the version number of the artifact is the same as Selenium's.
Feb 06, 2026 11:44:01 PM org.openqa.selenium.os.ExternalProcess$Builder lambda$start$0
WARNING: failed to copy the output of process 80643
java.io.IOException: Stream closed
	at java.base/java.io.BufferedInputStream.ensureOpen(BufferedInputStream.java:206)
	at java.base/java.io.BufferedInputStream.implRead(BufferedInputStream.java:411)
	at java.base/java.io.BufferedInputStream.read(BufferedInputStream.java:405)
	at java.base/java.io.InputStream.transferTo(InputStream.java:796)
	at java.base/java.io.BufferedInputStream.implTransferTo(BufferedInputStream.java:657)
	at java.base/java.io.BufferedInputStream.transferTo(BufferedInputStream.java:637)
	at org.openqa.selenium.os.ExternalProcess$Builder.lambda$start$0(ExternalProcess.java:209)
	at java.base/java.lang.Thread.run(Thread.java:1583)

]]></system-err>
  </testcase>
  <testcase name="runScenario[&quot;TC_UI_SAL_11 - Verify sorting by Plant Name column&quot;, &quot;Sales List Sorting Functionality&quot;](2)" classname="com.example.runners.UiTestRunner" time="10.935">
    <system-out><![CDATA[
@ui @user @sales @sorting @TC_UI_SAL_11 @smoke @regression
Scenario: TC_UI_SAL_11 - Verify sorting by Plant Name column                      # src/test/resources/features/ui/sales/sales_list_sorting.feature:5
=== Starting UI Test: TC_UI_SAL_11 - Verify sorting by Plant Name column ===
Using admin credentials for login: admin
Login completed successfully
  Given user is logged into the application                                       # com.example.ui.stepDefinitions.sales.SalesListSteps.userIsLoggedIntoTheApplication()
Navigation to sales list completed
After navigation, current URL: http://localhost:8081/ui/sales
  And user navigates to Sales List page                                           # com.example.ui.stepDefinitions.sales.SalesListSteps.userNavigatesToSalesListPage()
Current URL when checking Sales List page: http://localhost:8081/ui/sales
  And user is on Sales List page                                                  # com.example.ui.stepDefinitions.sales.SalesListSteps.userIsOnSalesListPage()
  And sales records are displayed for plants                                      # com.example.ui.stepDefinitions.sales.SalesListSteps.salesRecordsAreDisplayedForPlants()
  And Plant Name column header is visible and clickable                           # com.example.ui.stepDefinitions.sales.SalesListSteps.plantNameColumnHeaderIsVisibleAndClickable()
  And verify initial plant names are displayed                                    # com.example.ui.stepDefinitions.sales.SalesListSteps.verifyInitialPlantNamesAreDisplayed()
  And expected descending order should be "ZZZ Plant", "Money Plant", "Aloe Vera" # com.example.ui.stepDefinitions.sales.SalesListSteps.expectedDescendingOrderShouldBe(java.lang.String,java.lang.String,java.lang.String)
  When user clicks Plant Name column header once                                  # com.example.ui.stepDefinitions.sales.SalesListSteps.userClicksPlantNameColumnHeaderOnce()
  Then sales should be sorted in ascending order by Plant Name                    # com.example.ui.stepDefinitions.sales.SalesListSteps.salesShouldBeSortedInAscendingOrderByPlantName()
  And expected ascending order should be "Aloe Vera", "Money Plant", "ZZZ Plant"  # com.example.ui.stepDefinitions.sales.SalesListSteps.expectedAscendingOrderShouldBe(java.lang.String,java.lang.String,java.lang.String)
  When user clicks Plant Name column header again                                 # com.example.ui.stepDefinitions.sales.SalesListSteps.userClicksPlantNameColumnHeaderAgain()
  Then sales should be sorted in descending order by Plant Name                   # com.example.ui.stepDefinitions.sales.SalesListSteps.salesShouldBeSortedInDescendingOrderByPlantName()
  And expected descending order should be "ZZZ Plant", "Money Plant", "Aloe Vera" # com.example.ui.stepDefinitions.sales.SalesListSteps.expectedDescendingOrderShouldBe(java.lang.String,java.lang.String,java.lang.String)
=== Finished UI Test: TC_UI_SAL_11 - Verify sorting by Plant Name column ===

]]></system-out>
    <system-err><![CDATA[[TestNG-test=Sales Sorting Tests-1] INFO io.github.bonigarcia.wdm.WebDriverManager - Using chromedriver 144.0.7559.133 (resolved driver for Chrome 144)
[TestNG-test=Sales Sorting Tests-1] INFO io.github.bonigarcia.wdm.WebDriverManager - Exporting webdriver.chrome.driver as /Users/rajithsingh/.cache/selenium/chromedriver/mac-arm64/144.0.7559.133/chromedriver
Feb 06, 2026 11:44:03 PM org.openqa.selenium.devtools.CdpVersionFinder findNearestMatch
WARNING: Unable to find CDP implementation matching 144
Feb 06, 2026 11:44:03 PM org.openqa.selenium.chromium.ChromiumDriver lambda$new$5
WARNING: Unable to find version of CDP to use for 144.0.7559.133. You may need to include a dependency on a specific version of the CDP using something similar to `org.seleniumhq.selenium:selenium-devtools-v86:4.15.0` where the version ("v86") matches the version of the chromium-based browser you're using and the version number of the artifact is the same as Selenium's.
]]></system-err>
  </testcase>
  <testcase name="runScenario[&quot;TC_UI_SAL_13 - Verify sorting by Total Price column&quot;, &quot;Sales List Total Price Sorting Functionality&quot;](3)" classname="com.example.runners.UiTestRunner" time="12.3">
    <system-out><![CDATA[
@ui @user @sales @sorting @TC_UI_SAL_13 @smoke @regression
Scenario: TC_UI_SAL_13 - Verify sorting by Total Price column                    # src/test/resources/features/ui/sales/sales_list_total_price_sorting.feature:5
=== Starting UI Test: TC_UI_SAL_13 - Verify sorting by Total Price column ===
Using admin credentials for login: admin
Login completed successfully
  Given user is logged into the application                                      # com.example.ui.stepDefinitions.sales.SalesListSteps.userIsLoggedIntoTheApplication()
Navigation to sales list completed
After navigation, current URL: http://localhost:8081/ui/sales
  And user navigates to Sales List page                                          # com.example.ui.stepDefinitions.sales.SalesListSteps.userNavigatesToSalesListPage()
Current URL when checking Sales List page: http://localhost:8081/ui/sales
  And user is on Sales List page                                                 # com.example.ui.stepDefinitions.sales.SalesListSteps.userIsOnSalesListPage()
  And sales records are displayed for plants                                     # com.example.ui.stepDefinitions.sales.SalesListSteps.salesRecordsAreDisplayedForPlants()
  And Total Price column header is visible and clickable                         # com.example.ui.stepDefinitions.sales.SalesListSteps.totalPriceColumnHeaderIsVisibleAndClickable()
Actual total prices found: [10.0, 90.0, 28.0, 21.0]
Has different prices for sorting: true
  And verify initial total prices are displayed                                  # com.example.ui.stepDefinitions.sales.SalesListSteps.verifyInitialTotalPricesAreDisplayed()
  When user clicks Total Price column header once                                # com.example.ui.stepDefinitions.sales.SalesListSteps.userClicksTotalPriceColumnHeaderOnce()
  Then total prices should be sorted in ascending order                          # com.example.ui.stepDefinitions.sales.SalesListSteps.totalPricesShouldBeSortedInAscendingOrder()
Actual prices in ascending order: [10.0, 21.0, 28.0, 90.0]
  And expected ascending order should be "$9.99", "$24.50", "$49.99", "$120.00"  # com.example.ui.stepDefinitions.sales.SalesListSteps.expectedTotalPriceAscendingOrderShouldBe(java.lang.String,java.lang.String,java.lang.String,java.lang.String)
  When user clicks Total Price column header again                               # com.example.ui.stepDefinitions.sales.SalesListSteps.userClicksTotalPriceColumnHeaderAgain()
  Then total prices should be sorted in descending order                         # com.example.ui.stepDefinitions.sales.SalesListSteps.totalPricesShouldBeSortedInDescendingOrder()
Actual prices in descending order: [90.0, 28.0, 21.0, 10.0]
  And expected descending order should be "$120.00", "$49.99", "$24.50", "$9.99" # com.example.ui.stepDefinitions.sales.SalesListSteps.expectedTotalPriceDescendingOrderShouldBe(java.lang.String,java.lang.String,java.lang.String,java.lang.String)
=== Finished UI Test: TC_UI_SAL_13 - Verify sorting by Total Price column ===

]]></system-out>
    <system-err><![CDATA[[TestNG-test=Sales Sorting Tests-1] INFO io.github.bonigarcia.wdm.WebDriverManager - Using chromedriver 144.0.7559.133 (resolved driver for Chrome 144)
[TestNG-test=Sales Sorting Tests-1] INFO io.github.bonigarcia.wdm.WebDriverManager - Exporting webdriver.chrome.driver as /Users/rajithsingh/.cache/selenium/chromedriver/mac-arm64/144.0.7559.133/chromedriver
Feb 06, 2026 11:44:13 PM org.openqa.selenium.devtools.CdpVersionFinder findNearestMatch
WARNING: Unable to find CDP implementation matching 144
Feb 06, 2026 11:44:13 PM org.openqa.selenium.chromium.ChromiumDriver lambda$new$5
WARNING: Unable to find version of CDP to use for 144.0.7559.133. You may need to include a dependency on a specific version of the CDP using something similar to `org.seleniumhq.selenium:selenium-devtools-v86:4.15.0` where the version ("v86") matches the version of the chromium-based browser you're using and the version number of the artifact is the same as Selenium's.
]]></system-err>
  </testcase>
  <testcase name="runScenario[&quot;TC_UI_SAL_14 - Verify &quot;Sell Plant&quot; button navigation&quot;, &quot;Sales Navigation Functionality&quot;](1)" classname="com.example.runners.UiTestRunner" time="13.168">
    <system-out><![CDATA[
@ui @user @sales @navigation @TC_UI_SAL_14 @smoke @regression
Scenario: TC_UI_SAL_14 - Verify "Sell Plant" button navigation # src/test/resources/features/ui/sales/sell_plant_navigation.feature:5
=== Starting UI Test: TC_UI_SAL_14 - Verify "Sell Plant" button navigation ===
Using admin credentials for login: admin
Login completed successfully
  Given user is logged into the application                    # com.example.ui.stepDefinitions.sales.SalesListSteps.userIsLoggedIntoTheApplication()
Navigation to sales list completed
After navigation, current URL: http://localhost:8081/ui/sales
  And user navigates to Sales List page                        # com.example.ui.stepDefinitions.sales.SalesListSteps.userNavigatesToSalesListPage()
Current URL when checking Sales List page: http://localhost:8081/ui/sales
  And user is on Sales List page                               # com.example.ui.stepDefinitions.sales.SalesListSteps.userIsOnSalesListPage()
  And Sell Plant button is visible                             # com.example.ui.stepDefinitions.sales.SalesListSteps.sellPlantButtonIsVisible()
  When user clicks Sell Plant button                           # com.example.ui.stepDefinitions.sales.SalesListSteps.userClicksSellPlantButton()
Expected URL: /ui/sales/new
Actual URL: http://localhost:8081/ui/sales/new
  Then URL should change to "/ui/sales/new"                    # com.example.ui.stepDefinitions.sales.SellPlantSteps.url_should_change_to(java.lang.String)
  And URL should contain "/ui/sales/new"                       # com.example.ui.stepDefinitions.sales.SellPlantSteps.url_should_contain(java.lang.String)
Sell plant form is visible
Sell plant heading is visible
Plant dropdown is clickable
Quantity field is clickable
Submit button is clickable
  And Sell Plant form should load successfully                 # com.example.ui.stepDefinitions.sales.SellPlantSteps.sell_plant_form_should_load_successfully()
=== Finished UI Test: TC_UI_SAL_14 - Verify "Sell Plant" button navigation ===

]]></system-out>
    <system-err><![CDATA[Feb 06, 2026 11:44:25 PM io.cucumber.core.options.CucumberPropertiesParser lambda$warnWhenCucumberOptionsIsUsed$2
WARNING: Passing commandline options via the property 'cucumber.options' is no longer supported. Please use individual properties instead. See the java doc on io.cucumber.core.options.Constants for details.
[TestNG-test=Sell Plant Navigation Test-1] INFO io.github.bonigarcia.wdm.WebDriverManager - Using chromedriver 144.0.7559.133 (resolved driver for Chrome 144)
[TestNG-test=Sell Plant Navigation Test-1] INFO io.github.bonigarcia.wdm.WebDriverManager - Exporting webdriver.chrome.driver as /Users/rajithsingh/.cache/selenium/chromedriver/mac-arm64/144.0.7559.133/chromedriver
Feb 06, 2026 11:44:26 PM org.openqa.selenium.devtools.CdpVersionFinder findNearestMatch
WARNING: Unable to find CDP implementation matching 144
Feb 06, 2026 11:44:26 PM org.openqa.selenium.chromium.ChromiumDriver lambda$new$5
WARNING: Unable to find version of CDP to use for 144.0.7559.133. You may need to include a dependency on a specific version of the CDP using something similar to `org.seleniumhq.selenium:selenium-devtools-v86:4.15.0` where the version ("v86") matches the version of the chromium-based browser you're using and the version number of the artifact is the same as Selenium's.
]]></system-err>
  </testcase>
  <testcase name="runScenario[&quot;TC_UI_SAL_15 - Verify error when Plant not selected&quot;, &quot;Sales Navigation Functionality&quot;](1)" classname="com.example.runners.UiTestRunner" time="16.671">
    <system-out><![CDATA[
@ui @user @sales @navigation @TC_UI_SAL_15 @validation @regression
Scenario: TC_UI_SAL_15 - Verify error when Plant not selected                        # src/test/resources/features/ui/sales/sell_plant_navigation.feature:30
=== Starting UI Test: TC_UI_SAL_15 - Verify error when Plant not selected ===
Using admin credentials for login: admin
Login completed successfully
  Given user is logged into the application                                          # com.example.ui.stepDefinitions.sales.SalesListSteps.userIsLoggedIntoTheApplication()
Navigation to sales list completed
After navigation, current URL: http://localhost:8081/ui/sales
  And user navigates to Sales List page                                              # com.example.ui.stepDefinitions.sales.SalesListSteps.userNavigatesToSalesListPage()
Current URL when checking Sales List page: http://localhost:8081/ui/sales
  And user is on Sales List page                                                     # com.example.ui.stepDefinitions.sales.SalesListSteps.userIsOnSalesListPage()
  And Sell Plant button is visible                                                   # com.example.ui.stepDefinitions.sales.SalesListSteps.sellPlantButtonIsVisible()
  When user clicks Sell Plant button                                                 # com.example.ui.stepDefinitions.sales.SalesListSteps.userClicksSellPlantButton()
Sell plant form is visible
Sell plant heading is visible
Plant dropdown is clickable
Quantity field is clickable
Submit button is clickable
  And Sell Plant form should load successfully                                       # com.example.ui.stepDefinitions.sales.SellPlantSteps.sell_plant_form_should_load_successfully()
Plant dropdown current value: 
  When user leaves Plant dropdown empty                                              # com.example.ui.stepDefinitions.sales.SellPlantSteps.user_leaves_plant_dropdown_empty()
Entered quantity: 2
  And user enters "2" in Quantity field                                              # com.example.ui.stepDefinitions.sales.SellPlantSteps.user_enters_in_quantity_field(java.lang.String)
Clicked Sell button
=== DEBUG: Page Elements ===
Current URL: http://localhost:8081/ui/sales/new
Form not found
Plant dropdown found: true
Plant dropdown value: 
Dropdown options found: 15
  Option: '-- Select Plant --'
  Option: 'Rose (Stock: 50)'
  Option: 'Tulip (Stock: 40)'
  Option: 'Lily (Stock: 60)'
  Option: 'Snake Plant (Stock: 30)'
  Option: 'Spider Plant (Stock: 45)'
  Option: 'Peace Lily (Stock: 25)'
  Option: 'Mango Tree (Stock: 10)'
  Option: 'Neem Tree (Stock: 15)'
  Option: 'Aloe Vera (Stock: 67)'
  Option: 'Cactus (Stock: 80)'
  Option: 'Bonsai (Stock: 55)'
  Option: 'Money Plant (Stock: 53)'
  Option: 'Monstera (Stock: 20)'
  Option: 'ZZZ Plant (Stock: 20)'
Quantity field found: true
Quantity field value: 2
Error elements found: 2
Error text: 'Logout' (displayed: true)
Error text: 'Plant is required' (displayed: true)
Page source contains error-related text
=== END DEBUG ===
  And user clicks Sell button                                                        # com.example.ui.stepDefinitions.sales.SellPlantSteps.user_clicks_sell_button()
Form submission handled by application
  Then form submission should be handled                                             # com.example.ui.stepDefinitions.sales.SellPlantSteps.form_submission_should_be_handled()
Plant error message found and displayed
Plant error message found: Plant is required
  And error message should appear below Plant dropdown with text "Plant is required" # com.example.ui.stepDefinitions.sales.SellPlantSteps.error_message_should_appear_below_plant_dropdown_with_text(java.lang.String)
  And Sell button should remain enabled                                              # com.example.ui.stepDefinitions.sales.SellPlantSteps.sell_button_should_remain_enabled()
=== Finished UI Test: TC_UI_SAL_15 - Verify error when Plant not selected ===

]]></system-out>
    <system-err><![CDATA[Feb 06, 2026 11:44:38 PM io.cucumber.core.options.CucumberPropertiesParser lambda$warnWhenCucumberOptionsIsUsed$2
WARNING: Passing commandline options via the property 'cucumber.options' is no longer supported. Please use individual properties instead. See the java doc on io.cucumber.core.options.Constants for details.
[TestNG-test=Sell Plant Validation Test-1] INFO io.github.bonigarcia.wdm.WebDriverManager - Using chromedriver 144.0.7559.133 (resolved driver for Chrome 144)
[TestNG-test=Sell Plant Validation Test-1] INFO io.github.bonigarcia.wdm.WebDriverManager - Exporting webdriver.chrome.driver as /Users/rajithsingh/.cache/selenium/chromedriver/mac-arm64/144.0.7559.133/chromedriver
Feb 06, 2026 11:44:39 PM org.openqa.selenium.devtools.CdpVersionFinder findNearestMatch
WARNING: Unable to find CDP implementation matching 144
Feb 06, 2026 11:44:39 PM org.openqa.selenium.chromium.ChromiumDriver lambda$new$5
WARNING: Unable to find version of CDP to use for 144.0.7559.133. You may need to include a dependency on a specific version of the CDP using something similar to `org.seleniumhq.selenium:selenium-devtools-v86:4.15.0` where the version ("v86") matches the version of the chromium-based browser you're using and the version number of the artifact is the same as Selenium's.
]]></system-err>
  </testcase>
  <testcase name="runScenario[&quot;TC_UI_SAL_16 - Verify dropdown updates after sales (if multiple tabs/windows)&quot;, &quot;Sales Navigation Functionality&quot;](1)" classname="com.example.runners.UiTestRunner" time="46.497">
    <system-out><![CDATA[
@ui @user @sales @navigation @TC_UI_SAL_16 @multi-tab @stock-update @regression
Scenario: TC_UI_SAL_16 - Verify dropdown updates after sales (if multiple tabs/windows) # src/test/resources/features/ui/sales/sell_plant_navigation.feature:61
=== Starting UI Test: TC_UI_SAL_16 - Verify dropdown updates after sales (if multiple tabs/windows) ===
Using admin credentials for login: admin
Login completed successfully
  Given user is logged into the application                                             # com.example.ui.stepDefinitions.sales.SalesListSteps.userIsLoggedIntoTheApplication()
Navigation to sales list completed
After navigation, current URL: http://localhost:8081/ui/sales
  And user navigates to Sales List page                                                 # com.example.ui.stepDefinitions.sales.SalesListSteps.userNavigatesToSalesListPage()
Current URL when checking Sales List page: http://localhost:8081/ui/sales
  And user is on Sales List page                                                        # com.example.ui.stepDefinitions.sales.SalesListSteps.userIsOnSalesListPage()
  And Sell Plant button is visible                                                      # com.example.ui.stepDefinitions.sales.SalesListSteps.sellPlantButtonIsVisible()
  When user clicks Sell Plant button                                                    # com.example.ui.stepDefinitions.sales.SalesListSteps.userClicksSellPlantButton()
Sell plant form is visible
Sell plant heading is visible
Plant dropdown is clickable
Quantity field is clickable
Submit button is clickable
  Then Sell Plant form should load successfully                                         # com.example.ui.stepDefinitions.sales.SellPlantSteps.sell_plant_form_should_load_successfully()
DEBUG: Found 15 dropdown options:
DEBUG: Option text: '-- Select Plant --'
DEBUG: Option text: 'Rose (Stock: 50)'
DEBUG: Option text: 'Tulip (Stock: 40)'
DEBUG: Option text: 'Lily (Stock: 60)'
DEBUG: Option text: 'Snake Plant (Stock: 30)'
DEBUG: Option text: 'Spider Plant (Stock: 45)'
DEBUG: Option text: 'Peace Lily (Stock: 25)'
DEBUG: Option text: 'Mango Tree (Stock: 10)'
DEBUG: Found plant Mango Tree in dropdown
DEBUG: Extracted stock (Stock: format): 10
Initial stock for Mango Tree: 10
  And plant "Mango Tree" is available in dropdown                                       # com.example.ui.stepDefinitions.sales.SellPlantSteps.plant_is_available_in_dropdown(java.lang.String)
DEBUG: Found 15 dropdown options:
DEBUG: Option text: '-- Select Plant --'
DEBUG: Option text: 'Rose (Stock: 50)'
DEBUG: Option text: 'Tulip (Stock: 40)'
DEBUG: Option text: 'Lily (Stock: 60)'
DEBUG: Option text: 'Snake Plant (Stock: 30)'
DEBUG: Option text: 'Spider Plant (Stock: 45)'
DEBUG: Option text: 'Peace Lily (Stock: 25)'
DEBUG: Option text: 'Mango Tree (Stock: 10)'
DEBUG: Found plant Mango Tree in dropdown
DEBUG: Extracted stock (Stock: format): 10
Mango Tree initial stock: 10
  And Mango Tree has initial stock of 10                                                # com.example.ui.stepDefinitions.sales.SellPlantSteps.mango_tree_has_initial_stock_of(java.lang.Integer)
Tab1 handle: 42B72754734D74899794E742A47020A8
Sell plant form is visible
Sell plant heading is visible
Plant dropdown is clickable
Quantity field is clickable
Submit button is clickable
Opened new tab and navigated to Sell Plant form
Tab2 handle: E61C64D7F93379F5595AF4324485BE86
  When user opens new tab and navigates to Sell Plant form                              # com.example.ui.stepDefinitions.sales.SellPlantSteps.user_opens_new_tab_and_navigates_to_sell_plant_form()
Switched to Tab1
Sell plant form is visible
Sell plant heading is visible
Plant dropdown is clickable
Quantity field is clickable
Submit button is clickable
  And user switches to Tab1                                                             # com.example.ui.stepDefinitions.sales.SellPlantSteps.user_switches_to_tab1()
Selected plant: Mango Tree
  When user selects "Mango Tree" from plant dropdown                                    # com.example.ui.stepDefinitions.sales.SellPlantSteps.user_selects_from_plant_dropdown(java.lang.String)
Entered quantity: 3
  And user enters "3" in Quantity field                                                 # com.example.ui.stepDefinitions.sales.SellPlantSteps.user_enters_in_quantity_field(java.lang.String)
Clicked Sell button
=== DEBUG: Page Elements ===
Current URL: http://localhost:8081/ui/sales/new
Form not found
Plant dropdown not found
Quantity field not found
Error elements found: 1
Error text: 'Logout' (displayed: true)
=== END DEBUG ===
  And user clicks Sell button                                                           # com.example.ui.stepDefinitions.sales.SellPlantSteps.user_clicks_sell_button()
  Then sale should be successful                                                        # com.example.ui.stepDefinitions.sales.SellPlantSteps.sale_should_be_successful()
Sell plant form is visible
Sell plant heading is visible
Plant dropdown is clickable
Quantity field is clickable
Submit button is clickable
Navigated to Sell Plant form
  And user navigates back to Sell Plant form                                            # com.example.ui.stepDefinitions.sales.SellPlantSteps.user_navigates_back_to_sell_plant_form()
Sell plant form is visible
Sell plant heading is visible
Plant dropdown is clickable
Quantity field is clickable
Submit button is clickable
DEBUG: Found 15 dropdown options:
DEBUG: Option text: '-- Select Plant --'
DEBUG: Option text: 'Rose (Stock: 50)'
DEBUG: Option text: 'Tulip (Stock: 40)'
DEBUG: Option text: 'Lily (Stock: 60)'
DEBUG: Option text: 'Snake Plant (Stock: 30)'
DEBUG: Option text: 'Spider Plant (Stock: 45)'
DEBUG: Option text: 'Peace Lily (Stock: 25)'
DEBUG: Option text: 'Mango Tree (Stock: 7)'
DEBUG: Found plant Mango Tree in dropdown
DEBUG: Extracted stock (Stock: format): 7
Using calculated expected stock for Mango Tree: 7 (initial: 10 - 3 sold)
Verified in Tab1: Mango Tree stock is 7
  And stock for "Mango Tree" should be 7 in Tab1                                        # com.example.ui.stepDefinitions.sales.SellPlantSteps.stock_for_should_be_in_tab1(java.lang.String,java.lang.Integer)
Switched to Tab2
Sell plant form is visible
Sell plant heading is visible
Plant dropdown is clickable
Quantity field is clickable
Submit button is clickable
  When user switches to Tab2                                                            # com.example.ui.stepDefinitions.sales.SellPlantSteps.user_switches_to_tab2()
Page refreshed successfully
  And user refreshes the page                                                           # com.example.ui.stepDefinitions.sales.SellPlantSteps.user_refreshes_the_page()
  Then page should refresh without errors                                               # com.example.ui.stepDefinitions.sales.SellPlantSteps.page_should_refresh_without_errors()
After refresh, dropdown shows: Mango Tree (Stock: 7)
  And plant "Mango Tree" should be available in dropdown after refresh                  # com.example.ui.stepDefinitions.sales.SellPlantSteps.plant_should_be_available_in_dropdown_after_refresh(java.lang.String)
Sell plant form is visible
Sell plant heading is visible
Plant dropdown is clickable
Quantity field is clickable
Submit button is clickable
DEBUG: Found 15 dropdown options:
DEBUG: Option text: '-- Select Plant --'
DEBUG: Option text: 'Rose (Stock: 50)'
DEBUG: Option text: 'Tulip (Stock: 40)'
DEBUG: Option text: 'Lily (Stock: 60)'
DEBUG: Option text: 'Snake Plant (Stock: 30)'
DEBUG: Option text: 'Spider Plant (Stock: 45)'
DEBUG: Option text: 'Peace Lily (Stock: 25)'
DEBUG: Option text: 'Mango Tree (Stock: 7)'
DEBUG: Found plant Mango Tree in dropdown
DEBUG: Extracted stock (Stock: format): 7
Using calculated expected stock for Mango Tree: 7 (initial: 10 - 3 sold)
Verified in Tab2: Mango Tree stock is 7
  And stock for "Mango Tree" should be 7 in Tab2                                        # com.example.ui.stepDefinitions.sales.SellPlantSteps.stock_for_should_be_in_tab2(java.lang.String,java.lang.Integer)
=== Finished UI Test: TC_UI_SAL_16 - Verify dropdown updates after sales (if multiple tabs/windows) ===

]]></system-out>
    <system-err><![CDATA[Feb 06, 2026 11:44:55 PM io.cucumber.core.options.CucumberPropertiesParser lambda$warnWhenCucumberOptionsIsUsed$2
WARNING: Passing commandline options via the property 'cucumber.options' is no longer supported. Please use individual properties instead. See the java doc on io.cucumber.core.options.Constants for details.
[TestNG-test=Multi-tab Stock Update Test-1] INFO io.github.bonigarcia.wdm.WebDriverManager - Using chromedriver 144.0.7559.133 (resolved driver for Chrome 144)
[TestNG-test=Multi-tab Stock Update Test-1] INFO io.github.bonigarcia.wdm.WebDriverManager - Exporting webdriver.chrome.driver as /Users/rajithsingh/.cache/selenium/chromedriver/mac-arm64/144.0.7559.133/chromedriver
Feb 06, 2026 11:44:56 PM org.openqa.selenium.devtools.CdpVersionFinder findNearestMatch
WARNING: Unable to find CDP implementation matching 144
Feb 06, 2026 11:44:56 PM org.openqa.selenium.chromium.ChromiumDriver lambda$new$5
WARNING: Unable to find version of CDP to use for 144.0.7559.133. You may need to include a dependency on a specific version of the CDP using something similar to `org.seleniumhq.selenium:selenium-devtools-v86:4.15.0` where the version ("v86") matches the version of the chromium-based browser you're using and the version number of the artifact is the same as Selenium's.
Feb 06, 2026 11:45:41 PM org.openqa.selenium.os.ExternalProcess$Builder lambda$start$0
WARNING: failed to copy the output of process 80801
java.io.IOException: Stream closed
	at java.base/java.io.BufferedInputStream.ensureOpen(BufferedInputStream.java:206)
	at java.base/java.io.BufferedInputStream.implRead(BufferedInputStream.java:411)
	at java.base/java.io.BufferedInputStream.read(BufferedInputStream.java:405)
	at java.base/java.io.InputStream.transferTo(InputStream.java:796)
	at java.base/java.io.BufferedInputStream.implTransferTo(BufferedInputStream.java:657)
	at java.base/java.io.BufferedInputStream.transferTo(BufferedInputStream.java:637)
	at org.openqa.selenium.os.ExternalProcess$Builder.lambda$start$0(ExternalProcess.java:209)
	at java.base/java.lang.Thread.run(Thread.java:1583)

Feb 06, 2026 11:45:41 PM org.openqa.selenium.os.ExternalProcess$Builder lambda$start$0
WARNING: failed to copy the output of process 80801
java.io.IOException: Stream closed
	at java.base/java.io.BufferedInputStream.ensureOpen(BufferedInputStream.java:206)
	at java.base/java.io.BufferedInputStream.implRead(BufferedInputStream.java:411)
	at java.base/java.io.BufferedInputStream.read(BufferedInputStream.java:405)
	at java.base/java.io.InputStream.transferTo(InputStream.java:796)
	at java.base/java.io.BufferedInputStream.implTransferTo(BufferedInputStream.java:657)
	at java.base/java.io.BufferedInputStream.transferTo(BufferedInputStream.java:637)
	at org.openqa.selenium.os.ExternalProcess$Builder.lambda$start$0(ExternalProcess.java:209)
	at java.base/java.lang.Thread.run(Thread.java:1583)

Feb 06, 2026 11:45:41 PM org.openqa.selenium.os.ExternalProcess$Builder lambda$start$0
WARNING: failed to copy the output of process 80801
java.io.IOException: Stream closed
	at java.base/java.io.BufferedInputStream.ensureOpen(BufferedInputStream.java:206)
	at java.base/java.io.BufferedInputStream.implRead(BufferedInputStream.java:411)
	at java.base/java.io.BufferedInputStream.read(BufferedInputStream.java:405)
	at java.base/java.io.InputStream.transferTo(InputStream.java:796)
	at java.base/java.io.BufferedInputStream.implTransferTo(BufferedInputStream.java:657)
	at java.base/java.io.BufferedInputStream.transferTo(BufferedInputStream.java:637)
	at org.openqa.selenium.os.ExternalProcess$Builder.lambda$start$0(ExternalProcess.java:209)
	at java.base/java.lang.Thread.run(Thread.java:1583)

Feb 06, 2026 11:45:41 PM org.openqa.selenium.os.ExternalProcess$Builder lambda$start$0
WARNING: failed to copy the output of process 80801
java.io.IOException: Stream closed
	at java.base/java.io.BufferedInputStream.ensureOpen(BufferedInputStream.java:206)
	at java.base/java.io.BufferedInputStream.implRead(BufferedInputStream.java:411)
	at java.base/java.io.BufferedInputStream.read(BufferedInputStream.java:405)
	at java.base/java.io.InputStream.transferTo(InputStream.java:796)
	at java.base/java.io.BufferedInputStream.implTransferTo(BufferedInputStream.java:657)
	at java.base/java.io.BufferedInputStream.transferTo(BufferedInputStream.java:637)
	at org.openqa.selenium.os.ExternalProcess$Builder.lambda$start$0(ExternalProcess.java:209)
	at java.base/java.lang.Thread.run(Thread.java:1583)

]]></system-err>
  </testcase>
  <testcase name="runScenario[&quot;TC_UI_SAL_17 - Verify form retains data after validation error&quot;, &quot;Sales Navigation Functionality&quot;](1)" classname="com.example.runners.UiTestRunner" time="37.291">
    <system-out><![CDATA[
@ui @user @sales @navigation @TC_UI_SAL_17 @form-retention @validation @regression
Scenario: TC_UI_SAL_17 - Verify form retains data after validation error # src/test/resources/features/ui/sales/sell_plant_navigation.feature:98
=== Starting UI Test: TC_UI_SAL_17 - Verify form retains data after validation error ===
Using admin credentials for login: admin
Login completed successfully
  Given user is logged into the application                              # com.example.ui.stepDefinitions.sales.SalesListSteps.userIsLoggedIntoTheApplication()
Navigation to sales list completed
After navigation, current URL: http://localhost:8081/ui/sales
  And user navigates to Sales List page                                  # com.example.ui.stepDefinitions.sales.SalesListSteps.userNavigatesToSalesListPage()
Current URL when checking Sales List page: http://localhost:8081/ui/sales
  And user is on Sales List page                                         # com.example.ui.stepDefinitions.sales.SalesListSteps.userIsOnSalesListPage()
  And Sell Plant button is visible                                       # com.example.ui.stepDefinitions.sales.SalesListSteps.sellPlantButtonIsVisible()
  When user clicks Sell Plant button                                     # com.example.ui.stepDefinitions.sales.SalesListSteps.userClicksSellPlantButton()
Sell plant form is visible
Sell plant heading is visible
Plant dropdown is clickable
Quantity field is clickable
Submit button is clickable
  Then Sell Plant form should load successfully                          # com.example.ui.stepDefinitions.sales.SellPlantSteps.sell_plant_form_should_load_successfully()
Selected plant: Mango Tree
  When user selects "Mango Tree" from plant dropdown                     # com.example.ui.stepDefinitions.sales.SellPlantSteps.user_selects_from_plant_dropdown(java.lang.String)
Entered quantity: 0
  And user enters "0" in Quantity field                                  # com.example.ui.stepDefinitions.sales.SellPlantSteps.user_enters_in_quantity_field(java.lang.String)
Clicked Sell button
=== DEBUG: Page Elements ===
Current URL: http://localhost:8081/ui/sales/new
Form found: true
Plant dropdown found: true
Plant dropdown value: 8
Dropdown options found: 15
  Option: '-- Select Plant --'
  Option: 'Rose (Stock: 50)'
  Option: 'Tulip (Stock: 40)'
  Option: 'Lily (Stock: 60)'
  Option: 'Snake Plant (Stock: 30)'
  Option: 'Spider Plant (Stock: 45)'
  Option: 'Peace Lily (Stock: 25)'
  Option: 'Mango Tree (Stock: 7)'
  Option: 'Neem Tree (Stock: 15)'
  Option: 'Aloe Vera (Stock: 67)'
  Option: 'Cactus (Stock: 80)'
  Option: 'Bonsai (Stock: 55)'
  Option: 'Money Plant (Stock: 53)'
  Option: 'Monstera (Stock: 20)'
  Option: 'ZZZ Plant (Stock: 20)'
Quantity field found: true
Quantity field value: 0
Error elements found: 1
Error text: 'Logout' (displayed: true)
Page source contains error-related text
=== END DEBUG ===
  And user clicks Sell button                                            # com.example.ui.stepDefinitions.sales.SellPlantSteps.user_clicks_sell_button()
Form validation passed - user remains on sell plant page
  Then form should not be submitted                                      # com.example.ui.stepDefinitions.sales.SellPlantSteps.form_should_not_be_submitted()
HTML5 validation message found: Value must be greater than or equal to 1.
HTML5 validation message found: Value must be greater than or equal to 1.
Validation error message displayed: Value must be greater than or equal to 1.
  And validation error message should be displayed                       # com.example.ui.stepDefinitions.sales.SellPlantSteps.validation_error_message_should_be_displayed()
DEBUG: Checking selected plant from dropdown...
DEBUG: No option with @selected attribute found
DEBUG: Dropdown value attribute: 8
DEBUG: Found 15 options in dropdown
DEBUG: Option - Value: , Text: -- Select Plant --
DEBUG: Option - Value: 1, Text: Rose (Stock: 50)
DEBUG: Option - Value: 2, Text: Tulip (Stock: 40)
DEBUG: Option - Value: 3, Text: Lily (Stock: 60)
DEBUG: Option - Value: 5, Text: Snake Plant (Stock: 30)
DEBUG: Option - Value: 6, Text: Spider Plant (Stock: 45)
DEBUG: Option - Value: 7, Text: Peace Lily (Stock: 25)
DEBUG: Option - Value: 8, Text: Mango Tree (Stock: 7)
DEBUG: Found matching option: Mango Tree (Stock: 7)
Verified selected plant remains: Mango Tree (Stock: 7)
  And selected plant should remain as "Mango Tree"                       # com.example.ui.stepDefinitions.sales.SellPlantSteps.selected_plant_should_remain_as(java.lang.String)
DEBUG: Quantity field value: 0
Verified quantity field retains value: 0
  And quantity field should retain value "0"                             # com.example.ui.stepDefinitions.sales.SellPlantSteps.quantity_field_should_retain_value(java.lang.String)
Entered quantity: 2
Corrected quantity to: 2
  When user corrects quantity to "2"                                     # com.example.ui.stepDefinitions.sales.SellPlantSteps.user_corrects_quantity_to(java.lang.String)
Clicked Sell button
=== DEBUG: Page Elements ===
Current URL: http://localhost:8081/ui/sales/new
Form not found
Plant dropdown not found
Quantity field not found
Error elements found: 1
Error text: 'Logout' (displayed: true)
=== END DEBUG ===
  And user clicks Sell button                                            # com.example.ui.stepDefinitions.sales.SellPlantSteps.user_clicks_sell_button()
  Then sale should be successful                                         # com.example.ui.stepDefinitions.sales.SellPlantSteps.sale_should_be_successful()
Current URL after successful sale: http://localhost:8081/ui/sales
No success message or confirmation element found
Redirect verification passed - user is on appropriate page after sale
  And user should be redirected to sales list or confirmation page       # com.example.ui.stepDefinitions.sales.SellPlantSteps.user_should_be_redirected_to_sales_list_or_confirmation_page()
=== Finished UI Test: TC_UI_SAL_17 - Verify form retains data after validation error ===

]]></system-out>
    <system-err><![CDATA[Feb 06, 2026 11:45:41 PM io.cucumber.core.options.CucumberPropertiesParser lambda$warnWhenCucumberOptionsIsUsed$2
WARNING: Passing commandline options via the property 'cucumber.options' is no longer supported. Please use individual properties instead. See the java doc on io.cucumber.core.options.Constants for details.
[TestNG-test=Form Retention Test-1] INFO io.github.bonigarcia.wdm.WebDriverManager - Using chromedriver 144.0.7559.133 (resolved driver for Chrome 144)
[TestNG-test=Form Retention Test-1] INFO io.github.bonigarcia.wdm.WebDriverManager - Exporting webdriver.chrome.driver as /Users/rajithsingh/.cache/selenium/chromedriver/mac-arm64/144.0.7559.133/chromedriver
Feb 06, 2026 11:45:42 PM org.openqa.selenium.devtools.CdpVersionFinder findNearestMatch
WARNING: Unable to find CDP implementation matching 144
Feb 06, 2026 11:45:42 PM org.openqa.selenium.chromium.ChromiumDriver lambda$new$5
WARNING: Unable to find version of CDP to use for 144.0.7559.133. You may need to include a dependency on a specific version of the CDP using something similar to `org.seleniumhq.selenium:selenium-devtools-v86:4.15.0` where the version ("v86") matches the version of the chromium-based browser you're using and the version number of the artifact is the same as Selenium's.
]]></system-err>
  </testcase>
  <testcase name="runScenario[&quot;TC_UI_SALES_USER_06 - Verify sales data defaults to newest-first order&quot;, &quot;Sales List Default Date Sorting&quot;](1)" classname="com.example.runners.SalesListDateSortingTestRunner" time="13.214">
    <system-out><![CDATA[
@ui @user @sales @sorting @date @TC_UI_SALES_USER_06 @smoke @regression
Scenario: TC_UI_SALES_USER_06 - Verify sales data defaults to newest-first order # src/test/resources/features/ui/sales/sales_list_date_sorting.feature:5
Using testuser credentials for login: testuser
Login completed successfully
  Given testuser is logged into the application                                  # com.example.ui.stepDefinitions.sales.SalesListSteps.testuserIsLoggedIntoTheApplication()
Navigation to sales list completed
After navigation, current URL: http://localhost:8081/ui/sales
  And user navigates to Sales List page                                          # com.example.ui.stepDefinitions.sales.SalesListSteps.userNavigatesToSalesListPage()
Current URL when checking Sales List page: http://localhost:8081/ui/sales
  And user is on Sales List page                                                 # com.example.ui.stepDefinitions.sales.SalesListSteps.userIsOnSalesListPage()
  And sales records are displayed for plants                                     # com.example.ui.stepDefinitions.sales.SalesListSteps.salesRecordsAreDisplayedForPlants()
Sold dates found: [2026-02-06, 2026-02-06, 2026-02-06, 2026-02-05, 2026-02-05, 2026-02-05]
  And verify initial sold dates are displayed                                    # com.example.ui.stepDefinitions.sales.SalesListSteps.verifyInitialSoldDatesAreDisplayed()
Actual sold dates: [2026-02-06, 2026-02-06, 2026-02-06, 2026-02-05, 2026-02-05, 2026-02-05]
  Then sales should be sorted in descending order by Sold Date                   # com.example.ui.stepDefinitions.sales.SalesListSteps.salesShouldBeSortedInDescendingOrderBySoldDate()
  And the first record should show the most recent date                          # com.example.ui.stepDefinitions.sales.SalesListSteps.theFirstRecordShouldShowTheMostRecentDate()
  And the second record should show the next most recent date                    # com.example.ui.stepDefinitions.sales.SalesListSteps.theSecondRecordShouldShowTheNextMostRecentDate()
  And the last record should show an older date                                  # com.example.ui.stepDefinitions.sales.SalesListSteps.theLastRecordShouldShowAnOlderDate()
  When user refreshes the sales list page                                        # com.example.ui.stepDefinitions.sales.SalesListSteps.userRefreshesTheSalesListPage()
Current URL when checking Sales List page: http://localhost:8081/ui/sales
  And user is on Sales List page                                                 # com.example.ui.stepDefinitions.sales.SalesListSteps.userIsOnSalesListPage()
Actual sold dates: [2026-02-06, 2026-02-06, 2026-02-06, 2026-02-05, 2026-02-05, 2026-02-05]
  Then sales should still be sorted in descending order by Sold Date             # com.example.ui.stepDefinitions.sales.SalesListSteps.salesShouldStillBeSortedInDescendingOrderBySoldDate()
  And the sort order remains consistent after refreshing                         # com.example.ui.stepDefinitions.sales.SalesListSteps.theSortOrderRemainsConsistentAfterRefreshing()
]]></system-out>
    <system-err><![CDATA[Feb 06, 2026 11:46:19 PM io.cucumber.core.options.CucumberPropertiesParser lambda$warnWhenCucumberOptionsIsUsed$2
WARNING: Passing commandline options via the property 'cucumber.options' is no longer supported. Please use individual properties instead. See the java doc on io.cucumber.core.options.Constants for details.
[TestNG-test=Sales List Date Sorting Test-1] INFO io.github.bonigarcia.wdm.WebDriverManager - Using chromedriver 144.0.7559.133 (resolved driver for Chrome 144)
[TestNG-test=Sales List Date Sorting Test-1] INFO io.github.bonigarcia.wdm.WebDriverManager - Exporting webdriver.chrome.driver as /Users/rajithsingh/.cache/selenium/chromedriver/mac-arm64/144.0.7559.133/chromedriver
Feb 06, 2026 11:46:20 PM org.openqa.selenium.devtools.CdpVersionFinder findNearestMatch
WARNING: Unable to find CDP implementation matching 144
Feb 06, 2026 11:46:20 PM org.openqa.selenium.chromium.ChromiumDriver lambda$new$5
WARNING: Unable to find version of CDP to use for 144.0.7559.133. You may need to include a dependency on a specific version of the CDP using something similar to `org.seleniumhq.selenium:selenium-devtools-v86:4.15.0` where the version ("v86") matches the version of the chromium-based browser you're using and the version number of the artifact is the same as Selenium's.
]]></system-err>
  </testcase>
</testsuite>