<?xml version="1.0" encoding="UTF-8"?>
<testsuite xmlns:xsi="http://www.w3.org/2001/XMLSchema-instance" xsi:noNamespaceSchemaLocation="https://maven.apache.org/surefire/maven-surefire-plugin/xsd/surefire-test-report-3.0.xsd" version="3.0" name="com.example.runners.EditPlantPageRestrictionTestRunner" time="7.742" tests="1" errors="0" skipped="0" failures="1">
  <properties>
[...]
</properties>
  <testcase name="runScenario[&quot;TC_UI_PLANTS_USER_11 - Verify User cannot access Edit Plant page&quot;, &quot;Edit Plant Page Restriction for Regular User&quot;](1)" classname="com.example.runners.EditPlantPageRestrictionTestRunner" time="5.986">
    <failure message="Login failed: unknown error: net::ERR_CONNECTION_REFUSED&#10;  (Session info: chrome=144.0.7559.133)&#10;Build info: version: &apos;4.15.0&apos;, revision: &apos;1d14b5521b&apos;&#10;System info: os.name: &apos;Windows 11&apos;, os.arch: &apos;amd64&apos;, os.version: &apos;10.0&apos;, java.version: &apos;23.0.1&apos;&#10;Driver info: org.openqa.selenium.chrome.ChromeDriver&#10;Command: [8e528a8cb8f49073f048afd45e889c21, get {url=http://localhost:8081/ui/login}]&#10;Capabilities {acceptInsecureCerts: false, browserName: chrome, browserVersion: 144.0.7559.133, chrome: {chromedriverVersion: 144.0.7559.133 (7da823b1d59..., userDataDir: C:\Users\MSII\AppData\Local...}, fedcm:accounts: true, goog:chromeOptions: {debuggerAddress: localhost:14061}, goog:processID: 39732, networkConnectionEnabled: false, pageLoadStrategy: eager, platformName: windows, proxy: Proxy(), se:cdp: ws://localhost:14061/devtoo..., se:cdpVersion: 144.0.7559.133, setWindowRect: true, strictFileInteractability: false, timeouts: {implicit: 0, pageLoad: 300000, script: 30000}, unhandledPromptBehavior: dismiss and notify, webauthn:extension:credBlob: true, webauthn:extension:largeBlob: true, webauthn:extension:minPinLength: true, webauthn:extension:prf: true, webauthn:virtualAuthenticators: true}&#10;Session ID: 8e528a8cb8f49073f048afd45e889c21" type="java.lang.AssertionError"><![CDATA[java.lang.AssertionError: 
Login failed: unknown error: net::ERR_CONNECTION_REFUSED
  (Session info: chrome=144.0.7559.133)
Build info: version: '4.15.0', revision: '1d14b5521b'
System info: os.name: 'Windows 11', os.arch: 'amd64', os.version: '10.0', java.version: '23.0.1'
Driver info: org.openqa.selenium.chrome.ChromeDriver
Command: [8e528a8cb8f49073f048afd45e889c21, get {url=http://localhost:8081/ui/login}]
Capabilities {acceptInsecureCerts: false, browserName: chrome, browserVersion: 144.0.7559.133, chrome: {chromedriverVersion: 144.0.7559.133 (7da823b1d59..., userDataDir: C:\Users\MSII\AppData\Local...}, fedcm:accounts: true, goog:chromeOptions: {debuggerAddress: localhost:14061}, goog:processID: 39732, networkConnectionEnabled: false, pageLoadStrategy: eager, platformName: windows, proxy: Proxy(), se:cdp: ws://localhost:14061/devtoo..., se:cdpVersion: 144.0.7559.133, setWindowRect: true, strictFileInteractability: false, timeouts: {implicit: 0, pageLoad: 300000, script: 30000}, unhandledPromptBehavior: dismiss and notify, webauthn:extension:credBlob: true, webauthn:extension:largeBlob: true, webauthn:extension:minPinLength: true, webauthn:extension:prf: true, webauthn:virtualAuthenticators: true}
Session ID: 8e528a8cb8f49073f048afd45e889c21
	at org.testng.Assert.fail(Assert.java:111)
	at com.example.ui.stepDefinitions.sales.SalesListSteps.testuserIsLoggedIntoTheApplication(SalesListSteps.java:651)
	at ✽.testuser is logged into the application(file:///C:/Users/MSII/Downloads/QA_BUG/ITFac_Batch21_Group53/src/test/resources/features/ui/plants/edit_plant_page_restriction.feature:13)
]]></failure>
    <system-out><![CDATA[
@ui @user @plants @security @admin @TC_UI_PLANTS_USER_11 @smoke @regression
Scenario: TC_UI_PLANTS_USER_11 - Verify User cannot access Edit Plant page # src/test/resources/features/ui/plants/edit_plant_page_restriction.feature:5
Using testuser credentials for login: testuser
  Given testuser is logged into the application                            # com.example.ui.stepDefinitions.sales.SalesListSteps.testuserIsLoggedIntoTheApplication()
      java.lang.AssertionError: Login failed: unknown error: net::ERR_CONNECTION_REFUSED
  (Session info: chrome=144.0.7559.133)
Build info: version: '4.15.0', revision: '1d14b5521b'
System info: os.name: 'Windows 11', os.arch: 'amd64', os.version: '10.0', java.version: '23.0.1'
Driver info: org.openqa.selenium.chrome.ChromeDriver
Command: [8e528a8cb8f49073f048afd45e889c21, get {url=http://localhost:8081/ui/login}]
Capabilities {acceptInsecureCerts: false, browserName: chrome, browserVersion: 144.0.7559.133, chrome: {chromedriverVersion: 144.0.7559.133 (7da823b1d59..., userDataDir: C:\Users\MSII\AppData\Local...}, fedcm:accounts: true, goog:chromeOptions: {debuggerAddress: localhost:14061}, goog:processID: 39732, networkConnectionEnabled: false, pageLoadStrategy: eager, platformName: windows, proxy: Proxy(), se:cdp: ws://localhost:14061/devtoo..., se:cdpVersion: 144.0.7559.133, setWindowRect: true, strictFileInteractability: false, timeouts: {implicit: 0, pageLoad: 300000, script: 30000}, unhandledPromptBehavior: dismiss and notify, webauthn:extension:credBlob: true, webauthn:extension:largeBlob: true, webauthn:extension:minPinLength: true, webauthn:extension:prf: true, webauthn:virtualAuthenticators: true}
Session ID: 8e528a8cb8f49073f048afd45e889c21
	at org.testng.Assert.fail(Assert.java:111)
	at com.example.ui.stepDefinitions.sales.SalesListSteps.testuserIsLoggedIntoTheApplication(SalesListSteps.java:651)
	at ✽.testuser is logged into the application(file:///C:/Users/MSII/Downloads/QA_BUG/ITFac_Batch21_Group53/src/test/resources/features/ui/plants/edit_plant_page_restriction.feature:13)

  And user navigates to Plants List page                                   # com.example.ui.stepDefinitions.plants.PlantListSteps.userNavigatesToPlantsListPage()
  And user is on Plants List page                                          # com.example.ui.stepDefinitions.plants.PlantListSteps.userIsOnPlantsListPage()
  When user manually navigates to the Edit Plant page "/ui/plants/edit/1"  # com.example.ui.stepDefinitions.plants.PlantListSteps.userManuallyNavigatesToTheEditPlantPage(java.lang.String)
  Then user should be restricted from accessing the Edit Plant page        # com.example.ui.stepDefinitions.plants.PlantListSteps.userShouldBeRestrictedFromAccessingTheEditPlantPage()
  And user should be redirected to either login page or error page         # com.example.ui.stepDefinitions.plants.PlantListSteps.userShouldBeRedirectedToEitherLoginPageOrErrorPage()
  And the URL should change to indicate restriction                        # com.example.ui.stepDefinitions.plants.PlantListSteps.theUrlShouldChangeToIndicateRestriction()
  And a clear permission error should be displayed                         # com.example.ui.stepDefinitions.plants.PlantListSteps.aClearPermissionErrorShouldBeDisplayed()
  And the system should show one of the following:                         # com.example.ui.stepDefinitions.plants.PlantListSteps.theSystemShouldShowOneOfTheFollowing(io.cucumber.datatable.DataTable)
    | Restriction Type | Description              |
    | Login Redirect   | Redirected to login page |
    | 403 Forbidden    | 403 Forbidden error page |
    | Access Denied    | Access Denied message    |
  And no edit form should be displayed to the user                         # com.example.ui.stepDefinitions.plants.PlantListSteps.noEditFormShouldBeDisplayedToTheUser()
  And the edit form fields should not be accessible                        # com.example.ui.stepDefinitions.plants.PlantListSteps.theEditFormFieldsShouldNotBeAccessible()
  And save/update buttons should not be available
]]></system-out>
    <system-err><![CDATA[Feb 08, 2026 8:05:46 AM io.cucumber.core.options.CucumberPropertiesParser lambda$warnWhenCucumberOptionsIsUsed$2
WARNING: Passing commandline options via the property 'cucumber.options' is no longer supported. Please use individual properties instead. See the java doc on io.cucumber.core.options.Constants for details.
[TestNG-test=Surefire test-1] INFO io.github.bonigarcia.wdm.WebDriverManager - Using chromedriver 144.0.7559.133 (resolved driver for Chrome 144)
[TestNG-test=Surefire test-1] INFO io.github.bonigarcia.wdm.WebDriverManager - Exporting webdriver.chrome.driver as C:\Users\MSII\.cache\selenium\chromedriver\win64\144.0.7559.133\chromedriver.exe
Feb 08, 2026 8:05:50 AM org.openqa.selenium.devtools.CdpVersionFinder findNearestMatch
WARNING: Unable to find CDP implementation matching 144
Feb 08, 2026 8:05:50 AM org.openqa.selenium.chromium.ChromiumDriver lambda$new$5
WARNING: Unable to find version of CDP to use for 144.0.7559.133. You may need to include a dependency on a specific version of the CDP using something similar to `org.seleniumhq.selenium:selenium-devtools-v86:4.15.0` where the version ("v86") matches the version of the chromium-based browser you're using and the version number of the artifact is the same as Selenium's.
]]></system-err>
  </testcase>
</testsuite>