<?xml version="1.0" encoding="UTF-8"?>
<testsuite xmlns:xsi="http://www.w3.org/2001/XMLSchema-instance" xsi:noNamespaceSchemaLocation="https://maven.apache.org/surefire/maven-surefire-plugin/xsd/surefire-test-report-3.0.xsd" version="3.0" name="TestSuite" time="827.168" tests="58" errors="0" skipped="0" failures="28">
  <properties>
[...]
</properties>
  <testcase name="runScenario[&quot;TC_UI_SAL_12 - Verify sorting by Quantity column&quot;, &quot;Sales List Quantity Sorting Functionality&quot;](1)" classname="com.example.runners.UiTestRunner" time="9.267">
    <failure message="Expected quantity &apos;5&apos; should be found in the table expected [true] but found [false]" type="java.lang.AssertionError"><![CDATA[java.lang.AssertionError: Expected quantity '5' should be found in the table expected [true] but found [false]
	at org.testng.Assert.fail(Assert.java:111)
	at org.testng.Assert.failNotEquals(Assert.java:1578)
	at org.testng.Assert.assertTrue(Assert.java:57)
	at com.example.ui.stepDefinitions.sales.SalesListSteps.verifyInitialQuantitiesAreDisplayed(SalesListSteps.java:351)
	at ✽.verify initial quantities are displayed(file:///Users/rajithsingh/Desktop/ITQA/ITFac_Batch21_Group53/src/test/resources/features/ui/sales/sales_list_quantity_sorting.feature:18)
]]></failure>
    <system-out><![CDATA[
@ui @user @sales @sorting @TC_UI_SAL_12 @smoke @regression
Scenario: TC_UI_SAL_12 - Verify sorting by Quantity column # src/test/resources/features/ui/sales/sales_list_quantity_sorting.feature:5
Using admin credentials for login: admin
Login completed successfully
  Given user is logged into the application                # com.example.ui.stepDefinitions.sales.SalesListSteps.userIsLoggedIntoTheApplication()
Navigation to sales list completed
After navigation, current URL: http://localhost:8081/ui/sales
  And user navigates to Sales List page                    # com.example.ui.stepDefinitions.sales.SalesListSteps.userNavigatesToSalesListPage()
Current URL when checking Sales List page: http://localhost:8081/ui/sales
  And user is on Sales List page                           # com.example.ui.stepDefinitions.sales.SalesListSteps.userIsOnSalesListPage()
  And sales records are displayed for plants               # com.example.ui.stepDefinitions.sales.SalesListSteps.salesRecordsAreDisplayedForPlants()
  And Quantity column header is visible and clickable      # com.example.ui.stepDefinitions.sales.SalesListSteps.quantityColumnHeaderIsVisibleAndClickable()
  And verify initial quantities are displayed              # com.example.ui.stepDefinitions.sales.SalesListSteps.verifyInitialQuantitiesAreDisplayed()
      java.lang.AssertionError: Expected quantity '5' should be found in the table expected [true] but found [false]
	at org.testng.Assert.fail(Assert.java:111)
	at org.testng.Assert.failNotEquals(Assert.java:1578)
	at org.testng.Assert.assertTrue(Assert.java:57)
	at com.example.ui.stepDefinitions.sales.SalesListSteps.verifyInitialQuantitiesAreDisplayed(SalesListSteps.java:351)
	at ✽.verify initial quantities are displayed(file:///Users/rajithsingh/Desktop/ITQA/ITFac_Batch21_Group53/src/test/resources/features/ui/sales/sales_list_quantity_sorting.feature:18)

  And expected descending order should be 5, 3, 2          # com.example.ui.stepDefinitions.sales.SalesListSteps.expectedQuantitiesDescendingOrderShouldBe(int,int,int)
  When user clicks Quantity column header once             # com.example.ui.stepDefinitions.sales.SalesListSteps.userClicksQuantityColumnHeaderOnce()
  Then quantities should be sorted in ascending order      # com.example.ui.stepDefinitions.sales.SalesListSteps.quantitiesShouldBeSortedInAscendingOrder()
  And expected ascending order should be 2, 3, 5           # com.example.ui.stepDefinitions.sales.SalesListSteps.expectedQuantitiesAscendingOrderShouldBe(int,int,int)
  When user clicks Quantity column header again            # com.example.ui.stepDefinitions.sales.SalesListSteps.userClicksQuantityColumnHeaderAgain()
  Then quantities should be sorted in descending order     # com.example.ui.stepDefinitions.sales.SalesListSteps.quantitiesShouldBeSortedInDescendingOrder()
  And expected descending order should be 5, 3, 2          # com.example.ui.stepDefinitions.sales.SalesListSteps.expectedQuantitiesDescendingOrderShouldBe(int,int,int)
  When user clicks Quantity column header once             # com.example.ui.stepDefinitions.sales.SalesListSteps.userClicksQuantityColumnHeaderOnce()
  Then quantities should be sorted in ascending order      # com.example.ui.stepDefinitions.sales.SalesListSteps.quantitiesShouldBeSortedInAscendingOrder()
  And expected ascending order should be 2, 3, 5           # com.example.ui.stepDefinitions.sales.SalesListSteps.expectedQuantitiesAscendingOrderShouldBe(int,int,int)
  When user clicks Quantity column header once             # com.example.ui.stepDefinitions.sales.SalesListSteps.userClicksQuantityColumnHeaderOnce()
  Then quantities should be sorted in descending order     # com.example.ui.stepDefinitions.sales.SalesListSteps.quantitiesShouldBeSortedInDescendingOrder()
  And expected descending order should be 5, 3, 2          # com.example.ui.stepDefinitions.sales.SalesListSteps.expectedQuantitiesDescendingOrderShouldBe(int,int,int)
  When user clicks Quantity column header again            # com.example.ui.stepDefinitions.sales.SalesListSteps.userClicksQuantityColumnHeaderAgain()
  Then quantities should be sorted in ascending order      # com.example.ui.stepDefinitions.sales.SalesListSteps.quantitiesShouldBeSortedInAscendingOrder()
  And expected ascending order should be 2, 3, 5           # com.example.ui.stepDefinitions.sales.SalesListSteps.expectedQuantitiesAscendingOrderShouldBe(int,int,int)
]]></system-out>
    <system-err><![CDATA[[main] INFO org.testng.internal.Utils - [XmlSuite] [WARN] 'parallel' value 'false' is no longer valid, defaulting to 'none'.
Feb 08, 2026 3:00:51 AM io.cucumber.core.options.CucumberPropertiesParser lambda$warnWhenCucumberOptionsIsUsed$2
WARNING: Passing commandline options via the property 'cucumber.options' is no longer supported. Please use individual properties instead. See the java doc on io.cucumber.core.options.Constants for details.
[TestNG-test=Sales Sorting Tests-1] INFO io.github.bonigarcia.wdm.WebDriverManager - Using chromedriver 144.0.7559.133 (resolved driver for Chrome 144)
[TestNG-test=Sales Sorting Tests-1] INFO io.github.bonigarcia.wdm.WebDriverManager - Exporting webdriver.chrome.driver as /Users/rajithsingh/.cache/selenium/chromedriver/mac-arm64/144.0.7559.133/chromedriver
Feb 08, 2026 3:00:53 AM org.openqa.selenium.devtools.CdpVersionFinder findNearestMatch
WARNING: Unable to find CDP implementation matching 144
Feb 08, 2026 3:00:53 AM org.openqa.selenium.chromium.ChromiumDriver lambda$new$5
WARNING: Unable to find version of CDP to use for 144.0.7559.133. You may need to include a dependency on a specific version of the CDP using something similar to `org.seleniumhq.selenium:selenium-devtools-v86:4.15.0` where the version ("v86") matches the version of the chromium-based browser you're using and the version number of the artifact is the same as Selenium's.
[TestNG-test=Sales Sorting Tests-1] INFO io.github.bonigarcia.wdm.WebDriverManager - Using chromedriver 144.0.7559.133 (resolved driver for Chrome 144)
[TestNG-test=Sales Sorting Tests-1] INFO io.github.bonigarcia.wdm.WebDriverManager - Exporting webdriver.chrome.driver as /Users/rajithsingh/.cache/selenium/chromedriver/mac-arm64/144.0.7559.133/chromedriver
Feb 08, 2026 3:00:54 AM org.openqa.selenium.devtools.CdpVersionFinder findNearestMatch
WARNING: Unable to find CDP implementation matching 144
Feb 08, 2026 3:00:54 AM org.openqa.selenium.chromium.ChromiumDriver lambda$new$5
WARNING: Unable to find version of CDP to use for 144.0.7559.133. You may need to include a dependency on a specific version of the CDP using something similar to `org.seleniumhq.selenium:selenium-devtools-v86:4.15.0` where the version ("v86") matches the version of the chromium-based browser you're using and the version number of the artifact is the same as Selenium's.
]]></system-err>
  </testcase>
  <testcase name="runScenario[&quot;TC_UI_SAL_11 - Verify sorting by Plant Name column&quot;, &quot;Sales List Sorting Functionality&quot;](2)" classname="com.example.runners.UiTestRunner" time="5.863">
    <failure message="Expected plant &apos;Aloe Vera&apos; should be found in the table expected [true] but found [false]" type="java.lang.AssertionError"><![CDATA[java.lang.AssertionError: Expected plant 'Aloe Vera' should be found in the table expected [true] but found [false]
	at org.testng.Assert.fail(Assert.java:111)
	at org.testng.Assert.failNotEquals(Assert.java:1578)
	at org.testng.Assert.assertTrue(Assert.java:57)
	at com.example.ui.stepDefinitions.sales.SalesListSteps.verifyInitialPlantNamesAreDisplayed(SalesListSteps.java:157)
	at ✽.verify initial plant names are displayed(file:///Users/rajithsingh/Desktop/ITQA/ITFac_Batch21_Group53/src/test/resources/features/ui/sales/sales_list_sorting.feature:18)
]]></failure>
    <system-out><![CDATA[
@ui @user @sales @sorting @TC_UI_SAL_11 @smoke @regression
Scenario: TC_UI_SAL_11 - Verify sorting by Plant Name column                      # src/test/resources/features/ui/sales/sales_list_sorting.feature:5
Using admin credentials for login: admin
Login completed successfully
  Given user is logged into the application                                       # com.example.ui.stepDefinitions.sales.SalesListSteps.userIsLoggedIntoTheApplication()
Navigation to sales list completed
After navigation, current URL: http://localhost:8081/ui/sales
  And user navigates to Sales List page                                           # com.example.ui.stepDefinitions.sales.SalesListSteps.userNavigatesToSalesListPage()
Current URL when checking Sales List page: http://localhost:8081/ui/sales
  And user is on Sales List page                                                  # com.example.ui.stepDefinitions.sales.SalesListSteps.userIsOnSalesListPage()
  And sales records are displayed for plants                                      # com.example.ui.stepDefinitions.sales.SalesListSteps.salesRecordsAreDisplayedForPlants()
  And Plant Name column header is visible and clickable                           # com.example.ui.stepDefinitions.sales.SalesListSteps.plantNameColumnHeaderIsVisibleAndClickable()
  And verify initial plant names are displayed                                    # com.example.ui.stepDefinitions.sales.SalesListSteps.verifyInitialPlantNamesAreDisplayed()
      java.lang.AssertionError: Expected plant 'Aloe Vera' should be found in the table expected [true] but found [false]
	at org.testng.Assert.fail(Assert.java:111)
	at org.testng.Assert.failNotEquals(Assert.java:1578)
	at org.testng.Assert.assertTrue(Assert.java:57)
	at com.example.ui.stepDefinitions.sales.SalesListSteps.verifyInitialPlantNamesAreDisplayed(SalesListSteps.java:157)
	at ✽.verify initial plant names are displayed(file:///Users/rajithsingh/Desktop/ITQA/ITFac_Batch21_Group53/src/test/resources/features/ui/sales/sales_list_sorting.feature:18)

  And expected descending order should be "ZZZ Plant", "Money Plant", "Aloe Vera" # com.example.ui.stepDefinitions.sales.SalesListSteps.expectedDescendingOrderShouldBe(java.lang.String,java.lang.String,java.lang.String)
  When user clicks Plant Name column header once                                  # com.example.ui.stepDefinitions.sales.SalesListSteps.userClicksPlantNameColumnHeaderOnce()
  Then sales should be sorted in ascending order by Plant Name                    # com.example.ui.stepDefinitions.sales.SalesListSteps.salesShouldBeSortedInAscendingOrderByPlantName()
  And expected ascending order should be "Aloe Vera", "Money Plant", "ZZZ Plant"  # com.example.ui.stepDefinitions.sales.SalesListSteps.expectedAscendingOrderShouldBe(java.lang.String,java.lang.String,java.lang.String)
  When user clicks Plant Name column header again                                 # com.example.ui.stepDefinitions.sales.SalesListSteps.userClicksPlantNameColumnHeaderAgain()
  Then sales should be sorted in descending order by Plant Name                   # com.example.ui.stepDefinitions.sales.SalesListSteps.salesShouldBeSortedInDescendingOrderByPlantName()
  And expected descending order should be "ZZZ Plant", "Money Plant", "Aloe Vera" # com.example.ui.stepDefinitions.sales.SalesListSteps.expectedDescendingOrderShouldBe(java.lang.String,java.lang.String,java.lang.String)
]]></system-out>
    <system-err><![CDATA[[TestNG-test=Sales Sorting Tests-1] INFO io.github.bonigarcia.wdm.WebDriverManager - Using chromedriver 144.0.7559.133 (resolved driver for Chrome 144)
[TestNG-test=Sales Sorting Tests-1] INFO io.github.bonigarcia.wdm.WebDriverManager - Exporting webdriver.chrome.driver as /Users/rajithsingh/.cache/selenium/chromedriver/mac-arm64/144.0.7559.133/chromedriver
Feb 08, 2026 3:01:01 AM org.openqa.selenium.devtools.CdpVersionFinder findNearestMatch
WARNING: Unable to find CDP implementation matching 144
Feb 08, 2026 3:01:01 AM org.openqa.selenium.chromium.ChromiumDriver lambda$new$5
WARNING: Unable to find version of CDP to use for 144.0.7559.133. You may need to include a dependency on a specific version of the CDP using something similar to `org.seleniumhq.selenium:selenium-devtools-v86:4.15.0` where the version ("v86") matches the version of the chromium-based browser you're using and the version number of the artifact is the same as Selenium's.
]]></system-err>
  </testcase>
  <testcase name="runScenario[&quot;TC_UI_SAL_13 - Verify sorting by Total Price column&quot;, &quot;Sales List Total Price Sorting Functionality&quot;](3)" classname="com.example.runners.UiTestRunner" time="10.726">
    <system-out><![CDATA[
@ui @user @sales @sorting @TC_UI_SAL_13 @smoke @regression
Scenario: TC_UI_SAL_13 - Verify sorting by Total Price column                    # src/test/resources/features/ui/sales/sales_list_total_price_sorting.feature:5
Using admin credentials for login: admin
Login completed successfully
  Given user is logged into the application                                      # com.example.ui.stepDefinitions.sales.SalesListSteps.userIsLoggedIntoTheApplication()
Navigation to sales list completed
After navigation, current URL: http://localhost:8081/ui/sales
  And user navigates to Sales List page                                          # com.example.ui.stepDefinitions.sales.SalesListSteps.userNavigatesToSalesListPage()
Current URL when checking Sales List page: http://localhost:8081/ui/sales
  And user is on Sales List page                                                 # com.example.ui.stepDefinitions.sales.SalesListSteps.userIsOnSalesListPage()
  And sales records are displayed for plants                                     # com.example.ui.stepDefinitions.sales.SalesListSteps.salesRecordsAreDisplayedForPlants()
  And Total Price column header is visible and clickable                         # com.example.ui.stepDefinitions.sales.SalesListSteps.totalPriceColumnHeaderIsVisibleAndClickable()
Actual total prices found: [100.0, 150.0, 7.2, 11.0, 15.0, 13.0, 75.0, 24.0, 42.0, 10.0]
Has different prices for sorting: true
  And verify initial total prices are displayed                                  # com.example.ui.stepDefinitions.sales.SalesListSteps.verifyInitialTotalPricesAreDisplayed()
  When user clicks Total Price column header once                                # com.example.ui.stepDefinitions.sales.SalesListSteps.userClicksTotalPriceColumnHeaderOnce()
  Then total prices should be sorted in ascending order                          # com.example.ui.stepDefinitions.sales.SalesListSteps.totalPricesShouldBeSortedInAscendingOrder()
Actual prices in ascending order: [7.2, 10.0, 11.0, 13.0, 15.0, 21.0, 24.0, 28.0, 42.0, 75.0]
  And expected ascending order should be "$9.99", "$24.50", "$49.99", "$120.00"  # com.example.ui.stepDefinitions.sales.SalesListSteps.expectedTotalPriceAscendingOrderShouldBe(java.lang.String,java.lang.String,java.lang.String,java.lang.String)
  When user clicks Total Price column header again                               # com.example.ui.stepDefinitions.sales.SalesListSteps.userClicksTotalPriceColumnHeaderAgain()
  Then total prices should be sorted in descending order                         # com.example.ui.stepDefinitions.sales.SalesListSteps.totalPricesShouldBeSortedInDescendingOrder()
Actual prices in descending order: [150.0, 100.0, 90.0, 75.0, 42.0, 28.0, 24.0, 21.0, 15.0, 13.0]
  And expected descending order should be "$120.00", "$49.99", "$24.50", "$9.99" # com.example.ui.stepDefinitions.sales.SalesListSteps.expectedTotalPriceDescendingOrderShouldBe(java.lang.String,java.lang.String,java.lang.String,java.lang.String)
]]></system-out>
    <system-err><![CDATA[[TestNG-test=Sales Sorting Tests-1] INFO io.github.bonigarcia.wdm.WebDriverManager - Using chromedriver 144.0.7559.133 (resolved driver for Chrome 144)
[TestNG-test=Sales Sorting Tests-1] INFO io.github.bonigarcia.wdm.WebDriverManager - Exporting webdriver.chrome.driver as /Users/rajithsingh/.cache/selenium/chromedriver/mac-arm64/144.0.7559.133/chromedriver
Feb 08, 2026 3:01:07 AM org.openqa.selenium.devtools.CdpVersionFinder findNearestMatch
WARNING: Unable to find CDP implementation matching 144
Feb 08, 2026 3:01:07 AM org.openqa.selenium.chromium.ChromiumDriver lambda$new$5
WARNING: Unable to find version of CDP to use for 144.0.7559.133. You may need to include a dependency on a specific version of the CDP using something similar to `org.seleniumhq.selenium:selenium-devtools-v86:4.15.0` where the version ("v86") matches the version of the chromium-based browser you're using and the version number of the artifact is the same as Selenium's.
]]></system-err>
  </testcase>
  <testcase name="runScenario[&quot;TC_UI_SAL_14 - Verify &quot;Sell Plant&quot; button navigation&quot;, &quot;Sales Navigation Functionality&quot;](1)" classname="com.example.runners.UiTestRunner" time="12.637">
    <system-out><![CDATA[
@ui @user @sales @navigation @TC_UI_SAL_14 @smoke @regression
Scenario: TC_UI_SAL_14 - Verify "Sell Plant" button navigation # src/test/resources/features/ui/sales/sell_plant_navigation.feature:5
Using admin credentials for login: admin
Login completed successfully
  Given user is logged into the application                    # com.example.ui.stepDefinitions.sales.SalesListSteps.userIsLoggedIntoTheApplication()
Navigation to sales list completed
After navigation, current URL: http://localhost:8081/ui/sales
  And user navigates to Sales List page                        # com.example.ui.stepDefinitions.sales.SalesListSteps.userNavigatesToSalesListPage()
Current URL when checking Sales List page: http://localhost:8081/ui/sales
  And user is on Sales List page                               # com.example.ui.stepDefinitions.sales.SalesListSteps.userIsOnSalesListPage()
  And Sell Plant button is visible                             # com.example.ui.stepDefinitions.sales.SalesListSteps.sellPlantButtonIsVisible()
  When user clicks Sell Plant button                           # com.example.ui.stepDefinitions.sales.SalesListSteps.userClicksSellPlantButton()
Expected URL: /ui/sales/new
Actual URL: http://localhost:8081/ui/sales/new
  Then URL should change to "/ui/sales/new"                    # com.example.ui.stepDefinitions.sales.SellPlantSteps.url_should_change_to(java.lang.String)
  And URL should contain "/ui/sales/new"                       # com.example.ui.stepDefinitions.sales.SellPlantSteps.url_should_contain(java.lang.String)
Sell plant form is visible
Sell plant heading is visible
Plant dropdown is clickable
Quantity field is clickable
Submit button is clickable
  And Sell Plant form should load successfully                 # com.example.ui.stepDefinitions.sales.SellPlantSteps.sell_plant_form_should_load_successfully()
]]></system-out>
    <system-err><![CDATA[Feb 08, 2026 3:01:17 AM io.cucumber.core.options.CucumberPropertiesParser lambda$warnWhenCucumberOptionsIsUsed$2
WARNING: Passing commandline options via the property 'cucumber.options' is no longer supported. Please use individual properties instead. See the java doc on io.cucumber.core.options.Constants for details.
[TestNG-test=Sell Plant Navigation Test-1] INFO io.github.bonigarcia.wdm.WebDriverManager - Using chromedriver 144.0.7559.133 (resolved driver for Chrome 144)
[TestNG-test=Sell Plant Navigation Test-1] INFO io.github.bonigarcia.wdm.WebDriverManager - Exporting webdriver.chrome.driver as /Users/rajithsingh/.cache/selenium/chromedriver/mac-arm64/144.0.7559.133/chromedriver
Feb 08, 2026 3:01:18 AM org.openqa.selenium.devtools.CdpVersionFinder findNearestMatch
WARNING: Unable to find CDP implementation matching 144
Feb 08, 2026 3:01:18 AM org.openqa.selenium.chromium.ChromiumDriver lambda$new$5
WARNING: Unable to find version of CDP to use for 144.0.7559.133. You may need to include a dependency on a specific version of the CDP using something similar to `org.seleniumhq.selenium:selenium-devtools-v86:4.15.0` where the version ("v86") matches the version of the chromium-based browser you're using and the version number of the artifact is the same as Selenium's.
[TestNG-test=Sell Plant Navigation Test-1] INFO io.github.bonigarcia.wdm.WebDriverManager - Using chromedriver 144.0.7559.133 (resolved driver for Chrome 144)
[TestNG-test=Sell Plant Navigation Test-1] INFO io.github.bonigarcia.wdm.WebDriverManager - Exporting webdriver.chrome.driver as /Users/rajithsingh/.cache/selenium/chromedriver/mac-arm64/144.0.7559.133/chromedriver
Feb 08, 2026 3:01:19 AM org.openqa.selenium.devtools.CdpVersionFinder findNearestMatch
WARNING: Unable to find CDP implementation matching 144
Feb 08, 2026 3:01:19 AM org.openqa.selenium.chromium.ChromiumDriver lambda$new$5
WARNING: Unable to find version of CDP to use for 144.0.7559.133. You may need to include a dependency on a specific version of the CDP using something similar to `org.seleniumhq.selenium:selenium-devtools-v86:4.15.0` where the version ("v86") matches the version of the chromium-based browser you're using and the version number of the artifact is the same as Selenium's.
]]></system-err>
  </testcase>
  <testcase name="runScenario[&quot;TC_UI_SAL_15 - Verify error when Plant not selected&quot;, &quot;Sales Navigation Functionality&quot;](1)" classname="com.example.runners.UiTestRunner" time="16.842">
    <system-out><![CDATA[
@ui @user @sales @navigation @TC_UI_SAL_15 @validation @regression
Scenario: TC_UI_SAL_15 - Verify error when Plant not selected                        # src/test/resources/features/ui/sales/sell_plant_navigation.feature:30
Using admin credentials for login: admin
Login completed successfully
  Given user is logged into the application                                          # com.example.ui.stepDefinitions.sales.SalesListSteps.userIsLoggedIntoTheApplication()
Navigation to sales list completed
After navigation, current URL: http://localhost:8081/ui/sales
  And user navigates to Sales List page                                              # com.example.ui.stepDefinitions.sales.SalesListSteps.userNavigatesToSalesListPage()
Current URL when checking Sales List page: http://localhost:8081/ui/sales
  And user is on Sales List page                                                     # com.example.ui.stepDefinitions.sales.SalesListSteps.userIsOnSalesListPage()
  And Sell Plant button is visible                                                   # com.example.ui.stepDefinitions.sales.SalesListSteps.sellPlantButtonIsVisible()
  When user clicks Sell Plant button                                                 # com.example.ui.stepDefinitions.sales.SalesListSteps.userClicksSellPlantButton()
Sell plant form is visible
Sell plant heading is visible
Plant dropdown is clickable
Quantity field is clickable
Submit button is clickable
  And Sell Plant form should load successfully                                       # com.example.ui.stepDefinitions.sales.SellPlantSteps.sell_plant_form_should_load_successfully()
Plant dropdown current value: 
  When user leaves Plant dropdown empty                                              # com.example.ui.stepDefinitions.sales.SellPlantSteps.user_leaves_plant_dropdown_empty()
Entered quantity: 2
  And user enters "2" in Quantity field                                              # com.example.ui.stepDefinitions.sales.SellPlantSteps.user_enters_in_quantity_field(java.lang.String)
Clicked Sell button
=== DEBUG: Page Elements ===
Current URL: http://localhost:8081/ui/sales/new
Form found: true
Plant dropdown found: true
Plant dropdown value: 
Dropdown options found: 69
  Option: '-- Select Plant --'
  Option: 'Rose (Stock: 50)'
  Option: 'Tulip (Stock: 30)'
  Option: 'Lily (Stock: 60)'
  Option: 'Snake Plant (Stock: 13)'
  Option: 'Spider Plant (Stock: 45)'
  Option: 'Peace Lily (Stock: 5)'
  Option: 'Mango Tree (Stock: 5)'
  Option: 'Neem Tree (Stock: 15)'
  Option: 'Aloe Vera (Stock: 67)'
  Option: 'Cactus (Stock: 80)'
  Option: 'Bonsai (Stock: 52)'
  Option: 'Money Plant (Stock: 53)'
  Option: 'Monstera Deliciosa (Stock: 20)'
  Option: 'ZZZ Plant (Stock: 20)'
  Option: 'Fern (Stock: 38)'
  Option: 'Jade Plant (Stock: 30)'
  Option: 'Lavender (Stock: 70)'
  Option: 'Palm Tree (Stock: 8)'
  Option: 'Tulsi (Stock: 90)'
  Option: 'Orchid (Stock: 15)'
  Option: 'Bamboo (Stock: 22)'
  Option: 'Sunflower (Stock: 83)'
  Option: 'Croton (Stock: 24)'
  Option: 'Areca Palm (Stock: 14)'
  Option: 'Hibiscus (Stock: 45)'
  Option: 'Lotus (Stock: 12)'
  Option: 'Banana Tree (Stock: 10)'
  Option: 'Guava Tree (Stock: 18)'
  Option: 'Rubber Plant (Stock: 19)'
  Option: 'Ficus (Stock: 24)'
  Option: 'Peony (Stock: 20)'
  Option: 'Pine Tree (Stock: 30)'
  Option: 'Oak Tree (Stock: 4)'
  Option: 'Mint (Stock: 90)'
  Option: 'Coriander (Stock: 100)'
  Option: 'Basil (Stock: 88)'
  Option: 'Anthurium (Stock: 16)'
  Option: 'Daffodil (Stock: 58)'
  Option: 'Blueberry Bush (Stock: 13)'
  Option: 'Strawberry (Stock: 72)'
  Option: 'Geranium (Stock: 47)'
  Option: 'Adenium (Stock: 22)'
  Option: 'Zamia (Stock: 11)'
  Option: 'Ixora (Stock: 37)'
  Option: 'Marigold (Stock: 92)'
  Option: 'Petunia (Stock: 98)'
  Option: 'Maple Tree (Stock: 3)'
  Option: 'Olive Tree (Stock: 7)'
  Option: 'Pothos (Stock: 34)'
  Option: 'Calathea (Stock: 21)'
  Option: 'Begonia (Stock: 52)'
  Option: 'Azalea (Stock: 33)'
  Option: 'Juniper (Stock: 9)'
  Option: 'Cedar Tree (Stock: 2)'
  Option: 'Thyme (Stock: 86)'
  Option: 'Oregano (Stock: 82)'
  Option: 'Parsley (Stock: 97)'
  Option: 'Yucca (Stock: 12)'
  Option: 'Dieffenbachia (Stock: 24)'
  Option: 'Zinnia (Stock: 74)'
  Option: 'Cosmos (Stock: 68)'
  Option: 'Eucalyptus (Stock: 6)'
  Option: 'ValidTestName (Stock: 10)'
  Option: 'ABC Plant (Stock: 25)'
  Option: 'Price Test Min (Stock: 25)'
  Option: 'Price Test Large (Stock: 25)'
  Option: 'Price Test 3dec (Stock: 25)'
  Option: 'New Unique Plant (Stock: 5)'
Quantity field found: true
Quantity field value: 2
Error elements found: 2
Error text: 'Logout' (displayed: true)
Error text: 'Plant is required' (displayed: true)
Page source contains error-related text
=== END DEBUG ===
  And user clicks Sell button                                                        # com.example.ui.stepDefinitions.sales.SellPlantSteps.user_clicks_sell_button()
Form submission handled by application
  Then form submission should be handled                                             # com.example.ui.stepDefinitions.sales.SellPlantSteps.form_submission_should_be_handled()
Plant error message found and displayed
Plant error message found: Plant is required
  And error message should appear below Plant dropdown with text "Plant is required" # com.example.ui.stepDefinitions.sales.SellPlantSteps.error_message_should_appear_below_plant_dropdown_with_text(java.lang.String)
  And Sell button should remain enabled                                              # com.example.ui.stepDefinitions.sales.SellPlantSteps.sell_button_should_remain_enabled()
]]></system-out>
    <system-err><![CDATA[Feb 08, 2026 3:01:30 AM io.cucumber.core.options.CucumberPropertiesParser lambda$warnWhenCucumberOptionsIsUsed$2
WARNING: Passing commandline options via the property 'cucumber.options' is no longer supported. Please use individual properties instead. See the java doc on io.cucumber.core.options.Constants for details.
[TestNG-test=Sell Plant Validation Test-1] INFO io.github.bonigarcia.wdm.WebDriverManager - Using chromedriver 144.0.7559.133 (resolved driver for Chrome 144)
[TestNG-test=Sell Plant Validation Test-1] INFO io.github.bonigarcia.wdm.WebDriverManager - Exporting webdriver.chrome.driver as /Users/rajithsingh/.cache/selenium/chromedriver/mac-arm64/144.0.7559.133/chromedriver
Feb 08, 2026 3:01:31 AM org.openqa.selenium.devtools.CdpVersionFinder findNearestMatch
WARNING: Unable to find CDP implementation matching 144
Feb 08, 2026 3:01:31 AM org.openqa.selenium.chromium.ChromiumDriver lambda$new$5
WARNING: Unable to find version of CDP to use for 144.0.7559.133. You may need to include a dependency on a specific version of the CDP using something similar to `org.seleniumhq.selenium:selenium-devtools-v86:4.15.0` where the version ("v86") matches the version of the chromium-based browser you're using and the version number of the artifact is the same as Selenium's.
[TestNG-test=Sell Plant Validation Test-1] INFO io.github.bonigarcia.wdm.WebDriverManager - Using chromedriver 144.0.7559.133 (resolved driver for Chrome 144)
[TestNG-test=Sell Plant Validation Test-1] INFO io.github.bonigarcia.wdm.WebDriverManager - Exporting webdriver.chrome.driver as /Users/rajithsingh/.cache/selenium/chromedriver/mac-arm64/144.0.7559.133/chromedriver
Feb 08, 2026 3:01:32 AM org.openqa.selenium.devtools.CdpVersionFinder findNearestMatch
WARNING: Unable to find CDP implementation matching 144
Feb 08, 2026 3:01:32 AM org.openqa.selenium.chromium.ChromiumDriver lambda$new$5
WARNING: Unable to find version of CDP to use for 144.0.7559.133. You may need to include a dependency on a specific version of the CDP using something similar to `org.seleniumhq.selenium:selenium-devtools-v86:4.15.0` where the version ("v86") matches the version of the chromium-based browser you're using and the version number of the artifact is the same as Selenium's.
]]></system-err>
  </testcase>
  <testcase name="runScenario[&quot;TC_UI_SAL_16 - Verify dropdown updates after sales (if multiple tabs/windows)&quot;, &quot;Sales Navigation Functionality&quot;](1)" classname="com.example.runners.UiTestRunner" time="45.75">
    <system-out><![CDATA[
@ui @user @sales @navigation @TC_UI_SAL_16 @multi-tab @stock-update @regression
Scenario: TC_UI_SAL_16 - Verify dropdown updates after sales (if multiple tabs/windows) # src/test/resources/features/ui/sales/sell_plant_navigation.feature:61
Using admin credentials for login: admin
Login completed successfully
  Given user is logged into the application                                             # com.example.ui.stepDefinitions.sales.SalesListSteps.userIsLoggedIntoTheApplication()
Navigation to sales list completed
After navigation, current URL: http://localhost:8081/ui/sales
  And user navigates to Sales List page                                                 # com.example.ui.stepDefinitions.sales.SalesListSteps.userNavigatesToSalesListPage()
Current URL when checking Sales List page: http://localhost:8081/ui/sales
  And user is on Sales List page                                                        # com.example.ui.stepDefinitions.sales.SalesListSteps.userIsOnSalesListPage()
  And Sell Plant button is visible                                                      # com.example.ui.stepDefinitions.sales.SalesListSteps.sellPlantButtonIsVisible()
  When user clicks Sell Plant button                                                    # com.example.ui.stepDefinitions.sales.SalesListSteps.userClicksSellPlantButton()
Sell plant form is visible
Sell plant heading is visible
Plant dropdown is clickable
Quantity field is clickable
Submit button is clickable
  Then Sell Plant form should load successfully                                         # com.example.ui.stepDefinitions.sales.SellPlantSteps.sell_plant_form_should_load_successfully()
DEBUG: Found 69 dropdown options:
DEBUG: Option text: '-- Select Plant --'
DEBUG: Option text: 'Rose (Stock: 50)'
DEBUG: Option text: 'Tulip (Stock: 30)'
DEBUG: Option text: 'Lily (Stock: 60)'
DEBUG: Option text: 'Snake Plant (Stock: 13)'
DEBUG: Option text: 'Spider Plant (Stock: 45)'
DEBUG: Option text: 'Peace Lily (Stock: 5)'
DEBUG: Option text: 'Mango Tree (Stock: 5)'
DEBUG: Found plant Mango Tree in dropdown
DEBUG: Extracted stock (Stock: format): 5
Initial stock for Mango Tree: 5
  And plant "Mango Tree" is available in dropdown                                       # com.example.ui.stepDefinitions.sales.SellPlantSteps.plant_is_available_in_dropdown(java.lang.String)
DEBUG: Found 69 dropdown options:
DEBUG: Option text: '-- Select Plant --'
DEBUG: Option text: 'Rose (Stock: 50)'
DEBUG: Option text: 'Tulip (Stock: 30)'
DEBUG: Option text: 'Lily (Stock: 60)'
DEBUG: Option text: 'Snake Plant (Stock: 13)'
DEBUG: Option text: 'Spider Plant (Stock: 45)'
DEBUG: Option text: 'Peace Lily (Stock: 5)'
DEBUG: Option text: 'Mango Tree (Stock: 5)'
DEBUG: Found plant Mango Tree in dropdown
DEBUG: Extracted stock (Stock: format): 5
Mango Tree initial stock: 5
  And Mango Tree has initial stock of 10                                                # com.example.ui.stepDefinitions.sales.SellPlantSteps.mango_tree_has_initial_stock_of(java.lang.Integer)
Tab1 handle: 34401735E9CDE5159A7656569B8E21D3
Sell plant form is visible
Sell plant heading is visible
Plant dropdown is clickable
Quantity field is clickable
Submit button is clickable
Opened new tab and navigated to Sell Plant form
Tab2 handle: ABF23B81DB3511860502FF6820324CCD
  When user opens new tab and navigates to Sell Plant form                              # com.example.ui.stepDefinitions.sales.SellPlantSteps.user_opens_new_tab_and_navigates_to_sell_plant_form()
Switched to Tab1
Sell plant form is visible
Sell plant heading is visible
Plant dropdown is clickable
Quantity field is clickable
Submit button is clickable
  And user switches to Tab1                                                             # com.example.ui.stepDefinitions.sales.SellPlantSteps.user_switches_to_tab1()
Selected plant: Mango Tree
  When user selects "Mango Tree" from plant dropdown                                    # com.example.ui.stepDefinitions.sales.SellPlantSteps.user_selects_from_plant_dropdown(java.lang.String)
Entered quantity: 3
  And user enters "3" in Quantity field                                                 # com.example.ui.stepDefinitions.sales.SellPlantSteps.user_enters_in_quantity_field(java.lang.String)
Clicked Sell button
=== DEBUG: Page Elements ===
Current URL: http://localhost:8081/ui/sales
Form found: true
Plant dropdown not found
Quantity field not found
Error elements found: 1
Error text: 'Logout' (displayed: true)
=== END DEBUG ===
  And user clicks Sell button                                                           # com.example.ui.stepDefinitions.sales.SellPlantSteps.user_clicks_sell_button()
  Then sale should be successful                                                        # com.example.ui.stepDefinitions.sales.SellPlantSteps.sale_should_be_successful()
Sell plant form is visible
Sell plant heading is visible
Plant dropdown is clickable
Quantity field is clickable
Submit button is clickable
Navigated to Sell Plant form
  And user navigates back to Sell Plant form                                            # com.example.ui.stepDefinitions.sales.SellPlantSteps.user_navigates_back_to_sell_plant_form()
Sell plant form is visible
Sell plant heading is visible
Plant dropdown is clickable
Quantity field is clickable
Submit button is clickable
DEBUG: Found 69 dropdown options:
DEBUG: Option text: '-- Select Plant --'
DEBUG: Option text: 'Rose (Stock: 50)'
DEBUG: Option text: 'Tulip (Stock: 30)'
DEBUG: Option text: 'Lily (Stock: 60)'
DEBUG: Option text: 'Snake Plant (Stock: 13)'
DEBUG: Option text: 'Spider Plant (Stock: 45)'
DEBUG: Option text: 'Peace Lily (Stock: 5)'
DEBUG: Option text: 'Mango Tree (Stock: 2)'
DEBUG: Found plant Mango Tree in dropdown
DEBUG: Extracted stock (Stock: format): 2
Using calculated expected stock for Mango Tree: 2 (initial: 5 - 3 sold)
Verified in Tab1: Mango Tree stock is 2
  And stock for "Mango Tree" should be 7 in Tab1                                        # com.example.ui.stepDefinitions.sales.SellPlantSteps.stock_for_should_be_in_tab1(java.lang.String,java.lang.Integer)
Switched to Tab2
Sell plant form is visible
Sell plant heading is visible
Plant dropdown is clickable
Quantity field is clickable
Submit button is clickable
  When user switches to Tab2                                                            # com.example.ui.stepDefinitions.sales.SellPlantSteps.user_switches_to_tab2()
Page refreshed successfully
  And user refreshes the page                                                           # com.example.ui.stepDefinitions.sales.SellPlantSteps.user_refreshes_the_page()
  Then page should refresh without errors                                               # com.example.ui.stepDefinitions.sales.SellPlantSteps.page_should_refresh_without_errors()
After refresh, dropdown shows: Mango Tree (Stock: 2)
  And plant "Mango Tree" should be available in dropdown after refresh                  # com.example.ui.stepDefinitions.sales.SellPlantSteps.plant_should_be_available_in_dropdown_after_refresh(java.lang.String)
Sell plant form is visible
Sell plant heading is visible
Plant dropdown is clickable
Quantity field is clickable
Submit button is clickable
DEBUG: Found 69 dropdown options:
DEBUG: Option text: '-- Select Plant --'
DEBUG: Option text: 'Rose (Stock: 50)'
DEBUG: Option text: 'Tulip (Stock: 30)'
DEBUG: Option text: 'Lily (Stock: 60)'
DEBUG: Option text: 'Snake Plant (Stock: 13)'
DEBUG: Option text: 'Spider Plant (Stock: 45)'
DEBUG: Option text: 'Peace Lily (Stock: 5)'
DEBUG: Option text: 'Mango Tree (Stock: 2)'
DEBUG: Found plant Mango Tree in dropdown
DEBUG: Extracted stock (Stock: format): 2
Using calculated expected stock for Mango Tree: 2 (initial: 5 - 3 sold)
Verified in Tab2: Mango Tree stock is 2
  And stock for "Mango Tree" should be 7 in Tab2                                        # com.example.ui.stepDefinitions.sales.SellPlantSteps.stock_for_should_be_in_tab2(java.lang.String,java.lang.Integer)
]]></system-out>
    <system-err><![CDATA[Feb 08, 2026 3:01:47 AM io.cucumber.core.options.CucumberPropertiesParser lambda$warnWhenCucumberOptionsIsUsed$2
WARNING: Passing commandline options via the property 'cucumber.options' is no longer supported. Please use individual properties instead. See the java doc on io.cucumber.core.options.Constants for details.
[TestNG-test=Multi-tab Stock Update Test-1] INFO io.github.bonigarcia.wdm.WebDriverManager - Using chromedriver 144.0.7559.133 (resolved driver for Chrome 144)
[TestNG-test=Multi-tab Stock Update Test-1] INFO io.github.bonigarcia.wdm.WebDriverManager - Exporting webdriver.chrome.driver as /Users/rajithsingh/.cache/selenium/chromedriver/mac-arm64/144.0.7559.133/chromedriver
Feb 08, 2026 3:01:48 AM org.openqa.selenium.devtools.CdpVersionFinder findNearestMatch
WARNING: Unable to find CDP implementation matching 144
Feb 08, 2026 3:01:48 AM org.openqa.selenium.chromium.ChromiumDriver lambda$new$5
WARNING: Unable to find version of CDP to use for 144.0.7559.133. You may need to include a dependency on a specific version of the CDP using something similar to `org.seleniumhq.selenium:selenium-devtools-v86:4.15.0` where the version ("v86") matches the version of the chromium-based browser you're using and the version number of the artifact is the same as Selenium's.
[TestNG-test=Multi-tab Stock Update Test-1] INFO io.github.bonigarcia.wdm.WebDriverManager - Using chromedriver 144.0.7559.133 (resolved driver for Chrome 144)
[TestNG-test=Multi-tab Stock Update Test-1] INFO io.github.bonigarcia.wdm.WebDriverManager - Exporting webdriver.chrome.driver as /Users/rajithsingh/.cache/selenium/chromedriver/mac-arm64/144.0.7559.133/chromedriver
Feb 08, 2026 3:01:49 AM org.openqa.selenium.devtools.CdpVersionFinder findNearestMatch
WARNING: Unable to find CDP implementation matching 144
Feb 08, 2026 3:01:49 AM org.openqa.selenium.chromium.ChromiumDriver lambda$new$5
WARNING: Unable to find version of CDP to use for 144.0.7559.133. You may need to include a dependency on a specific version of the CDP using something similar to `org.seleniumhq.selenium:selenium-devtools-v86:4.15.0` where the version ("v86") matches the version of the chromium-based browser you're using and the version number of the artifact is the same as Selenium's.
]]></system-err>
  </testcase>
  <testcase name="runScenario[&quot;TC_UI_SAL_17 - Verify form retains data after validation error&quot;, &quot;Sales Navigation Functionality&quot;](1)" classname="com.example.runners.UiTestRunner" time="38.406">
    <system-out><![CDATA[
@ui @user @sales @navigation @TC_UI_SAL_17 @form-retention @validation @regression
Scenario: TC_UI_SAL_17 - Verify form retains data after validation error # src/test/resources/features/ui/sales/sell_plant_navigation.feature:98
Using admin credentials for login: admin
Login completed successfully
  Given user is logged into the application                              # com.example.ui.stepDefinitions.sales.SalesListSteps.userIsLoggedIntoTheApplication()
Navigation to sales list completed
After navigation, current URL: http://localhost:8081/ui/sales
  And user navigates to Sales List page                                  # com.example.ui.stepDefinitions.sales.SalesListSteps.userNavigatesToSalesListPage()
Current URL when checking Sales List page: http://localhost:8081/ui/sales
  And user is on Sales List page                                         # com.example.ui.stepDefinitions.sales.SalesListSteps.userIsOnSalesListPage()
  And Sell Plant button is visible                                       # com.example.ui.stepDefinitions.sales.SalesListSteps.sellPlantButtonIsVisible()
  When user clicks Sell Plant button                                     # com.example.ui.stepDefinitions.sales.SalesListSteps.userClicksSellPlantButton()
Sell plant form is visible
Sell plant heading is visible
Plant dropdown is clickable
Quantity field is clickable
Submit button is clickable
  Then Sell Plant form should load successfully                          # com.example.ui.stepDefinitions.sales.SellPlantSteps.sell_plant_form_should_load_successfully()
Selected plant: Mango Tree
  When user selects "Mango Tree" from plant dropdown                     # com.example.ui.stepDefinitions.sales.SellPlantSteps.user_selects_from_plant_dropdown(java.lang.String)
Entered quantity: 0
  And user enters "0" in Quantity field                                  # com.example.ui.stepDefinitions.sales.SellPlantSteps.user_enters_in_quantity_field(java.lang.String)
Clicked Sell button
=== DEBUG: Page Elements ===
Current URL: http://localhost:8081/ui/sales/new
Form found: true
Plant dropdown found: true
Plant dropdown value: 8
Dropdown options found: 69
  Option: '-- Select Plant --'
  Option: 'Rose (Stock: 50)'
  Option: 'Tulip (Stock: 30)'
  Option: 'Lily (Stock: 60)'
  Option: 'Snake Plant (Stock: 13)'
  Option: 'Spider Plant (Stock: 45)'
  Option: 'Peace Lily (Stock: 5)'
  Option: 'Mango Tree (Stock: 2)'
  Option: 'Neem Tree (Stock: 15)'
  Option: 'Aloe Vera (Stock: 67)'
  Option: 'Cactus (Stock: 80)'
  Option: 'Bonsai (Stock: 52)'
  Option: 'Money Plant (Stock: 53)'
  Option: 'Monstera Deliciosa (Stock: 20)'
  Option: 'ZZZ Plant (Stock: 20)'
  Option: 'Fern (Stock: 38)'
  Option: 'Jade Plant (Stock: 30)'
  Option: 'Lavender (Stock: 70)'
  Option: 'Palm Tree (Stock: 8)'
  Option: 'Tulsi (Stock: 90)'
  Option: 'Orchid (Stock: 15)'
  Option: 'Bamboo (Stock: 22)'
  Option: 'Sunflower (Stock: 83)'
  Option: 'Croton (Stock: 24)'
  Option: 'Areca Palm (Stock: 14)'
  Option: 'Hibiscus (Stock: 45)'
  Option: 'Lotus (Stock: 12)'
  Option: 'Banana Tree (Stock: 10)'
  Option: 'Guava Tree (Stock: 18)'
  Option: 'Rubber Plant (Stock: 19)'
  Option: 'Ficus (Stock: 24)'
  Option: 'Peony (Stock: 20)'
  Option: 'Pine Tree (Stock: 30)'
  Option: 'Oak Tree (Stock: 4)'
  Option: 'Mint (Stock: 90)'
  Option: 'Coriander (Stock: 100)'
  Option: 'Basil (Stock: 88)'
  Option: 'Anthurium (Stock: 16)'
  Option: 'Daffodil (Stock: 58)'
  Option: 'Blueberry Bush (Stock: 13)'
  Option: 'Strawberry (Stock: 72)'
  Option: 'Geranium (Stock: 47)'
  Option: 'Adenium (Stock: 22)'
  Option: 'Zamia (Stock: 11)'
  Option: 'Ixora (Stock: 37)'
  Option: 'Marigold (Stock: 92)'
  Option: 'Petunia (Stock: 98)'
  Option: 'Maple Tree (Stock: 3)'
  Option: 'Olive Tree (Stock: 7)'
  Option: 'Pothos (Stock: 34)'
  Option: 'Calathea (Stock: 21)'
  Option: 'Begonia (Stock: 52)'
  Option: 'Azalea (Stock: 33)'
  Option: 'Juniper (Stock: 9)'
  Option: 'Cedar Tree (Stock: 2)'
  Option: 'Thyme (Stock: 86)'
  Option: 'Oregano (Stock: 82)'
  Option: 'Parsley (Stock: 97)'
  Option: 'Yucca (Stock: 12)'
  Option: 'Dieffenbachia (Stock: 24)'
  Option: 'Zinnia (Stock: 74)'
  Option: 'Cosmos (Stock: 68)'
  Option: 'Eucalyptus (Stock: 6)'
  Option: 'ValidTestName (Stock: 10)'
  Option: 'ABC Plant (Stock: 25)'
  Option: 'Price Test Min (Stock: 25)'
  Option: 'Price Test Large (Stock: 25)'
  Option: 'Price Test 3dec (Stock: 25)'
  Option: 'New Unique Plant (Stock: 5)'
Quantity field found: true
Quantity field value: 0
Error elements found: 1
Error text: 'Logout' (displayed: true)
Page source contains error-related text
=== END DEBUG ===
  And user clicks Sell button                                            # com.example.ui.stepDefinitions.sales.SellPlantSteps.user_clicks_sell_button()
Form validation passed - user remains on sell plant page
  Then form should not be submitted                                      # com.example.ui.stepDefinitions.sales.SellPlantSteps.form_should_not_be_submitted()
HTML5 validation message found: Value must be greater than or equal to 1.
HTML5 validation message found: Value must be greater than or equal to 1.
Validation error message displayed: Value must be greater than or equal to 1.
  And validation error message should be displayed                       # com.example.ui.stepDefinitions.sales.SellPlantSteps.validation_error_message_should_be_displayed()
DEBUG: Checking selected plant from dropdown...
DEBUG: No option with @selected attribute found
DEBUG: Dropdown value attribute: 8
DEBUG: Found 69 options in dropdown
DEBUG: Option - Value: , Text: -- Select Plant --
DEBUG: Option - Value: 1, Text: Rose (Stock: 50)
DEBUG: Option - Value: 2, Text: Tulip (Stock: 30)
DEBUG: Option - Value: 3, Text: Lily (Stock: 60)
DEBUG: Option - Value: 5, Text: Snake Plant (Stock: 13)
DEBUG: Option - Value: 6, Text: Spider Plant (Stock: 45)
DEBUG: Option - Value: 7, Text: Peace Lily (Stock: 5)
DEBUG: Option - Value: 8, Text: Mango Tree (Stock: 2)
DEBUG: Found matching option: Mango Tree (Stock: 2)
Verified selected plant remains: Mango Tree (Stock: 2)
  And selected plant should remain as "Mango Tree"                       # com.example.ui.stepDefinitions.sales.SellPlantSteps.selected_plant_should_remain_as(java.lang.String)
DEBUG: Quantity field value: 0
Verified quantity field retains value: 0
  And quantity field should retain value "0"                             # com.example.ui.stepDefinitions.sales.SellPlantSteps.quantity_field_should_retain_value(java.lang.String)
Entered quantity: 2
Corrected quantity to: 2
  When user corrects quantity to "2"                                     # com.example.ui.stepDefinitions.sales.SellPlantSteps.user_corrects_quantity_to(java.lang.String)
Clicked Sell button
=== DEBUG: Page Elements ===
Current URL: http://localhost:8081/ui/sales/new
Form found: true
Plant dropdown not found
Quantity field not found
Error elements found: 1
Error text: 'Logout' (displayed: true)
=== END DEBUG ===
  And user clicks Sell button                                            # com.example.ui.stepDefinitions.sales.SellPlantSteps.user_clicks_sell_button()
  Then sale should be successful                                         # com.example.ui.stepDefinitions.sales.SellPlantSteps.sale_should_be_successful()
Current URL after successful sale: http://localhost:8081/ui/sales
No success message or confirmation element found
Redirect verification passed - user is on appropriate page after sale
  And user should be redirected to sales list or confirmation page       # com.example.ui.stepDefinitions.sales.SellPlantSteps.user_should_be_redirected_to_sales_list_or_confirmation_page()
]]></system-out>
    <system-err><![CDATA[Feb 08, 2026 3:02:33 AM io.cucumber.core.options.CucumberPropertiesParser lambda$warnWhenCucumberOptionsIsUsed$2
WARNING: Passing commandline options via the property 'cucumber.options' is no longer supported. Please use individual properties instead. See the java doc on io.cucumber.core.options.Constants for details.
[TestNG-test=Form Retention Test-1] INFO io.github.bonigarcia.wdm.WebDriverManager - Using chromedriver 144.0.7559.133 (resolved driver for Chrome 144)
[TestNG-test=Form Retention Test-1] INFO io.github.bonigarcia.wdm.WebDriverManager - Exporting webdriver.chrome.driver as /Users/rajithsingh/.cache/selenium/chromedriver/mac-arm64/144.0.7559.133/chromedriver
Feb 08, 2026 3:02:33 AM org.openqa.selenium.devtools.CdpVersionFinder findNearestMatch
WARNING: Unable to find CDP implementation matching 144
Feb 08, 2026 3:02:33 AM org.openqa.selenium.chromium.ChromiumDriver lambda$new$5
WARNING: Unable to find version of CDP to use for 144.0.7559.133. You may need to include a dependency on a specific version of the CDP using something similar to `org.seleniumhq.selenium:selenium-devtools-v86:4.15.0` where the version ("v86") matches the version of the chromium-based browser you're using and the version number of the artifact is the same as Selenium's.
[TestNG-test=Form Retention Test-1] INFO io.github.bonigarcia.wdm.WebDriverManager - Using chromedriver 144.0.7559.133 (resolved driver for Chrome 144)
[TestNG-test=Form Retention Test-1] INFO io.github.bonigarcia.wdm.WebDriverManager - Exporting webdriver.chrome.driver as /Users/rajithsingh/.cache/selenium/chromedriver/mac-arm64/144.0.7559.133/chromedriver
Feb 08, 2026 3:02:35 AM org.openqa.selenium.devtools.CdpVersionFinder findNearestMatch
WARNING: Unable to find CDP implementation matching 144
Feb 08, 2026 3:02:35 AM org.openqa.selenium.chromium.ChromiumDriver lambda$new$5
WARNING: Unable to find version of CDP to use for 144.0.7559.133. You may need to include a dependency on a specific version of the CDP using something similar to `org.seleniumhq.selenium:selenium-devtools-v86:4.15.0` where the version ("v86") matches the version of the chromium-based browser you're using and the version number of the artifact is the same as Selenium's.
]]></system-err>
  </testcase>
  <testcase name="runScenario[&quot;Verify user can navigate through paginated sales records&quot;, &quot;User Sales View&quot;](1)" classname="com.example.runners.UiTestRunner" time="87.87">
    <failure message="Records should be displayed" type="java.lang.AssertionError"><![CDATA[java.lang.AssertionError: Records should be displayed
	at org.junit.Assert.fail(Assert.java:89)
	at org.junit.Assert.assertTrue(Assert.java:42)
	at com.example.ui.stepDefinitions.sales.UserSalesStepDefinitions.the_next_set_of_records_should_be_loaded(UserSalesStepDefinitions.java:253)
	at ✽.the next set of records should be loaded(file:///Users/rajithsingh/Desktop/ITQA/ITFac_Batch21_Group53/src/test/resources/features/ui/sales/sales-user.feature:20)
]]></failure>
    <system-out><![CDATA[
@Sales @ui @user @TC_UI_SALES_USER_01 @pagination
Scenario: Verify user can navigate through paginated sales records # src/test/resources/features/ui/sales/sales-user.feature:13
=== Starting User Login ===
Login URL: http://localhost:8081/ui/login
Username: testuser
Current URL after navigation: http://localhost:8081/ui/login
User login successful! On dashboard: http://localhost:8081/ui/dashboard
=== User Login Completed ===
  Given the User is logged into the system                         # com.example.ui.stepDefinitions.sales.UserSalesStepDefinitions.the_user_is_logged_into_the_system()
=== Checking for sales records ===
Found 1 table(s)
Found total records indicator in page
Total sales records found: 10
✓ Sales records exist in the system
  And sufficient sales records exist to trigger pagination         # com.example.ui.stepDefinitions.sales.UserSalesStepDefinitions.sufficient_sales_records_exist_to_trigger_pagination()
=== User navigating to Sales List page ===
Sales URL: http://localhost:8081/ui/sales
Current URL: http://localhost:8081/ui/sales
=== User is on Sales List page ===
  Given the user is on the Sales List page                         # com.example.ui.stepDefinitions.sales.UserSalesStepDefinitions.the_user_is_on_the_sales_list_page()
=== SIMPLE: Verifying Sales List page load ===
Current URL: http://localhost:8081/ui/sales
✓ On sales page
Getting dates for first 3 records...
Total rows found: 10
Row 1 date: 2026-02-08 03:02
Row 2 date: 2026-02-08 03:02
Row 3 date: 2026-02-08 02:56
Initial dates: [2026-02-08 03:02, 2026-02-08 03:02, 2026-02-08 02:56]
✓ Page load check completed
  When the Sales List page loads successfully                      # com.example.ui.stepDefinitions.sales.SalesStepDefinitions.the_sales_list_page_loads_successfully()
=== Verifying first set of sales records ===
Sales records displayed: true
First page has 5 records
First record details: Mango Tree 2 100.00 2026-02-08 03:02
✓ First set of sales records displayed
  Then the first set of sales records should be displayed          # com.example.ui.stepDefinitions.sales.UserSalesStepDefinitions.the_first_set_of_sales_records_should_be_displayed()
=== Verifying pagination controls ===
Pagination container exists: false
⚠️ No pagination controls found - may be single page
  And pagination controls should be visible at the bottom          # com.example.ui.stepDefinitions.sales.UserSalesStepDefinitions.pagination_controls_should_be_visible_at_the_bottom()
=== Clicking Next button ===
⚠️ Next button not available or disabled
  When the user clicks the "Next" page button                      # com.example.ui.stepDefinitions.sales.UserSalesStepDefinitions.the_user_clicks_the_page_button(java.lang.String)
=== Verifying next set of records ===
Error getting current page record count: invalid session id
Build info: version: '4.15.0', revision: '1d14b5521b'
System info: os.name: 'Mac OS X', os.arch: 'aarch64', os.version: '14.2.1', java.version: '21.0.10'
Driver info: org.openqa.selenium.chrome.ChromeDriver
Command: [e202a339e350a5faa0b5b88b084b4f3f, findElements {using=css selector, value=table.table tbody tr}]
Capabilities {acceptInsecureCerts: false, browserName: chrome, browserVersion: 144.0.7559.133, chrome: {chromedriverVersion: 144.0.7559.133 (7da823b1d59..., userDataDir: /var/folders/xk/cpvhm0_x78v...}, fedcm:accounts: true, goog:chromeOptions: {debuggerAddress: localhost:60583}, goog:processID: 34871, networkConnectionEnabled: false, pageLoadStrategy: eager, platformName: mac, proxy: Proxy(), se:cdp: ws://localhost:60583/devtoo..., se:cdpVersion: 144.0.7559.133, setWindowRect: true, strictFileInteractability: false, timeouts: {implicit: 0, pageLoad: 300000, script: 30000}, unhandledPromptBehavior: dismiss and notify, webauthn:extension:credBlob: true, webauthn:extension:largeBlob: true, webauthn:extension:minPinLength: true, webauthn:extension:prf: true, webauthn:virtualAuthenticators: true}
Session ID: e202a339e350a5faa0b5b88b084b4f3f
  Then the next set of records should be loaded                    # com.example.ui.stepDefinitions.sales.UserSalesStepDefinitions.the_next_set_of_records_should_be_loaded()
      java.lang.AssertionError: Records should be displayed
	at org.junit.Assert.fail(Assert.java:89)
	at org.junit.Assert.assertTrue(Assert.java:42)
	at com.example.ui.stepDefinitions.sales.UserSalesStepDefinitions.the_next_set_of_records_should_be_loaded(UserSalesStepDefinitions.java:253)
	at ✽.the next set of records should be loaded(file:///Users/rajithsingh/Desktop/ITQA/ITFac_Batch21_Group53/src/test/resources/features/ui/sales/sales-user.feature:20)

  And the "Previous" button should become active                   # com.example.ui.stepDefinitions.sales.UserSalesStepDefinitions.the_button_should_become_active(java.lang.String)
  When the user clicks the "Previous" page button                  # com.example.ui.stepDefinitions.sales.UserSalesStepDefinitions.the_user_clicks_the_page_button(java.lang.String)
  Then the system should navigate back to the preceding page       # com.example.ui.stepDefinitions.sales.UserSalesStepDefinitions.the_system_should_navigate_back_to_the_preceding_page()
  And the original set of records should be displayed              # com.example.ui.stepDefinitions.sales.UserSalesStepDefinitions.the_original_set_of_records_should_be_displayed()
]]></system-out>
    <system-err><![CDATA[Feb 08, 2026 3:04:50 AM io.cucumber.core.options.CucumberPropertiesParser lambda$warnWhenCucumberOptionsIsUsed$2
WARNING: Passing commandline options via the property 'cucumber.options' is no longer supported. Please use individual properties instead. See the java doc on io.cucumber.core.options.Constants for details.
[TestNG-test=A2 User Ui Tests - Specific TCs-1] INFO io.github.bonigarcia.wdm.WebDriverManager - Using chromedriver 144.0.7559.133 (resolved driver for Chrome 144)
[TestNG-test=A2 User Ui Tests - Specific TCs-1] INFO io.github.bonigarcia.wdm.WebDriverManager - Exporting webdriver.chrome.driver as /Users/rajithsingh/.cache/selenium/chromedriver/mac-arm64/144.0.7559.133/chromedriver
Feb 08, 2026 3:04:51 AM org.openqa.selenium.devtools.CdpVersionFinder findNearestMatch
WARNING: Unable to find CDP implementation matching 144
Feb 08, 2026 3:04:51 AM org.openqa.selenium.chromium.ChromiumDriver lambda$new$5
WARNING: Unable to find version of CDP to use for 144.0.7559.133. You may need to include a dependency on a specific version of the CDP using something similar to `org.seleniumhq.selenium:selenium-devtools-v86:4.15.0` where the version ("v86") matches the version of the chromium-based browser you're using and the version number of the artifact is the same as Selenium's.
[TestNG-test=A2 User Ui Tests - Specific TCs-1] INFO io.github.bonigarcia.wdm.WebDriverManager - Using chromedriver 144.0.7559.133 (resolved driver for Chrome 144)
[TestNG-test=A2 User Ui Tests - Specific TCs-1] INFO io.github.bonigarcia.wdm.WebDriverManager - Exporting webdriver.chrome.driver as /Users/rajithsingh/.cache/selenium/chromedriver/mac-arm64/144.0.7559.133/chromedriver
Feb 08, 2026 3:04:52 AM org.openqa.selenium.devtools.CdpVersionFinder findNearestMatch
WARNING: Unable to find CDP implementation matching 144
Feb 08, 2026 3:04:52 AM org.openqa.selenium.chromium.ChromiumDriver lambda$new$5
WARNING: Unable to find version of CDP to use for 144.0.7559.133. You may need to include a dependency on a specific version of the CDP using something similar to `org.seleniumhq.selenium:selenium-devtools-v86:4.15.0` where the version ("v86") matches the version of the chromium-based browser you're using and the version number of the artifact is the same as Selenium's.
Feb 08, 2026 3:06:18 AM org.openqa.selenium.os.ExternalProcess$Builder lambda$start$0
WARNING: failed to copy the output of process 34853
java.io.IOException: Stream closed
	at java.base/java.io.BufferedInputStream.ensureOpen(BufferedInputStream.java:206)
	at java.base/java.io.BufferedInputStream.implRead(BufferedInputStream.java:411)
	at java.base/java.io.BufferedInputStream.read(BufferedInputStream.java:405)
	at java.base/java.io.InputStream.transferTo(InputStream.java:796)
	at java.base/java.io.BufferedInputStream.implTransferTo(BufferedInputStream.java:657)
	at java.base/java.io.BufferedInputStream.transferTo(BufferedInputStream.java:637)
	at org.openqa.selenium.os.ExternalProcess$Builder.lambda$start$0(ExternalProcess.java:209)
	at java.base/java.lang.Thread.run(Thread.java:1583)

]]></system-err>
  </testcase>
  <testcase name="runScenario[&quot;Verify &quot;Sell Plant&quot; button is hidden from Regular User&quot;, &quot;User Sales View&quot;](2)" classname="com.example.runners.UiTestRunner" time="1.525">
    <failure message="invalid session id&#10;Build info: version: &apos;4.15.0&apos;, revision: &apos;1d14b5521b&apos;&#10;System info: os.name: &apos;Mac OS X&apos;, os.arch: &apos;aarch64&apos;, os.version: &apos;14.2.1&apos;, java.version: &apos;21.0.10&apos;&#10;Driver info: org.openqa.selenium.chrome.ChromeDriver&#10;Command: [e202a339e350a5faa0b5b88b084b4f3f, get {url=http://localhost:8081/ui/login}]&#10;Capabilities {acceptInsecureCerts: false, browserName: chrome, browserVersion: 144.0.7559.133, chrome: {chromedriverVersion: 144.0.7559.133 (7da823b1d59..., userDataDir: /var/folders/xk/cpvhm0_x78v...}, fedcm:accounts: true, goog:chromeOptions: {debuggerAddress: localhost:60583}, goog:processID: 34871, networkConnectionEnabled: false, pageLoadStrategy: eager, platformName: mac, proxy: Proxy(), se:cdp: ws://localhost:60583/devtoo..., se:cdpVersion: 144.0.7559.133, setWindowRect: true, strictFileInteractability: false, timeouts: {implicit: 0, pageLoad: 300000, script: 30000}, unhandledPromptBehavior: dismiss and notify, webauthn:extension:credBlob: true, webauthn:extension:largeBlob: true, webauthn:extension:minPinLength: true, webauthn:extension:prf: true, webauthn:virtualAuthenticators: true}&#10;Session ID: e202a339e350a5faa0b5b88b084b4f3f" type="org.openqa.selenium.NoSuchSessionException"><![CDATA[org.openqa.selenium.NoSuchSessionException: 
invalid session id
Build info: version: '4.15.0', revision: '1d14b5521b'
System info: os.name: 'Mac OS X', os.arch: 'aarch64', os.version: '14.2.1', java.version: '21.0.10'
Driver info: org.openqa.selenium.chrome.ChromeDriver
Command: [e202a339e350a5faa0b5b88b084b4f3f, get {url=http://localhost:8081/ui/login}]
Capabilities {acceptInsecureCerts: false, browserName: chrome, browserVersion: 144.0.7559.133, chrome: {chromedriverVersion: 144.0.7559.133 (7da823b1d59..., userDataDir: /var/folders/xk/cpvhm0_x78v...}, fedcm:accounts: true, goog:chromeOptions: {debuggerAddress: localhost:60583}, goog:processID: 34871, networkConnectionEnabled: false, pageLoadStrategy: eager, platformName: mac, proxy: Proxy(), se:cdp: ws://localhost:60583/devtoo..., se:cdpVersion: 144.0.7559.133, setWindowRect: true, strictFileInteractability: false, timeouts: {implicit: 0, pageLoad: 300000, script: 30000}, unhandledPromptBehavior: dismiss and notify, webauthn:extension:credBlob: true, webauthn:extension:largeBlob: true, webauthn:extension:minPinLength: true, webauthn:extension:prf: true, webauthn:virtualAuthenticators: true}
Session ID: e202a339e350a5faa0b5b88b084b4f3f
	at java.base/jdk.internal.reflect.DirectConstructorHandleAccessor.newInstance(DirectConstructorHandleAccessor.java:62)
	at java.base/java.lang.reflect.Constructor.newInstanceWithCaller(Constructor.java:502)
	at java.base/java.lang.reflect.Constructor.newInstance(Constructor.java:486)
	at org.openqa.selenium.remote.codec.w3c.W3CHttpResponseCodec.createException(W3CHttpResponseCodec.java:200)
	at org.openqa.selenium.remote.codec.w3c.W3CHttpResponseCodec.decode(W3CHttpResponseCodec.java:133)
	at org.openqa.selenium.remote.codec.w3c.W3CHttpResponseCodec.decode(W3CHttpResponseCodec.java:52)
	at org.openqa.selenium.remote.HttpCommandExecutor.execute(HttpCommandExecutor.java:191)
	at org.openqa.selenium.remote.service.DriverCommandExecutor.invokeExecute(DriverCommandExecutor.java:200)
	at org.openqa.selenium.remote.service.DriverCommandExecutor.execute(DriverCommandExecutor.java:175)
	at org.openqa.selenium.remote.RemoteWebDriver.execute(RemoteWebDriver.java:607)
	at org.openqa.selenium.remote.RemoteWebDriver.get(RemoteWebDriver.java:309)
	at com.example.ui.pages.login.LoginPage.navigateToLoginPage(LoginPage.java:43)
	at com.example.ui.stepDefinitions.sales.UserSalesStepDefinitions.the_user_is_logged_into_the_system(UserSalesStepDefinitions.java:66)
	at ✽.the User is logged into the system(file:///Users/rajithsingh/Desktop/ITQA/ITFac_Batch21_Group53/src/test/resources/features/ui/sales/sales-user.feature:10)
]]></failure>
    <system-out><![CDATA[
@Sales @ui @user @TC_UI_SALES_USER_02 @security
Scenario: Verify "Sell Plant" button is hidden from Regular User # src/test/resources/features/ui/sales/sales-user.feature:27
=== Starting User Login ===
Login URL: http://localhost:8081/ui/login
Username: testuser
  Given the User is logged into the system                       # com.example.ui.stepDefinitions.sales.UserSalesStepDefinitions.the_user_is_logged_into_the_system()
      org.openqa.selenium.NoSuchSessionException: invalid session id
Build info: version: '4.15.0', revision: '1d14b5521b'
System info: os.name: 'Mac OS X', os.arch: 'aarch64', os.version: '14.2.1', java.version: '21.0.10'
Driver info: org.openqa.selenium.chrome.ChromeDriver
Command: [e202a339e350a5faa0b5b88b084b4f3f, get {url=http://localhost:8081/ui/login}]
Capabilities {acceptInsecureCerts: false, browserName: chrome, browserVersion: 144.0.7559.133, chrome: {chromedriverVersion: 144.0.7559.133 (7da823b1d59..., userDataDir: /var/folders/xk/cpvhm0_x78v...}, fedcm:accounts: true, goog:chromeOptions: {debuggerAddress: localhost:60583}, goog:processID: 34871, networkConnectionEnabled: false, pageLoadStrategy: eager, platformName: mac, proxy: Proxy(), se:cdp: ws://localhost:60583/devtoo..., se:cdpVersion: 144.0.7559.133, setWindowRect: true, strictFileInteractability: false, timeouts: {implicit: 0, pageLoad: 300000, script: 30000}, unhandledPromptBehavior: dismiss and notify, webauthn:extension:credBlob: true, webauthn:extension:largeBlob: true, webauthn:extension:minPinLength: true, webauthn:extension:prf: true, webauthn:virtualAuthenticators: true}
Session ID: e202a339e350a5faa0b5b88b084b4f3f
	at java.base/jdk.internal.reflect.DirectConstructorHandleAccessor.newInstance(DirectConstructorHandleAccessor.java:62)
	at java.base/java.lang.reflect.Constructor.newInstanceWithCaller(Constructor.java:502)
	at java.base/java.lang.reflect.Constructor.newInstance(Constructor.java:486)
	at org.openqa.selenium.remote.codec.w3c.W3CHttpResponseCodec.createException(W3CHttpResponseCodec.java:200)
	at org.openqa.selenium.remote.codec.w3c.W3CHttpResponseCodec.decode(W3CHttpResponseCodec.java:133)
	at org.openqa.selenium.remote.codec.w3c.W3CHttpResponseCodec.decode(W3CHttpResponseCodec.java:52)
	at org.openqa.selenium.remote.HttpCommandExecutor.execute(HttpCommandExecutor.java:191)
	at org.openqa.selenium.remote.service.DriverCommandExecutor.invokeExecute(DriverCommandExecutor.java:200)
	at org.openqa.selenium.remote.service.DriverCommandExecutor.execute(DriverCommandExecutor.java:175)
	at org.openqa.selenium.remote.RemoteWebDriver.execute(RemoteWebDriver.java:607)
	at org.openqa.selenium.remote.RemoteWebDriver.get(RemoteWebDriver.java:309)
	at com.example.ui.pages.login.LoginPage.navigateToLoginPage(LoginPage.java:43)
	at com.example.ui.stepDefinitions.sales.UserSalesStepDefinitions.the_user_is_logged_into_the_system(UserSalesStepDefinitions.java:66)
	at ✽.the User is logged into the system(file:///Users/rajithsingh/Desktop/ITQA/ITFac_Batch21_Group53/src/test/resources/features/ui/sales/sales-user.feature:10)

  Given the user is on the Sales List page                       # com.example.ui.stepDefinitions.sales.UserSalesStepDefinitions.the_user_is_on_the_sales_list_page()
  When the Sales List page loads successfully                    # com.example.ui.stepDefinitions.sales.SalesStepDefinitions.the_sales_list_page_loads_successfully()
  Then the "Sell Plant" button should not be visible             # com.example.ui.stepDefinitions.sales.UserSalesStepDefinitions.the_button_should_not_be_visible(java.lang.String)
]]></system-out>
    <system-err><![CDATA[[TestNG-test=A2 User Ui Tests - Specific TCs-1] INFO io.github.bonigarcia.wdm.WebDriverManager - Using chromedriver 144.0.7559.133 (resolved driver for Chrome 144)
[TestNG-test=A2 User Ui Tests - Specific TCs-1] INFO io.github.bonigarcia.wdm.WebDriverManager - Exporting webdriver.chrome.driver as /Users/rajithsingh/.cache/selenium/chromedriver/mac-arm64/144.0.7559.133/chromedriver
Feb 08, 2026 3:06:19 AM org.openqa.selenium.devtools.CdpVersionFinder findNearestMatch
WARNING: Unable to find CDP implementation matching 144
Feb 08, 2026 3:06:19 AM org.openqa.selenium.chromium.ChromiumDriver lambda$new$5
WARNING: Unable to find version of CDP to use for 144.0.7559.133. You may need to include a dependency on a specific version of the CDP using something similar to `org.seleniumhq.selenium:selenium-devtools-v86:4.15.0` where the version ("v86") matches the version of the chromium-based browser you're using and the version number of the artifact is the same as Selenium's.
]]></system-err>
  </testcase>
  <testcase name="runScenario[&quot;Verify delete icon not visible to User&quot;, &quot;User Sales View&quot;](3)" classname="com.example.runners.UiTestRunner" time="1.177">
    <failure message="invalid session id&#10;Build info: version: &apos;4.15.0&apos;, revision: &apos;1d14b5521b&apos;&#10;System info: os.name: &apos;Mac OS X&apos;, os.arch: &apos;aarch64&apos;, os.version: &apos;14.2.1&apos;, java.version: &apos;21.0.10&apos;&#10;Driver info: org.openqa.selenium.chrome.ChromeDriver&#10;Command: [e202a339e350a5faa0b5b88b084b4f3f, get {url=http://localhost:8081/ui/login}]&#10;Capabilities {acceptInsecureCerts: false, browserName: chrome, browserVersion: 144.0.7559.133, chrome: {chromedriverVersion: 144.0.7559.133 (7da823b1d59..., userDataDir: /var/folders/xk/cpvhm0_x78v...}, fedcm:accounts: true, goog:chromeOptions: {debuggerAddress: localhost:60583}, goog:processID: 34871, networkConnectionEnabled: false, pageLoadStrategy: eager, platformName: mac, proxy: Proxy(), se:cdp: ws://localhost:60583/devtoo..., se:cdpVersion: 144.0.7559.133, setWindowRect: true, strictFileInteractability: false, timeouts: {implicit: 0, pageLoad: 300000, script: 30000}, unhandledPromptBehavior: dismiss and notify, webauthn:extension:credBlob: true, webauthn:extension:largeBlob: true, webauthn:extension:minPinLength: true, webauthn:extension:prf: true, webauthn:virtualAuthenticators: true}&#10;Session ID: e202a339e350a5faa0b5b88b084b4f3f" type="org.openqa.selenium.NoSuchSessionException"><![CDATA[org.openqa.selenium.NoSuchSessionException: 
invalid session id
Build info: version: '4.15.0', revision: '1d14b5521b'
System info: os.name: 'Mac OS X', os.arch: 'aarch64', os.version: '14.2.1', java.version: '21.0.10'
Driver info: org.openqa.selenium.chrome.ChromeDriver
Command: [e202a339e350a5faa0b5b88b084b4f3f, get {url=http://localhost:8081/ui/login}]
Capabilities {acceptInsecureCerts: false, browserName: chrome, browserVersion: 144.0.7559.133, chrome: {chromedriverVersion: 144.0.7559.133 (7da823b1d59..., userDataDir: /var/folders/xk/cpvhm0_x78v...}, fedcm:accounts: true, goog:chromeOptions: {debuggerAddress: localhost:60583}, goog:processID: 34871, networkConnectionEnabled: false, pageLoadStrategy: eager, platformName: mac, proxy: Proxy(), se:cdp: ws://localhost:60583/devtoo..., se:cdpVersion: 144.0.7559.133, setWindowRect: true, strictFileInteractability: false, timeouts: {implicit: 0, pageLoad: 300000, script: 30000}, unhandledPromptBehavior: dismiss and notify, webauthn:extension:credBlob: true, webauthn:extension:largeBlob: true, webauthn:extension:minPinLength: true, webauthn:extension:prf: true, webauthn:virtualAuthenticators: true}
Session ID: e202a339e350a5faa0b5b88b084b4f3f
	at java.base/jdk.internal.reflect.DirectConstructorHandleAccessor.newInstance(DirectConstructorHandleAccessor.java:62)
	at java.base/java.lang.reflect.Constructor.newInstanceWithCaller(Constructor.java:502)
	at java.base/java.lang.reflect.Constructor.newInstance(Constructor.java:486)
	at org.openqa.selenium.remote.codec.w3c.W3CHttpResponseCodec.createException(W3CHttpResponseCodec.java:200)
	at org.openqa.selenium.remote.codec.w3c.W3CHttpResponseCodec.decode(W3CHttpResponseCodec.java:133)
	at org.openqa.selenium.remote.codec.w3c.W3CHttpResponseCodec.decode(W3CHttpResponseCodec.java:52)
	at org.openqa.selenium.remote.HttpCommandExecutor.execute(HttpCommandExecutor.java:191)
	at org.openqa.selenium.remote.service.DriverCommandExecutor.invokeExecute(DriverCommandExecutor.java:200)
	at org.openqa.selenium.remote.service.DriverCommandExecutor.execute(DriverCommandExecutor.java:175)
	at org.openqa.selenium.remote.RemoteWebDriver.execute(RemoteWebDriver.java:607)
	at org.openqa.selenium.remote.RemoteWebDriver.get(RemoteWebDriver.java:309)
	at com.example.ui.pages.login.LoginPage.navigateToLoginPage(LoginPage.java:43)
	at com.example.ui.stepDefinitions.sales.UserSalesStepDefinitions.the_user_is_logged_into_the_system(UserSalesStepDefinitions.java:66)
	at ✽.the User is logged into the system(file:///Users/rajithsingh/Desktop/ITQA/ITFac_Batch21_Group53/src/test/resources/features/ui/sales/sales-user.feature:10)
]]></failure>
    <system-out><![CDATA[
@Sales @ui @user @Sales @ui @user @TC_UI_SALES_USER_03
Scenario: Verify delete icon not visible to User                    # src/test/resources/features/ui/sales/sales-user.feature:33
=== Starting User Login ===
Login URL: http://localhost:8081/ui/login
Username: testuser
  Given the User is logged into the system                          # com.example.ui.stepDefinitions.sales.UserSalesStepDefinitions.the_user_is_logged_into_the_system()
      org.openqa.selenium.NoSuchSessionException: invalid session id
Build info: version: '4.15.0', revision: '1d14b5521b'
System info: os.name: 'Mac OS X', os.arch: 'aarch64', os.version: '14.2.1', java.version: '21.0.10'
Driver info: org.openqa.selenium.chrome.ChromeDriver
Command: [e202a339e350a5faa0b5b88b084b4f3f, get {url=http://localhost:8081/ui/login}]
Capabilities {acceptInsecureCerts: false, browserName: chrome, browserVersion: 144.0.7559.133, chrome: {chromedriverVersion: 144.0.7559.133 (7da823b1d59..., userDataDir: /var/folders/xk/cpvhm0_x78v...}, fedcm:accounts: true, goog:chromeOptions: {debuggerAddress: localhost:60583}, goog:processID: 34871, networkConnectionEnabled: false, pageLoadStrategy: eager, platformName: mac, proxy: Proxy(), se:cdp: ws://localhost:60583/devtoo..., se:cdpVersion: 144.0.7559.133, setWindowRect: true, strictFileInteractability: false, timeouts: {implicit: 0, pageLoad: 300000, script: 30000}, unhandledPromptBehavior: dismiss and notify, webauthn:extension:credBlob: true, webauthn:extension:largeBlob: true, webauthn:extension:minPinLength: true, webauthn:extension:prf: true, webauthn:virtualAuthenticators: true}
Session ID: e202a339e350a5faa0b5b88b084b4f3f
	at java.base/jdk.internal.reflect.DirectConstructorHandleAccessor.newInstance(DirectConstructorHandleAccessor.java:62)
	at java.base/java.lang.reflect.Constructor.newInstanceWithCaller(Constructor.java:502)
	at java.base/java.lang.reflect.Constructor.newInstance(Constructor.java:486)
	at org.openqa.selenium.remote.codec.w3c.W3CHttpResponseCodec.createException(W3CHttpResponseCodec.java:200)
	at org.openqa.selenium.remote.codec.w3c.W3CHttpResponseCodec.decode(W3CHttpResponseCodec.java:133)
	at org.openqa.selenium.remote.codec.w3c.W3CHttpResponseCodec.decode(W3CHttpResponseCodec.java:52)
	at org.openqa.selenium.remote.HttpCommandExecutor.execute(HttpCommandExecutor.java:191)
	at org.openqa.selenium.remote.service.DriverCommandExecutor.invokeExecute(DriverCommandExecutor.java:200)
	at org.openqa.selenium.remote.service.DriverCommandExecutor.execute(DriverCommandExecutor.java:175)
	at org.openqa.selenium.remote.RemoteWebDriver.execute(RemoteWebDriver.java:607)
	at org.openqa.selenium.remote.RemoteWebDriver.get(RemoteWebDriver.java:309)
	at com.example.ui.pages.login.LoginPage.navigateToLoginPage(LoginPage.java:43)
	at com.example.ui.stepDefinitions.sales.UserSalesStepDefinitions.the_user_is_logged_into_the_system(UserSalesStepDefinitions.java:66)
	at ✽.the User is logged into the system(file:///Users/rajithsingh/Desktop/ITQA/ITFac_Batch21_Group53/src/test/resources/features/ui/sales/sales-user.feature:10)

  Given the User is logged into the system                          # com.example.ui.stepDefinitions.sales.UserSalesStepDefinitions.the_user_is_logged_into_the_system()
  Given the user is on the Sales List page                          # com.example.ui.stepDefinitions.sales.UserSalesStepDefinitions.the_user_is_on_the_sales_list_page()
  When the Sales List page loads successfully                       # com.example.ui.stepDefinitions.sales.SalesStepDefinitions.the_sales_list_page_loads_successfully()
  Then the sales table should be displayed                          # com.example.ui.stepDefinitions.sales.UserSalesStepDefinitions.the_sales_table_should_be_displayed()
  And no delete icons should be visible in the first 5 sale records # com.example.ui.stepDefinitions.sales.UserSalesStepDefinitions.no_delete_icons_should_be_visible_in_the_first_sale_records(java.lang.Integer)
  And no "Delete" text buttons should be visible in any row         # com.example.ui.stepDefinitions.sales.UserSalesStepDefinitions.no_text_buttons_should_be_visible_in_any_row(java.lang.String)
]]></system-out>
    <system-err><![CDATA[[TestNG-test=A2 User Ui Tests - Specific TCs-1] INFO io.github.bonigarcia.wdm.WebDriverManager - Using chromedriver 144.0.7559.133 (resolved driver for Chrome 144)
[TestNG-test=A2 User Ui Tests - Specific TCs-1] INFO io.github.bonigarcia.wdm.WebDriverManager - Exporting webdriver.chrome.driver as /Users/rajithsingh/.cache/selenium/chromedriver/mac-arm64/144.0.7559.133/chromedriver
Feb 08, 2026 3:06:20 AM org.openqa.selenium.devtools.CdpVersionFinder findNearestMatch
WARNING: Unable to find CDP implementation matching 144
Feb 08, 2026 3:06:20 AM org.openqa.selenium.chromium.ChromiumDriver lambda$new$5
WARNING: Unable to find version of CDP to use for 144.0.7559.133. You may need to include a dependency on a specific version of the CDP using something similar to `org.seleniumhq.selenium:selenium-devtools-v86:4.15.0` where the version ("v86") matches the version of the chromium-based browser you're using and the version number of the artifact is the same as Selenium's.
]]></system-err>
  </testcase>
  <testcase name="runScenario[&quot;Verify User can sort sales by Plant Name&quot;, &quot;User Sales View&quot;](4)" classname="com.example.runners.UiTestRunner" time="1.442">
[...]
[TestNG-test=D2 Admin Ui Tests - Specific TCs-1] INFO io.github.bonigarcia.wdm.WebDriverManager - Exporting webdriver.chrome.driver as /Users/rajithsingh/.cache/selenium/chromedriver/mac-arm64/144.0.7559.133/chromedriver
Feb 08, 2026 3:06:56 AM org.openqa.selenium.devtools.CdpVersionFinder findNearestMatch
WARNING: Unable to find CDP implementation matching 144
Feb 08, 2026 3:06:56 AM org.openqa.selenium.chromium.ChromiumDriver lambda$new$5
WARNING: Unable to find version of CDP to use for 144.0.7559.133. You may need to include a dependency on a specific version of the CDP using something similar to `org.seleniumhq.selenium:selenium-devtools-v86:4.15.0` where the version ("v86") matches the version of the chromium-based browser you're using and the version number of the artifact is the same as Selenium's.
]]></system-err>
  </testcase>
  <testcase name="runScenario[&quot;Verify Admin can delete sale&quot;, &quot;Sales Management&quot;](3)" classname="com.example.runners.SalesTestRunner" time="9.458">
    <system-out><![CDATA[
@Sales @ui @admin @Sales @TC_UI_SALES_ADM_03 @ui
Scenario: Verify Admin can delete sale                                                                   # src/test/resources/features/ui/sales/sales-admin.feature:36
=== Starting Admin Login ===
Login URL: http://localhost:8081/ui/login
Username: admin
Current URL after navigation: http://localhost:8081/ui/login
Login successful! On dashboard: http://localhost:8081/ui/dashboard
=== Admin Login Completed ===
  Given the Admin user is logged in                                                                      # com.example.ui.stepDefinitions.sales.SalesStepDefinitions.the_admin_user_is_logged_in()
=== User navigating to Sales List page ===
Sales URL: http://localhost:8081/ui/sales
Current URL: http://localhost:8081/ui/sales
=== User is on Sales List page ===
  And the user is on the Sales List page                                                                 # com.example.ui.stepDefinitions.sales.UserSalesStepDefinitions.the_user_is_on_the_sales_list_page()
=== Precondition: Checking sale records ===
Number of sale records found: 10
✓ Sale records exist: 10
  And at least one sale record exists                                                                    # com.example.ui.stepDefinitions.sales.SalesStepDefinitions.at_least_one_sale_record_exists()
=== Locating sale record ===
Current URL: http://localhost:8081/ui/sales
Found 1 table(s) on page
Table is present on page
✓ Assuming sale records are loaded and visible
  When the Admin locates a sale record in the list                                                       # com.example.ui.stepDefinitions.sales.SalesStepDefinitions.the_admin_locates_a_sale_record_in_the_list()
=== Verifying delete icon visibility ===
Delete icon visible: true
Number of visible delete buttons: 10
✓ Delete icon is visible
  Then the delete icon should be visible for the sale                                                    # com.example.ui.stepDefinitions.sales.SalesStepDefinitions.the_delete_icon_should_be_visible_for_the_sale()
=== Clicking delete icon ===
Sale count before deletion: 10
Sale to delete: Snake Plant 3 45.00 2026-02-08 03:06
Clicking delete button...
Clicked delete button
✓ Delete icon clicked
  When the Admin clicks the delete icon for the sale                                                     # com.example.ui.stepDefinitions.sales.SalesStepDefinitions.the_admin_clicks_the_delete_icon_for_the_sale()
=== Verifying JavaScript confirmation alert ===
Expected alert message: Are you sure you want to delete this sale?
Actual alert message: Are you sure you want to delete this sale?
✓ JavaScript confirmation alert verified
  Then a JavaScript confirmation alert appears with message "Are you sure you want to delete this sale?" # com.example.ui.stepDefinitions.sales.SalesStepDefinitions.a_javascript_confirmation_alert_appears_with_message(java.lang.String)
=== Accepting confirmation alert ===
✓ Alert accepted (Confirmed deletion)
  When the Admin accepts the confirmation alert                                                          # com.example.ui.stepDefinitions.sales.SalesStepDefinitions.the_admin_accepts_the_confirmation_alert()
=== Verifying sale deletion ===
Current URL after deletion: http://localhost:8081/ui/sales
✓ Sale deletion process completed
  Then the sale should be deleted successfully                                                           # com.example.ui.stepDefinitions.sales.SalesStepDefinitions.the_sale_should_be_deleted_successfully()
=== Verifying success message ===
Expected message: Sale deleted successfully
Current URL: http://localhost:8081/ui/sales
Checking on sales list page...
Found message on sales page: Sale deleted successfully
✓ Success message verified
  And the success message "Sale deleted successfully" should be displayed                                # com.example.ui.stepDefinitions.sales.SalesStepDefinitions.the_success_message_should_be_displayed(java.lang.String)
]]></system-out>
    <system-err><![CDATA[[TestNG-test=D2 Admin Ui Tests - Specific TCs-1] INFO io.github.bonigarcia.wdm.WebDriverManager - Using chromedriver 144.0.7559.133 (resolved driver for Chrome 144)
[TestNG-test=D2 Admin Ui Tests - Specific TCs-1] INFO io.github.bonigarcia.wdm.WebDriverManager - Exporting webdriver.chrome.driver as /Users/rajithsingh/.cache/selenium/chromedriver/mac-arm64/144.0.7559.133/chromedriver
Feb 08, 2026 3:07:00 AM org.openqa.selenium.devtools.CdpVersionFinder findNearestMatch
WARNING: Unable to find CDP implementation matching 144
Feb 08, 2026 3:07:00 AM org.openqa.selenium.chromium.ChromiumDriver lambda$new$5
WARNING: Unable to find version of CDP to use for 144.0.7559.133. You may need to include a dependency on a specific version of the CDP using something similar to `org.seleniumhq.selenium:selenium-devtools-v86:4.15.0` where the version ("v86") matches the version of the chromium-based browser you're using and the version number of the artifact is the same as Selenium's.
]]></system-err>
  </testcase>
  <testcase name="runScenario[&quot;Verify sales data defaults to newest-first order&quot;, &quot;Sales Management&quot;](4)" classname="com.example.runners.SalesTestRunner" time="20.29">
    <system-out><![CDATA[
@Sales @ui @admin @Sales @TC_UI_SALES_ADM_04 @ui @sorting
Scenario: Verify sales data defaults to newest-first order                                # src/test/resources/features/ui/sales/sales-admin.feature:49
=== Starting Admin Login ===
Login URL: http://localhost:8081/ui/login
Username: admin
Current URL after navigation: http://localhost:8081/ui/login
Login successful! On dashboard: http://localhost:8081/ui/dashboard
=== Admin Login Completed ===
  Given the Admin user is logged in                                                       # com.example.ui.stepDefinitions.sales.SalesStepDefinitions.the_admin_user_is_logged_in()
=== User navigating to Sales List page ===
Sales URL: http://localhost:8081/ui/sales
Current URL: http://localhost:8081/ui/sales
=== User is on Sales List page ===
  And the user is on the Sales List page                                                  # com.example.ui.stepDefinitions.sales.UserSalesStepDefinitions.the_user_is_on_the_sales_list_page()
=== Precondition: Checking sales with different dates ===
Current sale records: 10
Getting dates for first 3 records...
Total rows found: 10
Row 1 date: 2026-02-08 03:02
Row 2 date: 2026-02-08 03:02
Row 3 date: 2026-02-08 02:56
First 3 sale dates: [2026-02-08 03:02, 2026-02-08 03:02, 2026-02-08 02:56]
✓ Multiple sales with different dates exist
  And multiple sales exist with different dates and times                                 # com.example.ui.stepDefinitions.sales.SalesStepDefinitions.multiple_sales_exist_with_different_dates_and_times()
=== SIMPLE: Verifying Sales List page load ===
Current URL: http://localhost:8081/ui/sales
✓ On sales page
Getting dates for first 3 records...
Total rows found: 10
Row 1 date: 2026-02-08 03:02
Row 2 date: 2026-02-08 03:02
Row 3 date: 2026-02-08 02:56
Initial dates: [2026-02-08 03:02, 2026-02-08 03:02, 2026-02-08 02:56]
✓ Page load check completed
  When the Sales List page loads successfully                                             # com.example.ui.stepDefinitions.sales.SalesStepDefinitions.the_sales_list_page_loads_successfully()
=== Verifying descending sort order ===
=== SIMPLE TABLE WAIT ===
Found 1 table(s)
Table loaded successfully
All sale dates: [2026-02-08 03:02, 2026-02-08 03:02, 2026-02-08 02:56, 2026-02-08 02:55, 2026-02-08 02:38, 2026-02-08 02:38, 2026-02-08 02:38, 2026-02-08 02:38, 2026-02-08 02:38, 2026-02-08 02:37]
✓ Sales are sorted in descending order (newest first)
  Then the sales records should be sorted by Sold Date in descending order (newest first) # com.example.ui.stepDefinitions.sales.SalesStepDefinitions.the_sales_records_should_be_sorted_by_sold_date_in_descending_order_newest_first()
=== Verifying first record is most recent ===
=== SIMPLE TABLE WAIT ===
Found 1 table(s)
Table loaded successfully
First record date: 2026-02-08T03:02
Most recent date in list: 2026-02-08T03:02
✓ First record has the most recent date and time
  And the first record should have the most recent date and time                          # com.example.ui.stepDefinitions.sales.SalesStepDefinitions.the_first_record_should_have_the_most_recent_date_and_time()
=== Verifying second record is next most recent ===
=== SIMPLE TABLE WAIT ===
Found 1 table(s)
Table loaded successfully
First record date: 2026-02-08T03:02
Second record date: 2026-02-08T03:02
✓ Second record has the next most recent date
  And the second record should have the next most recent date and time                    # com.example.ui.stepDefinitions.sales.SalesStepDefinitions.the_second_record_should_have_the_next_most_recent_date_and_time()
=== Verifying third record is older than first ===
=== SIMPLE TABLE WAIT ===
Found 1 table(s)
Table loaded successfully
First record date: 2026-02-08T03:02
Third record date: 2026-02-08T02:56
Same date, checking time...
✓ Third record is older than first record
  And the third record should have an older date and time than the first record           # com.example.ui.stepDefinitions.sales.SalesStepDefinitions.the_third_record_should_have_an_older_date_and_time_than_the_first_record()
=== Refreshing page ===
Getting dates for first 3 records...
Total rows found: 10
Row 1 date: 2026-02-08 03:02
Row 2 date: 2026-02-08 03:02
Row 3 date: 2026-02-08 02:56
Before refresh (first 3 dates): [2026-02-08 03:02, 2026-02-08 03:02, 2026-02-08 02:56]
=== SIMPLE TABLE WAIT ===
Found 1 table(s)
Table loaded successfully
Getting dates for first 3 records...
Total rows found: 10
Row 1 date: 2026-02-08 03:02
Row 2 date: 2026-02-08 03:02
Row 3 date: 2026-02-08 02:56
After refresh (first 3 dates): [2026-02-08 03:02, 2026-02-08 03:02, 2026-02-08 02:56]
✓ Page refreshed successfully
  When the page is refreshed                                                              # com.example.ui.stepDefinitions.sales.SalesStepDefinitions.the_page_is_refreshed()
=== Verifying sort order consistency after refresh ===
Initial order: [2026-02-08 03:02, 2026-02-08 03:02, 2026-02-08 02:56]
After refresh: [2026-02-08 03:02, 2026-02-08 03:02, 2026-02-08 02:56]
=== SIMPLE TABLE WAIT ===
Found 1 table(s)
Table loaded successfully
✓ Sort order remains consistent after refresh
  Then the sort order should remain consistent                                            # com.example.ui.stepDefinitions.sales.SalesStepDefinitions.the_sort_order_should_remain_consistent()
]]></system-out>
    <system-err><![CDATA[[TestNG-test=D2 Admin Ui Tests - Specific TCs-1] INFO io.github.bonigarcia.wdm.WebDriverManager - Using chromedriver 144.0.7559.133 (resolved driver for Chrome 144)
[TestNG-test=D2 Admin Ui Tests - Specific TCs-1] INFO io.github.bonigarcia.wdm.WebDriverManager - Exporting webdriver.chrome.driver as /Users/rajithsingh/.cache/selenium/chromedriver/mac-arm64/144.0.7559.133/chromedriver
Feb 08, 2026 3:07:09 AM org.openqa.selenium.devtools.CdpVersionFinder findNearestMatch
WARNING: Unable to find CDP implementation matching 144
Feb 08, 2026 3:07:09 AM org.openqa.selenium.chromium.ChromiumDriver lambda$new$5
WARNING: Unable to find version of CDP to use for 144.0.7559.133. You may need to include a dependency on a specific version of the CDP using something similar to `org.seleniumhq.selenium:selenium-devtools-v86:4.15.0` where the version ("v86") matches the version of the chromium-based browser you're using and the version number of the artifact is the same as Selenium's.
]]></system-err>
  </testcase>
  <testcase name="runScenario[&quot;Verify empty state message when no sales exist&quot;, &quot;Sales Management&quot;](5)" classname="com.example.runners.SalesTestRunner" time="428.593">
    <system-out><![CDATA[
@Sales @ui @admin @Sales @TC_UI_SALES_ADM_05 @ui @empty-state
Scenario: Verify empty state message when no sales exist                   # src/test/resources/features/ui/sales/sales-admin.feature:63
=== Starting Admin Login ===
Login URL: http://localhost:8081/ui/login
Username: admin
Current URL after navigation: http://localhost:8081/ui/login
Login successful! On dashboard: http://localhost:8081/ui/dashboard
=== Admin Login Completed ===
  Given the Admin user is logged in                                        # com.example.ui.stepDefinitions.sales.SalesStepDefinitions.the_admin_user_is_logged_in()
=== STEP: Deleting all sales records ===
=== SIMPLE TABLE WAIT ===
Found 1 table(s)
Table loaded successfully
Initial sales count (data rows): 10
Found 10 sales. Deleting them all...
Clicking delete button...
Clicked delete button
Deleted sale #1
=== SIMPLE TABLE WAIT ===
Found 1 table(s)
Table loaded successfully
Clicking delete button...
Clicked delete button
Deleted sale #2
=== SIMPLE TABLE WAIT ===
Found 1 table(s)
Table loaded successfully
Clicking delete button...
Clicked delete button
Deleted sale #3
=== SIMPLE TABLE WAIT ===
Found 1 table(s)
Table loaded successfully
Clicking delete button...
Clicked delete button
Deleted sale #4
=== SIMPLE TABLE WAIT ===
Found 1 table(s)
Table loaded successfully
Clicking delete button...
Clicked delete button
Deleted sale #5
=== SIMPLE TABLE WAIT ===
Found 1 table(s)
Table loaded successfully
Clicking delete button...
Clicked delete button
Deleted sale #6
=== SIMPLE TABLE WAIT ===
Found 1 table(s)
Table loaded successfully
Clicking delete button...
Clicked delete button
Deleted sale #7
=== SIMPLE TABLE WAIT ===
Found 1 table(s)
Table loaded successfully
Clicking delete button...
Clicked delete button
Deleted sale #8
=== SIMPLE TABLE WAIT ===
Found 1 table(s)
Table loaded successfully
Clicking delete button...
Clicked delete button
Deleted sale #9
=== SIMPLE TABLE WAIT ===
Found 1 table(s)
Table loaded successfully
Clicking delete button...
Clicked delete button
Deleted sale #10
=== SIMPLE TABLE WAIT ===
Found 1 table(s)
Table loaded successfully
Clicking delete button...
Clicked delete button
Deleted sale #11
=== SIMPLE TABLE WAIT ===
Found 1 table(s)
Table loaded successfully
Clicking delete button...
Clicked delete button
Deleted sale #12
=== SIMPLE TABLE WAIT ===
Found 1 table(s)
Table loaded successfully
Clicking delete button...
Clicked delete button
Deleted sale #13
=== SIMPLE TABLE WAIT ===
Found 1 table(s)
Table loaded successfully
Clicking delete button...
Clicked delete button
Deleted sale #14
=== SIMPLE TABLE WAIT ===
Found 1 table(s)
Table loaded successfully
Clicking delete button...
Clicked delete button
Deleted sale #15
=== SIMPLE TABLE WAIT ===
Found 1 table(s)
Table loaded successfully
Total sales deleted: 15
=== SIMPLE TABLE WAIT ===
Found 1 table(s)
Table loaded successfully
Empty state displayed: true
Final data rows: 0
✓ All sales records have been deleted
  And all existing sales records have been deleted from the database       # com.example.ui.stepDefinitions.sales.SalesStepDefinitions.all_existing_sales_records_have_been_deleted_from_the_database()
=== STEP: Navigating to Sales List page ===
Navigating to: http://localhost:8081/ui/sales
=== SIMPLE TABLE WAIT ===
Found 1 table(s)
Table loaded successfully
Current URL: http://localhost:8081/ui/sales
Page title: QA Training App | Sales
✓ Navigated to Sales List page
  When the user navigates to the Sales List page                           # com.example.ui.stepDefinitions.sales.SalesStepDefinitions.the_user_navigates_to_the_sales_list_page()
=== STEP: Verifying page loads without errors ===
Current URL: http://localhost:8081/ui/sales
Has server error in page source: false
Has JavaScript errors: false
Table structure present: true
✓ Page loaded without errors
  Then the page should load without errors                                 # com.example.ui.stepDefinitions.sales.SalesStepDefinitions.the_page_should_load_without_errors()
=== STEP: Verifying empty state message ===
Expected message: No sales found
=== SIMPLE TABLE WAIT ===
Found 1 table(s)
Table loaded successfully
Empty state visible: true
=== SIMPLE TABLE WAIT ===
Found 1 table(s)
Table loaded successfully
Actual message: No sales found
Is centered: true
Has muted style: true
Is in table body: true
✓ Empty state message displayed prominently
  And the message "No sales found" should be displayed prominently         # com.example.ui.stepDefinitions.sales.SalesStepDefinitions.the_message_should_be_displayed_prominently(java.lang.String)
=== STEP: Verifying no sales data rows ===
Data row count (excluding empty state): 0
Has plant data: false
Has quantity data: false
Has price data: false
Has date data: false
Delete button count: 0
✓ No table rows with sales data displayed
  And no table rows with sales data should be displayed                    # com.example.ui.stepDefinitions.sales.SalesStepDefinitions.no_table_rows_with_sales_data_should_be_displayed()
=== STEP: Verifying table shows only empty state row ===
Total rows in table body: 1
Empty state row has colspan: true
Colspan value: 5
Row message: No sales found
✓ Table shows only empty state row
  And the table should show only the empty state row with "No sales found" # com.example.ui.stepDefinitions.sales.SalesStepDefinitions.the_table_should_show_only_the_empty_state_row_with(java.lang.String)
=== STEP: Verifying Sell Plant button visibility ===
Sell Plant button visible: true
Sell Plant button enabled: true
Button location/style: Classes: btn btn-primary btn-sm mb-3, Style: 
✓ Sell Plant button is visible and enabled
  And the "Sell Plant" button should still be visible to Admin             # com.example.ui.stepDefinitions.sales.SalesStepDefinitions.the_button_should_still_be_visible_to_admin(java.lang.String)
]]></system-out>
    <system-err><![CDATA[[TestNG-test=D2 Admin Ui Tests - Specific TCs-1] INFO io.github.bonigarcia.wdm.WebDriverManager - Using chromedriver 144.0.7559.133 (resolved driver for Chrome 144)
[TestNG-test=D2 Admin Ui Tests - Specific TCs-1] INFO io.github.bonigarcia.wdm.WebDriverManager - Exporting webdriver.chrome.driver as /Users/rajithsingh/.cache/selenium/chromedriver/mac-arm64/144.0.7559.133/chromedriver
Feb 08, 2026 3:07:30 AM org.openqa.selenium.devtools.CdpVersionFinder findNearestMatch
WARNING: Unable to find CDP implementation matching 144
Feb 08, 2026 3:07:30 AM org.openqa.selenium.chromium.ChromiumDriver lambda$new$5
WARNING: Unable to find version of CDP to use for 144.0.7559.133. You may need to include a dependency on a specific version of the CDP using something similar to `org.seleniumhq.selenium:selenium-devtools-v86:4.15.0` where the version ("v86") matches the version of the chromium-based browser you're using and the version number of the artifact is the same as Selenium's.
]]></system-err>
  </testcase>
</testsuite>