<?xml version="1.0" encoding="UTF-8"?>
<!-- Generated by org.testng.reporters.JUnitXMLReporter -->
<testsuite ignored="0" hostname="rajiths-mbp" failures="0" tests="2" name="Plant Pagination API Test Cases" time="1.731" errors="0" timestamp="2026-02-07T04:37:43 IST">
  <testcase classname="com.example.api.tests.PlantApiTest" name="testTC_API_PLANTS_USER_06" time="1.619"/>
  <testcase classname="com.example.api.tests.PlantApiTest" name="testTC_API_PLANTS_USER_07" time="1.707"/>
</testsuite> <!-- Plant Pagination API Test Cases -->
