<?xml version="1.0" encoding="UTF-8"?>
<!-- Generated by org.testng.reporters.JUnitXMLReporter -->
<testsuite ignored="0" hostname="RAJITHs-MBP" failures="1" tests="1" name="API Tests" time="3.81" errors="0" timestamp="2026-02-07T20:32:11 IST">
  <testcase classname="io.cucumber.testng.AbstractTestNGCucumberTests" name="runScenario" time="3.693">
    <failure type="java.lang.AssertionError" message="Response status expected [201] but found [400]">
      <![CDATA[java.lang.AssertionError: Response status expected [201] but found [400]
at com.example.api.stepDefinitions.PlantApiSteps.response_status_should_be(PlantApiSteps.java:126)
at ✽.response status should be 201(file:///Users/rajithsingh/Desktop/ITQA/ITFac_Batch21_Group53/src/test/resources/features/api/plants.feature:131)
... Removed 6 stack frames]]>
    </failure>
  </testcase> <!-- runScenario -->
</testsuite> <!-- API Tests -->
