<?xml version="1.0" encoding="UTF-8"?>
<!-- Generated by org.testng.reporters.JUnitXMLReporter -->
<testsuite ignored="0" hostname="RAJITHs-MBP" failures="3" tests="12" name="API Tests" time="3.686" errors="0" timestamp="2026-02-07T21:33:11 IST">
  <testcase classname="io.cucumber.testng.AbstractTestNGCucumberTests" name="runScenario" time="1.318"/>
  <testcase classname="io.cucumber.testng.AbstractTestNGCucumberTests" name="runScenario" time="0.282"/>
  <testcase classname="io.cucumber.testng.AbstractTestNGCucumberTests" name="runScenario" time="0.203"/>
  <testcase classname="io.cucumber.testng.AbstractTestNGCucumberTests" name="runScenario" time="0.205"/>
  <testcase classname="io.cucumber.testng.AbstractTestNGCucumberTests" name="runScenario" time="0.184"/>
  <testcase classname="io.cucumber.testng.AbstractTestNGCucumberTests" name="runScenario" time="0.172"/>
  <testcase classname="io.cucumber.testng.AbstractTestNGCucumberTests" name="runScenario" time="0.196">
    <failure type="java.lang.AssertionError" message="Indoor filter should only return Indoor plants expected [Indoor] but found [Plants]">
      <![CDATA[java.lang.AssertionError: Indoor filter should only return Indoor plants expected [Indoor] but found [Plants]
at com.example.api.stepDefinitions.PlantApiSteps.indoor_filter_should_return_only_indoor_plants(PlantApiSteps.java:302)
at ✽.Indoor filter should return only Indoor plants(file:///Users/rajithsingh/Desktop/ITQA/ITFac_Batch21_Group53/src/test/resources/features/api/plants.feature:94)
... Removed 5 stack frames]]>
    </failure>
  </testcase> <!-- runScenario -->
  <testcase classname="io.cucumber.testng.AbstractTestNGCucumberTests" name="runScenario" time="0.201"/>
  <testcase classname="io.cucumber.testng.AbstractTestNGCucumberTests" name="runScenario" time="0.189">
    <failure type="java.lang.AssertionError" message="Response status. When expected 201 but got 400, response body: {&amp;quot;status&amp;quot;:400,&amp;quot;error&amp;quot;:&amp;quot;DUPLICATE_RESOURCE&amp;quot;,&amp;quot;message&amp;quot;:&amp;quot;Plant &amp;apos;Price Test Min&amp;apos; already exists in this category&amp;quot;,&amp;quot;timestamp&amp;quot;:&amp;quot;2026-02-07T21:33:10.701642&amp;quot;} expected [201] but found [400]">
      <![CDATA[java.lang.AssertionError: Response status. When expected 201 but got 400, response body: {"status":400,"error":"DUPLICATE_RESOURCE","message":"Plant 'Price Test Min' already exists in this category","timestamp":"2026-02-07T21:33:10.701642"} expected [201] but found [400]
at com.example.api.stepDefinitions.PlantApiSteps.response_status_should_be(PlantApiSteps.java:151)
at ✽.response status should be 201(file:///Users/rajithsingh/Desktop/ITQA/ITFac_Batch21_Group53/src/test/resources/features/api/plants.feature:116)
... Removed 6 stack frames]]>
    </failure>
  </testcase> <!-- runScenario -->
  <testcase classname="io.cucumber.testng.AbstractTestNGCucumberTests" name="runScenario" time="0.219"/>
  <testcase classname="io.cucumber.testng.AbstractTestNGCucumberTests" name="runScenario" time="0.22"/>
  <testcase classname="io.cucumber.testng.AbstractTestNGCucumberTests" name="runScenario" time="0.256">
    <failure type="java.lang.AssertionError" message="Response status. When expected 201 but got 400, response body: {&amp;quot;status&amp;quot;:400,&amp;quot;error&amp;quot;:&amp;quot;DUPLICATE_RESOURCE&amp;quot;,&amp;quot;message&amp;quot;:&amp;quot;Plant &amp;apos;Exactly25CharsHere&amp;apos; already exists in this category&amp;quot;,&amp;quot;timestamp&amp;quot;:&amp;quot;2026-02-07T21:33:11.397541&amp;quot;} expected [201] but found [400]">
      <![CDATA[java.lang.AssertionError: Response status. When expected 201 but got 400, response body: {"status":400,"error":"DUPLICATE_RESOURCE","message":"Plant 'Exactly25CharsHere' already exists in this category","timestamp":"2026-02-07T21:33:11.397541"} expected [201] but found [400]
at com.example.api.stepDefinitions.PlantApiSteps.response_status_should_be(PlantApiSteps.java:151)
at ✽.response status should be 201(file:///Users/rajithsingh/Desktop/ITQA/ITFac_Batch21_Group53/src/test/resources/features/api/plants.feature:169)
... Removed 6 stack frames]]>
    </failure>
  </testcase> <!-- runScenario -->
</testsuite> <!-- API Tests -->
