<?xml version="1.0" encoding="UTF-8"?>
<!-- Generated by org.testng.reporters.JUnitXMLReporter -->
<testsuite ignored="0" hostname="rajiths-mbp" failures="1" tests="1" name="Multi-tab Stock Update Test" time="32.708" errors="0" timestamp="2026-02-06T21:22:06 IST">
  <testcase classname="io.cucumber.testng.AbstractTestNGCucumberTests" name="runScenario" time="32.643">
    <failure type="java.lang.AssertionError" message="Stock for Mango Tree should be 7 in Tab1. Actual: 4 expected [7] but found [4]">
      <![CDATA[java.lang.AssertionError: Stock for Mango Tree should be 7 in Tab1. Actual: 4 expected [7] but found [4]
at com.example.ui.stepDefinitions.sales.SellPlantSteps.stock_for_should_be_in_tab1(SellPlantSteps.java:249)
at ✽.stock for "Mango Tree" should be 7 in Tab1(file:///Users/rajithsingh/Desktop/ITQA/ITFac_Batch21_Group53/src/test/resources/features/ui/sales/sell_plant_navigation.feature:88)
... Removed 6 stack frames]]>
    </failure>
  </testcase> <!-- runScenario -->
</testsuite> <!-- Multi-tab Stock Update Test -->
