<?xml version="1.0" encoding="UTF-8"?>
<!-- Generated by org.testng.reporters.JUnitXMLReporter -->
<testsuite ignored="0" hostname="MSI" failures="1" tests="1" name="Admin API Tests" time="1.743" errors="0" timestamp="2026-02-07T14:24:19 IST">
  <testcase classname="io.cucumber.testng.AbstractTestNGCucumberTests" name="runScenario" time="1.653">
    <failure type="java.lang.AssertionError" message="Plants response status code should be 404 expected:&amp;lt;404&amp;gt; but was:&amp;lt;200&amp;gt;">
      <![CDATA[java.lang.AssertionError: Plants response status code should be 404 expected:<404> but was:<200>
at org.junit.Assert.fail(Assert.java:89)
at org.junit.Assert.failNotEquals(Assert.java:835)
at org.junit.Assert.assertEquals(Assert.java:647)
at com.example.api.stepDefinitions.PlantsUserApiStepDefinitions.the_plants_response_status_code_should_be(PlantsUserApiStepDefinitions.java:309)
at ✽.the plants response status code should be 404(file:///D:/L4/QA/QA_Automation/ITFac_Batch21_Group53/src/test/resources/features/api/plants/PlantsUser.feature:54)
]]>
    </failure>
  </testcase> <!-- runScenario -->
</testsuite> <!-- Admin API Tests -->
