<?xml version="1.0" encoding="UTF-8"?>
<!-- Generated by org.testng.reporters.JUnitXMLReporter -->
<testsuite ignored="0" hostname="rajiths-mbp" failures="2" tests="5" name="Admin - Category Management UI Tests(TC_UI_ADMIN_CAT_01 to TC_UI_ADMIN_CAT_05)" time="68.287" errors="0" timestamp="2026-02-08T05:46:16 IST">
  <testcase classname="io.cucumber.testng.AbstractTestNGCucumberTests" name="runScenario" time="17.668"/>
  <testcase classname="io.cucumber.testng.AbstractTestNGCucumberTests" name="runScenario" time="7.102"/>
  <testcase classname="io.cucumber.testng.AbstractTestNGCucumberTests" name="runScenario" time="10.486"/>
  <testcase classname="io.cucumber.testng.AbstractTestNGCucumberTests" name="runScenario" time="20.023">
    <failure type="java.lang.AssertionError" message="Bug Found: Search failed to display the category &amp;apos;Rose SL&amp;apos; in the table.">
      <![CDATA[java.lang.AssertionError: Bug Found: Search failed to display the category 'Rose SL' in the table.
at org.junit.Assert.fail(Assert.java:89)
at org.junit.Assert.assertTrue(Assert.java:42)
at com.example.ui.stepDefinitions.categories.CategoryStepDefinitions.verify_search_results(CategoryStepDefinitions.java:142)
at ✽.the category list should only display the "Rose SL" record(file:///Users/rajithsingh/Desktop/ITQA/ITFac_Batch21_Group53/src/test/resources/features/ui/categories/CategoryAdd.feature:70)
]]>
    </failure>
  </testcase> <!-- runScenario -->
  <testcase classname="io.cucumber.testng.AbstractTestNGCucumberTests" name="runScenario" time="12.948">
    <failure type="java.lang.AssertionError" message="Bug Found: Expected friendly error &amp;apos;Category name already exists&amp;apos; but got backend error: 500 : &amp;quot;{&amp;quot;status&amp;quot;:500,&amp;quot;error&amp;quot;:&amp;quot;INTERNAL_SERVER_ERROR&amp;quot;,&amp;quot;message&amp;quot;:&amp;quot;could not execute statement [Duplicate entry &amp;apos;Coconut_B-17&amp;apos; for key &amp;apos;categories.UKbh9wbkic0w5mhjpaqi6mkt4ie&amp;apos;] [update categories set name=?,parent_id=? where id=?]; SQL [update categories set name=?,parent_id=? where id=?]; constraint [categories.UKbh9wbkic0w5mhjpaqi6mkt4ie]&amp;quot;,&amp;quot;timestamp&amp;quot;:&amp;quot;2026-02-08T05:46:15.13311&amp;quot;}&amp;quot;">
      <![CDATA[java.lang.AssertionError: Bug Found: Expected friendly error 'Category name already exists' but got backend error: 500 : "{"status":500,"error":"INTERNAL_SERVER_ERROR","message":"could not execute statement [Duplicate entry 'Coconut_B-17' for key 'categories.UKbh9wbkic0w5mhjpaqi6mkt4ie'] [update categories set name=?,parent_id=? where id=?]; SQL [update categories set name=?,parent_id=? where id=?]; constraint [categories.UKbh9wbkic0w5mhjpaqi6mkt4ie]","timestamp":"2026-02-08T05:46:15.13311"}"
at org.junit.Assert.fail(Assert.java:89)
at org.junit.Assert.assertTrue(Assert.java:42)
at com.example.ui.stepDefinitions.categories.CategoryStepDefinitions.verify_user_friendly_error(CategoryStepDefinitions.java:162)
at ✽.a user-friendly error message "Category name already exists" should be displayed(file:///Users/rajithsingh/Desktop/ITQA/ITFac_Batch21_Group53/src/test/resources/features/ui/categories/CategoryAdd.feature:105)
]]>
    </failure>
  </testcase> <!-- runScenario -->
</testsuite> <!-- Admin - Category Management UI Tests(TC_UI_ADMIN_CAT_01 to TC_UI_ADMIN_CAT_05) -->
