<?xml version="1.0" encoding="UTF-8"?>
<!-- Generated by org.testng.reporters.JUnitXMLReporter -->
<testsuite ignored="0" hostname="rajiths-mbp" failures="7" tests="9" name="C2 Admin API Tests - Specific TCs" time="11.939" errors="0" timestamp="2026-02-08T03:06:43 IST">
  <testcase classname="io.cucumber.testng.AbstractTestNGCucumberTests" name="runScenario" time="1.323">
    <failure type="java.lang.AssertionError" message="Response status code should be 200 expected:&amp;lt;200&amp;gt; but was:&amp;lt;500&amp;gt;">
      <![CDATA[java.lang.AssertionError: Response status code should be 200 expected:<200> but was:<500>
at org.junit.Assert.fail(Assert.java:89)
at org.junit.Assert.failNotEquals(Assert.java:835)
at org.junit.Assert.assertEquals(Assert.java:647)
at com.example.api.stepDefinitions.SalesAdminApiStepDefinitions.the_response_status_code_should_be(SalesAdminApiStepDefinitions.java:403)
at ✽.the response status code should be 200(file:///Users/rajithsingh/Desktop/ITQA/ITFac_Batch21_Group53/src/test/resources/features/api/sales/Sales.feature:21)
]]>
    </failure>
  </testcase> <!-- runScenario -->
  <testcase classname="io.cucumber.testng.AbstractTestNGCucumberTests" name="runScenario" time="1.47">
    <failure type="java.lang.AssertionError" message="Response status code should be 400 expected:&amp;lt;400&amp;gt; but was:&amp;lt;500&amp;gt;">
      <![CDATA[java.lang.AssertionError: Response status code should be 400 expected:<400> but was:<500>
at org.junit.Assert.fail(Assert.java:89)
at org.junit.Assert.failNotEquals(Assert.java:835)
at org.junit.Assert.assertEquals(Assert.java:647)
at com.example.api.stepDefinitions.SalesAdminApiStepDefinitions.the_response_status_code_should_be(SalesAdminApiStepDefinitions.java:403)
at ✽.the response status code should be 400(file:///Users/rajithsingh/Desktop/ITQA/ITFac_Batch21_Group53/src/test/resources/features/api/sales/Sales.feature:42)
]]>
    </failure>
  </testcase> <!-- runScenario -->
  <testcase classname="io.cucumber.testng.AbstractTestNGCucumberTests" name="runScenario" time="1.299">
    <failure type="java.lang.AssertionError" message="Response status code should be 400 expected:&amp;lt;400&amp;gt; but was:&amp;lt;500&amp;gt;">
      <![CDATA[java.lang.AssertionError: Response status code should be 400 expected:<400> but was:<500>
at org.junit.Assert.fail(Assert.java:89)
at org.junit.Assert.failNotEquals(Assert.java:835)
at org.junit.Assert.assertEquals(Assert.java:647)
at com.example.api.stepDefinitions.SalesAdminApiStepDefinitions.the_response_status_code_should_be(SalesAdminApiStepDefinitions.java:403)
at ✽.the response status code should be 400(file:///Users/rajithsingh/Desktop/ITQA/ITFac_Batch21_Group53/src/test/resources/features/api/sales/Sales.feature:56)
]]>
    </failure>
  </testcase> <!-- runScenario -->
  <testcase classname="io.cucumber.testng.AbstractTestNGCucumberTests" name="runScenario" time="1.268">
    <failure type="java.lang.AssertionError" message="Response status code should be 400 expected:&amp;lt;400&amp;gt; but was:&amp;lt;500&amp;gt;">
      <![CDATA[java.lang.AssertionError: Response status code should be 400 expected:<400> but was:<500>
at org.junit.Assert.fail(Assert.java:89)
at org.junit.Assert.failNotEquals(Assert.java:835)
at org.junit.Assert.assertEquals(Assert.java:647)
at com.example.api.stepDefinitions.SalesAdminApiStepDefinitions.the_response_status_code_should_be(SalesAdminApiStepDefinitions.java:403)
at ✽.the response status code should be 400(file:///Users/rajithsingh/Desktop/ITQA/ITFac_Batch21_Group53/src/test/resources/features/api/sales/Sales.feature:56)
]]>
    </failure>
  </testcase> <!-- runScenario -->
  <testcase classname="io.cucumber.testng.AbstractTestNGCucumberTests" name="runScenario" time="1.299">
    <failure type="java.lang.AssertionError" message="Response status code should be 400 expected:&amp;lt;400&amp;gt; but was:&amp;lt;500&amp;gt;">
      <![CDATA[java.lang.AssertionError: Response status code should be 400 expected:<400> but was:<500>
at org.junit.Assert.fail(Assert.java:89)
at org.junit.Assert.failNotEquals(Assert.java:835)
at org.junit.Assert.assertEquals(Assert.java:647)
at com.example.api.stepDefinitions.SalesAdminApiStepDefinitions.the_response_status_code_should_be(SalesAdminApiStepDefinitions.java:403)
at ✽.the response status code should be 400(file:///Users/rajithsingh/Desktop/ITQA/ITFac_Batch21_Group53/src/test/resources/features/api/sales/Sales.feature:56)
]]>
    </failure>
  </testcase> <!-- runScenario -->
  <testcase classname="io.cucumber.testng.AbstractTestNGCucumberTests" name="runScenario" time="1.325">
    <failure type="java.lang.AssertionError" message="Response status code should be 400 expected:&amp;lt;400&amp;gt; but was:&amp;lt;500&amp;gt;">
      <![CDATA[java.lang.AssertionError: Response status code should be 400 expected:<400> but was:<500>
at org.junit.Assert.fail(Assert.java:89)
at org.junit.Assert.failNotEquals(Assert.java:835)
at org.junit.Assert.assertEquals(Assert.java:647)
at com.example.api.stepDefinitions.SalesAdminApiStepDefinitions.the_response_status_code_should_be(SalesAdminApiStepDefinitions.java:403)
at ✽.the response status code should be 400(file:///Users/rajithsingh/Desktop/ITQA/ITFac_Batch21_Group53/src/test/resources/features/api/sales/Sales.feature:56)
]]>
    </failure>
  </testcase> <!-- runScenario -->
  <testcase classname="io.cucumber.testng.AbstractTestNGCucumberTests" name="runScenario" time="1.325"/>
  <testcase classname="io.cucumber.testng.AbstractTestNGCucumberTests" name="runScenario" time="1.229"/>
  <testcase classname="io.cucumber.testng.AbstractTestNGCucumberTests" name="runScenario" time="1.277">
    <failure type="java.lang.AssertionError" message="Response status code should be 200 or 204 but was 404">
      <![CDATA[java.lang.AssertionError: Response status code should be 200 or 204 but was 404
at org.junit.Assert.fail(Assert.java:89)
at org.junit.Assert.assertTrue(Assert.java:42)
at com.example.api.stepDefinitions.SalesAdminApiStepDefinitions.the_response_status_code_should_be_200_or_204(SalesAdminApiStepDefinitions.java:423)
at ✽.the response status code should be 200 or 204(file:///Users/rajithsingh/Desktop/ITQA/ITFac_Batch21_Group53/src/test/resources/features/api/sales/Sales.feature:87)
]]>
    </failure>
  </testcase> <!-- runScenario -->
</testsuite> <!-- C2 Admin API Tests - Specific TCs -->
