<?xml version="1.0" encoding="UTF-8"?>
<!-- Generated by org.testng.reporters.JUnitXMLReporter -->
<testsuite ignored="0" hostname="rajiths-mbp" failures="2" tests="10" name="Category API Tests" time="2.609" errors="0" timestamp="2026-02-08T05:45:05 IST">
  <testcase classname="io.cucumber.testng.AbstractTestNGCucumberTests" name="runScenario" time="1.094"/>
  <testcase classname="io.cucumber.testng.AbstractTestNGCucumberTests" name="runScenario" time="0.165"/>
  <testcase classname="io.cucumber.testng.AbstractTestNGCucumberTests" name="runScenario" time="0.017"/>
  <testcase classname="io.cucumber.testng.AbstractTestNGCucumberTests" name="runScenario" time="0.161">
    <failure type="java.lang.AssertionError" message="Response status code should be 200 but was 404 expected [200] but found [404]">
      <![CDATA[java.lang.AssertionError: Response status code should be 200 but was 404 expected [200] but found [404]
at com.example.api.stepDefinitions.CommonApiSteps.the_response_status_code_should_be(CommonApiSteps.java:30)
at ✽.the response status code should be 200(file:///Users/rajithsingh/Desktop/ITQA/ITFac_Batch21_Group53/src/test/resources/features/api/category/categories_api.feature:45)
... Removed 6 stack frames]]>
    </failure>
  </testcase> <!-- runScenario -->
  <testcase classname="io.cucumber.testng.AbstractTestNGCucumberTests" name="runScenario" time="0.157"/>
  <testcase classname="io.cucumber.testng.AbstractTestNGCucumberTests" name="runScenario" time="0.156"/>
  <testcase classname="io.cucumber.testng.AbstractTestNGCucumberTests" name="runScenario" time="0.268">
    <failure type="java.lang.AssertionError" message="Sub-category should have parent category but it was null expected object to not be null">
      <![CDATA[java.lang.AssertionError: Sub-category should have parent category but it was null expected object to not be null
at com.example.api.stepDefinitions.CategoryApiSteps.all_categories_should_have_populated_parent(CategoryApiSteps.java:303)
at ✽.all categories should have populated parent category(file:///Users/rajithsingh/Desktop/ITQA/ITFac_Batch21_Group53/src/test/resources/features/api/category/categories_api.feature:75)
... Removed 2 stack frames]]>
    </failure>
  </testcase> <!-- runScenario -->
  <testcase classname="io.cucumber.testng.AbstractTestNGCucumberTests" name="runScenario" time="0.189"/>
  <testcase classname="io.cucumber.testng.AbstractTestNGCucumberTests" name="runScenario" time="0.17"/>
  <testcase classname="io.cucumber.testng.AbstractTestNGCucumberTests" name="runScenario" time="0.169"/>
</testsuite> <!-- Category API Tests -->
