<html>
<head>
<title>TestNG:  D2 Admin Ui Tests - Specific TCs</title>
<link href="../testng.css" rel="stylesheet" type="text/css" />
<link href="../my-testng.css" rel="stylesheet" type="text/css" />

<style type="text/css">
.log { display: none;} 
.stack-trace { display: none;} 
</style>
<script type="text/javascript">
<!--
function flip(e) {
  current = e.style.display;
  if (current == 'block') {
    e.style.display = 'none';
    return 0;
  }
  else {
    e.style.display = 'block';
    return 1;
  }
}

function toggleBox(szDivId, elem, msg1, msg2)
{
  var res = -1;  if (document.getElementById) {
    res = flip(document.getElementById(szDivId));
  }
  else if (document.all) {
    // this is the way old msie versions work
    res = flip(document.all[szDivId]);
  }
  if(elem) {
    if(res == 0) elem.innerHTML = msg1; else elem.innerHTML = msg2;
  }

}

function toggleAllBoxes() {
  if (document.getElementsByTagName) {
    d = document.getElementsByTagName('div');
    for (i = 0; i < d.length; i++) {
      if (d[i].className == 'log') {
        flip(d[i]);
      }
    }
  }
}

// -->
</script>

</head>
<body>
<h2 align='center'>D2 Admin Ui Tests - Specific TCs</h2><table border='1' align="center">
<tr>
<td>Tests passed/Failed/Skipped:</td><td>3/2/0</td>
</tr><tr>
<td>Started on:</td><td>Sun Feb 08 03:06:43 IST 2026</td>
</tr>
<tr><td>Total time:</td><td>474 seconds (474303 ms)</td>
</tr><tr>
<td>Included groups:</td><td></td>
</tr><tr>
<td>Excluded groups:</td><td></td>
</tr>
</table><p/>
<small><i>(Hover the method name to see the test class name)</i></small><p/>
<table width='100%' border='1' class='invocation-failed'>
<tr><td colspan='4' align='center'><b>FAILED TESTS</b></td></tr>
<tr><td><b>Test method</b></td>
<td><b>Attribute(s)</b></td>
<td width="30%"><b>Exception</b></td>
<td width="10%"><b>Time (seconds)</b></td>
<td><b>Instance</b></td>
</tr>
<tr>
<td title='com.example.runners.SalesTestRunner.runScenario()'><b>runScenario</b><br>Test class: com.example.runners.SalesTestRunner<br>Test method: Runs Cucumber Scenarios<br>Parameters: "Verify error occurs when quantity exceeds available stock", "Sales Management"</td>
<td><div><pre>java.lang.AssertionError: Expected error message &apos;Peace Lily has only 5 items available in stock&apos; was not found.
Current URL: http://localhost:8081/ui/sales
	at org.junit.Assert.fail(Assert.java:89)
	at com.example.ui.stepDefinitions.sales.SalesStepDefinitions.the_system_should_show_an_error_message(SalesStepDefinitions.java:382)
	at ✽.the system should show an error message &quot;Peace Lily has only 5 items available in stock&quot;(file:///Users/rajithsingh/Desktop/ITQA/ITFac_Batch21_Group53/src/test/resources/features/ui/sales/sales-admin.feature:32)
</pre></div><a href='#' onClick='toggleBox("stack-trace1248916855", this, "Click to show all stack frames", "Click to hide stack frames")'>Click to show all stack frames</a>
<div class='stack-trace' id='stack-trace1248916855'><pre>java.lang.AssertionError: Expected error message &apos;Peace Lily has only 5 items available in stock&apos; was not found.
Current URL: http://localhost:8081/ui/sales
	at org.junit.Assert.fail(Assert.java:89)
	at com.example.ui.stepDefinitions.sales.SalesStepDefinitions.the_system_should_show_an_error_message(SalesStepDefinitions.java:382)
	at ✽.the system should show an error message &quot;Peace Lily has only 5 items available in stock&quot;(file:///Users/rajithsingh/Desktop/ITQA/ITFac_Batch21_Group53/src/test/resources/features/ui/sales/sales-admin.feature:32)
</pre></div></td>
<td>3</td>
<td>com.example.runners.SalesTestRunner@7eac9008</td></tr>
<tr>
<td title='com.example.runners.SalesTestRunner.runScenario()'><b>runScenario</b><br>Test class: com.example.runners.SalesTestRunner<br>Test method: Runs Cucumber Scenarios<br>Parameters: "Verify Admin can sell a plant with sufficient stock quantity", "Sales Management"</td>
<td><div><pre>java.lang.AssertionError: Success message &apos;Sale created successfully&apos; was not displayed on any page.
Current URL: http://localhost:8081/ui/sales
	at org.junit.Assert.fail(Assert.java:89)
	at com.example.ui.stepDefinitions.sales.SalesStepDefinitions.the_success_message_should_be_displayed(SalesStepDefinitions.java:292)
	at ✽.the success message &quot;Sale created successfully&quot; should be displayed(file:///Users/rajithsingh/Desktop/ITQA/ITFac_Batch21_Group53/src/test/resources/features/ui/sales/sales-admin.feature:18)
</pre></div><a href='#' onClick='toggleBox("stack-trace330991969", this, "Click to show all stack frames", "Click to hide stack frames")'>Click to show all stack frames</a>
<div class='stack-trace' id='stack-trace330991969'><pre>java.lang.AssertionError: Success message &apos;Sale created successfully&apos; was not displayed on any page.
Current URL: http://localhost:8081/ui/sales
	at org.junit.Assert.fail(Assert.java:89)
	at com.example.ui.stepDefinitions.sales.SalesStepDefinitions.the_success_message_should_be_displayed(SalesStepDefinitions.java:292)
	at ✽.the success message &quot;Sale created successfully&quot; should be displayed(file:///Users/rajithsingh/Desktop/ITQA/ITFac_Batch21_Group53/src/test/resources/features/ui/sales/sales-admin.feature:18)
</pre></div></td>
<td>12</td>
<td>com.example.runners.SalesTestRunner@7eac9008</td></tr>
</table><p>
<table width='100%' border='1' class='invocation-passed'>
<tr><td colspan='4' align='center'><b>PASSED TESTS</b></td></tr>
<tr><td><b>Test method</b></td>
<td><b>Attribute(s)</b></td>
<td width="30%"><b>Exception</b></td>
<td width="10%"><b>Time (seconds)</b></td>
<td><b>Instance</b></td>
</tr>
<tr>
<td title='com.example.runners.SalesTestRunner.runScenario()'><b>runScenario</b><br>Test class: com.example.runners.SalesTestRunner<br>Test method: Runs Cucumber Scenarios<br>Parameters: "Verify sales data defaults to newest-first order", "Sales Management"</td>
<td></td>
<td>20</td>
<td>com.example.runners.SalesTestRunner@7eac9008</td></tr>
<tr>
<td title='com.example.runners.SalesTestRunner.runScenario()'><b>runScenario</b><br>Test class: com.example.runners.SalesTestRunner<br>Test method: Runs Cucumber Scenarios<br>Parameters: "Verify Admin can delete sale", "Sales Management"</td>
<td></td>
<td>9</td>
<td>com.example.runners.SalesTestRunner@7eac9008</td></tr>
<tr>
<td title='com.example.runners.SalesTestRunner.runScenario()'><b>runScenario</b><br>Test class: com.example.runners.SalesTestRunner<br>Test method: Runs Cucumber Scenarios<br>Parameters: "Verify empty state message when no sales exist", "Sales Management"</td>
<td></td>
<td>428</td>
<td>com.example.runners.SalesTestRunner@7eac9008</td></tr>
</table><p>
</body>
</html>