<?xml version="1.0" encoding="UTF-8"?>
<!-- Generated by org.testng.reporters.JUnitXMLReporter -->
<testsuite ignored="0" hostname="rajiths-mbp" failures="2" tests="5" name="D2 Admin Ui Tests - Specific TCs" time="474.303" errors="0" timestamp="2026-02-08T03:14:37 IST">
  <testcase classname="io.cucumber.testng.AbstractTestNGCucumberTests" name="runScenario" time="12.011">
    <failure type="java.lang.AssertionError" message="Success message &amp;apos;Sale created successfully&amp;apos; was not displayed on any page.
Current URL: http://localhost:8081/ui/sales">
      <![CDATA[java.lang.AssertionError: Success message 'Sale created successfully' was not displayed on any page.
Current URL: http://localhost:8081/ui/sales
at org.junit.Assert.fail(Assert.java:89)
at com.example.ui.stepDefinitions.sales.SalesStepDefinitions.the_success_message_should_be_displayed(SalesStepDefinitions.java:292)
at ✽.the success message "Sale created successfully" should be displayed(file:///Users/rajithsingh/Desktop/ITQA/ITFac_Batch21_Group53/src/test/resources/features/ui/sales/sales-admin.feature:18)
]]>
    </failure>
  </testcase> <!-- runScenario -->
  <testcase classname="io.cucumber.testng.AbstractTestNGCucumberTests" name="runScenario" time="3.893">
    <failure type="java.lang.AssertionError" message="Expected error message &amp;apos;Peace Lily has only 5 items available in stock&amp;apos; was not found.
Current URL: http://localhost:8081/ui/sales">
      <![CDATA[java.lang.AssertionError: Expected error message 'Peace Lily has only 5 items available in stock' was not found.
Current URL: http://localhost:8081/ui/sales
at org.junit.Assert.fail(Assert.java:89)
at com.example.ui.stepDefinitions.sales.SalesStepDefinitions.the_system_should_show_an_error_message(SalesStepDefinitions.java:382)
at ✽.the system should show an error message "Peace Lily has only 5 items available in stock"(file:///Users/rajithsingh/Desktop/ITQA/ITFac_Batch21_Group53/src/test/resources/features/ui/sales/sales-admin.feature:32)
]]>
    </failure>
  </testcase> <!-- runScenario -->
  <testcase classname="io.cucumber.testng.AbstractTestNGCucumberTests" name="runScenario" time="9.458"/>
  <testcase classname="io.cucumber.testng.AbstractTestNGCucumberTests" name="runScenario" time="20.289"/>
  <testcase classname="io.cucumber.testng.AbstractTestNGCucumberTests" name="runScenario" time="428.593"/>
</testsuite> <!-- D2 Admin Ui Tests - Specific TCs -->
