<?xml version="1.0" encoding="UTF-8"?>
<!-- Generated by org.testng.reporters.JUnitXMLReporter -->
<testsuite ignored="0" hostname="rajiths-mbp" failures="1" tests="1" name="Multi-tab Stock Update Test" time="7.537" errors="0" timestamp="2026-02-08T05:48:09 IST">
  <testcase classname="io.cucumber.testng.AbstractTestNGCucumberTests" name="runScenario" time="7.486">
    <failure type="java.lang.AssertionError" message="Sell Plant button should be visible on Sales List page expected [true] but found [false]">
      <![CDATA[java.lang.AssertionError: Sell Plant button should be visible on Sales List page expected [true] but found [false]
at com.example.ui.stepDefinitions.sales.SalesListSteps.sellPlantButtonIsVisible(SalesListSteps.java:485)
at ✽.Sell Plant button is visible(file:///Users/rajithsingh/Desktop/ITQA/ITFac_Batch21_Group53/src/test/resources/features/ui/sales/sell_plant_navigation.feature:72)
... Removed 3 stack frames]]>
    </failure>
  </testcase> <!-- runScenario -->
</testsuite> <!-- Multi-tab Stock Update Test -->
