<?xml version="1.0" encoding="UTF-8"?>
<!-- Generated by org.testng.reporters.JUnitXMLReporter -->
<testsuite ignored="0" hostname="rajiths-mbp" failures="1" tests="3" name="Sales Sorting Tests" time="38.846" errors="0" timestamp="2026-02-08T07:21:10 IST">
  <testcase classname="io.cucumber.testng.AbstractTestNGCucumberTests" name="runScenario" time="21.378"/>
  <testcase classname="io.cucumber.testng.AbstractTestNGCucumberTests" name="runScenario" time="6.004">
    <failure type="java.lang.AssertionError" message="Expected plant &amp;apos;Aloe Vera&amp;apos; should be found in the table expected [true] but found [false]">
      <![CDATA[java.lang.AssertionError: Expected plant 'Aloe Vera' should be found in the table expected [true] but found [false]
at com.example.ui.stepDefinitions.sales.SalesListSteps.verifyInitialPlantNamesAreDisplayed(SalesListSteps.java:157)
at ✽.verify initial plant names are displayed(file:///Users/rajithsingh/Desktop/ITQA/ITFac_Batch21_Group53/src/test/resources/features/ui/sales/sales_list_sorting.feature:18)
... Removed 3 stack frames]]>
    </failure>
  </testcase> <!-- runScenario -->
  <testcase classname="io.cucumber.testng.AbstractTestNGCucumberTests" name="runScenario" time="11.412"/>
</testsuite> <!-- Sales Sorting Tests -->
