<?xml version="1.0" encoding="UTF-8"?>
<!-- Generated by org.testng.reporters.JUnitXMLReporter -->
<testsuite ignored="0" hostname="RAJITHs-MBP" failures="1" tests="1" name="Sales List Sold Date Sort Indicator Test" time="29.768" errors="0" timestamp="2026-02-08T00:04:03 IST">
  <testcase classname="io.cucumber.testng.AbstractTestNGCucumberTests" name="runScenario" time="29.737">
    <failure type="java.lang.AssertionError" message="Sold Date column header should display a sort indicator expected [true] but found [false]">
      <![CDATA[java.lang.AssertionError: Sold Date column header should display a sort indicator expected [true] but found [false]
at com.example.ui.stepDefinitions.sales.SalesListSteps.theColumnHeaderShouldDisplayAVisualSortIndicator(SalesListSteps.java:666)
at ✽.the "Sold Date" column header should display a visual sort indicator(file:///Users/rajithsingh/Desktop/ITQA/ITFac_Batch21_Group53/src/test/resources/features/ui/sales/sales_list_sold_date_sort_indicator.feature:21)
... Removed 3 stack frames]]>
    </failure>
  </testcase> <!-- runScenario -->
</testsuite> <!-- Sales List Sold Date Sort Indicator Test -->
