<?xml version="1.0" encoding="UTF-8"?>
<!-- Generated by org.testng.reporters.JUnitXMLReporter -->
<testsuite ignored="0" hostname="rajiths-mbp" failures="3" tests="3" name="Sales Sorting Tests" time="31.622" errors="0" timestamp="2026-02-08T05:47:30 IST">
  <testcase classname="io.cucumber.testng.AbstractTestNGCucumberTests" name="runScenario" time="10.431">
    <failure type="java.lang.AssertionError" message="Quantities should be displayed in the table expected [false] but found [true]">
      <![CDATA[java.lang.AssertionError: Quantities should be displayed in the table expected [false] but found [true]
at com.example.ui.stepDefinitions.sales.SalesListSteps.verifyInitialQuantitiesAreDisplayed(SalesListSteps.java:342)
at ✽.verify initial quantities are displayed(file:///Users/rajithsingh/Desktop/ITQA/ITFac_Batch21_Group53/src/test/resources/features/ui/sales/sales_list_quantity_sorting.feature:18)
... Removed 3 stack frames]]>
    </failure>
  </testcase> <!-- runScenario -->
  <testcase classname="io.cucumber.testng.AbstractTestNGCucumberTests" name="runScenario" time="5.883">
    <failure type="java.lang.AssertionError" message="Expected plant &amp;apos;Aloe Vera&amp;apos; should be found in the table expected [true] but found [false]">
      <![CDATA[java.lang.AssertionError: Expected plant 'Aloe Vera' should be found in the table expected [true] but found [false]
at com.example.ui.stepDefinitions.sales.SalesListSteps.verifyInitialPlantNamesAreDisplayed(SalesListSteps.java:157)
at ✽.verify initial plant names are displayed(file:///Users/rajithsingh/Desktop/ITQA/ITFac_Batch21_Group53/src/test/resources/features/ui/sales/sales_list_sorting.feature:18)
... Removed 3 stack frames]]>
    </failure>
  </testcase> <!-- runScenario -->
  <testcase classname="io.cucumber.testng.AbstractTestNGCucumberTests" name="runScenario" time="15.201">
    <failure type="java.lang.AssertionError" message="Total prices should be displayed in the table expected [false] but found [true]">
      <![CDATA[java.lang.AssertionError: Total prices should be displayed in the table expected [false] but found [true]
at com.example.ui.stepDefinitions.sales.SalesListSteps.verifyInitialTotalPricesAreDisplayed(SalesListSteps.java:455)
at ✽.verify initial total prices are displayed(file:///Users/rajithsingh/Desktop/ITQA/ITFac_Batch21_Group53/src/test/resources/features/ui/sales/sales_list_total_price_sorting.feature:18)
... Removed 3 stack frames]]>
    </failure>
  </testcase> <!-- runScenario -->
</testsuite> <!-- Sales Sorting Tests -->
