<html>
<head>
<title>TestNG:  Sell Plant Validation Test</title>
<link href="../testng.css" rel="stylesheet" type="text/css" />
<link href="../my-testng.css" rel="stylesheet" type="text/css" />

<style type="text/css">
.log { display: none;} 
.stack-trace { display: none;} 
</style>
<script type="text/javascript">
<!--
function flip(e) {
  current = e.style.display;
  if (current == 'block') {
    e.style.display = 'none';
    return 0;
  }
  else {
    e.style.display = 'block';
    return 1;
  }
}

function toggleBox(szDivId, elem, msg1, msg2)
{
  var res = -1;  if (document.getElementById) {
    res = flip(document.getElementById(szDivId));
  }
  else if (document.all) {
    // this is the way old msie versions work
    res = flip(document.all[szDivId]);
  }
  if(elem) {
    if(res == 0) elem.innerHTML = msg1; else elem.innerHTML = msg2;
  }

}

function toggleAllBoxes() {
  if (document.getElementsByTagName) {
    d = document.getElementsByTagName('div');
    for (i = 0; i < d.length; i++) {
      if (d[i].className == 'log') {
        flip(d[i]);
      }
    }
  }
}

// -->
</script>

</head>
<body>
<h2 align='center'>Sell Plant Validation Test</h2><table border='1' align="center">
<tr>
<<<<<<< HEAD:target/surefire-reports/Plant Sales Automation Suite/Sell Plant Validation Test.html
<td>Tests passed/Failed/Skipped:</td><td>1/0/0</td>
</tr><tr>
<td>Started on:</td><td>Sun Feb 08 05:47:44 IST 2026</td>
</tr>
<tr><td>Total time:</td><td>17 seconds (17477 ms)</td>
=======
<td>Tests passed/Failed/Skipped:</td><td>9/2/0</td>
</tr><tr>
<td>Started on:</td><td>Sat Feb 07 20:41:55 IST 2026</td>
</tr>
<tr><td>Total time:</td><td>6 seconds (6114 ms)</td>
>>>>>>> ddbce2d2a670547e1be93e34f088e42c015b2b4a:target/surefire-reports/Plant Sales Automation Suite/API Tests.html
</tr><tr>
<td>Included groups:</td><td></td>
</tr><tr>
<td>Excluded groups:</td><td></td>
</tr>
</table><p/>
<small><i>(Hover the method name to see the test class name)</i></small><p/>
<<<<<<< HEAD:target/surefire-reports/Plant Sales Automation Suite/Sell Plant Validation Test.html
=======
<table width='100%' border='1' class='invocation-failed'>
<tr><td colspan='4' align='center'><b>FAILED TESTS</b></td></tr>
<tr><td><b>Test method</b></td>
<td><b>Attribute(s)</b></td>
<td width="30%"><b>Exception</b></td>
<td width="10%"><b>Time (seconds)</b></td>
<td><b>Instance</b></td>
</tr>
<tr>
<td title='com.example.runners.ApiTestRunner.runScenario()'><b>runScenario</b><br>Test class: com.example.runners.ApiTestRunner<br>Test method: Runs Cucumber Scenarios<br>Parameters: "TC_API_PLANTS_ADM_011 - Verify Plant Updated Successfully", "Plant API - Update Plant"</td>
<td><div><pre>java.lang.AssertionError: 1 expectation failed.
Expected status code &lt;200&gt; but was &lt;500&gt;.

	at org.codehaus.groovy.runtime.callsite.ConstructorSite$ConstructorSiteNoUnwrapNoCoerce.callConstructor(ConstructorSite.java:108)
	at org.codehaus.groovy.runtime.callsite.AbstractCallSite.callConstructor(AbstractCallSite.java:277)
	at io.restassured.internal.ResponseSpecificationImpl$HamcrestAssertionClosure.validate(ResponseSpecificationImpl.groovy:512)
	at io.restassured.internal.ResponseSpecificationImpl$HamcrestAssertionClosure$validate$1.call(Unknown Source)
	at io.restassured.internal.ResponseSpecificationImpl.validateResponseIfRequired(ResponseSpecificationImpl.groovy:696)
	at io.restassured.internal.ResponseSpecificationImpl.this$2$validateResponseIfRequired(ResponseSpecificationImpl.groovy)
	at org.codehaus.groovy.runtime.callsite.PlainObjectMetaMethodSite.doInvoke(PlainObjectMetaMethodSite.java:43)
	at org.codehaus.groovy.runtime.callsite.PogoMetaMethodSite$PogoCachedMethodSiteNoUnwrapNoCoerce.invoke(PogoMetaMethodSite.java:198)
	at org.codehaus.groovy.runtime.callsite.PogoMetaMethodSite.callCurrent(PogoMetaMethodSite.java:62)
	at org.codehaus.groovy.runtime.callsite.AbstractCallSite.callCurrent(AbstractCallSite.java:185)
	at io.restassured.internal.ResponseSpecificationImpl.statusCode(ResponseSpecificationImpl.groovy:135)
	at io.restassured.specification.ResponseSpecification$statusCode$0.callCurrent(Unknown Source)
	at io.restassured.internal.ResponseSpecificationImpl.statusCode(ResponseSpecificationImpl.groovy:143)
	at io.restassured.internal.ValidatableResponseOptionsImpl.statusCode(ValidatableResponseOptionsImpl.java:89)
	at com.example.api.stepDefinitions.PlantApiSteps.theResponseStatusCodeShouldBe(PlantApiSteps.java:241)
	at ✽.the response status code should be 200(file:///E:/ITFac_Batch21_Group53/src/test/resources/features/api/plant_update.feature:12)
... Removed 6 stack frames</pre></div><a href='#' onClick='toggleBox("stack-trace1297209714", this, "Click to show all stack frames", "Click to hide stack frames")'>Click to show all stack frames</a>
<div class='stack-trace' id='stack-trace1297209714'><pre>java.lang.AssertionError: 1 expectation failed.
Expected status code &lt;200&gt; but was &lt;500&gt;.

	at java.base/jdk.internal.reflect.DirectConstructorHandleAccessor.newInstance(DirectConstructorHandleAccessor.java:62)
	at java.base/java.lang.reflect.Constructor.newInstanceWithCaller(Constructor.java:502)
	at java.base/java.lang.reflect.Constructor.newInstance(Constructor.java:486)
	at org.codehaus.groovy.reflection.CachedConstructor.invoke(CachedConstructor.java:73)
	at org.codehaus.groovy.runtime.callsite.ConstructorSite$ConstructorSiteNoUnwrapNoCoerce.callConstructor(ConstructorSite.java:108)
	at org.codehaus.groovy.runtime.callsite.AbstractCallSite.callConstructor(AbstractCallSite.java:277)
	at io.restassured.internal.ResponseSpecificationImpl$HamcrestAssertionClosure.validate(ResponseSpecificationImpl.groovy:512)
	at io.restassured.internal.ResponseSpecificationImpl$HamcrestAssertionClosure$validate$1.call(Unknown Source)
	at io.restassured.internal.ResponseSpecificationImpl.validateResponseIfRequired(ResponseSpecificationImpl.groovy:696)
	at io.restassured.internal.ResponseSpecificationImpl.this$2$validateResponseIfRequired(ResponseSpecificationImpl.groovy)
	at java.base/jdk.internal.reflect.DirectMethodHandleAccessor.invoke(DirectMethodHandleAccessor.java:103)
	at java.base/java.lang.reflect.Method.invoke(Method.java:580)
	at org.codehaus.groovy.runtime.callsite.PlainObjectMetaMethodSite.doInvoke(PlainObjectMetaMethodSite.java:43)
	at org.codehaus.groovy.runtime.callsite.PogoMetaMethodSite$PogoCachedMethodSiteNoUnwrapNoCoerce.invoke(PogoMetaMethodSite.java:198)
	at org.codehaus.groovy.runtime.callsite.PogoMetaMethodSite.callCurrent(PogoMetaMethodSite.java:62)
	at org.codehaus.groovy.runtime.callsite.AbstractCallSite.callCurrent(AbstractCallSite.java:185)
	at io.restassured.internal.ResponseSpecificationImpl.statusCode(ResponseSpecificationImpl.groovy:135)
	at io.restassured.specification.ResponseSpecification$statusCode$0.callCurrent(Unknown Source)
	at io.restassured.internal.ResponseSpecificationImpl.statusCode(ResponseSpecificationImpl.groovy:143)
	at io.restassured.internal.ValidatableResponseOptionsImpl.statusCode(ValidatableResponseOptionsImpl.java:89)
	at com.example.api.stepDefinitions.PlantApiSteps.theResponseStatusCodeShouldBe(PlantApiSteps.java:241)
	at ✽.the response status code should be 200(file:///E:/ITFac_Batch21_Group53/src/test/resources/features/api/plant_update.feature:12)
</pre></div></td>
<td>0</td>
<td>com.example.runners.ApiTestRunner@65e98b1c</td></tr>
<tr>
<td title='com.example.runners.ApiTestRunner.runScenario()'><b>runScenario</b><br>Test class: com.example.runners.ApiTestRunner<br>Test method: Runs Cucumber Scenarios<br>Parameters: "TC_API_PLANTS_ADM_012 - Verify Delete Non-Existing Plant", "Plant API - Delete Plant"</td>
<td><div><pre>java.lang.AssertionError: 1 expectation failed.
Expected status code &lt;404&gt; but was &lt;204&gt;.

	at org.codehaus.groovy.runtime.callsite.ConstructorSite$ConstructorSiteNoUnwrapNoCoerce.callConstructor(ConstructorSite.java:108)
	at org.codehaus.groovy.runtime.callsite.CallSiteArray.defaultCallConstructor(CallSiteArray.java:57)
	at org.codehaus.groovy.runtime.callsite.AbstractCallSite.callConstructor(AbstractCallSite.java:263)
	at org.codehaus.groovy.runtime.callsite.AbstractCallSite.callConstructor(AbstractCallSite.java:277)
	at io.restassured.internal.ResponseSpecificationImpl$HamcrestAssertionClosure.validate(ResponseSpecificationImpl.groovy:512)
	at io.restassured.internal.ResponseSpecificationImpl$HamcrestAssertionClosure$validate$1.call(Unknown Source)
	at io.restassured.internal.ResponseSpecificationImpl.validateResponseIfRequired(ResponseSpecificationImpl.groovy:696)
	at io.restassured.internal.ResponseSpecificationImpl.this$2$validateResponseIfRequired(ResponseSpecificationImpl.groovy)
	at org.codehaus.groovy.runtime.callsite.PlainObjectMetaMethodSite.doInvoke(PlainObjectMetaMethodSite.java:43)
	at org.codehaus.groovy.runtime.callsite.PogoMetaMethodSite$PogoCachedMethodSiteNoUnwrapNoCoerce.invoke(PogoMetaMethodSite.java:198)
	at org.codehaus.groovy.runtime.callsite.PogoMetaMethodSite.callCurrent(PogoMetaMethodSite.java:62)
	at org.codehaus.groovy.runtime.callsite.AbstractCallSite.callCurrent(AbstractCallSite.java:185)
	at io.restassured.internal.ResponseSpecificationImpl.statusCode(ResponseSpecificationImpl.groovy:135)
	at io.restassured.specification.ResponseSpecification$statusCode$0.callCurrent(Unknown Source)
	at io.restassured.internal.ResponseSpecificationImpl.statusCode(ResponseSpecificationImpl.groovy:143)
	at io.restassured.internal.ValidatableResponseOptionsImpl.statusCode(ValidatableResponseOptionsImpl.java:89)
	at com.example.api.stepDefinitions.PlantApiSteps.theResponseStatusCodeShouldBe(PlantApiSteps.java:241)
	at ✽.the response status code should be 404(file:///E:/ITFac_Batch21_Group53/src/test/resources/features/api/plant_delete.feature:12)
... Removed 6 stack frames</pre></div><a href='#' onClick='toggleBox("stack-trace2140944160", this, "Click to show all stack frames", "Click to hide stack frames")'>Click to show all stack frames</a>
<div class='stack-trace' id='stack-trace2140944160'><pre>java.lang.AssertionError: 1 expectation failed.
Expected status code &lt;404&gt; but was &lt;204&gt;.

	at java.base/jdk.internal.reflect.DirectConstructorHandleAccessor.newInstance(DirectConstructorHandleAccessor.java:62)
	at java.base/java.lang.reflect.Constructor.newInstanceWithCaller(Constructor.java:502)
	at java.base/java.lang.reflect.Constructor.newInstance(Constructor.java:486)
	at org.codehaus.groovy.reflection.CachedConstructor.invoke(CachedConstructor.java:73)
	at org.codehaus.groovy.runtime.callsite.ConstructorSite$ConstructorSiteNoUnwrapNoCoerce.callConstructor(ConstructorSite.java:108)
	at org.codehaus.groovy.runtime.callsite.CallSiteArray.defaultCallConstructor(CallSiteArray.java:57)
	at org.codehaus.groovy.runtime.callsite.AbstractCallSite.callConstructor(AbstractCallSite.java:263)
	at org.codehaus.groovy.runtime.callsite.AbstractCallSite.callConstructor(AbstractCallSite.java:277)
	at io.restassured.internal.ResponseSpecificationImpl$HamcrestAssertionClosure.validate(ResponseSpecificationImpl.groovy:512)
	at io.restassured.internal.ResponseSpecificationImpl$HamcrestAssertionClosure$validate$1.call(Unknown Source)
	at io.restassured.internal.ResponseSpecificationImpl.validateResponseIfRequired(ResponseSpecificationImpl.groovy:696)
	at io.restassured.internal.ResponseSpecificationImpl.this$2$validateResponseIfRequired(ResponseSpecificationImpl.groovy)
	at java.base/jdk.internal.reflect.DirectMethodHandleAccessor.invoke(DirectMethodHandleAccessor.java:103)
	at java.base/java.lang.reflect.Method.invoke(Method.java:580)
	at org.codehaus.groovy.runtime.callsite.PlainObjectMetaMethodSite.doInvoke(PlainObjectMetaMethodSite.java:43)
	at org.codehaus.groovy.runtime.callsite.PogoMetaMethodSite$PogoCachedMethodSiteNoUnwrapNoCoerce.invoke(PogoMetaMethodSite.java:198)
	at org.codehaus.groovy.runtime.callsite.PogoMetaMethodSite.callCurrent(PogoMetaMethodSite.java:62)
	at org.codehaus.groovy.runtime.callsite.AbstractCallSite.callCurrent(AbstractCallSite.java:185)
	at io.restassured.internal.ResponseSpecificationImpl.statusCode(ResponseSpecificationImpl.groovy:135)
	at io.restassured.specification.ResponseSpecification$statusCode$0.callCurrent(Unknown Source)
	at io.restassured.internal.ResponseSpecificationImpl.statusCode(ResponseSpecificationImpl.groovy:143)
	at io.restassured.internal.ValidatableResponseOptionsImpl.statusCode(ValidatableResponseOptionsImpl.java:89)
	at com.example.api.stepDefinitions.PlantApiSteps.theResponseStatusCodeShouldBe(PlantApiSteps.java:241)
	at ✽.the response status code should be 404(file:///E:/ITFac_Batch21_Group53/src/test/resources/features/api/plant_delete.feature:12)
</pre></div></td>
<td>0</td>
<td>com.example.runners.ApiTestRunner@65e98b1c</td></tr>
</table><p>
>>>>>>> ddbce2d2a670547e1be93e34f088e42c015b2b4a:target/surefire-reports/Plant Sales Automation Suite/API Tests.html
<table width='100%' border='1' class='invocation-passed'>
<tr><td colspan='4' align='center'><b>PASSED TESTS</b></td></tr>
<tr><td><b>Test method</b></td>
<td><b>Attribute(s)</b></td>
<td width="30%"><b>Exception</b></td>
<td width="10%"><b>Time (seconds)</b></td>
<td><b>Instance</b></td>
</tr>
<tr>
<<<<<<< HEAD:target/surefire-reports/Plant Sales Automation Suite/Sell Plant Validation Test.html
<td title='com.example.runners.UiTestRunner.runScenario()'><b>runScenario</b><br>Test class: com.example.runners.UiTestRunner<br>Test method: Runs Cucumber Scenarios<br>Parameters: "TC_UI_SAL_15 - Verify error when Plant not selected", "Sales Navigation Functionality"</td>
<td></td>
<td>17</td>
<td>com.example.runners.UiTestRunner@7dcf94f8</td></tr>
=======
<td title='com.example.runners.ApiTestRunner.runScenario()'><b>runScenario</b><br>Test class: com.example.runners.ApiTestRunner<br>Test method: Runs Cucumber Scenarios<br>Parameters: "TC_API_PLANTS_USER_014 - Verify User Can Access Plant Summary", "Plant API - Summary"</td>
<td></td>
<td>0</td>
<td>com.example.runners.ApiTestRunner@65e98b1c</td></tr>
<tr>
<td title='com.example.runners.ApiTestRunner.runScenario()'><b>runScenario</b><br>Test class: com.example.runners.ApiTestRunner<br>Test method: Runs Cucumber Scenarios<br>Parameters: "TC_API_PLANTS_ADM_015 - Verify Pagination and Sorting for All Fields", "Plant API - Pagination and Sorting"</td>
<td></td>
<td>0</td>
<td>com.example.runners.ApiTestRunner@65e98b1c</td></tr>
<tr>
<td title='com.example.runners.ApiTestRunner.runScenario()'><b>runScenario</b><br>Test class: com.example.runners.ApiTestRunner<br>Test method: Runs Cucumber Scenarios<br>Parameters: "TC_API_PLANTS_ADM_015 - Verify Pagination and Sorting for All Fields", "Plant API - Pagination and Sorting"</td>
<td></td>
<td>0</td>
<td>com.example.runners.ApiTestRunner@65e98b1c</td></tr>
<tr>
<td title='com.example.runners.ApiTestRunner.runScenario()'><b>runScenario</b><br>Test class: com.example.runners.ApiTestRunner<br>Test method: Runs Cucumber Scenarios<br>Parameters: "TC_API_PLANTS_ADM_015 - Verify Pagination and Sorting for All Fields", "Plant API - Pagination and Sorting"</td>
<td></td>
<td>0</td>
<td>com.example.runners.ApiTestRunner@65e98b1c</td></tr>
<tr>
<td title='com.example.runners.ApiTestRunner.runScenario()'><b>runScenario</b><br>Test class: com.example.runners.ApiTestRunner<br>Test method: Runs Cucumber Scenarios<br>Parameters: "TC_API_PLANTS_USER_016 - Verify Get Plant By ID", "Plant API - Get By ID"</td>
<td></td>
<td>0</td>
<td>com.example.runners.ApiTestRunner@65e98b1c</td></tr>
<tr>
<td title='com.example.runners.ApiTestRunner.runScenario()'><b>runScenario</b><br>Test class: com.example.runners.ApiTestRunner<br>Test method: Runs Cucumber Scenarios<br>Parameters: "TC_API_PLANTS_ADM_015 - Verify Pagination and Sorting for All Fields", "Plant API - Pagination and Sorting"</td>
<td></td>
<td>0</td>
<td>com.example.runners.ApiTestRunner@65e98b1c</td></tr>
<tr>
<td title='com.example.runners.ApiTestRunner.runScenario()'><b>runScenario</b><br>Test class: com.example.runners.ApiTestRunner<br>Test method: Runs Cucumber Scenarios<br>Parameters: "TC_API_PLANTS_ADM_015 - Verify Pagination and Sorting for All Fields", "Plant API - Pagination and Sorting"</td>
<td></td>
<td>0</td>
<td>com.example.runners.ApiTestRunner@65e98b1c</td></tr>
<tr>
<td title='com.example.runners.ApiTestRunner.runScenario()'><b>runScenario</b><br>Test class: com.example.runners.ApiTestRunner<br>Test method: Runs Cucumber Scenarios<br>Parameters: "TC_API_PLANTS_USER_013 - Verify Get Plants By Category ID", "Plant API - Get By Category"</td>
<td></td>
<td>2</td>
<td>com.example.runners.ApiTestRunner@65e98b1c</td></tr>
<tr>
<td title='com.example.runners.ApiTestRunner.runScenario()'><b>runScenario</b><br>Test class: com.example.runners.ApiTestRunner<br>Test method: Runs Cucumber Scenarios<br>Parameters: "TC_API_PLANTS_ADM_015 - Verify Pagination and Sorting for All Fields", "Plant API - Pagination and Sorting"</td>
<td></td>
<td>0</td>
<td>com.example.runners.ApiTestRunner@65e98b1c</td></tr>
>>>>>>> ddbce2d2a670547e1be93e34f088e42c015b2b4a:target/surefire-reports/Plant Sales Automation Suite/API Tests.html
</table><p>
</body>
</html>