<?xml version="1.0" encoding="UTF-8"?>
<!-- Generated by org.testng.reporters.JUnitXMLReporter -->
<testsuite ignored="0" hostname="rajiths-mbp" failures="2" tests="5" name="Standard User - Category UI Tests(TC_UI_USER_CAT_01 to TC_UI_USER_CAT_05)" time="42.308" errors="0" timestamp="2026-02-08T05:46:58 IST">
  <testcase classname="io.cucumber.testng.AbstractTestNGCucumberTests" name="runScenario" time="4.821">
    <failure type="java.lang.AssertionError" message="Security Bug Found: Standard User successfully accessed the Edit Page! URL: http://localhost:8081/ui/categories/edit/19">
      <![CDATA[java.lang.AssertionError: Security Bug Found: Standard User successfully accessed the Edit Page! URL: http://localhost:8081/ui/categories/edit/19
at org.junit.Assert.fail(Assert.java:89)
at org.junit.Assert.assertTrue(Assert.java:42)
at org.junit.Assert.assertFalse(Assert.java:65)
at com.example.ui.stepDefinitions.categories.CategoryStepDefinitions.verify_no_navigation_to_edit_page(CategoryStepDefinitions.java:201)
at ✽.the user should not be navigated to the Edit Category page(file:///Users/rajithsingh/Desktop/ITQA/ITFac_Batch21_Group53/src/test/resources/features/ui/categories/UserCategoryAdd.feature:26)
]]>
    </failure>
  </testcase> <!-- runScenario -->
  <testcase classname="io.cucumber.testng.AbstractTestNGCucumberTests" name="runScenario" time="6.018"/>
  <testcase classname="io.cucumber.testng.AbstractTestNGCucumberTests" name="runScenario" time="15.814"/>
  <testcase classname="io.cucumber.testng.AbstractTestNGCucumberTests" name="runScenario" time="7.161"/>
  <testcase classname="io.cucumber.testng.AbstractTestNGCucumberTests" name="runScenario" time="8.387">
    <failure type="java.lang.AssertionError" message="Sorting failed even after toggling! expected:&amp;lt;[Details, Indoor, Lotus, Lotus 001, Master, Outdoor, Plants, Plants, Rose SL, Structure]&amp;gt; but was:&amp;lt;[Catcus, Coconut, Coconut_A, Coconut_B, Details, Indoor, Lotus, Lotus 001, Master, Outdoor]&amp;gt;">
      <![CDATA[java.lang.AssertionError: Sorting failed even after toggling! expected:<[Details, Indoor, Lotus, Lotus 001, Master, Outdoor, Plants, Plants, Rose SL, Structure]> but was:<[Catcus, Coconut, Coconut_A, Coconut_B, Details, Indoor, Lotus, Lotus 001, Master, Outdoor]>
at org.junit.Assert.fail(Assert.java:89)
at org.junit.Assert.failNotEquals(Assert.java:835)
at org.junit.Assert.assertEquals(Assert.java:120)
at com.example.ui.stepDefinitions.categories.CategoryStepDefinitions.verify_list_is_sorted(CategoryStepDefinitions.java:300)
at ✽.the category list should be sorted by "Category Name" in ascending order(file:///Users/rajithsingh/Desktop/ITQA/ITFac_Batch21_Group53/src/test/resources/features/ui/categories/UserCategoryAdd.feature:84)
]]>
    </failure>
  </testcase> <!-- runScenario -->
</testsuite> <!-- Standard User - Category UI Tests(TC_UI_USER_CAT_01 to TC_UI_USER_CAT_05) -->
