<?xml version="1.0" encoding="UTF-8"?>
<!-- Generated by org.testng.reporters.JUnitXMLReporter -->
<testsuite ignored="0" hostname="DESKTOP-S95EVC7" failures="6" tests="16" name="UI Tests" time="256.727" errors="0" timestamp="2026-02-07T20:41:55 IST">
  <testcase classname="io.cucumber.testng.AbstractTestNGCucumberTests" name="runScenario" time="10.341"/>
  <testcase classname="io.cucumber.testng.AbstractTestNGCucumberTests" name="runScenario" time="10.844"/>
  <testcase classname="io.cucumber.testng.AbstractTestNGCucumberTests" name="runScenario" time="9.39"/>
  <testcase classname="io.cucumber.testng.AbstractTestNGCucumberTests" name="runScenario" time="9.391"/>
  <testcase classname="io.cucumber.testng.AbstractTestNGCucumberTests" name="runScenario" time="9.74">
    <failure type="java.lang.AssertionError" message="No plants displayed after searching for: Yellow Rose">
      <![CDATA[java.lang.AssertionError: No plants displayed after searching for: Yellow Rose
at com.example.ui.stepDefinitions.plants.PlantListSteps.thePlantListShouldDisplayPlantsMatching(PlantListSteps.java:218)
at ✽.the plant list should display plants matching "Yellow Rose"(file:///E:/ITFac_Batch21_Group53/src/test/resources/features/ui/plants/plant_list.feature:9)
]]>
    </failure>
  </testcase> <!-- runScenario -->
  <testcase classname="io.cucumber.testng.AbstractTestNGCucumberTests" name="runScenario" time="7.195"/>
  <testcase classname="io.cucumber.testng.AbstractTestNGCucumberTests" name="runScenario" time="8.052"/>
  <testcase classname="io.cucumber.testng.AbstractTestNGCucumberTests" name="runScenario" time="8.359">
    <failure type="java.lang.AssertionError" message="List is NOT sorted by Name in Ascending order.">
      <![CDATA[java.lang.AssertionError: List is NOT sorted by Name in Ascending order.
at com.example.ui.stepDefinitions.plants.PlantListSteps.theListShouldBeSortedByInOrder(PlantListSteps.java:142)
at ✽.the list should be sorted by "Name" in "Ascending" order(file:///E:/ITFac_Batch21_Group53/src/test/resources/features/ui/plants/plant_list.feature:37)
]]>
    </failure>
  </testcase> <!-- runScenario -->
  <testcase classname="io.cucumber.testng.AbstractTestNGCucumberTests" name="runScenario" time="8.871"/>
  <testcase classname="io.cucumber.testng.AbstractTestNGCucumberTests" name="runScenario" time="17.747">
    <failure type="java.lang.RuntimeException" message="Could not find sort link for column: Quantity">
      <![CDATA[java.lang.RuntimeException: Could not find sort link for column: Quantity
at com.example.ui.pages.plants.PlantListPage.clickSortByColumn(PlantListPage.java:218)
at com.example.ui.stepDefinitions.plants.PlantListSteps.userSortsTheListBy(PlantListSteps.java:108)
at ✽.user sorts the list by "Quantity"(file:///E:/ITFac_Batch21_Group53/src/test/resources/features/ui/plants/plant_list.feature:36)
]]>
    </failure>
  </testcase> <!-- runScenario -->
  <testcase classname="io.cucumber.testng.AbstractTestNGCucumberTests" name="runScenario" time="8.35"/>
  <testcase classname="io.cucumber.testng.AbstractTestNGCucumberTests" name="runScenario" time="9.366">
    <failure type="java.lang.AssertionError" message="List is NOT sorted by Price in Descending order.">
      <![CDATA[java.lang.AssertionError: List is NOT sorted by Price in Descending order.
at com.example.ui.stepDefinitions.plants.PlantListSteps.theListShouldBeSortedByInOrder(PlantListSteps.java:142)
at ✽.the list should be sorted by "Price" in "Descending" order(file:///E:/ITFac_Batch21_Group53/src/test/resources/features/ui/plants/plant_list.feature:37)
]]>
    </failure>
  </testcase> <!-- runScenario -->
  <testcase classname="io.cucumber.testng.AbstractTestNGCucumberTests" name="runScenario" time="17.367">
    <failure type="java.lang.RuntimeException" message="Could not find sort link for column: Quantity">
      <![CDATA[java.lang.RuntimeException: Could not find sort link for column: Quantity
at com.example.ui.pages.plants.PlantListPage.clickSortByColumn(PlantListPage.java:218)
at com.example.ui.stepDefinitions.plants.PlantListSteps.userSortsTheListBy(PlantListSteps.java:108)
at ✽.user sorts the list by "Quantity"(file:///E:/ITFac_Batch21_Group53/src/test/resources/features/ui/plants/plant_list.feature:36)
]]>
    </failure>
  </testcase> <!-- runScenario -->
  <testcase classname="io.cucumber.testng.AbstractTestNGCucumberTests" name="runScenario" time="9.512"/>
  <testcase classname="io.cucumber.testng.AbstractTestNGCucumberTests" name="runScenario" time="10.063">
    <failure type="java.lang.AssertionError" message="Plant Rose UK not found in the list after update expected [true] but found [false]">
      <![CDATA[java.lang.AssertionError: Plant Rose UK not found in the list after update expected [true] but found [false]
at com.example.ui.stepDefinitions.plants.PlantCRUDSteps.plantShouldBeUpdatedWith(PlantCRUDSteps.java:91)
at ✽.plant "Rose UK" should be updated with category "Rose", price "3000", and quantity "20"(file:///E:/ITFac_Batch21_Group53/src/test/resources/features/ui/plants/plant_list.feature:66)
... Removed 3 stack frames]]>
    </failure>
  </testcase> <!-- runScenario -->
  <testcase classname="io.cucumber.testng.AbstractTestNGCucumberTests" name="runScenario" time="100.903"/>
</testsuite> <!-- UI Tests -->
