<?xml version="1.0" encoding="UTF-8"?>
<!-- Generated by org.testng.reporters.JUnitXMLReporter -->
<testsuite ignored="0" hostname="rajiths-mbp" failures="1" tests="1" name="User Tests" time="14.726" errors="0" timestamp="2026-02-06T03:15:11 IST">
  <testcase classname="io.cucumber.testng.AbstractTestNGCucumberTests" name="runScenario" time="14.668">
    <failure type="java.lang.AssertionError" message="Total prices should be sorted in ascending order: [10.0, 90.0, 28.0, 21.0] expected [true] but found [false]">
      <![CDATA[java.lang.AssertionError: Total prices should be sorted in ascending order: [10.0, 90.0, 28.0, 21.0] expected [true] but found [false]
at com.example.ui.stepDefinitions.sales.SalesListSteps.totalPricesShouldBeSortedInAscendingOrder(SalesListSteps.java:353)
at âœ½.total prices should be sorted in ascending order(file:///Users/rajithsingh/Desktop/ITQA/ITFac_Batch21_Group53/src/test/resources/features/ui/sales/sales_list_total_price_sorting.feature:22)
... Removed 3 stack frames]]>
    </failure>
  </testcase> <!-- runScenario -->
</testsuite> <!-- User Tests -->
