<?xml version="1.0" encoding="UTF-8"?>
<!-- Generated by org.testng.reporters.JUnitXMLReporter -->
<testsuite ignored="0" hostname="rajiths-mbp" failures="3" tests="5" name="User Tests" time="43.884" errors="0" timestamp="2026-02-08T07:20:30 IST">
  <testcase classname="io.cucumber.testng.AbstractTestNGCucumberTests" name="runScenario" time="8.779"/>
  <testcase classname="io.cucumber.testng.AbstractTestNGCucumberTests" name="runScenario" time="1.766"/>
  <testcase classname="io.cucumber.testng.AbstractTestNGCucumberTests" name="runScenario" time="11.36">
    <failure type="java.lang.AssertionError" message="User Dashboard page is not loaded expected [true] but found [false]">
      <![CDATA[java.lang.AssertionError: User Dashboard page is not loaded expected [true] but found [false]
at com.example.ui.stepDefinitions.dashboard.DashboardSteps.userIsOnDashboardPage(DashboardSteps.java:198)
at ✽.User is on Dashboard page(file:///Users/rajithsingh/Desktop/ITQA/ITFac_Batch21_Group53/src/test/resources/features/ui/dashboard/dashboard.feature:104)
... Removed 3 stack frames]]>
    </failure>
  </testcase> <!-- runScenario -->
  <testcase classname="io.cucumber.testng.AbstractTestNGCucumberTests" name="runScenario" time="10.907">
    <failure type="java.lang.AssertionError" message="Dashboard is not loaded expected [true] but found [false]">
      <![CDATA[java.lang.AssertionError: Dashboard is not loaded expected [true] but found [false]
at com.example.ui.stepDefinitions.dashboard.DashboardSteps.dashboardIsLoaded(DashboardSteps.java:203)
at ✽.Dashboard is loaded(file:///Users/rajithsingh/Desktop/ITQA/ITFac_Batch21_Group53/src/test/resources/features/ui/dashboard/dashboard.feature:117)
... Removed 3 stack frames]]>
    </failure>
  </testcase> <!-- runScenario -->
  <testcase classname="io.cucumber.testng.AbstractTestNGCucumberTests" name="runScenario" time="11.016">
    <failure type="java.lang.AssertionError" message="User is not on Dashboard expected [true] but found [false]">
      <![CDATA[java.lang.AssertionError: User is not on Dashboard expected [true] but found [false]
at com.example.ui.stepDefinitions.dashboard.DashboardSteps.userIsOnDashboard(DashboardSteps.java:208)
at ✽.User is on Dashboard(file:///Users/rajithsingh/Desktop/ITQA/ITFac_Batch21_Group53/src/test/resources/features/ui/dashboard/dashboard.feature:128)
... Removed 3 stack frames]]>
    </failure>
  </testcase> <!-- runScenario -->
</testsuite> <!-- User Tests -->
