<?xml version="1.0" encoding="UTF-8"?>
<!-- Generated by org.testng.reporters.JUnitReportReporter -->
<testsuite hostname="DESKTOP-S95EVC7" failures="0" tests="3" name="com.example.runners.UiTestRunner" time="152.897" errors="0" timestamp="2026-02-05T17:54:06 IST" skipped="0">
  <testcase classname="com.example.runners.UiTestRunner" name="runScenario" time="105.542"/>
  <testcase classname="com.example.runners.UiTestRunner" name="runScenario" time="27.026"/>
  <testcase classname="com.example.runners.UiTestRunner" name="runScenario" time="20.329"/>
</testsuite> <!-- com.example.runners.UiTestRunner -->
