<?xml version="1.0" encoding="UTF-8"?>
<!-- Generated by org.testng.reporters.JUnitReportReporter -->
<testsuite hostname="DESKTOP-S95EVC7" failures="4" tests="16" name="com.example.runners.UiTestRunner" time="255.491" errors="2" timestamp="2026-02-07T20:42:02 IST" skipped="0">
  <testcase classname="com.example.runners.UiTestRunner" name="runScenario" time="9.391"/>
  <testcase classname="com.example.runners.UiTestRunner" name="runScenario" time="8.871"/>
  <testcase classname="com.example.runners.UiTestRunner" name="runScenario" time="17.367">
    <error message="Could not find sort link for column: Quantity" type="java.lang.RuntimeException">
      <![CDATA[java.lang.RuntimeException: Could not find sort link for column: Quantity
at com.example.ui.pages.plants.PlantListPage.clickSortByColumn(PlantListPage.java:218)
at com.example.ui.stepDefinitions.plants.PlantListSteps.userSortsTheListBy(PlantListSteps.java:108)
at ✽.user sorts the list by "Quantity"(file:///E:/ITFac_Batch21_Group53/src/test/resources/features/ui/plants/plant_list.feature:36)
]]>
    </error>
  </testcase> <!-- runScenario -->
  <testcase classname="com.example.runners.UiTestRunner" name="runScenario" time="10.063">
    <failure message="Plant Rose UK not found in the list after update expected [true] but found [false]" type="java.lang.AssertionError">
      <![CDATA[java.lang.AssertionError: Plant Rose UK not found in the list after update expected [true] but found [false]
at org.testng.Assert.fail(Assert.java:111)
at org.testng.Assert.failNotEquals(Assert.java:1578)
at org.testng.Assert.assertTrue(Assert.java:57)
at com.example.ui.stepDefinitions.plants.PlantCRUDSteps.plantShouldBeUpdatedWith(PlantCRUDSteps.java:91)
at ✽.plant "Rose UK" should be updated with category "Rose", price "3000", and quantity "20"(file:///E:/ITFac_Batch21_Group53/src/test/resources/features/ui/plants/plant_list.feature:66)
]]>
    </failure>
  </testcase> <!-- runScenario -->
  <testcase classname="com.example.runners.UiTestRunner" name="runScenario" time="9.366">
    <failure message="List is NOT sorted by Price in Descending order." type="java.lang.AssertionError">
      <![CDATA[java.lang.AssertionError: List is NOT sorted by Price in Descending order.
at com.example.ui.stepDefinitions.plants.PlantListSteps.theListShouldBeSortedByInOrder(PlantListSteps.java:142)
at ✽.the list should be sorted by "Price" in "Descending" order(file:///E:/ITFac_Batch21_Group53/src/test/resources/features/ui/plants/plant_list.feature:37)
]]>
    </failure>
  </testcase> <!-- runScenario -->
  <testcase classname="com.example.runners.UiTestRunner" name="runScenario" time="8.359">
    <failure message="List is NOT sorted by Name in Ascending order." type="java.lang.AssertionError">
      <![CDATA[java.lang.AssertionError: List is NOT sorted by Name in Ascending order.
at com.example.ui.stepDefinitions.plants.PlantListSteps.theListShouldBeSortedByInOrder(PlantListSteps.java:142)
at ✽.the list should be sorted by "Name" in "Ascending" order(file:///E:/ITFac_Batch21_Group53/src/test/resources/features/ui/plants/plant_list.feature:37)
]]>
    </failure>
  </testcase> <!-- runScenario -->
  <testcase classname="com.example.runners.UiTestRunner" name="runScenario" time="9.740">
    <failure message="No plants displayed after searching for: Yellow Rose" type="java.lang.AssertionError">
      <![CDATA[java.lang.AssertionError: No plants displayed after searching for: Yellow Rose
at com.example.ui.stepDefinitions.plants.PlantListSteps.thePlantListShouldDisplayPlantsMatching(PlantListSteps.java:218)
at ✽.the plant list should display plants matching "Yellow Rose"(file:///E:/ITFac_Batch21_Group53/src/test/resources/features/ui/plants/plant_list.feature:9)
]]>
    </failure>
  </testcase> <!-- runScenario -->
  <testcase classname="com.example.runners.UiTestRunner" name="runScenario" time="8.052"/>
  <testcase classname="com.example.runners.UiTestRunner" name="runScenario" time="9.512"/>
  <testcase classname="com.example.runners.UiTestRunner" name="runScenario" time="100.903"/>
  <testcase classname="com.example.runners.UiTestRunner" name="runScenario" time="9.390"/>
  <testcase classname="com.example.runners.UiTestRunner" name="runScenario" time="8.350"/>
  <testcase classname="com.example.runners.UiTestRunner" name="runScenario" time="10.341"/>
  <testcase classname="com.example.runners.UiTestRunner" name="runScenario" time="17.747">
    <error message="Could not find sort link for column: Quantity" type="java.lang.RuntimeException">
      <![CDATA[java.lang.RuntimeException: Could not find sort link for column: Quantity
at com.example.ui.pages.plants.PlantListPage.clickSortByColumn(PlantListPage.java:218)
at com.example.ui.stepDefinitions.plants.PlantListSteps.userSortsTheListBy(PlantListSteps.java:108)
at ✽.user sorts the list by "Quantity"(file:///E:/ITFac_Batch21_Group53/src/test/resources/features/ui/plants/plant_list.feature:36)
]]>
    </error>
  </testcase> <!-- runScenario -->
  <testcase classname="com.example.runners.UiTestRunner" name="runScenario" time="10.844"/>
  <testcase classname="com.example.runners.UiTestRunner" name="runScenario" time="7.195"/>
</testsuite> <!-- com.example.runners.UiTestRunner -->
