<?xml version="1.0" encoding="UTF-8"?>
<!-- Generated by org.testng.reporters.JUnitReportReporter -->
<testsuite hostname="rajiths-mbp" failures="2" tests="5" name="com.example.runners.SalesTestRunner" time="474.244" errors="0" timestamp="2026-02-08T03:14:37 IST" skipped="0">
  <testcase classname="com.example.runners.SalesTestRunner" name="runScenario" time="20.289"/>
  <testcase classname="com.example.runners.SalesTestRunner" name="runScenario" time="9.458"/>
  <testcase classname="com.example.runners.SalesTestRunner" name="runScenario" time="3.893">
    <failure message="Expected error message &#039;Peace Lily has only 5 items available in stock&#039; was not found.
Current URL: http://localhost:8081/ui/sales" type="java.lang.AssertionError">
      <![CDATA[java.lang.AssertionError: Expected error message 'Peace Lily has only 5 items available in stock' was not found.
Current URL: http://localhost:8081/ui/sales
at org.junit.Assert.fail(Assert.java:89)
at com.example.ui.stepDefinitions.sales.SalesStepDefinitions.the_system_should_show_an_error_message(SalesStepDefinitions.java:382)
at ✽.the system should show an error message "Peace Lily has only 5 items available in stock"(file:///Users/rajithsingh/Desktop/ITQA/ITFac_Batch21_Group53/src/test/resources/features/ui/sales/sales-admin.feature:32)
]]>
    </failure>
  </testcase> <!-- runScenario -->
  <testcase classname="com.example.runners.SalesTestRunner" name="runScenario" time="428.593"/>
  <testcase classname="com.example.runners.SalesTestRunner" name="runScenario" time="12.011">
    <failure message="Success message &#039;Sale created successfully&#039; was not displayed on any page.
Current URL: http://localhost:8081/ui/sales" type="java.lang.AssertionError">
      <![CDATA[java.lang.AssertionError: Success message 'Sale created successfully' was not displayed on any page.
Current URL: http://localhost:8081/ui/sales
at org.junit.Assert.fail(Assert.java:89)
at com.example.ui.stepDefinitions.sales.SalesStepDefinitions.the_success_message_should_be_displayed(SalesStepDefinitions.java:292)
at ✽.the success message "Sale created successfully" should be displayed(file:///Users/rajithsingh/Desktop/ITQA/ITFac_Batch21_Group53/src/test/resources/features/ui/sales/sales-admin.feature:18)
]]>
    </failure>
  </testcase> <!-- runScenario -->
</testsuite> <!-- com.example.runners.SalesTestRunner -->
