<?xml version="1.0" encoding="UTF-8"?>
<!-- Generated by org.testng.reporters.JUnitReportReporter -->
<testsuite hostname="Anupamas-MacBook-Air.local" failures="0" tests="10" name="com.example.runners.UiTestRunner" time="31.796" errors="0" timestamp="2026-02-04T21:56:29 IST" skipped="0">
  <testcase classname="com.example.runners.UiTestRunner" name="runScenario" time="1.613"/>
  <testcase classname="com.example.runners.UiTestRunner" name="runScenario" time="3.648"/>
  <testcase classname="com.example.runners.UiTestRunner" name="runScenario" time="7.576"/>
  <testcase classname="com.example.runners.UiTestRunner" name="runScenario" time="1.447"/>
  <testcase classname="com.example.runners.UiTestRunner" name="runScenario" time="1.584"/>
  <testcase classname="com.example.runners.UiTestRunner" name="runScenario" time="1.556"/>
  <testcase classname="com.example.runners.UiTestRunner" name="runScenario" time="1.701"/>
  <testcase classname="com.example.runners.UiTestRunner" name="runScenario" time="8.015"/>
  <testcase classname="com.example.runners.UiTestRunner" name="runScenario" time="2.157"/>
  <testcase classname="com.example.runners.UiTestRunner" name="runScenario" time="2.499"/>
</testsuite> <!-- com.example.runners.UiTestRunner -->
