<?xml version="1.0" encoding="UTF-8"?>
<!-- Generated by org.testng.reporters.JUnitReportReporter -->
<testsuite hostname="Anupamas-MacBook-Air.local" failures="0" tests="8" name="com.example.runners.ApiTestRunner" time="1.125" errors="0" timestamp="2026-02-07T11:41:23 IST" skipped="0">
  <testcase classname="com.example.runners.ApiTestRunner" name="runScenario" time="0.075"/>
  <testcase classname="com.example.runners.ApiTestRunner" name="runScenario" time="0.087"/>
  <testcase classname="com.example.runners.ApiTestRunner" name="runScenario" time="0.009"/>
  <testcase classname="com.example.runners.ApiTestRunner" name="runScenario" time="0.077"/>
  <testcase classname="com.example.runners.ApiTestRunner" name="runScenario" time="0.076"/>
  <testcase classname="com.example.runners.ApiTestRunner" name="runScenario" time="0.097"/>
  <testcase classname="com.example.runners.ApiTestRunner" name="runScenario" time="0.079"/>
  <testcase classname="com.example.runners.ApiTestRunner" name="runScenario" time="0.625"/>
</testsuite> <!-- com.example.runners.ApiTestRunner -->
