<?xml version="1.0" encoding="UTF-8"?>
<!-- Generated by org.testng.reporters.JUnitReportReporter -->
<testsuite hostname="MSI" failures="1" tests="1" name="com.example.runners.ApiTestRunner" time="1.653" errors="0" timestamp="2026-02-07T14:24:19 IST" skipped="0">
  <testcase classname="com.example.runners.ApiTestRunner" name="runScenario" time="1.653">
    <failure message="Plants response status code should be 404 expected:&lt;404&gt; but was:&lt;200&gt;" type="java.lang.AssertionError">
      <![CDATA[java.lang.AssertionError: Plants response status code should be 404 expected:<404> but was:<200>
at org.junit.Assert.fail(Assert.java:89)
at org.junit.Assert.failNotEquals(Assert.java:835)
at org.junit.Assert.assertEquals(Assert.java:647)
at com.example.api.stepDefinitions.PlantsUserApiStepDefinitions.the_plants_response_status_code_should_be(PlantsUserApiStepDefinitions.java:309)
at ✽.the plants response status code should be 404(file:///D:/L4/QA/QA_Automation/ITFac_Batch21_Group53/src/test/resources/features/api/plants/PlantsUser.feature:54)
]]>
    </failure>
  </testcase> <!-- runScenario -->
</testsuite> <!-- com.example.runners.ApiTestRunner -->
