<?xml version="1.0" encoding="UTF-8"?>
<!-- Generated by org.testng.reporters.JUnitReportReporter -->
<testsuite hostname="RAJITHs-MBP" failures="3" tests="12" name="com.example.runners.ApiTestRunner" time="3.645" errors="0" timestamp="2026-02-07T21:33:11 IST" skipped="0">
  <testcase classname="com.example.runners.ApiTestRunner" name="runScenario" time="0.189">
    <failure message="Response status. When expected 201 but got 400, response body: {&quot;status&quot;:400,&quot;error&quot;:&quot;DUPLICATE_RESOURCE&quot;,&quot;message&quot;:&quot;Plant &#039;Price Test Min&#039; already exists in this category&quot;,&quot;timestamp&quot;:&quot;2026-02-07T21:33:10.701642&quot;} expected [201] but found [400]" type="java.lang.AssertionError">
      <![CDATA[java.lang.AssertionError: Response status. When expected 201 but got 400, response body: {"status":400,"error":"DUPLICATE_RESOURCE","message":"Plant 'Price Test Min' already exists in this category","timestamp":"2026-02-07T21:33:10.701642"} expected [201] but found [400]
at org.testng.Assert.fail(Assert.java:111)
at org.testng.Assert.failNotEquals(Assert.java:1578)
at org.testng.Assert.assertEqualsImpl(Assert.java:150)
at org.testng.Assert.assertEquals(Assert.java:132)
at org.testng.Assert.assertEquals(Assert.java:1419)
at org.testng.Assert.assertEquals(Assert.java:1383)
at com.example.api.stepDefinitions.PlantApiSteps.response_status_should_be(PlantApiSteps.java:151)
at ✽.response status should be 201(file:///Users/rajithsingh/Desktop/ITQA/ITFac_Batch21_Group53/src/test/resources/features/api/plants.feature:116)
]]>
    </failure>
  </testcase> <!-- runScenario -->
  <testcase classname="com.example.runners.ApiTestRunner" name="runScenario" time="0.184"/>
  <testcase classname="com.example.runners.ApiTestRunner" name="runScenario" time="0.201"/>
  <testcase classname="com.example.runners.ApiTestRunner" name="runScenario" time="0.203"/>
  <testcase classname="com.example.runners.ApiTestRunner" name="runScenario" time="0.205"/>
  <testcase classname="com.example.runners.ApiTestRunner" name="runScenario" time="0.256">
    <failure message="Response status. When expected 201 but got 400, response body: {&quot;status&quot;:400,&quot;error&quot;:&quot;DUPLICATE_RESOURCE&quot;,&quot;message&quot;:&quot;Plant &#039;Exactly25CharsHere&#039; already exists in this category&quot;,&quot;timestamp&quot;:&quot;2026-02-07T21:33:11.397541&quot;} expected [201] but found [400]" type="java.lang.AssertionError">
      <![CDATA[java.lang.AssertionError: Response status. When expected 201 but got 400, response body: {"status":400,"error":"DUPLICATE_RESOURCE","message":"Plant 'Exactly25CharsHere' already exists in this category","timestamp":"2026-02-07T21:33:11.397541"} expected [201] but found [400]
at org.testng.Assert.fail(Assert.java:111)
at org.testng.Assert.failNotEquals(Assert.java:1578)
at org.testng.Assert.assertEqualsImpl(Assert.java:150)
at org.testng.Assert.assertEquals(Assert.java:132)
at org.testng.Assert.assertEquals(Assert.java:1419)
at org.testng.Assert.assertEquals(Assert.java:1383)
at com.example.api.stepDefinitions.PlantApiSteps.response_status_should_be(PlantApiSteps.java:151)
at ✽.response status should be 201(file:///Users/rajithsingh/Desktop/ITQA/ITFac_Batch21_Group53/src/test/resources/features/api/plants.feature:169)
]]>
    </failure>
  </testcase> <!-- runScenario -->
  <testcase classname="com.example.runners.ApiTestRunner" name="runScenario" time="0.172"/>
  <testcase classname="com.example.runners.ApiTestRunner" name="runScenario" time="0.219"/>
  <testcase classname="com.example.runners.ApiTestRunner" name="runScenario" time="0.220"/>
  <testcase classname="com.example.runners.ApiTestRunner" name="runScenario" time="1.318"/>
  <testcase classname="com.example.runners.ApiTestRunner" name="runScenario" time="0.196">
    <failure message="Indoor filter should only return Indoor plants expected [Indoor] but found [Plants]" type="java.lang.AssertionError">
      <![CDATA[java.lang.AssertionError: Indoor filter should only return Indoor plants expected [Indoor] but found [Plants]
at org.testng.Assert.fail(Assert.java:111)
at org.testng.Assert.failNotEquals(Assert.java:1578)
at org.testng.Assert.assertEqualsImpl(Assert.java:150)
at org.testng.Assert.assertEquals(Assert.java:132)
at org.testng.Assert.assertEquals(Assert.java:656)
at com.example.api.stepDefinitions.PlantApiSteps.indoor_filter_should_return_only_indoor_plants(PlantApiSteps.java:302)
at ✽.Indoor filter should return only Indoor plants(file:///Users/rajithsingh/Desktop/ITQA/ITFac_Batch21_Group53/src/test/resources/features/api/plants.feature:94)
]]>
    </failure>
  </testcase> <!-- runScenario -->
  <testcase classname="com.example.runners.ApiTestRunner" name="runScenario" time="0.282"/>
</testsuite> <!-- com.example.runners.ApiTestRunner -->
