<?xml version="1.0" encoding="UTF-8"?>
<!-- Generated by org.testng.reporters.JUnitReportReporter -->
<testsuite hostname="RAJITHs-MBP" failures="0" tests="1" name="com.example.runners.SalesListTotalPriceSortingUserTestRunner" time="14.378" errors="0" timestamp="2026-02-07T21:33:11 IST" skipped="0">
  <testcase classname="com.example.runners.SalesListTotalPriceSortingUserTestRunner" name="runScenario" time="14.378"/>
</testsuite> <!-- com.example.runners.SalesListTotalPriceSortingUserTestRunner -->
