<?xml version="1.0" encoding="UTF-8"?>
<!-- Generated by org.testng.reporters.JUnitReportReporter -->
<testsuite hostname="Anupamas-MacBook-Air.local" failures="0" tests="6" name="com.example.runners.ApiTestRunner" time="0.938" errors="0" timestamp="2026-02-06T23:54:11 IST" skipped="0">
  <testcase classname="com.example.runners.ApiTestRunner" name="runScenario" time="0.076"/>
  <testcase classname="com.example.runners.ApiTestRunner" name="runScenario" time="0.636"/>
  <testcase classname="com.example.runners.ApiTestRunner" name="runScenario" time="0.076"/>
  <testcase classname="com.example.runners.ApiTestRunner" name="runScenario" time="0.073"/>
  <testcase classname="com.example.runners.ApiTestRunner" name="runScenario" time="0.005"/>
  <testcase classname="com.example.runners.ApiTestRunner" name="runScenario" time="0.072"/>
</testsuite> <!-- com.example.runners.ApiTestRunner -->
