<?xml version="1.0" encoding="UTF-8"?>
<!-- Generated by org.testng.reporters.JUnitReportReporter -->
<testsuite hostname="RAJITHs-MBP" failures="0" tests="7" name="com.example.runners.UiTestRunner" time="159.821" errors="0" timestamp="2026-02-06T23:46:32 IST" skipped="0">
  <testcase classname="com.example.runners.UiTestRunner" name="runScenario" time="12.300"/>
  <testcase classname="com.example.runners.UiTestRunner" name="runScenario" time="46.497"/>
  <testcase classname="com.example.runners.UiTestRunner" name="runScenario" time="10.940"/>
  <testcase classname="com.example.runners.UiTestRunner" name="runScenario" time="22.956"/>
  <testcase classname="com.example.runners.UiTestRunner" name="runScenario" time="16.671"/>
  <testcase classname="com.example.runners.UiTestRunner" name="runScenario" time="37.290"/>
  <testcase classname="com.example.runners.UiTestRunner" name="runScenario" time="13.167"/>
</testsuite> <!-- com.example.runners.UiTestRunner -->
