<?xml version="1.0" encoding="UTF-8"?>
<!-- Generated by org.testng.reporters.JUnitReportReporter -->
<testsuite hostname="rajiths-mbp" failures="0" tests="15" name="com.example.runners.UiTestRunner" time="126.513" errors="0" timestamp="2026-02-06T00:26:01 IST" skipped="0">
  <testcase classname="com.example.runners.UiTestRunner" name="runScenario" time="23.408"/>
  <testcase classname="com.example.runners.UiTestRunner" name="runScenario" time="3.009"/>
  <testcase classname="com.example.runners.UiTestRunner" name="runScenario" time="1.822"/>
  <testcase classname="com.example.runners.UiTestRunner" name="runScenario" time="2.109"/>
  <testcase classname="com.example.runners.UiTestRunner" name="runScenario" time="16.726"/>
  <testcase classname="com.example.runners.UiTestRunner" name="runScenario" time="2.199"/>
  <testcase classname="com.example.runners.UiTestRunner" name="runScenario" time="18.511"/>
  <testcase classname="com.example.runners.UiTestRunner" name="runScenario" time="14.701"/>
  <testcase classname="com.example.runners.UiTestRunner" name="runScenario" time="4.063"/>
  <testcase classname="com.example.runners.UiTestRunner" name="runScenario" time="2.031"/>
  <testcase classname="com.example.runners.UiTestRunner" name="runScenario" time="11.446"/>
  <testcase classname="com.example.runners.UiTestRunner" name="runScenario" time="7.934"/>
  <testcase classname="com.example.runners.UiTestRunner" name="runScenario" time="14.497"/>
  <testcase classname="com.example.runners.UiTestRunner" name="runScenario" time="2.068"/>
  <testcase classname="com.example.runners.UiTestRunner" name="runScenario" time="1.989"/>
</testsuite> <!-- com.example.runners.UiTestRunner -->
