<?xml version="1.0" encoding="UTF-8"?>
<!-- Generated by org.testng.reporters.JUnitReportReporter -->
<testsuite hostname="RAJITHs-MBP" failures="0" tests="7" name="com.example.runners.UiTestRunner" time="167.768" errors="0" timestamp="2026-02-06T22:56:59 IST" skipped="0">
  <testcase classname="com.example.runners.UiTestRunner" name="runScenario" time="15.559"/>
  <testcase classname="com.example.runners.UiTestRunner" name="runScenario" time="9.890"/>
  <testcase classname="com.example.runners.UiTestRunner" name="runScenario" time="11.153"/>
  <testcase classname="com.example.runners.UiTestRunner" name="runScenario" time="43.946"/>
  <testcase classname="com.example.runners.UiTestRunner" name="runScenario" time="21.380"/>
  <testcase classname="com.example.runners.UiTestRunner" name="runScenario" time="53.630"/>
  <testcase classname="com.example.runners.UiTestRunner" name="runScenario" time="12.210"/>
</testsuite> <!-- com.example.runners.UiTestRunner -->
