<?xml version="1.0" encoding="UTF-8"?>
<!-- Generated by org.testng.reporters.JUnitReportReporter -->
<testsuite hostname="rajiths-mbp" failures="1" tests="6" name="com.example.runners.UiTestRunner" time="125.605" errors="0" timestamp="2026-02-06T21:22:06 IST" skipped="0">
  <testcase classname="com.example.runners.UiTestRunner" name="runScenario" time="32.643">
    <failure message="Stock for Mango Tree should be 7 in Tab1. Actual: 4 expected [7] but found [4]" type="java.lang.AssertionError">
      <![CDATA[java.lang.AssertionError: Stock for Mango Tree should be 7 in Tab1. Actual: 4 expected [7] but found [4]
at org.testng.Assert.fail(Assert.java:111)
at org.testng.Assert.failNotEquals(Assert.java:1578)
at org.testng.Assert.assertEqualsImpl(Assert.java:150)
at org.testng.Assert.assertEquals(Assert.java:132)
at org.testng.Assert.assertEquals(Assert.java:1419)
at org.testng.Assert.assertEquals(Assert.java:1383)
at com.example.ui.stepDefinitions.sales.SellPlantSteps.stock_for_should_be_in_tab1(SellPlantSteps.java:249)
at ✽.stock for "Mango Tree" should be 7 in Tab1(file:///Users/rajithsingh/Desktop/ITQA/ITFac_Batch21_Group53/src/test/resources/features/ui/sales/sell_plant_navigation.feature:88)
]]>
    </failure>
  </testcase> <!-- runScenario -->
  <testcase classname="com.example.runners.UiTestRunner" name="runScenario" time="26.857"/>
  <testcase classname="com.example.runners.UiTestRunner" name="runScenario" time="15.028"/>
  <testcase classname="com.example.runners.UiTestRunner" name="runScenario" time="16.730"/>
  <testcase classname="com.example.runners.UiTestRunner" name="runScenario" time="15.365"/>
  <testcase classname="com.example.runners.UiTestRunner" name="runScenario" time="18.982"/>
</testsuite> <!-- com.example.runners.UiTestRunner -->
