<?xml version="1.0" encoding="UTF-8"?>
<!-- Generated by org.testng.reporters.JUnitReportReporter -->
<testsuite hostname="rajiths-mbp" failures="0" tests="11" name="com.example.runners.UiTestRunner" time="56.777" errors="0" timestamp="2026-02-05T22:44:13 IST" skipped="0">
  <testcase classname="com.example.runners.UiTestRunner" name="runScenario" time="4.595"/>
  <testcase classname="com.example.runners.UiTestRunner" name="runScenario" time="3.002"/>
  <testcase classname="com.example.runners.UiTestRunner" name="runScenario" time="12.613"/>
  <testcase classname="com.example.runners.UiTestRunner" name="runScenario" time="2.617"/>
  <testcase classname="com.example.runners.UiTestRunner" name="runScenario" time="2.850"/>
  <testcase classname="com.example.runners.UiTestRunner" name="runScenario" time="2.359"/>
  <testcase classname="com.example.runners.UiTestRunner" name="runScenario" time="8.400"/>
  <testcase classname="com.example.runners.UiTestRunner" name="runScenario" time="13.107"/>
  <testcase classname="com.example.runners.UiTestRunner" name="runScenario" time="2.406"/>
  <testcase classname="com.example.runners.UiTestRunner" name="runScenario" time="2.662"/>
  <testcase classname="com.example.runners.UiTestRunner" name="runScenario" time="2.166"/>
</testsuite> <!-- com.example.runners.UiTestRunner -->
