<?xml version="1.0" encoding="UTF-8"?>
<!-- Generated by org.testng.reporters.JUnitReportReporter -->
<testsuite hostname="rajiths-mbp" failures="0" tests="5" name="com.example.runners.UiTestRunner" time="96.949" errors="0" timestamp="2026-02-07T03:27:08 IST" skipped="0">
  <testcase classname="com.example.runners.UiTestRunner" name="runScenario" time="21.037"/>
  <testcase classname="com.example.runners.UiTestRunner" name="runScenario" time="18.699"/>
  <testcase classname="com.example.runners.UiTestRunner" name="runScenario" time="18.735"/>
  <testcase classname="com.example.runners.UiTestRunner" name="runScenario" time="19.377"/>
  <testcase classname="com.example.runners.UiTestRunner" name="runScenario" time="19.101"/>
</testsuite> <!-- com.example.runners.UiTestRunner -->
