<?xml version="1.0" encoding="UTF-8"?>
<!-- Generated by org.testng.reporters.JUnitReportReporter -->
<testsuite hostname="rajiths-mbp" failures="0" tests="7" name="com.example.runners.UiTestRunner" time="149.476" errors="0" timestamp="2026-02-07T02:19:43 IST" skipped="0">
  <testcase classname="com.example.runners.UiTestRunner" name="runScenario" time="11.166"/>
  <testcase classname="com.example.runners.UiTestRunner" name="runScenario" time="9.304"/>
  <testcase classname="com.example.runners.UiTestRunner" name="runScenario" time="20.355"/>
  <testcase classname="com.example.runners.UiTestRunner" name="runScenario" time="11.748"/>
  <testcase classname="com.example.runners.UiTestRunner" name="runScenario" time="15.293"/>
  <testcase classname="com.example.runners.UiTestRunner" name="runScenario" time="36.592"/>
  <testcase classname="com.example.runners.UiTestRunner" name="runScenario" time="45.018"/>
</testsuite> <!-- com.example.runners.UiTestRunner -->
