<?xml version="1.0" encoding="UTF-8"?>
<!-- Generated by org.testng.reporters.JUnitReportReporter -->
<testsuite hostname="rajiths-mbp" failures="0" tests="1" name="com.example.runners.SalesListTotalPriceSortingUserTestRunner" time="12.309" errors="0" timestamp="2026-02-07T02:19:43 IST" skipped="0">
  <testcase classname="com.example.runners.SalesListTotalPriceSortingUserTestRunner" name="runScenario" time="12.309"/>
</testsuite> <!-- com.example.runners.SalesListTotalPriceSortingUserTestRunner -->
