<?xml version="1.0" encoding="UTF-8"?>
<!-- Generated by org.testng.reporters.JUnitReportReporter -->
<testsuite hostname="rajiths-mbp" failures="0" tests="4" name="com.example.runners.UiTestRunner" time="75.858" errors="0" timestamp="2026-02-06T04:28:39 IST" skipped="0">
  <testcase classname="com.example.runners.UiTestRunner" name="runScenario" time="27.457"/>
  <testcase classname="com.example.runners.UiTestRunner" name="runScenario" time="15.003"/>
  <testcase classname="com.example.runners.UiTestRunner" name="runScenario" time="17.223"/>
  <testcase classname="com.example.runners.UiTestRunner" name="runScenario" time="16.175"/>
</testsuite> <!-- com.example.runners.UiTestRunner -->
