<?xml version="1.0" encoding="UTF-8"?>
<!-- Generated by org.testng.reporters.JUnitReportReporter -->
<testsuite hostname="RAJITHs-MBP" failures="0" tests="2" name="com.example.api.tests.PlantApiTest" time="5.938" errors="0" timestamp="2026-02-07T20:15:59 IST" skipped="0">
  <testcase classname="com.example.api.tests.PlantApiTest" name="testTC_API_PLANTS_ADM_02" time="3.405"/>
  <testcase classname="com.example.api.tests.PlantApiTest" name="testTC_API_PLANTS_ADM_01" time="2.533"/>
</testsuite> <!-- com.example.api.tests.PlantApiTest -->
