<?xml version="1.0" encoding="UTF-8"?>
<!-- Generated by org.testng.reporters.JUnitReportReporter -->
<testsuite hostname="RAJITHs-MBP" failures="0" tests="7" name="com.example.runners.UiTestRunner" time="155.923" errors="0" timestamp="2026-02-07T19:56:59 IST" skipped="0">
  <testcase classname="com.example.runners.UiTestRunner" name="runScenario" time="45.474"/>
  <testcase classname="com.example.runners.UiTestRunner" name="runScenario" time="38.828"/>
  <testcase classname="com.example.runners.UiTestRunner" name="runScenario" time="9.805"/>
  <testcase classname="com.example.runners.UiTestRunner" name="runScenario" time="12.328"/>
  <testcase classname="com.example.runners.UiTestRunner" name="runScenario" time="22.366"/>
  <testcase classname="com.example.runners.UiTestRunner" name="runScenario" time="11.454"/>
  <testcase classname="com.example.runners.UiTestRunner" name="runScenario" time="15.668"/>
</testsuite> <!-- com.example.runners.UiTestRunner -->
