<?xml version="1.0" encoding="UTF-8"?>
<!-- Generated by org.testng.reporters.JUnitReportReporter -->
<testsuite hostname="rajiths-mbp" failures="2" tests="5" name="com.example.runners.PlantsApiTestRunner" time="7.561" errors="0" timestamp="2026-02-08T03:14:37 IST" skipped="0">
  <testcase classname="com.example.runners.PlantsApiTestRunner" name="runScenario" time="1.590"/>
  <testcase classname="com.example.runners.PlantsApiTestRunner" name="runScenario" time="1.412">
    <failure message="Plants response status code should be 404 expected:&lt;404&gt; but was:&lt;200&gt;" type="java.lang.AssertionError">
      <![CDATA[java.lang.AssertionError: Plants response status code should be 404 expected:<404> but was:<200>
at org.junit.Assert.fail(Assert.java:89)
at org.junit.Assert.failNotEquals(Assert.java:835)
at org.junit.Assert.assertEquals(Assert.java:647)
at com.example.api.stepDefinitions.PlantsUserApiStepDefinitions.the_plants_response_status_code_should_be(PlantsUserApiStepDefinitions.java:309)
at ✽.the plants response status code should be 404(file:///Users/rajithsingh/Desktop/ITQA/ITFac_Batch21_Group53/src/test/resources/features/api/plants/PlantsUser.feature:54)
]]>
    </failure>
  </testcase> <!-- runScenario -->
  <testcase classname="com.example.runners.PlantsApiTestRunner" name="runScenario" time="1.683"/>
  <testcase classname="com.example.runners.PlantsApiTestRunner" name="runScenario" time="1.468">
    <failure message="Response should contain exactly 3 plants, but found 23 expected:&lt;3&gt; but was:&lt;23&gt;" type="java.lang.AssertionError">
      <![CDATA[java.lang.AssertionError: Response should contain exactly 3 plants, but found 23 expected:<3> but was:<23>
at org.junit.Assert.fail(Assert.java:89)
at org.junit.Assert.failNotEquals(Assert.java:835)
at org.junit.Assert.assertEquals(Assert.java:647)
at com.example.api.stepDefinitions.PlantsUserApiStepDefinitions.the_response_should_contain_exactly_plants(PlantsUserApiStepDefinitions.java:590)
at ✽.the response should contain exactly 3 plants(file:///Users/rajithsingh/Desktop/ITQA/ITFac_Batch21_Group53/src/test/resources/features/api/plants/PlantsUser.feature:45)
]]>
    </failure>
  </testcase> <!-- runScenario -->
  <testcase classname="com.example.runners.PlantsApiTestRunner" name="runScenario" time="1.408"/>
</testsuite> <!-- com.example.runners.PlantsApiTestRunner -->
