<?xml version="1.0" encoding="UTF-8"?>
<!-- Generated by org.testng.reporters.JUnitReportReporter -->
<testsuite hostname="rajiths-mbp" failures="1" tests="1" name="com.example.runners.ApiTestRunner" time="1.483" errors="0" timestamp="2026-02-07T21:12:03 IST" skipped="0">
  <testcase classname="com.example.runners.ApiTestRunner" name="runScenario" time="1.483">
    <failure message="Response status. When expected 201 but got 400, response body: {&quot;status&quot;:400,&quot;error&quot;:&quot;DUPLICATE_RESOURCE&quot;,&quot;message&quot;:&quot;Plant &#039;Price Test Min&#039; already exists in this category&quot;,&quot;timestamp&quot;:&quot;2026-02-07T21:12:03.174417&quot;} expected [201] but found [400]" type="java.lang.AssertionError">
      <![CDATA[java.lang.AssertionError: Response status. When expected 201 but got 400, response body: {"status":400,"error":"DUPLICATE_RESOURCE","message":"Plant 'Price Test Min' already exists in this category","timestamp":"2026-02-07T21:12:03.174417"} expected [201] but found [400]
at org.testng.Assert.fail(Assert.java:111)
at org.testng.Assert.failNotEquals(Assert.java:1578)
at org.testng.Assert.assertEqualsImpl(Assert.java:150)
at org.testng.Assert.assertEquals(Assert.java:132)
at org.testng.Assert.assertEquals(Assert.java:1419)
at org.testng.Assert.assertEquals(Assert.java:1383)
at com.example.api.stepDefinitions.PlantApiSteps.response_status_should_be(PlantApiSteps.java:130)
at ✽.response status should be 201(file:///Users/rajithsingh/Desktop/ITQA/ITFac_Batch21_Group53/src/test/resources/features/api/plants.feature:116)
]]>
    </failure>
  </testcase> <!-- runScenario -->
</testsuite> <!-- com.example.runners.ApiTestRunner -->
