<?xml version="1.0" encoding="UTF-8"?>
<!-- Generated by org.testng.reporters.JUnitReportReporter -->
<testsuite hostname="RAJITHs-MBP" failures="1" tests="8" name="com.example.runners.ApiTestRunner" time="4.791" errors="0" timestamp="2026-02-07T19:56:59 IST" skipped="0">
  <testcase classname="com.example.runners.ApiTestRunner" name="runScenario" time="0.257"/>
  <testcase classname="com.example.runners.ApiTestRunner" name="runScenario" time="2.379"/>
  <testcase classname="com.example.runners.ApiTestRunner" name="runScenario" time="0.451"/>
  <testcase classname="com.example.runners.ApiTestRunner" name="runScenario" time="0.416"/>
  <testcase classname="com.example.runners.ApiTestRunner" name="runScenario" time="0.373"/>
  <testcase classname="com.example.runners.ApiTestRunner" name="runScenario" time="0.258"/>
  <testcase classname="com.example.runners.ApiTestRunner" name="runScenario" time="0.345"/>
  <testcase classname="com.example.runners.ApiTestRunner" name="runScenario" time="0.312">
    <failure message="Indoor filter should only return Indoor plants expected [Indoor] but found [Plants]" type="java.lang.AssertionError">
      <![CDATA[java.lang.AssertionError: Indoor filter should only return Indoor plants expected [Indoor] but found [Plants]
at org.testng.Assert.fail(Assert.java:111)
at org.testng.Assert.failNotEquals(Assert.java:1578)
at org.testng.Assert.assertEqualsImpl(Assert.java:150)
at org.testng.Assert.assertEquals(Assert.java:132)
at org.testng.Assert.assertEquals(Assert.java:656)
at com.example.api.stepDefinitions.PlantApiSteps.indoor_filter_should_return_only_indoor_plants(PlantApiSteps.java:261)
at ✽.Indoor filter should return only Indoor plants(file:///Users/rajithsingh/Desktop/ITQA/ITFac_Batch21_Group53/src/test/resources/features/api/plants.feature:94)
]]>
    </failure>
  </testcase> <!-- runScenario -->
</testsuite> <!-- com.example.runners.ApiTestRunner -->
