<?xml version="1.0" encoding="UTF-8"?>
<!-- Generated by org.testng.reporters.JUnitReportReporter -->
<testsuite hostname="rajiths-mbp" failures="0" tests="3" name="com.example.runners.SalesSortingTestRunner" time="66.183" errors="0" timestamp="2026-02-06T02:59:21 IST" skipped="0">
  <testcase classname="com.example.runners.SalesSortingTestRunner" name="runScenario" time="19.554"/>
  <testcase classname="com.example.runners.SalesSortingTestRunner" name="runScenario" time="16.800"/>
  <testcase classname="com.example.runners.SalesSortingTestRunner" name="runScenario" time="29.829"/>
</testsuite> <!-- com.example.runners.SalesSortingTestRunner -->
