<?xml version="1.0" encoding="UTF-8"?>
<!-- Generated by org.testng.reporters.JUnitReportReporter -->
<testsuite hostname="rajiths-mbp" failures="1" tests="1" name="com.example.runners.SalesListSoldDateSortIndicatorTestRunner" time="29.358" errors="0" timestamp="2026-02-07T02:19:43 IST" skipped="0">
  <testcase classname="com.example.runners.SalesListSoldDateSortIndicatorTestRunner" name="runScenario" time="29.358">
    <failure message="Sold Date column header should display a sort indicator expected [true] but found [false]" type="java.lang.AssertionError">
      <![CDATA[java.lang.AssertionError: Sold Date column header should display a sort indicator expected [true] but found [false]
at org.testng.Assert.fail(Assert.java:111)
at org.testng.Assert.failNotEquals(Assert.java:1578)
at org.testng.Assert.assertTrue(Assert.java:57)
at com.example.ui.stepDefinitions.sales.SalesListSteps.theColumnHeaderShouldDisplayAVisualSortIndicator(SalesListSteps.java:666)
at ✽.the "Sold Date" column header should display a visual sort indicator(file:///Users/rajithsingh/Desktop/ITQA/ITFac_Batch21_Group53/src/test/resources/features/ui/sales/sales_list_sold_date_sort_indicator.feature:21)
]]>
    </failure>
  </testcase> <!-- runScenario -->
</testsuite> <!-- com.example.runners.SalesListSoldDateSortIndicatorTestRunner -->
