<?xml version="1.0" encoding="UTF-8"?>
<!-- Generated by org.testng.reporters.JUnitReportReporter -->
<testsuite hostname="rajiths-mbp" failures="0" tests="19" name="com.example.runners.UiTestRunner" time="194.491" errors="0" timestamp="2026-02-06T01:02:59 IST" skipped="0">
  <testcase classname="com.example.runners.UiTestRunner" name="runScenario" time="14.435"/>
  <testcase classname="com.example.runners.UiTestRunner" name="runScenario" time="1.969"/>
  <testcase classname="com.example.runners.UiTestRunner" name="runScenario" time="2.025"/>
  <testcase classname="com.example.runners.UiTestRunner" name="runScenario" time="1.980"/>
  <testcase classname="com.example.runners.UiTestRunner" name="runScenario" time="18.835"/>
  <testcase classname="com.example.runners.UiTestRunner" name="runScenario" time="17.064"/>
  <testcase classname="com.example.runners.UiTestRunner" name="runScenario" time="2.535"/>
  <testcase classname="com.example.runners.UiTestRunner" name="runScenario" time="4.151"/>
  <testcase classname="com.example.runners.UiTestRunner" name="runScenario" time="19.889"/>
  <testcase classname="com.example.runners.UiTestRunner" name="runScenario" time="14.786"/>
  <testcase classname="com.example.runners.UiTestRunner" name="runScenario" time="11.308"/>
  <testcase classname="com.example.runners.UiTestRunner" name="runScenario" time="2.023"/>
  <testcase classname="com.example.runners.UiTestRunner" name="runScenario" time="23.493"/>
  <testcase classname="com.example.runners.UiTestRunner" name="runScenario" time="7.795"/>
  <testcase classname="com.example.runners.UiTestRunner" name="runScenario" time="2.596"/>
  <testcase classname="com.example.runners.UiTestRunner" name="runScenario" time="16.571"/>
  <testcase classname="com.example.runners.UiTestRunner" name="runScenario" time="14.233"/>
  <testcase classname="com.example.runners.UiTestRunner" name="runScenario" time="2.060"/>
  <testcase classname="com.example.runners.UiTestRunner" name="runScenario" time="16.743"/>
</testsuite> <!-- com.example.runners.UiTestRunner -->
