<?xml version="1.0" encoding="UTF-8"?>
<!-- Generated by org.testng.reporters.JUnitReportReporter -->
<testsuite hostname="rajiths-mbp" failures="0" tests="6" name="com.example.runners.UiTestRunner" time="129.164" errors="0" timestamp="2026-02-06T21:38:57 IST" skipped="0">
  <testcase classname="com.example.runners.UiTestRunner" name="runScenario" time="27.194"/>
  <testcase classname="com.example.runners.UiTestRunner" name="runScenario" time="35.679"/>
  <testcase classname="com.example.runners.UiTestRunner" name="runScenario" time="18.729"/>
  <testcase classname="com.example.runners.UiTestRunner" name="runScenario" time="16.651"/>
  <testcase classname="com.example.runners.UiTestRunner" name="runScenario" time="15.441"/>
  <testcase classname="com.example.runners.UiTestRunner" name="runScenario" time="15.470"/>
</testsuite> <!-- com.example.runners.UiTestRunner -->
