<?xml version="1.0" encoding="UTF-8"?>
<!-- Generated by org.testng.reporters.JUnitReportReporter -->
<testsuite hostname="DESKTOP-S95EVC7" failures="4" tests="16" name="com.example.runners.UiTestRunner" time="259.545" errors="3" timestamp="2026-02-06T17:51:49 IST" skipped="0">
  <testcase classname="com.example.runners.UiTestRunner" name="runScenario" time="9.946"/>
  <testcase classname="com.example.runners.UiTestRunner" name="runScenario" time="10.075">
    <error message="The step &#039;newly added plant &quot;Red Rose&quot; should be displayed in the plants list&#039; is undefined.
You can implement this step using the snippet(s) below:

@Then(&quot;newly added plant {string} should be displayed in the plants list&quot;)
public void newly_added_plant_should_be_displayed_in_the_plants_list(String string) {
    // Write code here that turns the phrase above into concrete actions
    throw new io.cucumber.java.PendingException();
}
" type="io.cucumber.testng.UndefinedStepException">
      <![CDATA[io.cucumber.testng.UndefinedStepException: The step 'newly added plant "Red Rose" should be displayed in the plants list' is undefined.
You can implement this step using the snippet(s) below:

@Then("newly added plant {string} should be displayed in the plants list")
public void newly_added_plant_should_be_displayed_in_the_plants_list(String string) {
    // Write code here that turns the phrase above into concrete actions
    throw new io.cucumber.java.PendingException();
}

at io.cucumber.core.runtime.TestCaseResultObserver.assertTestCasePassed(TestCaseResultObserver.java:69)
at io.cucumber.testng.TestCaseResultObserver.assertTestCasePassed(TestCaseResultObserver.java:23)
at io.cucumber.testng.TestNGCucumberRunner.lambda$runScenario$1(TestNGCucumberRunner.java:133)
at io.cucumber.core.runtime.CucumberExecutionContext.lambda$runTestCase$5(CucumberExecutionContext.java:137)
at io.cucumber.core.runtime.RethrowingThrowableCollector.executeAndThrow(RethrowingThrowableCollector.java:23)
at io.cucumber.core.runtime.CucumberExecutionContext.runTestCase(CucumberExecutionContext.java:137)
at io.cucumber.testng.TestNGCucumberRunner.runScenario(TestNGCucumberRunner.java:129)
at io.cucumber.testng.AbstractTestNGCucumberTests.runScenario(AbstractTestNGCucumberTests.java:35)
at java.base/jdk.internal.reflect.DirectMethodHandleAccessor.invoke(DirectMethodHandleAccessor.java:103)
at java.base/java.lang.reflect.Method.invoke(Method.java:580)
at org.testng.internal.invokers.MethodInvocationHelper.invokeMethod(MethodInvocationHelper.java:139)
at org.testng.internal.invokers.TestInvoker.invokeMethod(TestInvoker.java:664)
at org.testng.internal.invokers.TestInvoker.invokeTestMethod(TestInvoker.java:227)
at org.testng.internal.invokers.MethodRunner.runInSequence(MethodRunner.java:50)
at org.testng.internal.invokers.TestInvoker$MethodInvocationAgent.invoke(TestInvoker.java:957)
at org.testng.internal.invokers.TestInvoker.invokeTestMethods(TestInvoker.java:200)
at org.testng.internal.invokers.TestMethodWorker.invokeTestMethods(TestMethodWorker.java:148)
at org.testng.internal.invokers.TestMethodWorker.run(TestMethodWorker.java:128)
at java.base/java.util.concurrent.ThreadPoolExecutor.runWorker(ThreadPoolExecutor.java:1144)
at java.base/java.util.concurrent.ThreadPoolExecutor$Worker.run(ThreadPoolExecutor.java:642)
at java.base/java.lang.Thread.run(Thread.java:1583)
]]>
    </error>
  </testcase> <!-- runScenario -->
  <testcase classname="com.example.runners.UiTestRunner" name="runScenario" time="10.065">
    <failure message="No plants displayed after searching for: Yellow Rose" type="java.lang.AssertionError">
      <![CDATA[java.lang.AssertionError: No plants displayed after searching for: Yellow Rose
at com.example.ui.stepDefinitions.plants.PlantListSteps.thePlantListShouldDisplayPlantsMatching(PlantListSteps.java:218)
at ✽.the plant list should display plants matching "Yellow Rose"(file:///E:/ITFac_Batch21_Group53/src/test/resources/features/ui/plants/plant_list.feature:9)
]]>
    </failure>
  </testcase> <!-- runScenario -->
  <testcase classname="com.example.runners.UiTestRunner" name="runScenario" time="8.672"/>
  <testcase classname="com.example.runners.UiTestRunner" name="runScenario" time="8.341"/>
  <testcase classname="com.example.runners.UiTestRunner" name="runScenario" time="7.475"/>
  <testcase classname="com.example.runners.UiTestRunner" name="runScenario" time="8.482"/>
  <testcase classname="com.example.runners.UiTestRunner" name="runScenario" time="8.449">
    <failure message="List is NOT sorted by Name in Ascending order." type="java.lang.AssertionError">
      <![CDATA[java.lang.AssertionError: List is NOT sorted by Name in Ascending order.
at com.example.ui.stepDefinitions.plants.PlantListSteps.theListShouldBeSortedByInOrder(PlantListSteps.java:142)
at ✽.the list should be sorted by "Name" in "Ascending" order(file:///E:/ITFac_Batch21_Group53/src/test/resources/features/ui/plants/plant_list.feature:37)
]]>
    </failure>
  </testcase> <!-- runScenario -->
  <testcase classname="com.example.runners.UiTestRunner" name="runScenario" time="99.754"/>
  <testcase classname="com.example.runners.UiTestRunner" name="runScenario" time="17.477">
    <error message="Could not find sort link for column: Quantity" type="java.lang.RuntimeException">
      <![CDATA[java.lang.RuntimeException: Could not find sort link for column: Quantity
at com.example.ui.pages.plants.PlantListPage.clickSortByColumn(PlantListPage.java:218)
at com.example.ui.stepDefinitions.plants.PlantListSteps.userSortsTheListBy(PlantListSteps.java:108)
at ✽.user sorts the list by "Quantity"(file:///E:/ITFac_Batch21_Group53/src/test/resources/features/ui/plants/plant_list.feature:36)
]]>
    </error>
  </testcase> <!-- runScenario -->
  <testcase classname="com.example.runners.UiTestRunner" name="runScenario" time="16.945">
    <error message="Could not find sort link for column: Quantity" type="java.lang.RuntimeException">
      <![CDATA[java.lang.RuntimeException: Could not find sort link for column: Quantity
at com.example.ui.pages.plants.PlantListPage.clickSortByColumn(PlantListPage.java:218)
at com.example.ui.stepDefinitions.plants.PlantListSteps.userSortsTheListBy(PlantListSteps.java:108)
at ✽.user sorts the list by "Quantity"(file:///E:/ITFac_Batch21_Group53/src/test/resources/features/ui/plants/plant_list.feature:36)
]]>
    </error>
  </testcase> <!-- runScenario -->
  <testcase classname="com.example.runners.UiTestRunner" name="runScenario" time="8.473"/>
  <testcase classname="com.example.runners.UiTestRunner" name="runScenario" time="9.204">
    <failure message="Plant Rose UK not found in the list after update expected [true] but found [false]" type="java.lang.AssertionError">
      <![CDATA[java.lang.AssertionError: Plant Rose UK not found in the list after update expected [true] but found [false]
at org.testng.Assert.fail(Assert.java:111)
at org.testng.Assert.failNotEquals(Assert.java:1578)
at org.testng.Assert.assertTrue(Assert.java:57)
at com.example.ui.stepDefinitions.plants.PlantCRUDSteps.plantShouldBeUpdatedWith(PlantCRUDSteps.java:91)
at ✽.plant "Rose UK" should be updated with category "Rose", price "3000", and quantity "20"(file:///E:/ITFac_Batch21_Group53/src/test/resources/features/ui/plants/plant_list.feature:66)
]]>
    </failure>
  </testcase> <!-- runScenario -->
  <testcase classname="com.example.runners.UiTestRunner" name="runScenario" time="8.617">
    <failure message="List is NOT sorted by Price in Descending order." type="java.lang.AssertionError">
      <![CDATA[java.lang.AssertionError: List is NOT sorted by Price in Descending order.
at com.example.ui.stepDefinitions.plants.PlantListSteps.theListShouldBeSortedByInOrder(PlantListSteps.java:142)
at ✽.the list should be sorted by "Price" in "Descending" order(file:///E:/ITFac_Batch21_Group53/src/test/resources/features/ui/plants/plant_list.feature:37)
]]>
    </failure>
  </testcase> <!-- runScenario -->
  <testcase classname="com.example.runners.UiTestRunner" name="runScenario" time="9.123"/>
  <testcase classname="com.example.runners.UiTestRunner" name="runScenario" time="18.447"/>
</testsuite> <!-- com.example.runners.UiTestRunner -->
