<?xml version="1.0" encoding="UTF-8"?>
<!-- Generated by org.testng.reporters.JUnitReportReporter -->
<testsuite hostname="RAJITHs-MBP" failures="1" tests="10" name="com.example.runners.ApiTestRunner" time="6.788" errors="0" timestamp="2026-02-07T20:45:31 IST" skipped="0">
  <testcase classname="com.example.runners.ApiTestRunner" name="runScenario" time="0.474"/>
  <testcase classname="com.example.runners.ApiTestRunner" name="runScenario" time="0.560"/>
  <testcase classname="com.example.runners.ApiTestRunner" name="runScenario" time="0.350"/>
  <testcase classname="com.example.runners.ApiTestRunner" name="runScenario" time="0.300"/>
  <testcase classname="com.example.runners.ApiTestRunner" name="runScenario" time="0.373">
    <failure message="Indoor filter should only return Indoor plants expected [Indoor] but found [Plants]" type="java.lang.AssertionError">
      <![CDATA[java.lang.AssertionError: Indoor filter should only return Indoor plants expected [Indoor] but found [Plants]
at org.testng.Assert.fail(Assert.java:111)
at org.testng.Assert.failNotEquals(Assert.java:1578)
at org.testng.Assert.assertEqualsImpl(Assert.java:150)
at org.testng.Assert.assertEquals(Assert.java:132)
at org.testng.Assert.assertEquals(Assert.java:656)
at com.example.api.stepDefinitions.PlantApiSteps.indoor_filter_should_return_only_indoor_plants(PlantApiSteps.java:275)
at ✽.Indoor filter should return only Indoor plants(file:///Users/rajithsingh/Desktop/ITQA/ITFac_Batch21_Group53/src/test/resources/features/api/plants.feature:94)
]]>
    </failure>
  </testcase> <!-- runScenario -->
  <testcase classname="com.example.runners.ApiTestRunner" name="runScenario" time="3.297"/>
  <testcase classname="com.example.runners.ApiTestRunner" name="runScenario" time="0.425"/>
  <testcase classname="com.example.runners.ApiTestRunner" name="runScenario" time="0.322"/>
  <testcase classname="com.example.runners.ApiTestRunner" name="runScenario" time="0.301"/>
  <testcase classname="com.example.runners.ApiTestRunner" name="runScenario" time="0.386"/>
</testsuite> <!-- com.example.runners.ApiTestRunner -->
